2025-11-23T18:39:35.098186662Z [inf]  Preparing to unpack .../034-libjbig0_2.1-6.1_amd64.deb ...

2025-11-23T18:39:35.100921704Z [inf]  Unpacking libjbig0:amd64 (2.1-6.1) ...

2025-11-23T18:39:35.127036186Z [inf]  Selecting previously unselected package liblerc4:amd64.

2025-11-23T18:39:35.128484839Z [inf]  Preparing to unpack .../035-liblerc4_4.0.0+ds-2_amd64.deb ...

2025-11-23T18:39:35.131294744Z [inf]  Unpacking liblerc4:amd64 (4.0.0+ds-2) ...

2025-11-23T18:39:35.168889244Z [inf]  Selecting previously unselected package libwebp7:amd64.

2025-11-23T18:39:35.170573565Z [inf]  Preparing to unpack .../036-libwebp7_1.2.4-0.2+deb12u1_amd64.deb ...

2025-11-23T18:39:35.1731721Z [inf]  Unpacking libwebp7:amd64 (1.2.4-0.2+deb12u1) ...

2025-11-23T18:39:35.222035949Z [inf]  Selecting previously unselected package libtiff6:amd64.

2025-11-23T18:39:35.223928605Z [inf]  Preparing to unpack .../037-libtiff6_4.5.0-6+deb12u3_amd64.deb ...

2025-11-23T18:39:35.226219805Z [inf]  Unpacking libtiff6:amd64 (4.5.0-6+deb12u3) ...

2025-11-23T18:39:35.267151799Z [inf]  Selecting previously unselected package libgdk-pixbuf-2.0-0:amd64.

2025-11-23T18:39:35.268578057Z [inf]  Preparing to unpack .../038-libgdk-pixbuf-2.0-0_2.42.10+dfsg-1+deb12u2_amd64.deb ...

2025-11-23T18:39:35.271065644Z [inf]  Unpacking libgdk-pixbuf-2.0-0:amd64 (2.42.10+dfsg-1+deb12u2) ...

2025-11-23T18:39:35.306532443Z [inf]  Selecting previously unselected package gtk-update-icon-cache.

2025-11-23T18:39:35.308049358Z [inf]  Preparing to unpack .../039-gtk-update-icon-cache_3.24.38-2~deb12u3_amd64.deb ...

2025-11-23T18:39:35.310320801Z [inf]  Unpacking gtk-update-icon-cache (3.24.38-2~deb12u3) ...

2025-11-23T18:39:35.34871453Z [inf]  Selecting previously unselected package adwaita-icon-theme.

2025-11-23T18:39:35.350133818Z [inf]  Preparing to unpack .../040-adwaita-icon-theme_43-1_all.deb ...

2025-11-23T18:39:35.35245302Z [inf]  Unpacking adwaita-icon-theme (43-1) ...

2025-11-23T18:39:36.10227806Z [inf]  Selecting previously unselected package alsa-topology-conf.

2025-11-23T18:39:36.10637233Z [inf]  Preparing to unpack .../041-alsa-topology-conf_1.2.5.1-2_all.deb ...

2025-11-23T18:39:36.109852827Z [inf]  Unpacking alsa-topology-conf (1.2.5.1-2) ...

2025-11-23T18:39:36.140626833Z [inf]  Selecting previously unselected package libasound2-data.

2025-11-23T18:39:36.143738413Z [inf]  Preparing to unpack .../042-libasound2-data_1.2.8-1_all.deb ...

2025-11-23T18:39:36.147062051Z [inf]  Unpacking libasound2-data (1.2.8-1) ...

2025-11-23T18:39:36.187745644Z [inf]  Selecting previously unselected package libasound2:amd64.

2025-11-23T18:39:36.190045237Z [inf]  Preparing to unpack .../043-libasound2_1.2.8-1+b1_amd64.deb ...

2025-11-23T18:39:36.192977427Z [inf]  Unpacking libasound2:amd64 (1.2.8-1+b1) ...

2025-11-23T18:39:36.24679282Z [inf]  Selecting previously unselected package alsa-ucm-conf.

2025-11-23T18:39:36.248977647Z [inf]  Preparing to unpack .../044-alsa-ucm-conf_1.2.8-1_all.deb ...

2025-11-23T18:39:36.251639822Z [inf]  Unpacking alsa-ucm-conf (1.2.8-1) ...

2025-11-23T18:39:36.336919071Z [inf]  Selecting previously unselected package at-spi2-common.

2025-11-23T18:39:36.339282534Z [inf]  Preparing to unpack .../045-at-spi2-common_2.46.0-5_all.deb ...

2025-11-23T18:39:36.342761624Z [inf]  Unpacking at-spi2-common (2.46.0-5) ...

2025-11-23T18:39:36.388572505Z [inf]  Selecting previously unselected package libxau6:amd64.

2025-11-23T18:39:36.391961985Z [inf]  Preparing to unpack .../046-libxau6_1%3a1.0.9-1_amd64.deb ...

2025-11-23T18:39:36.395627232Z [inf]  Unpacking libxau6:amd64 (1:1.0.9-1) ...

2025-11-23T18:39:36.423207389Z [inf]  Selecting previously unselected package libbsd0:amd64.

2025-11-23T18:39:36.425399596Z [inf]  Preparing to unpack .../047-libbsd0_0.11.7-2_amd64.deb ...

2025-11-23T18:39:36.428149099Z [inf]  mise node@22.21.1    node -v

2025-11-23T18:39:36.428199399Z [inf]  Unpacking libbsd0:amd64 (0.11.7-2) ...

2025-11-23T18:39:36.433226227Z [inf]  mise node@22.21.1    v22.21.1

2025-11-23T18:39:36.43421564Z [inf]  mise node@22.21.1    npm -v

2025-11-23T18:39:36.460682851Z [inf]  Selecting previously unselected package libxdmcp6:amd64.

2025-11-23T18:39:36.462810451Z [inf]  Preparing to unpack .../048-libxdmcp6_1%3a1.1.2-3_amd64.deb ...

2025-11-23T18:39:36.46529011Z [inf]  Unpacking libxdmcp6:amd64 (1:1.1.2-3) ...

2025-11-23T18:39:36.489189935Z [inf]  Selecting previously unselected package libxcb1:amd64.

2025-11-23T18:39:36.491408969Z [inf]  Preparing to unpack .../049-libxcb1_1.15-1_amd64.deb ...

2025-11-23T18:39:36.493828262Z [inf]  Unpacking libxcb1:amd64 (1.15-1) ...

2025-11-23T18:39:36.525423604Z [inf]  Selecting previously unselected package libx11-data.

2025-11-23T18:39:36.527694071Z [inf]  Preparing to unpack .../050-libx11-data_2%3a1.8.4-2+deb12u2_all.deb ...

2025-11-23T18:39:36.530648538Z [inf]  Unpacking libx11-data (2:1.8.4-2+deb12u2) ...

2025-11-23T18:39:36.551560286Z [inf]  mise node@22.21.1    10.9.4

2025-11-23T18:39:36.572563473Z [inf]  mise node@22.21.1  âœ“ installed

2025-11-23T18:39:36.591666189Z [inf]  Selecting previously unselected package libx11-6:amd64.

2025-11-23T18:39:36.594013622Z [inf]  Preparing to unpack .../051-libx11-6_2%3a1.8.4-2+deb12u2_amd64.deb ...

2025-11-23T18:39:36.596942252Z [inf]  Unpacking libx11-6:amd64 (2:1.8.4-2+deb12u2) ...

2025-11-23T18:39:36.761725898Z [inf]  Selecting previously unselected package libxext6:amd64.

2025-11-23T18:39:36.764058312Z [inf]  Preparing to unpack .../052-libxext6_2%3a1.3.4-1+b1_amd64.deb ...

2025-11-23T18:39:36.766974685Z [inf]  Unpacking libxext6:amd64 (2:1.3.4-1+b1) ...

2025-11-23T18:39:36.805509754Z [inf]  Selecting previously unselected package libxi6:amd64.

2025-11-23T18:39:36.808033117Z [inf]  Preparing to unpack .../053-libxi6_2%3a1.8-1+b1_amd64.deb ...

2025-11-23T18:39:36.811474502Z [inf]  Unpacking libxi6:amd64 (2:1.8-1+b1) ...

2025-11-23T18:39:36.843678075Z [inf]  Selecting previously unselected package libatspi2.0-0:amd64.

2025-11-23T18:39:36.845955Z [inf]  Preparing to unpack .../054-libatspi2.0-0_2.46.0-5_amd64.deb ...

2025-11-23T18:39:36.849227364Z [inf]  Unpacking libatspi2.0-0:amd64 (2.46.0-5) ...

2025-11-23T18:39:36.865810814Z [inf]  install mise packages: node
2025-11-23T18:39:36.868221827Z [inf]  copy / /app
2025-11-23T18:39:36.883188816Z [inf]  Selecting previously unselected package x11-common.

2025-11-23T18:39:36.885756522Z [inf]  Preparing to unpack .../055-x11-common_1%3a7.7+23_all.deb ...

2025-11-23T18:39:36.889067185Z [inf]  Unpacking x11-common (1:7.7+23) ...

2025-11-23T18:39:36.935266714Z [inf]  Selecting previously unselected package libxtst6:amd64.

2025-11-23T18:39:36.938055436Z [inf]  Preparing to unpack .../056-libxtst6_2%3a1.2.3-1.1_amd64.deb ...

2025-11-23T18:39:36.943416282Z [inf]  Unpacking libxtst6:amd64 (2:1.2.3-1.1) ...

2025-11-23T18:39:36.955483174Z [inf]  copy / /app
2025-11-23T18:39:36.956541514Z [inf]  mkdir -p /app/node_modules/.cache
2025-11-23T18:39:36.970051266Z [inf]  Selecting previously unselected package dbus-user-session.

2025-11-23T18:39:36.972416589Z [inf]  Preparing to unpack .../057-dbus-user-session_1.14.10-1~deb12u1_amd64.deb ...

2025-11-23T18:39:36.975770382Z [inf]  Unpacking dbus-user-session (1.14.10-1~deb12u1) ...

2025-11-23T18:39:37.009871907Z [inf]  Selecting previously unselected package libdconf1:amd64.

2025-11-23T18:39:37.012204661Z [inf]  Preparing to unpack .../058-libdconf1_0.40.0-4_amd64.deb ...

2025-11-23T18:39:37.015172377Z [inf]  Unpacking libdconf1:amd64 (0.40.0-4) ...

2025-11-23T18:39:37.042092216Z [inf]  Selecting previously unselected package dconf-service.

2025-11-23T18:39:37.044515604Z [inf]  Preparing to unpack .../059-dconf-service_0.40.0-4_amd64.deb ...

2025-11-23T18:39:37.047486006Z [inf]  Unpacking dconf-service (0.40.0-4) ...

2025-11-23T18:39:37.074940727Z [inf]  Selecting previously unselected package dconf-gsettings-backend:amd64.

2025-11-23T18:39:37.077538687Z [inf]  Preparing to unpack .../060-dconf-gsettings-backend_0.40.0-4_amd64.deb ...

2025-11-23T18:39:37.080515915Z [inf]  Unpacking dconf-gsettings-backend:amd64 (0.40.0-4) ...

2025-11-23T18:39:37.089740906Z [inf]  mkdir -p /app/node_modules/.cache
2025-11-23T18:39:37.091666027Z [inf]  npm install
2025-11-23T18:39:37.10428911Z [inf]  Selecting previously unselected package gsettings-desktop-schemas.

2025-11-23T18:39:37.106441298Z [inf]  Preparing to unpack .../061-gsettings-desktop-schemas_43.0-1_all.deb ...

2025-11-23T18:39:37.109569733Z [inf]  Unpacking gsettings-desktop-schemas (43.0-1) ...

2025-11-23T18:39:37.191031102Z [inf]  Selecting previously unselected package at-spi2-core.

2025-11-23T18:39:37.193473668Z [inf]  Preparing to unpack .../062-at-spi2-core_2.46.0-5_amd64.deb ...

2025-11-23T18:39:37.196932063Z [inf]  Unpacking at-spi2-core (2.46.0-5) ...

2025-11-23T18:39:37.232288799Z [inf]  Selecting previously unselected package libisl23:amd64.

2025-11-23T18:39:37.234695118Z [inf]  Preparing to unpack .../063-libisl23_0.25-1.1_amd64.deb ...

2025-11-23T18:39:37.237616727Z [inf]  Unpacking libisl23:amd64 (0.25-1.1) ...

2025-11-23T18:39:37.306947631Z [inf]  npm warn config production Use `--omit=dev` instead.

2025-11-23T18:39:37.323803033Z [inf]  Selecting previously unselected package libmpfr6:amd64.

2025-11-23T18:39:37.326307755Z [inf]  Preparing to unpack .../064-libmpfr6_4.2.0-1_amd64.deb ...

2025-11-23T18:39:37.329748846Z [inf]  Unpacking libmpfr6:amd64 (4.2.0-1) ...

2025-11-23T18:39:37.38801595Z [inf]  Selecting previously unselected package libmpc3:amd64.

2025-11-23T18:39:37.39055757Z [inf]  Preparing to unpack .../065-libmpc3_1.3.1-1_amd64.deb ...

2025-11-23T18:39:37.393751488Z [inf]  Unpacking libmpc3:amd64 (1.3.1-1) ...

2025-11-23T18:39:37.422796275Z [inf]  Selecting previously unselected package cpp-12.

2025-11-23T18:39:37.425082158Z [inf]  Preparing to unpack .../066-cpp-12_12.2.0-14+deb12u1_amd64.deb ...

2025-11-23T18:39:37.428692104Z [inf]  Unpacking cpp-12 (12.2.0-14+deb12u1) ...

2025-11-23T18:39:37.898256201Z [inf]  copy /mise/shims
2025-11-23T18:39:37.914862057Z [inf]  copy /mise/shims
2025-11-23T18:39:37.915818989Z [inf]  copy /mise/installs
2025-11-23T18:39:38.066966719Z [inf]  Selecting previously unselected package cpp.

2025-11-23T18:39:38.069432626Z [inf]  Preparing to unpack .../067-cpp_4%3a12.2.0-3_amd64.deb ...

2025-11-23T18:39:38.07071184Z [inf]  Unpacking cpp (4:12.2.0-3) ...

2025-11-23T18:39:38.089666129Z [inf]  Selecting previously unselected package libbrotli1:amd64.

2025-11-23T18:39:38.09178513Z [inf]  Preparing to unpack .../068-libbrotli1_1.0.9-2+b6_amd64.deb ...

2025-11-23T18:39:38.093223067Z [inf]  Unpacking libbrotli1:amd64 (1.0.9-2+b6) ...

2025-11-23T18:39:38.134033855Z [inf]  Selecting previously unselected package libfreetype6:amd64.

2025-11-23T18:39:38.136332737Z [inf]  Preparing to unpack .../069-libfreetype6_2.12.1+dfsg-5+deb12u4_amd64.deb ...

2025-11-23T18:39:38.137812289Z [inf]  Unpacking libfreetype6:amd64 (2.12.1+dfsg-5+deb12u4) ...

2025-11-23T18:39:38.186266873Z [inf]  Selecting previously unselected package fonts-liberation.

2025-11-23T18:39:38.18896854Z [inf]  Preparing to unpack .../070-fonts-liberation_1%3a1.07.4-11_all.deb ...

2025-11-23T18:39:38.19063552Z [inf]  Unpacking fonts-liberation (1:1.07.4-11) ...

2025-11-23T18:39:38.274549772Z [inf]  Selecting previously unselected package fontconfig-config.

2025-11-23T18:39:38.277531824Z [inf]  Preparing to unpack .../071-fontconfig-config_2.14.1-4_amd64.deb ...

2025-11-23T18:39:38.387845543Z [inf]  Unpacking fontconfig-config (2.14.1-4) ...

2025-11-23T18:39:38.420402273Z [inf]  Selecting previously unselected package libfontconfig1:amd64.

2025-11-23T18:39:38.422861342Z [inf]  Preparing to unpack .../072-libfontconfig1_2.14.1-4_amd64.deb ...

2025-11-23T18:39:38.424365169Z [inf]  Unpacking libfontconfig1:amd64 (2.14.1-4) ...

2025-11-23T18:39:38.453064853Z [inf]  Selecting previously unselected package fontconfig.

2025-11-23T18:39:38.455419807Z [inf]  Preparing to unpack .../073-fontconfig_2.14.1-4_amd64.deb ...

2025-11-23T18:39:38.456990456Z [inf]  Unpacking fontconfig (2.14.1-4) ...

2025-11-23T18:39:38.489769256Z [inf]  Selecting previously unselected package libdbus-glib-1-2:amd64.

2025-11-23T18:39:38.493350805Z [inf]  Preparing to unpack .../074-libdbus-glib-1-2_0.112-3_amd64.deb ...

2025-11-23T18:39:38.494945519Z [inf]  Unpacking libdbus-glib-1-2:amd64 (0.112-3) ...

2025-11-23T18:39:38.51986879Z [inf]  Selecting previously unselected package gconf2-common.

2025-11-23T18:39:38.522225406Z [inf]  Preparing to unpack .../075-gconf2-common_3.2.6-8_all.deb ...

2025-11-23T18:39:38.523548715Z [inf]  Unpacking gconf2-common (3.2.6-8) ...

2025-11-23T18:39:38.623811828Z [inf]  Selecting previously unselected package libgconf-2-4:amd64.

2025-11-23T18:39:38.626502371Z [inf]  Preparing to unpack .../076-libgconf-2-4_3.2.6-8_amd64.deb ...

2025-11-23T18:39:38.62852723Z [inf]  Unpacking libgconf-2-4:amd64 (3.2.6-8) ...

2025-11-23T18:39:38.661841027Z [inf]  Selecting previously unselected package libsasl2-modules-db:amd64.

2025-11-23T18:39:38.664197613Z [inf]  Preparing to unpack .../077-libsasl2-modules-db_2.1.28+dfsg-10_amd64.deb ...

2025-11-23T18:39:38.666541384Z [inf]  Unpacking libsasl2-modules-db:amd64 (2.1.28+dfsg-10) ...

2025-11-23T18:39:38.688401766Z [inf]  Selecting previously unselected package libsasl2-2:amd64.

2025-11-23T18:39:38.690773667Z [inf]  Preparing to unpack .../078-libsasl2-2_2.1.28+dfsg-10_amd64.deb ...

2025-11-23T18:39:38.692337536Z [inf]  Unpacking libsasl2-2:amd64 (2.1.28+dfsg-10) ...

2025-11-23T18:39:38.698501633Z [inf]  copy /mise/installs
2025-11-23T18:39:38.701889451Z [inf]  copy /usr/local/bin/mise
2025-11-23T18:39:38.716459188Z [inf]  Selecting previously unselected package libldap-2.5-0:amd64.

2025-11-23T18:39:38.71892233Z [inf]  Preparing to unpack .../079-libldap-2.5-0_2.5.13+dfsg-5_amd64.deb ...

2025-11-23T18:39:38.720802465Z [inf]  Unpacking libldap-2.5-0:amd64 (2.5.13+dfsg-5) ...

2025-11-23T18:39:38.754737481Z [inf]  Selecting previously unselected package gconf-service.

2025-11-23T18:39:38.756989036Z [inf]  Preparing to unpack .../080-gconf-service_3.2.6-8_amd64.deb ...

2025-11-23T18:39:38.758630005Z [inf]  Unpacking gconf-service (3.2.6-8) ...

2025-11-23T18:39:38.799324889Z [inf]  copy /usr/local/bin/mise
2025-11-23T18:39:38.800592759Z [inf]  copy /etc/mise/config.toml
2025-11-23T18:39:38.802876818Z [inf]  Selecting previously unselected package libatk1.0-0:amd64.

2025-11-23T18:39:38.805979535Z [inf]  Preparing to unpack .../081-libatk1.0-0_2.46.0-5_amd64.deb ...

2025-11-23T18:39:38.810841845Z [inf]  Unpacking libatk1.0-0:amd64 (2.46.0-5) ...

2025-11-23T18:39:38.819527449Z [inf]  copy /etc/mise/config.toml
2025-11-23T18:39:38.821146735Z [inf]  copy /root/.local/state/mise
2025-11-23T18:39:38.835934962Z [inf]  Selecting previously unselected package libatk-bridge2.0-0:amd64.

2025-11-23T18:39:38.838399017Z [inf]  Preparing to unpack .../082-libatk-bridge2.0-0_2.46.0-5_amd64.deb ...

2025-11-23T18:39:38.839679459Z [inf]  copy /root/.local/state/mise
2025-11-23T18:39:38.839883918Z [inf]  Unpacking libatk-bridge2.0-0:amd64 (2.46.0-5) ...

2025-11-23T18:39:38.862343207Z [inf]  Selecting previously unselected package libatomic1:amd64.

2025-11-23T18:39:38.864679914Z [inf]  Preparing to unpack .../083-libatomic1_12.2.0-14+deb12u1_amd64.deb ...

2025-11-23T18:39:38.865931317Z [inf]  Unpacking libatomic1:amd64 (12.2.0-14+deb12u1) ...

2025-11-23T18:39:38.88816595Z [inf]  Selecting previously unselected package libauthen-sasl-perl.

2025-11-23T18:39:38.890483348Z [inf]  Preparing to unpack .../084-libauthen-sasl-perl_2.1600-3_all.deb ...

2025-11-23T18:39:38.891680276Z [inf]  Unpacking libauthen-sasl-perl (2.1600-3) ...

2025-11-23T18:39:38.910816516Z [inf]  Selecting previously unselected package libavahi-common-data:amd64.

2025-11-23T18:39:38.913177355Z [inf]  Preparing to unpack .../085-libavahi-common-data_0.8-10+deb12u1_amd64.deb ...

2025-11-23T18:39:38.914568217Z [inf]  Unpacking libavahi-common-data:amd64 (0.8-10+deb12u1) ...

2025-11-23T18:39:38.940740959Z [inf]  Selecting previously unselected package libavahi-common3:amd64.

2025-11-23T18:39:38.942982948Z [inf]  Preparing to unpack .../086-libavahi-common3_0.8-10+deb12u1_amd64.deb ...

2025-11-23T18:39:38.944130018Z [inf]  Unpacking libavahi-common3:amd64 (0.8-10+deb12u1) ...

2025-11-23T18:39:38.963684655Z [inf]  Selecting previously unselected package libavahi-client3:amd64.

2025-11-23T18:39:38.966035266Z [inf]  Preparing to unpack .../087-libavahi-client3_0.8-10+deb12u1_amd64.deb ...

2025-11-23T18:39:38.967460051Z [inf]  Unpacking libavahi-client3:amd64 (0.8-10+deb12u1) ...

2025-11-23T18:39:38.98677311Z [inf]  Selecting previously unselected package libgtk2.0-common.

2025-11-23T18:39:38.989116818Z [inf]  Preparing to unpack .../088-libgtk2.0-common_2.24.33-2+deb12u1_all.deb ...

2025-11-23T18:39:38.990421181Z [inf]  Unpacking libgtk2.0-common (2.24.33-2+deb12u1) ...

2025-11-23T18:39:39.211066309Z [inf]  Selecting previously unselected package libpixman-1-0:amd64.

2025-11-23T18:39:39.213594764Z [inf]  Preparing to unpack .../089-libpixman-1-0_0.42.2-1_amd64.deb ...

2025-11-23T18:39:39.215455706Z [inf]  Unpacking libpixman-1-0:amd64 (0.42.2-1) ...

2025-11-23T18:39:39.255398559Z [inf]  Selecting previously unselected package libxcb-render0:amd64.

2025-11-23T18:39:39.257754807Z [inf]  Preparing to unpack .../090-libxcb-render0_1.15-1_amd64.deb ...

2025-11-23T18:39:39.259016716Z [inf]  Unpacking libxcb-render0:amd64 (1.15-1) ...

2025-11-23T18:39:39.284130134Z [inf]  Selecting previously unselected package libxcb-shm0:amd64.

2025-11-23T18:39:39.286439875Z [inf]  Preparing to unpack .../091-libxcb-shm0_1.15-1_amd64.deb ...

2025-11-23T18:39:39.287737258Z [inf]  Unpacking libxcb-shm0:amd64 (1.15-1) ...

2025-11-23T18:39:39.310902208Z [inf]  Selecting previously unselected package libxrender1:amd64.

2025-11-23T18:39:39.31322686Z [inf]  Preparing to unpack .../092-libxrender1_1%3a0.9.10-1.1_amd64.deb ...

2025-11-23T18:39:39.314544423Z [inf]  Unpacking libxrender1:amd64 (1:0.9.10-1.1) ...

2025-11-23T18:39:39.332922019Z [inf]  Selecting previously unselected package libcairo2:amd64.

2025-11-23T18:39:39.33525577Z [inf]  Preparing to unpack .../093-libcairo2_1.16.0-7_amd64.deb ...

2025-11-23T18:39:39.336480934Z [inf]  Unpacking libcairo2:amd64 (1.16.0-7) ...

2025-11-23T18:39:39.390608318Z [inf]  Selecting previously unselected package libkrb5support0:amd64.

2025-11-23T18:39:39.392939772Z [inf]  Preparing to unpack .../094-libkrb5support0_1.20.1-2+deb12u4_amd64.deb ...

2025-11-23T18:39:39.394275406Z [inf]  Unpacking libkrb5support0:amd64 (1.20.1-2+deb12u4) ...

2025-11-23T18:39:39.41320414Z [inf]  Selecting previously unselected package libk5crypto3:amd64.

2025-11-23T18:39:39.41552235Z [inf]  Preparing to unpack .../095-libk5crypto3_1.20.1-2+deb12u4_amd64.deb ...

2025-11-23T18:39:39.416738246Z [inf]  Unpacking libk5crypto3:amd64 (1.20.1-2+deb12u4) ...

2025-11-23T18:39:39.438838381Z [inf]  Selecting previously unselected package libkeyutils1:amd64.

2025-11-23T18:39:39.441241763Z [inf]  Preparing to unpack .../096-libkeyutils1_1.6.3-2_amd64.deb ...

2025-11-23T18:39:39.442469813Z [inf]  Unpacking libkeyutils1:amd64 (1.6.3-2) ...

2025-11-23T18:39:39.45821683Z [inf]  Selecting previously unselected package libkrb5-3:amd64.

2025-11-23T18:39:39.460516347Z [inf]  Preparing to unpack .../097-libkrb5-3_1.20.1-2+deb12u4_amd64.deb ...

2025-11-23T18:39:39.461640566Z [inf]  Unpacking libkrb5-3:amd64 (1.20.1-2+deb12u4) ...

2025-11-23T18:39:39.504742984Z [inf]  Selecting previously unselected package libgssapi-krb5-2:amd64.

2025-11-23T18:39:39.507069019Z [inf]  Preparing to unpack .../098-libgssapi-krb5-2_1.20.1-2+deb12u4_amd64.deb ...

2025-11-23T18:39:39.508421491Z [inf]  Unpacking libgssapi-krb5-2:amd64 (1.20.1-2+deb12u4) ...

2025-11-23T18:39:39.534296307Z [inf]  Selecting previously unselected package libcups2:amd64.

2025-11-23T18:39:39.536573051Z [inf]  Preparing to unpack .../099-libcups2_2.4.2-3+deb12u9_amd64.deb ...

2025-11-23T18:39:39.538065648Z [inf]  Unpacking libcups2:amd64 (2.4.2-3+deb12u9) ...

2025-11-23T18:39:39.5731271Z [inf]  Selecting previously unselected package libfribidi0:amd64.

2025-11-23T18:39:39.57541504Z [inf]  Preparing to unpack .../100-libfribidi0_1.0.8-2.1_amd64.deb ...

2025-11-23T18:39:39.576576107Z [inf]  Unpacking libfribidi0:amd64 (1.0.8-2.1) ...

2025-11-23T18:39:39.596984661Z [inf]  Selecting previously unselected package libgraphite2-3:amd64.

2025-11-23T18:39:39.599345238Z [inf]  Preparing to unpack .../101-libgraphite2-3_1.3.14-1_amd64.deb ...

2025-11-23T18:39:39.600572211Z [inf]  Unpacking libgraphite2-3:amd64 (1.3.14-1) ...

2025-11-23T18:39:39.622137388Z [inf]  Selecting previously unselected package libharfbuzz0b:amd64.

2025-11-23T18:39:39.624412358Z [inf]  Preparing to unpack .../102-libharfbuzz0b_6.0.0+dfsg-3_amd64.deb ...

2025-11-23T18:39:39.625512059Z [inf]  Unpacking libharfbuzz0b:amd64 (6.0.0+dfsg-3) ...

2025-11-23T18:39:39.681537193Z [inf]  Selecting previously unselected package libthai-data.

2025-11-23T18:39:39.683816857Z [inf]  Preparing to unpack .../103-libthai-data_0.1.29-1_all.deb ...

2025-11-23T18:39:39.684969316Z [inf]  Unpacking libthai-data (0.1.29-1) ...

2025-11-23T18:39:39.715658638Z [inf]  Selecting previously unselected package libdatrie1:amd64.

2025-11-23T18:39:39.717959501Z [inf]  Preparing to unpack .../104-libdatrie1_0.2.13-2+b1_amd64.deb ...

2025-11-23T18:39:39.719110582Z [inf]  Unpacking libdatrie1:amd64 (0.2.13-2+b1) ...

2025-11-23T18:39:39.737583795Z [inf]  Selecting previously unselected package libthai0:amd64.

2025-11-23T18:39:39.739904365Z [inf]  Preparing to unpack .../105-libthai0_0.1.29-1_amd64.deb ...

2025-11-23T18:39:39.741082029Z [inf]  Unpacking libthai0:amd64 (0.1.29-1) ...

2025-11-23T18:39:39.760945424Z [inf]  Selecting previously unselected package libpango-1.0-0:amd64.

2025-11-23T18:39:39.763277744Z [inf]  Preparing to unpack .../106-libpango-1.0-0_1.50.12+ds-1_amd64.deb ...

2025-11-23T18:39:39.764832757Z [inf]  Unpacking libpango-1.0-0:amd64 (1.50.12+ds-1) ...

2025-11-23T18:39:39.799130474Z [inf]  Selecting previously unselected package libpangoft2-1.0-0:amd64.

2025-11-23T18:39:39.801620412Z [inf]  Preparing to unpack .../107-libpangoft2-1.0-0_1.50.12+ds-1_amd64.deb ...

2025-11-23T18:39:39.802907941Z [inf]  Unpacking libpangoft2-1.0-0:amd64 (1.50.12+ds-1) ...

2025-11-23T18:39:39.823622662Z [inf]  Selecting previously unselected package libpangocairo-1.0-0:amd64.

2025-11-23T18:39:39.825999641Z [inf]  Preparing to unpack .../108-libpangocairo-1.0-0_1.50.12+ds-1_amd64.deb ...

2025-11-23T18:39:39.827301851Z [inf]  Unpacking libpangocairo-1.0-0:amd64 (1.50.12+ds-1) ...

2025-11-23T18:39:39.846061543Z [inf]  Selecting previously unselected package libxcomposite1:amd64.

2025-11-23T18:39:39.84844045Z [inf]  Preparing to unpack .../109-libxcomposite1_1%3a0.4.5-1_amd64.deb ...

2025-11-23T18:39:39.849838077Z [inf]  Unpacking libxcomposite1:amd64 (1:0.4.5-1) ...

2025-11-23T18:39:39.86655696Z [inf]  Selecting previously unselected package libxfixes3:amd64.

2025-11-23T18:39:39.868973149Z [inf]  Preparing to unpack .../110-libxfixes3_1%3a6.0.0-2_amd64.deb ...

2025-11-23T18:39:39.870360664Z [inf]  Unpacking libxfixes3:amd64 (1:6.0.0-2) ...

2025-11-23T18:39:39.887622436Z [inf]  Selecting previously unselected package libxcursor1:amd64.

2025-11-23T18:39:39.889948992Z [inf]  Preparing to unpack .../111-libxcursor1_1%3a1.2.1-1_amd64.deb ...

2025-11-23T18:39:39.891080582Z [inf]  Unpacking libxcursor1:amd64 (1:1.2.1-1) ...

2025-11-23T18:39:39.909769031Z [inf]  Selecting previously unselected package libxdamage1:amd64.

2025-11-23T18:39:39.912117101Z [inf]  Preparing to unpack .../112-libxdamage1_1%3a1.1.6-1_amd64.deb ...

2025-11-23T18:39:39.913360874Z [inf]  Unpacking libxdamage1:amd64 (1:1.1.6-1) ...

2025-11-23T18:39:39.929918583Z [inf]  Selecting previously unselected package libxinerama1:amd64.

2025-11-23T18:39:39.932301811Z [inf]  Preparing to unpack .../113-libxinerama1_2%3a1.1.4-3_amd64.deb ...

2025-11-23T18:39:39.93368472Z [inf]  Unpacking libxinerama1:amd64 (2:1.1.4-3) ...

2025-11-23T18:39:39.951868567Z [inf]  Selecting previously unselected package libxrandr2:amd64.

2025-11-23T18:39:39.954162069Z [inf]  Preparing to unpack .../114-libxrandr2_2%3a1.5.2-2+b1_amd64.deb ...

2025-11-23T18:39:39.955450308Z [inf]  Unpacking libxrandr2:amd64 (2:1.5.2-2+b1) ...

2025-11-23T18:39:39.977964005Z [inf]  Selecting previously unselected package libgtk2.0-0:amd64.

2025-11-23T18:39:39.980328508Z [inf]  Preparing to unpack .../115-libgtk2.0-0_2.24.33-2+deb12u1_amd64.deb ...

2025-11-23T18:39:39.981494018Z [inf]  Unpacking libgtk2.0-0:amd64 (2.24.33-2+deb12u1) ...

2025-11-23T18:39:40.128506488Z [inf]  Selecting previously unselected package libayatana-indicator7:amd64.

2025-11-23T18:39:40.130789159Z [inf]  Preparing to unpack .../116-libayatana-indicator7_0.9.3-1_amd64.deb ...

2025-11-23T18:39:40.131924867Z [inf]  Unpacking libayatana-indicator7:amd64 (0.9.3-1) ...

2025-11-23T18:39:40.150388544Z [inf]  Selecting previously unselected package libdbusmenu-glib4:amd64.

2025-11-23T18:39:40.152731575Z [inf]  Preparing to unpack .../117-libdbusmenu-glib4_18.10.20180917~bzr492+repack1-3_amd64.deb ...

2025-11-23T18:39:40.154056509Z [inf]  Unpacking libdbusmenu-glib4:amd64 (18.10.20180917~bzr492+repack1-3) ...

2025-11-23T18:39:40.174398831Z [inf]  Selecting previously unselected package libdbusmenu-gtk4:amd64.

2025-11-23T18:39:40.176761073Z [inf]  Preparing to unpack .../118-libdbusmenu-gtk4_18.10.20180917~bzr492+repack1-3_amd64.deb ...

2025-11-23T18:39:40.178021697Z [inf]  Unpacking libdbusmenu-gtk4:amd64 (18.10.20180917~bzr492+repack1-3) ...

2025-11-23T18:39:40.197772364Z [inf]  Selecting previously unselected package libayatana-appindicator1.

2025-11-23T18:39:40.200112293Z [inf]  Preparing to unpack .../119-libayatana-appindicator1_0.5.92-1_amd64.deb ...

2025-11-23T18:39:40.201449309Z [inf]  Unpacking libayatana-appindicator1 (0.5.92-1) ...

2025-11-23T18:39:40.219632712Z [inf]  Selecting previously unselected package libcairo-gobject2:amd64.

2025-11-23T18:39:40.221951071Z [inf]  Preparing to unpack .../120-libcairo-gobject2_1.16.0-7_amd64.deb ...

2025-11-23T18:39:40.223203442Z [inf]  Unpacking libcairo-gobject2:amd64 (1.16.0-7) ...

2025-11-23T18:39:40.246189929Z [inf]  Selecting previously unselected package libclone-perl:amd64.

2025-11-23T18:39:40.248504237Z [inf]  Preparing to unpack .../121-libclone-perl_0.46-1_amd64.deb ...

2025-11-23T18:39:40.24981075Z [inf]  Unpacking libclone-perl:amd64 (0.46-1) ...

2025-11-23T18:39:40.270242489Z [inf]  Selecting previously unselected package liblcms2-2:amd64.

2025-11-23T18:39:40.272656824Z [inf]  Preparing to unpack .../122-liblcms2-2_2.14-2_amd64.deb ...

2025-11-23T18:39:40.274923561Z [inf]  Unpacking liblcms2-2:amd64 (2.14-2) ...

2025-11-23T18:39:40.305245474Z [inf]  Selecting previously unselected package libcolord2:amd64.

2025-11-23T18:39:40.307529064Z [inf]  Preparing to unpack .../123-libcolord2_1.4.6-2.2_amd64.deb ...

2025-11-23T18:39:40.30888076Z [inf]  Unpacking libcolord2:amd64 (1.4.6-2.2) ...

2025-11-23T18:39:40.334225905Z [inf]  Selecting previously unselected package libdata-dump-perl.

2025-11-23T18:39:40.336619564Z [inf]  Preparing to unpack .../124-libdata-dump-perl_1.25-1_all.deb ...

2025-11-23T18:39:40.338001392Z [inf]  Unpacking libdata-dump-perl (1.25-1) ...

2025-11-23T18:39:40.355641411Z [inf]  Selecting previously unselected package libdrm-common.

2025-11-23T18:39:40.357957963Z [inf]  Preparing to unpack .../125-libdrm-common_2.4.114-1_all.deb ...

2025-11-23T18:39:40.359203238Z [inf]  Unpacking libdrm-common (2.4.114-1) ...

2025-11-23T18:39:40.376911542Z [inf]  Selecting previously unselected package libdrm2:amd64.

2025-11-23T18:39:40.379207235Z [inf]  Preparing to unpack .../126-libdrm2_2.4.114-1+b1_amd64.deb ...

2025-11-23T18:39:40.380422567Z [inf]  Unpacking libdrm2:amd64 (2.4.114-1+b1) ...

2025-11-23T18:39:40.400023957Z [inf]  Selecting previously unselected package libdrm-amdgpu1:amd64.

2025-11-23T18:39:40.402223431Z [inf]  Preparing to unpack .../127-libdrm-amdgpu1_2.4.114-1+b1_amd64.deb ...

2025-11-23T18:39:40.40341271Z [inf]  Unpacking libdrm-amdgpu1:amd64 (2.4.114-1+b1) ...

2025-11-23T18:39:40.421636255Z [inf]  Selecting previously unselected package libpciaccess0:amd64.

2025-11-23T18:39:40.423886855Z [inf]  Preparing to unpack .../128-libpciaccess0_0.17-2_amd64.deb ...

2025-11-23T18:39:40.425159158Z [inf]  Unpacking libpciaccess0:amd64 (0.17-2) ...

2025-11-23T18:39:40.445548578Z [inf]  Selecting previously unselected package libdrm-intel1:amd64.

2025-11-23T18:39:40.447894784Z [inf]  Preparing to unpack .../129-libdrm-intel1_2.4.114-1+b1_amd64.deb ...

2025-11-23T18:39:40.449313798Z [inf]  Unpacking libdrm-intel1:amd64 (2.4.114-1+b1) ...

2025-11-23T18:39:40.472259785Z [inf]  Selecting previously unselected package libdrm-nouveau2:amd64.

2025-11-23T18:39:40.474593506Z [inf]  Preparing to unpack .../130-libdrm-nouveau2_2.4.114-1+b1_amd64.deb ...

2025-11-23T18:39:40.476007959Z [inf]  Unpacking libdrm-nouveau2:amd64 (2.4.114-1+b1) ...

2025-11-23T18:39:40.494520854Z [inf]  Selecting previously unselected package libdrm-radeon1:amd64.

2025-11-23T18:39:40.49689824Z [inf]  Preparing to unpack .../131-libdrm-radeon1_2.4.114-1+b1_amd64.deb ...

2025-11-23T18:39:40.498121553Z [inf]  Unpacking libdrm-radeon1:amd64 (2.4.114-1+b1) ...

2025-11-23T18:39:40.517654162Z [inf]  Selecting previously unselected package libedit2:amd64.

2025-11-23T18:39:40.520138705Z [inf]  Preparing to unpack .../132-libedit2_3.1-20221030-2_amd64.deb ...

2025-11-23T18:39:40.521384823Z [inf]  Unpacking libedit2:amd64 (3.1-20221030-2) ...

2025-11-23T18:39:40.550097981Z [inf]  Selecting previously unselected package libwayland-server0:amd64.

2025-11-23T18:39:40.552460042Z [inf]  Preparing to unpack .../133-libwayland-server0_1.21.0-1_amd64.deb ...

2025-11-23T18:39:40.554797383Z [inf]  Unpacking libwayland-server0:amd64 (1.21.0-1) ...

2025-11-23T18:39:40.578307981Z [inf]  Selecting previously unselected package libgbm1:amd64.

2025-11-23T18:39:40.580695859Z [inf]  Preparing to unpack .../134-libgbm1_22.3.6-1+deb12u1_amd64.deb ...

2025-11-23T18:39:40.581935623Z [inf]  Unpacking libgbm1:amd64 (22.3.6-1+deb12u1) ...

2025-11-23T18:39:40.602128273Z [inf]  Selecting previously unselected package libglapi-mesa:amd64.

2025-11-23T18:39:40.604669887Z [inf]  Preparing to unpack .../135-libglapi-mesa_22.3.6-1+deb12u1_amd64.deb ...

2025-11-23T18:39:40.605932617Z [inf]  Unpacking libglapi-mesa:amd64 (22.3.6-1+deb12u1) ...

2025-11-23T18:39:40.628295841Z [inf]  Selecting previously unselected package libwayland-client0:amd64.

2025-11-23T18:39:40.630770091Z [inf]  Preparing to unpack .../136-libwayland-client0_1.21.0-1_amd64.deb ...

2025-11-23T18:39:40.632058063Z [inf]  Unpacking libwayland-client0:amd64 (1.21.0-1) ...

2025-11-23T18:39:40.650775734Z [inf]  Selecting previously unselected package libx11-xcb1:amd64.

2025-11-23T18:39:40.653202254Z [inf]  Preparing to unpack .../137-libx11-xcb1_2%3a1.8.4-2+deb12u2_amd64.deb ...

2025-11-23T18:39:40.654490757Z [inf]  Unpacking libx11-xcb1:amd64 (2:1.8.4-2+deb12u2) ...

2025-11-23T18:39:40.677169313Z [inf]  Selecting previously unselected package libxcb-dri2-0:amd64.

2025-11-23T18:39:40.679563264Z [inf]  Preparing to unpack .../138-libxcb-dri2-0_1.15-1_amd64.deb ...

2025-11-23T18:39:40.680740333Z [inf]  Unpacking libxcb-dri2-0:amd64 (1.15-1) ...

2025-11-23T18:39:40.720372233Z [inf]  Selecting previously unselected package libxcb-dri3-0:amd64.

2025-11-23T18:39:40.722703654Z [inf]  Preparing to unpack .../139-libxcb-dri3-0_1.15-1_amd64.deb ...

2025-11-23T18:39:40.724063666Z [inf]  Unpacking libxcb-dri3-0:amd64 (1.15-1) ...

2025-11-23T18:39:40.751742804Z [inf]  Selecting previously unselected package libxcb-present0:amd64.

2025-11-23T18:39:40.755249251Z [inf]  Preparing to unpack .../140-libxcb-present0_1.15-1_amd64.deb ...

2025-11-23T18:39:40.756631154Z [inf]  Unpacking libxcb-present0:amd64 (1.15-1) ...

2025-11-23T18:39:40.782347554Z [inf]  Selecting previously unselected package libxcb-randr0:amd64.

2025-11-23T18:39:40.784802936Z [inf]  Preparing to unpack .../141-libxcb-randr0_1.15-1_amd64.deb ...

2025-11-23T18:39:40.78598012Z [inf]  Unpacking libxcb-randr0:amd64 (1.15-1) ...

2025-11-23T18:39:40.812005638Z [inf]  Selecting previously unselected package libxcb-sync1:amd64.

2025-11-23T18:39:40.814437334Z [inf]  Preparing to unpack .../142-libxcb-sync1_1.15-1_amd64.deb ...

2025-11-23T18:39:40.815774281Z [inf]  Unpacking libxcb-sync1:amd64 (1.15-1) ...

2025-11-23T18:39:40.840532974Z [inf]  Selecting previously unselected package libxcb-xfixes0:amd64.

2025-11-23T18:39:40.842942457Z [inf]  Preparing to unpack .../143-libxcb-xfixes0_1.15-1_amd64.deb ...

2025-11-23T18:39:40.84410987Z [inf]  Unpacking libxcb-xfixes0:amd64 (1.15-1) ...

2025-11-23T18:39:40.870293848Z [inf]  Selecting previously unselected package libxshmfence1:amd64.

2025-11-23T18:39:40.872784899Z [inf]  Preparing to unpack .../144-libxshmfence1_1.3-1_amd64.deb ...

2025-11-23T18:39:40.874045335Z [inf]  Unpacking libxshmfence1:amd64 (1.3-1) ...

2025-11-23T18:39:40.890919003Z [inf]  Selecting previously unselected package libegl-mesa0:amd64.

2025-11-23T18:39:40.89330039Z [inf]  Preparing to unpack .../145-libegl-mesa0_22.3.6-1+deb12u1_amd64.deb ...

2025-11-23T18:39:40.894586109Z [inf]  Unpacking libegl-mesa0:amd64 (22.3.6-1+deb12u1) ...

2025-11-23T18:39:40.92108802Z [inf]  Selecting previously unselected package libelf1:amd64.

2025-11-23T18:39:40.923132667Z [inf]  Preparing to unpack .../146-libelf1_0.188-2.1_amd64.deb ...

2025-11-23T18:39:40.92440134Z [inf]  Unpacking libelf1:amd64 (0.188-2.1) ...

2025-11-23T18:39:40.953506229Z [inf]  Selecting previously unselected package libencode-locale-perl.

2025-11-23T18:39:40.95552596Z [inf]  Preparing to unpack .../147-libencode-locale-perl_1.05-3_all.deb ...

2025-11-23T18:39:40.957191672Z [inf]  Unpacking libencode-locale-perl (1.05-3) ...

2025-11-23T18:39:40.976091163Z [inf]  Selecting previously unselected package libepoxy0:amd64.

2025-11-23T18:39:40.978138951Z [inf]  Preparing to unpack .../148-libepoxy0_1.5.10-1_amd64.deb ...

2025-11-23T18:39:40.979485935Z [inf]  Unpacking libepoxy0:amd64 (1.5.10-1) ...

2025-11-23T18:39:41.011716245Z [inf]  Selecting previously unselected package libipc-system-simple-perl.

2025-11-23T18:39:41.014175925Z [inf]  Preparing to unpack .../149-libipc-system-simple-perl_1.30-2_all.deb ...

2025-11-23T18:39:41.017305206Z [inf]  Unpacking libipc-system-simple-perl (1.30-2) ...

2025-11-23T18:39:41.035195202Z [inf]  Selecting previously unselected package libfile-basedir-perl.

2025-11-23T18:39:41.037265511Z [inf]  Preparing to unpack .../150-libfile-basedir-perl_0.09-2_all.deb ...

2025-11-23T18:39:41.038499819Z [inf]  Unpacking libfile-basedir-perl (0.09-2) ...

2025-11-23T18:39:41.05542125Z [inf]  Selecting previously unselected package libregexp-ipv6-perl.

2025-11-23T18:39:41.05752401Z [inf]  Preparing to unpack .../151-libregexp-ipv6-perl_0.03-3_all.deb ...

2025-11-23T18:39:41.058712092Z [inf]  Unpacking libregexp-ipv6-perl (0.03-3) ...

2025-11-23T18:39:41.074450669Z [inf]  Selecting previously unselected package liburi-perl.

2025-11-23T18:39:41.076772056Z [inf]  Preparing to unpack .../152-liburi-perl_5.17-1_all.deb ...

2025-11-23T18:39:41.077913646Z [inf]  Unpacking liburi-perl (5.17-1) ...

2025-11-23T18:39:41.103960831Z [inf]  Selecting previously unselected package libfile-desktopentry-perl.

2025-11-23T18:39:41.106322824Z [inf]  Preparing to unpack .../153-libfile-desktopentry-perl_0.22-3_all.deb ...

2025-11-23T18:39:41.107812349Z [inf]  Unpacking libfile-desktopentry-perl (0.22-3) ...

2025-11-23T18:39:41.125025708Z [inf]  Selecting previously unselected package libtimedate-perl.

2025-11-23T18:39:41.127436335Z [inf]  Preparing to unpack .../154-libtimedate-perl_2.3300-2_all.deb ...

2025-11-23T18:39:41.128892846Z [inf]  Unpacking libtimedate-perl (2.3300-2) ...

2025-11-23T18:39:41.153302542Z [inf]  Selecting previously unselected package libhttp-date-perl.

2025-11-23T18:39:41.155686888Z [inf]  Preparing to unpack .../155-libhttp-date-perl_6.05-2_all.deb ...

2025-11-23T18:39:41.157104095Z [inf]  Unpacking libhttp-date-perl (6.05-2) ...

2025-11-23T18:39:41.178047909Z [inf]  Selecting previously unselected package libfile-listing-perl.

2025-11-23T18:39:41.180530667Z [inf]  Preparing to unpack .../156-libfile-listing-perl_6.15-1_all.deb ...

2025-11-23T18:39:41.182053539Z [inf]  Unpacking libfile-listing-perl (6.15-1) ...

2025-11-23T18:39:41.20037019Z [inf]  Selecting previously unselected package libfile-mimeinfo-perl.

2025-11-23T18:39:41.203126662Z [inf]  Preparing to unpack .../157-libfile-mimeinfo-perl_0.33-1_all.deb ...

2025-11-23T18:39:41.204573252Z [inf]  Unpacking libfile-mimeinfo-perl (0.33-1) ...

2025-11-23T18:39:41.224696741Z [inf]  Selecting previously unselected package libfont-afm-perl.

2025-11-23T18:39:41.227164723Z [inf]  Preparing to unpack .../158-libfont-afm-perl_1.20-4_all.deb ...

2025-11-23T18:39:41.228760468Z [inf]  Unpacking libfont-afm-perl (1.20-4) ...

2025-11-23T18:39:41.247484402Z [inf]  Selecting previously unselected package libfontenc1:amd64.

2025-11-23T18:39:41.249809243Z [inf]  Preparing to unpack .../159-libfontenc1_1%3a1.1.4-1_amd64.deb ...

2025-11-23T18:39:41.251156887Z [inf]  Unpacking libfontenc1:amd64 (1:1.1.4-1) ...

2025-11-23T18:39:41.268894697Z [inf]  Selecting previously unselected package libgail18:amd64.

2025-11-23T18:39:41.271272818Z [inf]  Preparing to unpack .../160-libgail18_2.24.33-2+deb12u1_amd64.deb ...

2025-11-23T18:39:41.272575903Z [inf]  Unpacking libgail18:amd64 (2.24.33-2+deb12u1) ...

2025-11-23T18:39:41.290758038Z [inf]  Selecting previously unselected package libgail-common:amd64.

2025-11-23T18:39:41.29306951Z [inf]  Preparing to unpack .../161-libgail-common_2.24.33-2+deb12u1_amd64.deb ...

2025-11-23T18:39:41.294267851Z [inf]  Unpacking libgail-common:amd64 (2.24.33-2+deb12u1) ...

2025-11-23T18:39:41.321276282Z [inf]  Selecting previously unselected package libgdk-pixbuf-xlib-2.0-0:amd64.

2025-11-23T18:39:41.323723239Z [inf]  Preparing to unpack .../162-libgdk-pixbuf-xlib-2.0-0_2.40.2-2_amd64.deb ...

2025-11-23T18:39:41.324992784Z [inf]  Unpacking libgdk-pixbuf-xlib-2.0-0:amd64 (2.40.2-2) ...

2025-11-23T18:39:41.344497707Z [inf]  Selecting previously unselected package libgdk-pixbuf2.0-0:amd64.

2025-11-23T18:39:41.346678995Z [inf]  Preparing to unpack .../163-libgdk-pixbuf2.0-0_2.40.2-2_amd64.deb ...

2025-11-23T18:39:41.3481096Z [inf]  Unpacking libgdk-pixbuf2.0-0:amd64 (2.40.2-2) ...

2025-11-23T18:39:41.364161777Z [inf]  Selecting previously unselected package libgdk-pixbuf2.0-bin.

2025-11-23T18:39:41.366602922Z [inf]  Preparing to unpack .../164-libgdk-pixbuf2.0-bin_2.42.10+dfsg-1+deb12u2_amd64.deb ...

2025-11-23T18:39:41.367902307Z [inf]  Unpacking libgdk-pixbuf2.0-bin (2.42.10+dfsg-1+deb12u2) ...

2025-11-23T18:39:41.386957614Z [inf]  Selecting previously unselected package libglvnd0:amd64.

2025-11-23T18:39:41.389362963Z [inf]  Preparing to unpack .../165-libglvnd0_1.6.0-1_amd64.deb ...

2025-11-23T18:39:41.390693541Z [inf]  Unpacking libglvnd0:amd64 (1.6.0-1) ...

2025-11-23T18:39:41.414151787Z [inf]  Selecting previously unselected package libxcb-glx0:amd64.

2025-11-23T18:39:41.416498211Z [inf]  Preparing to unpack .../166-libxcb-glx0_1.15-1_amd64.deb ...

2025-11-23T18:39:41.417627874Z [inf]  Unpacking libxcb-glx0:amd64 (1.15-1) ...

2025-11-23T18:39:41.442753412Z [inf]  Selecting previously unselected package libxxf86vm1:amd64.

2025-11-23T18:39:41.445186186Z [inf]  Preparing to unpack .../167-libxxf86vm1_1%3a1.1.4-1+b2_amd64.deb ...

2025-11-23T18:39:41.45463789Z [inf]  Unpacking libxxf86vm1:amd64 (1:1.1.4-1+b2) ...

2025-11-23T18:39:41.471730774Z [inf]  Selecting previously unselected package libz3-4:amd64.

2025-11-23T18:39:41.474202615Z [inf]  Preparing to unpack .../168-libz3-4_4.8.12-3.1_amd64.deb ...

2025-11-23T18:39:41.475672935Z [inf]  Unpacking libz3-4:amd64 (4.8.12-3.1) ...

2025-11-23T18:39:42.005983494Z [inf]  Selecting previously unselected package libllvm15:amd64.

2025-11-23T18:39:42.008455531Z [inf]  Preparing to unpack .../169-libllvm15_1%3a15.0.6-4+b1_amd64.deb ...

2025-11-23T18:39:42.009892142Z [inf]  Unpacking libllvm15:amd64 (1:15.0.6-4+b1) ...

2025-11-23T18:39:42.743610082Z [inf]  Selecting previously unselected package libsensors-config.

2025-11-23T18:39:42.745716779Z [inf]  Preparing to unpack .../170-libsensors-config_1%3a3.6.0-7.1_all.deb ...

2025-11-23T18:39:42.747033264Z [inf]  Unpacking libsensors-config (1:3.6.0-7.1) ...

2025-11-23T18:39:42.765592829Z [inf]  Selecting previously unselected package libsensors5:amd64.

2025-11-23T18:39:42.768037067Z [inf]  Preparing to unpack .../171-libsensors5_1%3a3.6.0-7.1_amd64.deb ...

2025-11-23T18:39:42.791151333Z [inf]  Unpacking libsensors5:amd64 (1:3.6.0-7.1) ...

2025-11-23T18:39:42.81279263Z [inf]  Selecting previously unselected package libgl1-mesa-dri:amd64.

2025-11-23T18:39:42.815465995Z [inf]  Preparing to unpack .../172-libgl1-mesa-dri_22.3.6-1+deb12u1_amd64.deb ...

2025-11-23T18:39:42.82229338Z [inf]  Unpacking libgl1-mesa-dri:amd64 (22.3.6-1+deb12u1) ...

2025-11-23T18:39:43.346925601Z [inf]  Selecting previously unselected package libglx-mesa0:amd64.

2025-11-23T18:39:43.349181534Z [inf]  Preparing to unpack .../173-libglx-mesa0_22.3.6-1+deb12u1_amd64.deb ...

2025-11-23T18:39:43.350492579Z [inf]  Unpacking libglx-mesa0:amd64 (22.3.6-1+deb12u1) ...

2025-11-23T18:39:43.380152523Z [inf]  Selecting previously unselected package libglx0:amd64.

2025-11-23T18:39:43.382236414Z [inf]  Preparing to unpack .../174-libglx0_1.6.0-1_amd64.deb ...

2025-11-23T18:39:43.383566716Z [inf]  Unpacking libglx0:amd64 (1.6.0-1) ...

2025-11-23T18:39:43.404169361Z [inf]  Selecting previously unselected package libgl1:amd64.

2025-11-23T18:39:43.406460214Z [inf]  Preparing to unpack .../175-libgl1_1.6.0-1_amd64.deb ...

2025-11-23T18:39:43.407951048Z [inf]  Unpacking libgl1:amd64 (1.6.0-1) ...

2025-11-23T18:39:43.434276231Z [inf]  Selecting previously unselected package libgles2:amd64.

2025-11-23T18:39:43.436368157Z [inf]  Preparing to unpack .../176-libgles2_1.6.0-1_amd64.deb ...

2025-11-23T18:39:43.437723457Z [inf]  Unpacking libgles2:amd64 (1.6.0-1) ...

2025-11-23T18:39:43.456250607Z [inf]  Selecting previously unselected package libglib2.0-data.

2025-11-23T18:39:43.458366648Z [inf]  Preparing to unpack .../177-libglib2.0-data_2.74.6-2+deb12u7_all.deb ...

2025-11-23T18:39:43.459906796Z [inf]  Unpacking libglib2.0-data (2.74.6-2+deb12u7) ...

2025-11-23T18:39:43.572517595Z [inf]  Selecting previously unselected package libgpm2:amd64.

2025-11-23T18:39:43.574697937Z [inf]  Preparing to unpack .../178-libgpm2_1.20.7-10+b1_amd64.deb ...

2025-11-23T18:39:43.576094935Z [inf]  Unpacking libgpm2:amd64 (1.20.7-10+b1) ...

2025-11-23T18:39:43.593594928Z [inf]  Selecting previously unselected package libwayland-cursor0:amd64.

2025-11-23T18:39:43.595756074Z [inf]  Preparing to unpack .../179-libwayland-cursor0_1.21.0-1_amd64.deb ...

2025-11-23T18:39:43.596876966Z [inf]  Unpacking libwayland-cursor0:amd64 (1.21.0-1) ...

2025-11-23T18:39:43.614013727Z [inf]  Selecting previously unselected package libwayland-egl1:amd64.

2025-11-23T18:39:43.616208211Z [inf]  Preparing to unpack .../180-libwayland-egl1_1.21.0-1_amd64.deb ...

2025-11-23T18:39:43.617447082Z [inf]  Unpacking libwayland-egl1:amd64 (1.21.0-1) ...

2025-11-23T18:39:43.633488963Z [inf]  Selecting previously unselected package xkb-data.

2025-11-23T18:39:43.635724334Z [inf]  Preparing to unpack .../181-xkb-data_2.35.1-1_all.deb ...

2025-11-23T18:39:43.636981567Z [inf]  Unpacking xkb-data (2.35.1-1) ...

2025-11-23T18:39:43.721224643Z [inf]  Selecting previously unselected package libxkbcommon0:amd64.

2025-11-23T18:39:43.723445971Z [inf]  Preparing to unpack .../182-libxkbcommon0_1.5.0-1_amd64.deb ...

2025-11-23T18:39:43.724696923Z [inf]  Unpacking libxkbcommon0:amd64 (1.5.0-1) ...

2025-11-23T18:39:43.748033854Z [inf]  Selecting previously unselected package libgtk-3-common.

2025-11-23T18:39:43.75011923Z [inf]  Preparing to unpack .../183-libgtk-3-common_3.24.38-2~deb12u3_all.deb ...

2025-11-23T18:39:43.751404626Z [inf]  Unpacking libgtk-3-common (3.24.38-2~deb12u3) ...

2025-11-23T18:39:44.043851739Z [inf]  Selecting previously unselected package libgtk-3-0:amd64.

2025-11-23T18:39:44.046108288Z [inf]  Preparing to unpack .../184-libgtk-3-0_3.24.38-2~deb12u3_amd64.deb ...

2025-11-23T18:39:44.047652725Z [inf]  Unpacking libgtk-3-0:amd64 (3.24.38-2~deb12u3) ...

2025-11-23T18:39:44.2704244Z [inf]  Selecting previously unselected package libgtk-3-bin.

2025-11-23T18:39:44.272646991Z [inf]  Preparing to unpack .../185-libgtk-3-bin_3.24.38-2~deb12u3_amd64.deb ...

2025-11-23T18:39:44.274211147Z [inf]  Unpacking libgtk-3-bin (3.24.38-2~deb12u3) ...

2025-11-23T18:39:44.297981131Z [inf]  Selecting previously unselected package libgtk2.0-bin.

2025-11-23T18:39:44.300474603Z [inf]  Preparing to unpack .../186-libgtk2.0-bin_2.24.33-2+deb12u1_amd64.deb ...

2025-11-23T18:39:44.301951318Z [inf]  Unpacking libgtk2.0-bin (2.24.33-2+deb12u1) ...

2025-11-23T18:39:44.320679532Z [inf]  Selecting previously unselected package libhtml-tagset-perl.

2025-11-23T18:39:44.323409663Z [inf]  Preparing to unpack .../187-libhtml-tagset-perl_3.20-6_all.deb ...

2025-11-23T18:39:44.325447437Z [inf]  Unpacking libhtml-tagset-perl (3.20-6) ...

2025-11-23T18:39:44.344323907Z [inf]  Selecting previously unselected package libhtml-parser-perl:amd64.

2025-11-23T18:39:44.346459357Z [inf]  Preparing to unpack .../188-libhtml-parser-perl_3.81-1_amd64.deb ...

2025-11-23T18:39:44.347750161Z [inf]  Unpacking libhtml-parser-perl:amd64 (3.81-1) ...

2025-11-23T18:39:44.373684163Z [inf]  Selecting previously unselected package libio-html-perl.

2025-11-23T18:39:44.376299301Z [inf]  Preparing to unpack .../189-libio-html-perl_1.004-3_all.deb ...

2025-11-23T18:39:44.377866946Z [inf]  Unpacking libio-html-perl (1.004-3) ...

2025-11-23T18:39:44.396086287Z [inf]  Selecting previously unselected package liblwp-mediatypes-perl.

2025-11-23T18:39:44.398506833Z [inf]  Preparing to unpack .../190-liblwp-mediatypes-perl_6.04-2_all.deb ...

2025-11-23T18:39:44.39996139Z [inf]  Unpacking liblwp-mediatypes-perl (6.04-2) ...

2025-11-23T18:39:44.419029376Z [inf]  Selecting previously unselected package libhttp-message-perl.

2025-11-23T18:39:44.421726609Z [inf]  Preparing to unpack .../191-libhttp-message-perl_6.44-1_all.deb ...

2025-11-23T18:39:44.425847952Z [inf]  Unpacking libhttp-message-perl (6.44-1) ...

2025-11-23T18:39:44.450328452Z [inf]  Selecting previously unselected package libhtml-form-perl.

2025-11-23T18:39:44.45385467Z [inf]  Preparing to unpack .../192-libhtml-form-perl_6.11-1_all.deb ...

2025-11-23T18:39:44.455737269Z [inf]  Unpacking libhtml-form-perl (6.11-1) ...

2025-11-23T18:39:44.47793625Z [inf]  Selecting previously unselected package libhtml-tree-perl.

2025-11-23T18:39:44.481081257Z [inf]  Preparing to unpack .../193-libhtml-tree-perl_5.07-3_all.deb ...

2025-11-23T18:39:44.482633946Z [inf]  Unpacking libhtml-tree-perl (5.07-3) ...

2025-11-23T18:39:44.514812108Z [inf]  Selecting previously unselected package libhtml-format-perl.

2025-11-23T18:39:44.518021405Z [inf]  Preparing to unpack .../194-libhtml-format-perl_2.16-2_all.deb ...

2025-11-23T18:39:44.519349153Z [inf]  Unpacking libhtml-format-perl (2.16-2) ...

2025-11-23T18:39:44.538942921Z [inf]  Selecting previously unselected package libhttp-cookies-perl.

2025-11-23T18:39:44.541164572Z [inf]  Preparing to unpack .../195-libhttp-cookies-perl_6.10-1_all.deb ...

2025-11-23T18:39:44.542424931Z [inf]  Unpacking libhttp-cookies-perl (6.10-1) ...

2025-11-23T18:39:44.561311624Z [inf]  Selecting previously unselected package libhttp-daemon-perl.

2025-11-23T18:39:44.564648802Z [inf]  Preparing to unpack .../196-libhttp-daemon-perl_6.16-1_all.deb ...

2025-11-23T18:39:44.566132897Z [inf]  Unpacking libhttp-daemon-perl (6.16-1) ...

2025-11-23T18:39:44.583577552Z [inf]  Selecting previously unselected package libhttp-negotiate-perl.

2025-11-23T18:39:44.585995755Z [inf]  Preparing to unpack .../197-libhttp-negotiate-perl_6.01-2_all.deb ...

2025-11-23T18:39:44.587186577Z [inf]  Unpacking libhttp-negotiate-perl (6.01-2) ...

2025-11-23T18:39:44.605409823Z [inf]  Selecting previously unselected package libice6:amd64.

2025-11-23T18:39:44.607884604Z [inf]  Preparing to unpack .../198-libice6_2%3a1.0.10-1_amd64.deb ...

2025-11-23T18:39:44.609101265Z [inf]  Unpacking libice6:amd64 (2:1.0.10-1) ...

2025-11-23T18:39:44.628988245Z [inf]  Selecting previously unselected package perl-openssl-defaults:amd64.

2025-11-23T18:39:44.631345197Z [inf]  Preparing to unpack .../199-perl-openssl-defaults_7+b1_amd64.deb ...

2025-11-23T18:39:44.632410698Z [inf]  Unpacking perl-openssl-defaults:amd64 (7+b1) ...

2025-11-23T18:39:44.652335855Z [inf]  Selecting previously unselected package libnet-ssleay-perl:amd64.

2025-11-23T18:39:44.654947098Z [inf]  Preparing to unpack .../200-libnet-ssleay-perl_1.92-2+b1_amd64.deb ...

2025-11-23T18:39:44.656073136Z [inf]  Unpacking libnet-ssleay-perl:amd64 (1.92-2+b1) ...

2025-11-23T18:39:44.697133937Z [inf]  Selecting previously unselected package libio-socket-ssl-perl.

2025-11-23T18:39:44.699341122Z [inf]  Preparing to unpack .../201-libio-socket-ssl-perl_2.081-2_all.deb ...

2025-11-23T18:39:44.700526963Z [inf]  Unpacking libio-socket-ssl-perl (2.081-2) ...

2025-11-23T18:39:44.733555149Z [inf]  Selecting previously unselected package libio-stringy-perl.

2025-11-23T18:39:44.735738555Z [inf]  Preparing to unpack .../202-libio-stringy-perl_2.111-3_all.deb ...

2025-11-23T18:39:44.73696496Z [inf]  Unpacking libio-stringy-perl (2.111-3) ...

2025-11-23T18:39:44.757819104Z [inf]  Selecting previously unselected package libldap-common.

2025-11-23T18:39:44.760041071Z [inf]  Preparing to unpack .../203-libldap-common_2.5.13+dfsg-5_all.deb ...

2025-11-23T18:39:44.761328904Z [inf]  Unpacking libldap-common (2.5.13+dfsg-5) ...

2025-11-23T18:39:44.781473772Z [inf]  Selecting previously unselected package libnet-http-perl.

2025-11-23T18:39:44.784756316Z [inf]  Preparing to unpack .../204-libnet-http-perl_6.22-1_all.deb ...

2025-11-23T18:39:44.786069587Z [inf]  Unpacking libnet-http-perl (6.22-1) ...

2025-11-23T18:39:44.80630721Z [inf]  Selecting previously unselected package libtry-tiny-perl.

2025-11-23T18:39:44.808961386Z [inf]  Preparing to unpack .../205-libtry-tiny-perl_0.31-2_all.deb ...

2025-11-23T18:39:44.81013682Z [inf]  Unpacking libtry-tiny-perl (0.31-2) ...

2025-11-23T18:39:44.828290953Z [inf]  Selecting previously unselected package libwww-robotrules-perl.

2025-11-23T18:39:44.830801985Z [inf]  Preparing to unpack .../206-libwww-robotrules-perl_6.02-1_all.deb ...

2025-11-23T18:39:44.832133451Z [inf]  Unpacking libwww-robotrules-perl (6.02-1) ...

2025-11-23T18:39:44.850425406Z [inf]  Selecting previously unselected package libwww-perl.

2025-11-23T18:39:44.852936034Z [inf]  Preparing to unpack .../207-libwww-perl_6.68-1_all.deb ...

2025-11-23T18:39:44.854275072Z [inf]  Unpacking libwww-perl (6.68-1) ...

2025-11-23T18:39:44.884580275Z [inf]  Selecting previously unselected package liblwp-protocol-https-perl.

2025-11-23T18:39:44.887009661Z [inf]  Preparing to unpack .../208-liblwp-protocol-https-perl_6.10-1_all.deb ...

2025-11-23T18:39:44.888255691Z [inf]  Unpacking liblwp-protocol-https-perl (6.10-1) ...

2025-11-23T18:39:44.905342687Z [inf]  Selecting previously unselected package libnet-smtp-ssl-perl.

2025-11-23T18:39:44.907722572Z [inf]  Preparing to unpack .../209-libnet-smtp-ssl-perl_1.04-2_all.deb ...

2025-11-23T18:39:44.908993288Z [inf]  Unpacking libnet-smtp-ssl-perl (1.04-2) ...

2025-11-23T18:39:44.928250376Z [inf]  Selecting previously unselected package libmailtools-perl.

2025-11-23T18:39:44.930915717Z [inf]  Preparing to unpack .../210-libmailtools-perl_2.21-2_all.deb ...

2025-11-23T18:39:44.932513658Z [inf]  Unpacking libmailtools-perl (2.21-2) ...

2025-11-23T18:39:44.957081523Z [inf]  Selecting previously unselected package libxml-parser-perl.

2025-11-23T18:39:44.959554251Z [inf]  Preparing to unpack .../211-libxml-parser-perl_2.46-4_amd64.deb ...

2025-11-23T18:39:44.960724685Z [inf]  Unpacking libxml-parser-perl (2.46-4) ...

2025-11-23T18:39:44.990874733Z [inf]  Selecting previously unselected package libxml-twig-perl.

2025-11-23T18:39:44.993240519Z [inf]  Preparing to unpack .../212-libxml-twig-perl_1%3a3.52-2_all.deb ...

2025-11-23T18:39:44.994404233Z [inf]  Unpacking libxml-twig-perl (1:3.52-2) ...

2025-11-23T18:39:45.022608161Z [inf]  Selecting previously unselected package libnet-dbus-perl.

2025-11-23T18:39:45.024975156Z [inf]  Preparing to unpack .../213-libnet-dbus-perl_1.2.0-2_amd64.deb ...

2025-11-23T18:39:45.026198873Z [inf]  Unpacking libnet-dbus-perl (1.2.0-2) ...

2025-11-23T18:39:45.057101362Z [inf]  Selecting previously unselected package libnspr4:amd64.

2025-11-23T18:39:45.059575914Z [inf]  Preparing to unpack .../214-libnspr4_2%3a4.35-1_amd64.deb ...

2025-11-23T18:39:45.060681844Z [inf]  Unpacking libnspr4:amd64 (2:4.35-1) ...

2025-11-23T18:39:45.088537064Z [inf]  Selecting previously unselected package libsqlite3-0:amd64.

2025-11-23T18:39:45.091008368Z [inf]  Preparing to unpack .../215-libsqlite3-0_3.40.1-2+deb12u2_amd64.deb ...

2025-11-23T18:39:45.092804665Z [inf]  Unpacking libsqlite3-0:amd64 (3.40.1-2+deb12u2) ...

2025-11-23T18:39:45.157720326Z [inf]  Selecting previously unselected package libnss3:amd64.

2025-11-23T18:39:45.160513476Z [inf]  Preparing to unpack .../216-libnss3_2%3a3.87.1-1+deb12u1_amd64.deb ...

2025-11-23T18:39:45.161998231Z [inf]  Unpacking libnss3:amd64 (2:3.87.1-1+deb12u1) ...

2025-11-23T18:39:45.276931491Z [inf]  Selecting previously unselected package librsvg2-2:amd64.

2025-11-23T18:39:45.279920357Z [inf]  Preparing to unpack .../217-librsvg2-2_2.54.7+dfsg-1~deb12u1_amd64.deb ...

2025-11-23T18:39:45.281106807Z [inf]  Unpacking librsvg2-2:amd64 (2.54.7+dfsg-1~deb12u1) ...

2025-11-23T18:39:45.500338077Z [inf]  Selecting previously unselected package librsvg2-common:amd64.

2025-11-23T18:39:45.503214142Z [inf]  Preparing to unpack .../218-librsvg2-common_2.54.7+dfsg-1~deb12u1_amd64.deb ...

2025-11-23T18:39:45.504534115Z [inf]  Unpacking librsvg2-common:amd64 (2.54.7+dfsg-1~deb12u1) ...

2025-11-23T18:39:45.525799962Z [inf]  Selecting previously unselected package libsasl2-modules:amd64.

2025-11-23T18:39:45.528439151Z [inf]  Preparing to unpack .../219-libsasl2-modules_2.1.28+dfsg-10_amd64.deb ...

2025-11-23T18:39:45.535535331Z [inf]  Unpacking libsasl2-modules:amd64 (2.1.28+dfsg-10) ...

2025-11-23T18:39:45.56075075Z [inf]  Selecting previously unselected package libsm6:amd64.

2025-11-23T18:39:45.563430271Z [inf]  Preparing to unpack .../220-libsm6_2%3a1.2.3-1_amd64.deb ...

2025-11-23T18:39:45.565820412Z [inf]  Unpacking libsm6:amd64 (2:1.2.3-1) ...

2025-11-23T18:39:45.585797802Z [inf]  Selecting previously unselected package libtext-iconv-perl:amd64.

2025-11-23T18:39:45.588423271Z [inf]  Preparing to unpack .../221-libtext-iconv-perl_1.7-8_amd64.deb ...

2025-11-23T18:39:45.589604832Z [inf]  Unpacking libtext-iconv-perl:amd64 (1.7-8) ...

2025-11-23T18:39:45.607586377Z [inf]  Selecting previously unselected package libtie-ixhash-perl.

2025-11-23T18:39:45.610049786Z [inf]  Preparing to unpack .../222-libtie-ixhash-perl_1.23-4_all.deb ...

2025-11-23T18:39:45.611538207Z [inf]  Unpacking libtie-ixhash-perl (1.23-4) ...

2025-11-23T18:39:45.630610398Z [inf]  Selecting previously unselected package libunwind8:amd64.

2025-11-23T18:39:45.633266107Z [inf]  Preparing to unpack .../223-libunwind8_1.6.2-3_amd64.deb ...

2025-11-23T18:39:45.634756692Z [inf]  Unpacking libunwind8:amd64 (1.6.2-3) ...

2025-11-23T18:39:45.656555912Z [inf]  Selecting previously unselected package libx11-protocol-perl.

2025-11-23T18:39:45.659198816Z [inf]  Preparing to unpack .../224-libx11-protocol-perl_0.56-9_all.deb ...

2025-11-23T18:39:45.66037274Z [inf]  Unpacking libx11-protocol-perl (0.56-9) ...

2025-11-23T18:39:45.688875203Z [inf]  Selecting previously unselected package libxt6:amd64.

2025-11-23T18:39:45.691449268Z [inf]  Preparing to unpack .../225-libxt6_1%3a1.2.1-1.1_amd64.deb ...

2025-11-23T18:39:45.692622742Z [inf]  Unpacking libxt6:amd64 (1:1.2.1-1.1) ...

2025-11-23T18:39:45.723409818Z [inf]  Selecting previously unselected package libxmu6:amd64.

2025-11-23T18:39:45.725867326Z [inf]  Preparing to unpack .../226-libxmu6_2%3a1.1.3-3_amd64.deb ...

2025-11-23T18:39:45.727123705Z [inf]  Unpacking libxmu6:amd64 (2:1.1.3-3) ...

2025-11-23T18:39:45.750459738Z [inf]  Selecting previously unselected package libxpm4:amd64.

2025-11-23T18:39:45.75287643Z [inf]  Preparing to unpack .../227-libxpm4_1%3a3.5.12-1.1+deb12u1_amd64.deb ...

2025-11-23T18:39:45.7542345Z [inf]  Unpacking libxpm4:amd64 (1:3.5.12-1.1+deb12u1) ...

2025-11-23T18:39:45.776330896Z [inf]  Selecting previously unselected package libxaw7:amd64.

2025-11-23T18:39:45.778851023Z [inf]  Preparing to unpack .../228-libxaw7_2%3a1.0.14-1_amd64.deb ...

2025-11-23T18:39:45.780558024Z [inf]  Unpacking libxaw7:amd64 (2:1.0.14-1) ...

2025-11-23T18:39:45.814989661Z [inf]  Selecting previously unselected package libxcb-shape0:amd64.

2025-11-23T18:39:45.817542788Z [inf]  Preparing to unpack .../229-libxcb-shape0_1.15-1_amd64.deb ...

2025-11-23T18:39:45.818933943Z [inf]  Unpacking libxcb-shape0:amd64 (1.15-1) ...

2025-11-23T18:39:45.84575726Z [inf]  Selecting previously unselected package libxfont2:amd64.

2025-11-23T18:39:45.848463984Z [inf]  Preparing to unpack .../230-libxfont2_1%3a2.0.6-1_amd64.deb ...

2025-11-23T18:39:45.849887087Z [inf]  Unpacking libxfont2:amd64 (1:2.0.6-1) ...

2025-11-23T18:39:45.879754051Z [inf]  Selecting previously unselected package libxft2:amd64.

2025-11-23T18:39:45.882380738Z [inf]  Preparing to unpack .../231-libxft2_2.3.6-1_amd64.deb ...

2025-11-23T18:39:45.883920418Z [inf]  Unpacking libxft2:amd64 (2.3.6-1) ...

2025-11-23T18:39:45.90789134Z [inf]  Selecting previously unselected package libxkbfile1:amd64.

2025-11-23T18:39:45.910427722Z [inf]  Preparing to unpack .../232-libxkbfile1_1%3a1.1.0-1_amd64.deb ...

2025-11-23T18:39:45.911825783Z [inf]  Unpacking libxkbfile1:amd64 (1:1.1.0-1) ...

2025-11-23T18:39:45.934768334Z [inf]  Selecting previously unselected package libxml-xpathengine-perl.

2025-11-23T18:39:45.937409421Z [inf]  Preparing to unpack .../233-libxml-xpathengine-perl_0.14-2_all.deb ...

2025-11-23T18:39:45.938946106Z [inf]  Unpacking libxml-xpathengine-perl (0.14-2) ...

2025-11-23T18:39:45.960850204Z [inf]  Selecting previously unselected package libxmuu1:amd64.

2025-11-23T18:39:45.963032069Z [inf]  Preparing to unpack .../234-libxmuu1_2%3a1.1.3-3_amd64.deb ...

2025-11-23T18:39:45.964775604Z [inf]  Unpacking libxmuu1:amd64 (2:1.1.3-3) ...

2025-11-23T18:39:45.983668227Z [inf]  Selecting previously unselected package libxss1:amd64.

2025-11-23T18:39:45.985920367Z [inf]  Preparing to unpack .../235-libxss1_1%3a1.2.3-1_amd64.deb ...

2025-11-23T18:39:45.987429182Z [inf]  Unpacking libxss1:amd64 (1:1.2.3-1) ...

2025-11-23T18:39:46.008307781Z [inf]  Selecting previously unselected package libxv1:amd64.

2025-11-23T18:39:46.010955029Z [inf]  Preparing to unpack .../236-libxv1_2%3a1.0.11-1.1_amd64.deb ...

2025-11-23T18:39:46.012443982Z [inf]  Unpacking libxv1:amd64 (2:1.0.11-1.1) ...

2025-11-23T18:39:46.033218045Z [inf]  Selecting previously unselected package libxxf86dga1:amd64.

2025-11-23T18:39:46.035791308Z [inf]  Preparing to unpack .../237-libxxf86dga1_2%3a1.1.5-1_amd64.deb ...

2025-11-23T18:39:46.037046318Z [inf]  Unpacking libxxf86dga1:amd64 (2:1.1.5-1) ...

2025-11-23T18:39:46.054683853Z [inf]  Selecting previously unselected package lsb-release.

2025-11-23T18:39:46.057302848Z [inf]  Preparing to unpack .../238-lsb-release_12.0-1_all.deb ...

2025-11-23T18:39:46.058781861Z [inf]  Unpacking lsb-release (12.0-1) ...

2025-11-23T18:39:46.075990781Z [inf]  Selecting previously unselected package psmisc.

2025-11-23T18:39:46.078249567Z [inf]  Preparing to unpack .../239-psmisc_23.6-1_amd64.deb ...

2025-11-23T18:39:46.079405384Z [inf]  Unpacking psmisc (23.6-1) ...

2025-11-23T18:39:46.115671113Z [inf]  Selecting previously unselected package publicsuffix.

2025-11-23T18:39:46.118059707Z [inf]  Preparing to unpack .../240-publicsuffix_20230209.2326-1_all.deb ...

2025-11-23T18:39:46.119350325Z [inf]  Unpacking publicsuffix (20230209.2326-1) ...

2025-11-23T18:39:46.146206336Z [inf]  Selecting previously unselected package x11-utils.

2025-11-23T18:39:46.148522417Z [inf]  Preparing to unpack .../241-x11-utils_7.7+5_amd64.deb ...

2025-11-23T18:39:46.149790488Z [inf]  Unpacking x11-utils (7.7+5) ...

2025-11-23T18:39:46.183144448Z [inf]  Selecting previously unselected package x11-xkb-utils.

2025-11-23T18:39:46.185492866Z [inf]  Preparing to unpack .../242-x11-xkb-utils_7.7+7_amd64.deb ...

2025-11-23T18:39:46.186971795Z [inf]  Unpacking x11-xkb-utils (7.7+7) ...

2025-11-23T18:39:46.218091828Z [inf]  Selecting previously unselected package x11-xserver-utils.

2025-11-23T18:39:46.220579751Z [inf]  Preparing to unpack .../243-x11-xserver-utils_7.7+9+b1_amd64.deb ...

2025-11-23T18:39:46.221895013Z [inf]  Unpacking x11-xserver-utils (7.7+9+b1) ...

2025-11-23T18:39:46.252237563Z [inf]  Selecting previously unselected package xauth.

2025-11-23T18:39:46.254539897Z [inf]  Preparing to unpack .../244-xauth_1%3a1.1.2-1_amd64.deb ...

2025-11-23T18:39:46.25590566Z [inf]  Unpacking xauth (1:1.1.2-1) ...

2025-11-23T18:39:46.277553323Z [inf]  Selecting previously unselected package xdg-user-dirs.

2025-11-23T18:39:46.280067189Z [inf]  Preparing to unpack .../245-xdg-user-dirs_0.18-1_amd64.deb ...

2025-11-23T18:39:46.285641013Z [inf]  Unpacking xdg-user-dirs (0.18-1) ...

2025-11-23T18:39:46.311589443Z [inf]  Selecting previously unselected package xdg-utils.

2025-11-23T18:39:46.313983371Z [inf]  Preparing to unpack .../246-xdg-utils_1.1.3-4.1_all.deb ...

2025-11-23T18:39:46.315238001Z [inf]  Unpacking xdg-utils (1.1.3-4.1) ...

2025-11-23T18:39:46.336897466Z [inf]  Selecting previously unselected package xfonts-encodings.

2025-11-23T18:39:46.339158584Z [inf]  Preparing to unpack .../247-xfonts-encodings_1%3a1.0.4-2.2_all.deb ...

2025-11-23T18:39:46.340870615Z [inf]  Unpacking xfonts-encodings (1:1.0.4-2.2) ...

2025-11-23T18:39:46.401040851Z [inf]  Selecting previously unselected package xfonts-utils.

2025-11-23T18:39:46.403453678Z [inf]  Preparing to unpack .../248-xfonts-utils_1%3a7.7+6_amd64.deb ...

2025-11-23T18:39:46.404822981Z [inf]  Unpacking xfonts-utils (1:7.7+6) ...

2025-11-23T18:39:46.432661647Z [inf]  Selecting previously unselected package xfonts-base.

2025-11-23T18:39:46.435056874Z [inf]  Preparing to unpack .../249-xfonts-base_1%3a1.0.5+nmu1_all.deb ...

2025-11-23T18:39:46.436675171Z [inf]  Unpacking xfonts-base (1:1.0.5+nmu1) ...

2025-11-23T18:39:46.747624156Z [inf]  Selecting previously unselected package xserver-common.

2025-11-23T18:39:46.750459763Z [inf]  Preparing to unpack .../250-xserver-common_2%3a21.1.7-3+deb12u11_all.deb ...

2025-11-23T18:39:46.751916699Z [inf]  Unpacking xserver-common (2:21.1.7-3+deb12u11) ...

2025-11-23T18:39:46.792585062Z [inf]  Selecting previously unselected package xvfb.

2025-11-23T18:39:46.795306778Z [inf]  Preparing to unpack .../251-xvfb_2%3a21.1.7-3+deb12u11_amd64.deb ...

2025-11-23T18:39:46.796792704Z [inf]  Unpacking xvfb (2:21.1.7-3+deb12u11) ...

2025-11-23T18:39:46.882917621Z [inf]  Selecting previously unselected package libegl1:amd64.

2025-11-23T18:39:46.885552506Z [inf]  Preparing to unpack .../252-libegl1_1.6.0-1_amd64.deb ...

2025-11-23T18:39:46.88688755Z [inf]  Unpacking libegl1:amd64 (1.6.0-1) ...

2025-11-23T18:39:46.911879559Z [inf]  Selecting previously unselected package zutty.

2025-11-23T18:39:46.914593962Z [inf]  Preparing to unpack .../253-zutty_0.14.0.20230218+dfsg1-1_amd64.deb ...

2025-11-23T18:39:46.916100542Z [inf]  Unpacking zutty (0.14.0.20230218+dfsg1-1) ...

2025-11-23T18:39:46.960108278Z [inf]  Setting up libexpat1:amd64 (2.5.0-1+deb12u2) ...

2025-11-23T18:39:46.96603871Z [inf]  Setting up libtext-iconv-perl:amd64 (1.7-8) ...

2025-11-23T18:39:46.970415549Z [inf]  Setting up libgraphite2-3:amd64 (1.3.14-1) ...

2025-11-23T18:39:46.974242355Z [inf]  Setting up liblcms2-2:amd64 (2.14-2) ...

2025-11-23T18:39:46.97915805Z [inf]  Setting up libpixman-1-0:amd64 (0.42.2-1) ...

2025-11-23T18:39:46.983914242Z [inf]  Setting up libwayland-server0:amd64 (1.21.0-1) ...

2025-11-23T18:39:46.988022975Z [inf]  Setting up libpciaccess0:amd64 (0.17-2) ...

2025-11-23T18:39:46.992316744Z [inf]  Setting up systemd-sysv (252.39-1~deb12u1) ...

2025-11-23T18:39:46.998243564Z [inf]  Setting up libxau6:amd64 (1:1.0.9-1) ...

2025-11-23T18:39:47.001828543Z [inf]  Setting up libkeyutils1:amd64 (1.6.3-2) ...

2025-11-23T18:39:47.005172287Z [inf]  Setting up libpsl5:amd64 (0.21.2-1) ...

2025-11-23T18:39:47.008767734Z [inf]  Setting up libgpm2:amd64 (1.20.7-10+b1) ...

2025-11-23T18:39:47.012320935Z [inf]  Setting up libicu72:amd64 (72.1-3+deb12u1) ...

2025-11-23T18:39:47.015844893Z [inf]  Setting up liblerc4:amd64 (4.0.0+ds-2) ...

2025-11-23T18:39:47.019327643Z [inf]  Setting up wget (1.21.3-1+deb12u1) ...

2025-11-23T18:39:47.024794152Z [inf]  Setting up hicolor-icon-theme (0.17-2) ...

2025-11-23T18:39:47.040505041Z [inf]  Setting up libdatrie1:amd64 (0.2.13-2+b1) ...

2025-11-23T18:39:47.044391924Z [inf]  Setting up xdg-user-dirs (0.18-1) ...

2025-11-23T18:39:47.055585949Z [inf]  Setting up psmisc (23.6-1) ...

2025-11-23T18:39:47.061502278Z [inf]  Setting up libglib2.0-0:amd64 (2.74.6-2+deb12u7) ...

2025-11-23T18:39:47.077052163Z [inf]  Setting up libglvnd0:amd64 (1.6.0-1) ...

2025-11-23T18:39:47.080683789Z [inf]  Setting up libdbusmenu-glib4:amd64 (18.10.20180917~bzr492+repack1-3) ...

2025-11-23T18:39:47.084027604Z [inf]  Setting up libbrotli1:amd64 (1.0.9-2+b6) ...

2025-11-23T18:39:47.087500542Z [inf]  Setting up libsqlite3-0:amd64 (3.40.1-2+deb12u2) ...

2025-11-23T18:39:47.09044062Z [inf]  Setting up libsasl2-modules:amd64 (2.1.28+dfsg-10) ...

2025-11-23T18:39:47.098351683Z [inf]  Setting up libgdk-pixbuf2.0-common (2.42.10+dfsg-1+deb12u2) ...

2025-11-23T18:39:47.102110492Z [inf]  Setting up x11-common (1:7.7+23) ...

2025-11-23T18:39:47.198113223Z [inf]  debconf: unable to initialize frontend: Dialog
debconf: (TERM is not set, so the dialog frontend is not usable.)
debconf: falling back to frontend: Readline

2025-11-23T18:39:47.204975617Z [inf]  debconf: unable to initialize frontend: Readline
debconf: (This frontend requires a controlling tty.)
debconf: falling back to frontend: Teletype

2025-11-23T18:39:47.228228568Z [inf]  invoke-rc.d: could not determine current runlevel

2025-11-23T18:39:47.231477557Z [inf]  invoke-rc.d: policy-rc.d denied execution of restart.

2025-11-23T18:39:47.236687312Z [inf]  Setting up libsensors-config (1:3.6.0-7.1) ...

2025-11-23T18:39:47.243138927Z [inf]  Setting up libdeflate0:amd64 (1.14-1) ...

2025-11-23T18:39:47.247841501Z [inf]  Setting up perl-openssl-defaults:amd64 (7+b1) ...

2025-11-23T18:39:47.251544439Z [inf]  Setting up libnss-systemd:amd64 (252.39-1~deb12u1) ...

2025-11-23T18:39:47.263536955Z [inf]  Setting up xkb-data (2.35.1-1) ...

2025-11-23T18:39:47.268478224Z [inf]  Setting up krb5-locales (1.20.1-2+deb12u4) ...

2025-11-23T18:39:47.272636756Z [inf]  Setting up libldap-common (2.5.13+dfsg-5) ...

2025-11-23T18:39:47.277366545Z [inf]  Setting up libunwind8:amd64 (1.6.2-3) ...

2025-11-23T18:39:47.2814574Z [inf]  Setting up libjbig0:amd64 (2.1-6.1) ...

2025-11-23T18:39:47.286547919Z [inf]  Setting up libcolord2:amd64 (1.4.6-2.2) ...

2025-11-23T18:39:47.290343627Z [inf]  Setting up libkrb5support0:amd64 (1.20.1-2+deb12u4) ...

2025-11-23T18:39:47.294618019Z [inf]  Setting up libsasl2-modules-db:amd64 (2.1.28+dfsg-10) ...

2025-11-23T18:39:47.298413987Z [inf]  Setting up libdconf1:amd64 (0.40.0-4) ...

2025-11-23T18:39:47.302164378Z [inf]  Setting up libasound2-data (1.2.8-1) ...

2025-11-23T18:39:47.305472542Z [inf]  Setting up libfontenc1:amd64 (1:1.1.4-1) ...

2025-11-23T18:39:47.308899387Z [inf]  Setting up perl-modules-5.36 (5.36.0-7+deb12u3) ...

2025-11-23T18:39:47.312453038Z [inf]  Setting up libz3-4:amd64 (4.8.12-3.1) ...

2025-11-23T18:39:47.315840538Z [inf]  Setting up libglib2.0-data (2.74.6-2+deb12u7) ...

2025-11-23T18:39:47.318713495Z [inf]  Setting up libgles2:amd64 (1.6.0-1) ...

2025-11-23T18:39:47.321690523Z [inf]  Setting up libjpeg62-turbo:amd64 (1:2.1.5-2) ...

2025-11-23T18:39:47.324920436Z [inf]  Setting up libx11-data (2:1.8.4-2+deb12u2) ...

2025-11-23T18:39:47.327934177Z [inf]  Setting up libepoxy0:amd64 (1.5.10-1) ...

2025-11-23T18:39:47.330879627Z [inf]  Setting up libmpfr6:amd64 (4.2.0-1) ...

2025-11-23T18:39:47.333819992Z [inf]  Setting up libnspr4:amd64 (2:4.35-1) ...

2025-11-23T18:39:47.336968811Z [inf]  Setting up libavahi-common-data:amd64 (0.8-10+deb12u1) ...

2025-11-23T18:39:47.34006469Z [inf]  Setting up libdbus-1-3:amd64 (1.14.10-1~deb12u1) ...

2025-11-23T18:39:47.34314623Z [inf]  Setting up xfonts-encodings (1:1.0.4-2.2) ...

2025-11-23T18:39:47.346697934Z [inf]  Setting up libfribidi0:amd64 (1.0.8-2.1) ...

2025-11-23T18:39:47.349826012Z [inf]  Setting up libproc2-0:amd64 (2:4.0.2-3) ...

2025-11-23T18:39:47.353246166Z [inf]  Setting up libpng16-16:amd64 (1.6.39-2) ...

2025-11-23T18:39:47.357150645Z [inf]  Setting up libmpc3:amd64 (1.3.1-1) ...

2025-11-23T18:39:47.361667886Z [inf]  Setting up systemd-timesyncd (252.39-1~deb12u1) ...

2025-11-23T18:39:47.374037407Z [inf]  Creating group 'systemd-timesync' with GID 997.

2025-11-23T18:39:47.374170352Z [inf]  Creating user 'systemd-timesync' (systemd Time Synchronization) with UID 997 and GID 997.

2025-11-23T18:39:47.501786178Z [inf]  Created symlink /etc/systemd/system/dbus-org.freedesktop.timesync1.service â†’ /lib/systemd/system/systemd-timesyncd.service.
Created symlink /etc/systemd/system/sysinit.target.wants/systemd-timesyncd.service â†’ /lib/systemd/system/systemd-timesyncd.service.

2025-11-23T18:39:47.505886052Z [inf]  Setting up libatomic1:amd64 (12.2.0-14+deb12u1) ...

2025-11-23T18:39:47.509798545Z [inf]  Setting up libsensors5:amd64 (1:3.6.0-7.1) ...

2025-11-23T18:39:47.513293279Z [inf]  Setting up libncursesw6:amd64 (6.4-4) ...

2025-11-23T18:39:47.516607372Z [inf]  Setting up libk5crypto3:amd64 (1.20.1-2+deb12u4) ...

2025-11-23T18:39:47.519702066Z [inf]  Setting up libglapi-mesa:amd64 (22.3.6-1+deb12u1) ...

2025-11-23T18:39:47.523289445Z [inf]  Setting up libsasl2-2:amd64 (2.1.28+dfsg-10) ...

2025-11-23T18:39:47.527295099Z [inf]  Setting up libwebp7:amd64 (1.2.4-0.2+deb12u1) ...

2025-11-23T18:39:47.530503746Z [inf]  Setting up alsa-topology-conf (1.2.5.1-2) ...

2025-11-23T18:39:47.533457596Z [inf]  Setting up sensible-utils (0.0.17+nmu1) ...

2025-11-23T18:39:47.536807025Z [inf]  Setting up libxshmfence1:amd64 (1.3-1) ...

2025-11-23T18:39:47.540803843Z [inf]  Setting up at-spi2-common (2.46.0-5) ...

2025-11-23T18:39:47.544164936Z [inf]  Setting up libtiff6:amd64 (4.5.0-6+deb12u3) ...

2025-11-23T18:39:47.547619253Z [inf]  Setting up dbus-session-bus-common (1.14.10-1~deb12u1) ...

2025-11-23T18:39:47.552356826Z [inf]  Setting up procps (2:4.0.2-3) ...

2025-11-23T18:39:47.579025484Z [inf]  Setting up libasound2:amd64 (1.2.8-1+b1) ...

2025-11-23T18:39:47.58274072Z [inf]  Setting up fonts-liberation (1:1.07.4-11) ...

2025-11-23T18:39:47.594973519Z [inf]  Setting up libthai-data (0.1.29-1) ...

2025-11-23T18:39:47.599298769Z [inf]  Setting up netbase (6.4) ...

2025-11-23T18:39:47.611306147Z [inf]  Setting up libgtk2.0-common (2.24.33-2+deb12u1) ...

2025-11-23T18:39:47.617930571Z [inf]  Setting up libatk1.0-0:amd64 (2.46.0-5) ...

2025-11-23T18:39:47.62130517Z [inf]  Setting up libkrb5-3:amd64 (1.20.1-2+deb12u4) ...

2025-11-23T18:39:47.624598455Z [inf]  Setting up libwayland-egl1:amd64 (1.21.0-1) ...

2025-11-23T18:39:47.62788781Z [inf]  Setting up lsb-release (12.0-1) ...

2025-11-23T18:39:47.631393235Z [inf]  Setting up dbus-system-bus-common (1.14.10-1~deb12u1) ...

2025-11-23T18:39:47.688493188Z [inf]  Setting up libisl23:amd64 (0.25-1.1) ...

2025-11-23T18:39:47.692099484Z [inf]  Setting up libbsd0:amd64 (0.11.7-2) ...

2025-11-23T18:39:47.696006699Z [inf]  Setting up libdrm-common (2.4.114-1) ...

2025-11-23T18:39:47.699456396Z [inf]  Setting up libelf1:amd64 (0.188-2.1) ...

2025-11-23T18:39:47.70304626Z [inf]  Setting up publicsuffix (20230209.2326-1) ...

2025-11-23T18:39:47.706206778Z [inf]  Setting up libxml2:amd64 (2.9.14+dfsg-1.3~deb12u4) ...

2025-11-23T18:39:47.709406486Z [inf]  Setting up xdg-utils (1.1.3-4.1) ...

2025-11-23T18:39:47.713660655Z [inf]  update-alternatives: using /usr/bin/xdg-open to provide /usr/bin/open (open) in auto mode

2025-11-23T18:39:47.713789752Z [inf]  update-alternatives: warning: skip creation of /usr/share/man/man1/open.1.gz because associated file /usr/share/man/man1/xdg-open.1.gz (of link group open) doesn't exist

2025-11-23T18:39:47.716755105Z [inf]  Setting up dbus-bin (1.14.10-1~deb12u1) ...

2025-11-23T18:39:47.72217244Z [inf]  Setting up libgdbm6:amd64 (1.23-3) ...

2025-11-23T18:39:47.725790856Z [inf]  Setting up libxkbcommon0:amd64 (1.5.0-1) ...

2025-11-23T18:39:47.730019076Z [inf]  Setting up libwayland-client0:amd64 (1.21.0-1) ...

2025-11-23T18:39:47.734519203Z [inf]  Setting up libice6:amd64 (2:1.0.10-1) ...

2025-11-23T18:39:47.738061258Z [inf]  Setting up libxdmcp6:amd64 (1:1.1.2-3) ...

2025-11-23T18:39:47.741005736Z [inf]  Setting up cpp-12 (12.2.0-14+deb12u1) ...

2025-11-23T18:39:47.743994026Z [inf]  Setting up libxcb1:amd64 (1.15-1) ...

2025-11-23T18:39:47.747672651Z [inf]  Setting up libxcb-xfixes0:amd64 (1.15-1) ...

2025-11-23T18:39:47.751457203Z [inf]  Setting up alsa-ucm-conf (1.2.8-1) ...

2025-11-23T18:39:47.755602688Z [inf]  Setting up libxcb-render0:amd64 (1.15-1) ...

2025-11-23T18:39:47.759596266Z [inf]  Setting up fontconfig-config (2.14.1-4) ...

2025-11-23T18:39:47.833971748Z [inf]  debconf: unable to initialize frontend: Dialog
debconf: (TERM is not set, so the dialog frontend is not usable.)
debconf: falling back to frontend: Readline

2025-11-23T18:39:47.840160794Z [inf]  debconf: unable to initialize frontend: Readline
debconf: (This frontend requires a controlling tty.)
debconf: falling back to frontend: Teletype

2025-11-23T18:39:47.980954092Z [inf]  Setting up libxcb-glx0:amd64 (1.15-1) ...

2025-11-23T18:39:47.984191305Z [inf]  Setting up libedit2:amd64 (3.1-20221030-2) ...

2025-11-23T18:39:47.987978891Z [inf]  Setting up libxcb-shape0:amd64 (1.15-1) ...

2025-11-23T18:39:47.991772629Z [inf]  Setting up libavahi-common3:amd64 (0.8-10+deb12u1) ...

2025-11-23T18:39:47.995857239Z [inf]  Setting up libnss3:amd64 (2:3.87.1-1+deb12u1) ...

2025-11-23T18:39:48.000445969Z [inf]  Setting up libxcb-shm0:amd64 (1.15-1) ...

2025-11-23T18:39:48.004695542Z [inf]  Setting up dbus-daemon (1.14.10-1~deb12u1) ...

2025-11-23T18:39:48.019480967Z [inf]  Setting up libldap-2.5-0:amd64 (2.5.13+dfsg-5) ...

2025-11-23T18:39:48.02286525Z [inf]  Setting up libxcb-present0:amd64 (1.15-1) ...

2025-11-23T18:39:48.025971119Z [inf]  Setting up libthai0:amd64 (0.1.29-1) ...

2025-11-23T18:39:48.029911004Z [inf]  Setting up libfreetype6:amd64 (2.12.1+dfsg-5+deb12u4) ...

2025-11-23T18:39:48.033504112Z [inf]  Setting up libxcb-sync1:amd64 (1.15-1) ...

2025-11-23T18:39:48.037251288Z [inf]  Setting up libdbus-glib-1-2:amd64 (0.112-3) ...

2025-11-23T18:39:48.041290271Z [inf]  Setting up dbus (1.14.10-1~deb12u1) ...

2025-11-23T18:39:48.064164159Z [inf]  invoke-rc.d: could not determine current runlevel

2025-11-23T18:39:48.067637216Z [inf]  invoke-rc.d: policy-rc.d denied execution of start.

2025-11-23T18:39:48.069809734Z [inf]  Setting up shared-mime-info (2.2-1) ...

2025-11-23T18:39:48.865868076Z [inf]  Setting up libgssapi-krb5-2:amd64 (1.20.1-2+deb12u4) ...

2025-11-23T18:39:48.870734719Z [inf]  Setting up libgdbm-compat4:amd64 (1.23-3) ...

2025-11-23T18:39:48.874342526Z [inf]  Setting up ucf (3.0043+nmu1+deb12u1) ...

2025-11-23T18:39:48.949292825Z [inf]  debconf: unable to initialize frontend: Dialog
debconf: (TERM is not set, so the dialog frontend is not usable.)
debconf: falling back to frontend: Readline

2025-11-23T18:39:48.955746896Z [inf]  debconf: unable to initialize frontend: Readline
debconf: (This frontend requires a controlling tty.)
debconf: falling back to frontend: Teletype

2025-11-23T18:39:48.979579738Z [inf]  Setting up libxcb-dri2-0:amd64 (1.15-1) ...

2025-11-23T18:39:48.983070967Z [inf]  Setting up libdrm2:amd64 (2.4.114-1+b1) ...

2025-11-23T18:39:48.986559604Z [inf]  Setting up libwayland-cursor0:amd64 (1.21.0-1) ...

2025-11-23T18:39:48.990113408Z [inf]  Setting up libxcb-randr0:amd64 (1.15-1) ...

2025-11-23T18:39:48.993757064Z [inf]  Setting up cpp (4:12.2.0-3) ...

2025-11-23T18:39:49.000703304Z [inf]  Setting up libllvm15:amd64 (1:15.0.6-4+b1) ...

2025-11-23T18:39:49.003956981Z [inf]  Setting up libpam-systemd:amd64 (252.39-1~deb12u1) ...

2025-11-23T18:39:49.078665729Z [inf]  debconf: unable to initialize frontend: Dialog
debconf: (TERM is not set, so the dialog frontend is not usable.)
debconf: falling back to frontend: Readline

2025-11-23T18:39:49.085800361Z [inf]  debconf: unable to initialize frontend: Readline
debconf: (This frontend requires a controlling tty.)
debconf: falling back to frontend: Teletype

2025-11-23T18:39:49.140228236Z [inf]  Setting up libx11-6:amd64 (2:1.8.4-2+deb12u2) ...

2025-11-23T18:39:49.143914811Z [inf]  Setting up libharfbuzz0b:amd64 (6.0.0+dfsg-3) ...

2025-11-23T18:39:49.147619547Z [inf]  Setting up libgdk-pixbuf-2.0-0:amd64 (2.42.10+dfsg-1+deb12u2) ...

2025-11-23T18:39:49.172015464Z [inf]  Setting up libfontconfig1:amd64 (2.14.1-4) ...

2025-11-23T18:39:49.176122446Z [inf]  Setting up libxkbfile1:amd64 (1:1.1.0-1) ...

2025-11-23T18:39:49.18014297Z [inf]  Setting up libxcomposite1:amd64 (1:0.4.5-1) ...

2025-11-23T18:39:49.18383623Z [inf]  Setting up libsm6:amd64 (2:1.2.3-1) ...

2025-11-23T18:39:49.187130522Z [inf]  Setting up libxfont2:amd64 (1:2.0.6-1) ...

2025-11-23T18:39:49.190668788Z [inf]  Setting up libavahi-client3:amd64 (0.8-10+deb12u1) ...

2025-11-23T18:39:49.194818791Z [inf]  Setting up libperl5.36:amd64 (5.36.0-7+deb12u3) ...

2025-11-23T18:39:49.198417641Z [inf]  Setting up libxmuu1:amd64 (2:1.1.3-3) ...

2025-11-23T18:39:49.201572162Z [inf]  Setting up libdrm-amdgpu1:amd64 (2.4.114-1+b1) ...

2025-11-23T18:39:49.205873085Z [inf]  Setting up libxcb-dri3-0:amd64 (1.15-1) ...

2025-11-23T18:39:49.209772732Z [inf]  Setting up gtk-update-icon-cache (3.24.38-2~deb12u3) ...

2025-11-23T18:39:49.212898591Z [inf]  Setting up libx11-xcb1:amd64 (2:1.8.4-2+deb12u2) ...

2025-11-23T18:39:49.21667353Z [inf]  Setting up fontconfig (2.14.1-4) ...

2025-11-23T18:39:49.22157615Z [inf]  Regenerating fonts cache... 
2025-11-23T18:39:51.740431246Z [inf]  done.

2025-11-23T18:39:51.742078954Z [inf]  Setting up libdrm-nouveau2:amd64 (2.4.114-1+b1) ...

2025-11-23T18:39:51.746100207Z [inf]  Setting up libxdamage1:amd64 (1:1.1.6-1) ...

2025-11-23T18:39:51.750589936Z [inf]  Setting up libgdk-pixbuf-xlib-2.0-0:amd64 (2.40.2-2) ...

2025-11-23T18:39:51.755661445Z [inf]  Setting up libxpm4:amd64 (1:3.5.12-1.1+deb12u1) ...

2025-11-23T18:39:51.760144347Z [inf]  Setting up libxrender1:amd64 (1:0.9.10-1.1) ...

2025-11-23T18:39:51.765058545Z [inf]  Setting up libgbm1:amd64 (22.3.6-1+deb12u1) ...

2025-11-23T18:39:51.770685509Z [inf]  Setting up libdrm-radeon1:amd64 (2.4.114-1+b1) ...

2025-11-23T18:39:51.775219335Z [inf]  Setting up libpango-1.0-0:amd64 (1.50.12+ds-1) ...

2025-11-23T18:39:51.779628853Z [inf]  Setting up libdrm-intel1:amd64 (2.4.114-1+b1) ...

2025-11-23T18:39:51.784411485Z [inf]  Setting up libgl1-mesa-dri:amd64 (22.3.6-1+deb12u1) ...

2025-11-23T18:39:51.794938069Z [inf]  Setting up libxext6:amd64 (2:1.3.4-1+b1) ...

2025-11-23T18:39:51.799955885Z [inf]  Setting up xfonts-utils (1:7.7+6) ...

2025-11-23T18:39:51.807398433Z [inf]  Setting up libcairo2:amd64 (1.16.0-7) ...

2025-11-23T18:39:51.82276457Z [inf]  Setting up libxxf86vm1:amd64 (1:1.1.4-1+b2) ...

2025-11-23T18:39:51.826659192Z [inf]  Setting up dbus-user-session (1.14.10-1~deb12u1) ...

2025-11-23T18:39:51.832784971Z [inf]  Setting up perl (5.36.0-7+deb12u3) ...

2025-11-23T18:39:51.844288681Z [inf]  Setting up xfonts-base (1:1.0.5+nmu1) ...

2025-11-23T18:39:51.892314698Z [inf]  Setting up libegl-mesa0:amd64 (22.3.6-1+deb12u1) ...

2025-11-23T18:39:51.89631684Z [inf]  Setting up gconf2-common (3.2.6-8) ...

2025-11-23T18:39:51.998519487Z [inf]  debconf: unable to initialize frontend: Dialog
debconf: (TERM is not set, so the dialog frontend is not usable.)
debconf: falling back to frontend: Readline

2025-11-23T18:39:52.005608772Z [inf]  debconf: unable to initialize frontend: Readline
debconf: (This frontend requires a controlling tty.)
debconf: falling back to frontend: Teletype

2025-11-23T18:39:52.045794224Z [inf]  
Creating config file /etc/gconf/2/path with new version

2025-11-23T18:39:52.065808438Z [inf]  Setting up adwaita-icon-theme (43-1) ...

2025-11-23T18:39:52.106800846Z [inf]  update-alternatives: using /usr/share/icons/Adwaita/cursor.theme to provide /usr/share/icons/default/index.theme (x-cursor-theme) in auto mode

2025-11-23T18:39:52.109093735Z [inf]  Setting up libdata-dump-perl (1.25-1) ...

2025-11-23T18:39:52.111894013Z [inf]  Setting up libxfixes3:amd64 (1:6.0.0-2) ...

2025-11-23T18:39:52.114883754Z [inf]  Setting up libipc-system-simple-perl (1.30-2) ...

2025-11-23T18:39:52.117955157Z [inf]  Setting up libxml-xpathengine-perl (0.14-2) ...

2025-11-23T18:39:52.120777575Z [inf]  Setting up libgdk-pixbuf2.0-0:amd64 (2.40.2-2) ...

2025-11-23T18:39:52.123839093Z [inf]  Setting up libxinerama1:amd64 (2:1.1.4-3) ...

2025-11-23T18:39:52.127013415Z [inf]  Setting up libxv1:amd64 (2:1.0.11-1.1) ...

2025-11-23T18:39:52.130000566Z [inf]  Setting up libio-html-perl (1.004-3) ...

2025-11-23T18:39:52.133836401Z [inf]  Setting up libxrandr2:amd64 (2:1.5.2-2+b1) ...

2025-11-23T18:39:52.13709781Z [inf]  Setting up libxt6:amd64 (1:1.2.1-1.1) ...

2025-11-23T18:39:52.140150463Z [inf]  Setting up libtimedate-perl (2.3300-2) ...

2025-11-23T18:39:52.14280619Z [inf]  Setting up libregexp-ipv6-perl (0.03-3) ...

2025-11-23T18:39:52.145610282Z [inf]  Setting up libcups2:amd64 (2.4.2-3+deb12u9) ...

2025-11-23T18:39:52.148604144Z [inf]  Setting up xauth (1:1.1.2-1) ...

2025-11-23T18:39:52.151567379Z [inf]  Setting up libgdk-pixbuf2.0-bin (2.42.10+dfsg-1+deb12u2) ...

2025-11-23T18:39:52.154646949Z [inf]  Setting up libegl1:amd64 (1.6.0-1) ...

2025-11-23T18:39:52.157682482Z [inf]  Setting up libcairo-gobject2:amd64 (1.16.0-7) ...

2025-11-23T18:39:52.161109167Z [inf]  Setting up libxss1:amd64 (1:1.2.3-1) ...

2025-11-23T18:39:52.164094818Z [inf]  Setting up libpangoft2-1.0-0:amd64 (1.50.12+ds-1) ...

2025-11-23T18:39:52.166955221Z [inf]  Setting up libdbusmenu-gtk4:amd64 (18.10.20180917~bzr492+repack1-3) ...

2025-11-23T18:39:52.170032791Z [inf]  Setting up liburi-perl (5.17-1) ...

2025-11-23T18:39:52.173149185Z [inf]  Setting up libx11-protocol-perl (0.56-9) ...

2025-11-23T18:39:52.176212867Z [inf]  Setting up libpangocairo-1.0-0:amd64 (1.50.12+ds-1) ...

2025-11-23T18:39:52.179123308Z [inf]  Setting up libnet-ssleay-perl:amd64 (1.92-2+b1) ...

2025-11-23T18:39:52.182056858Z [inf]  Setting up libhttp-date-perl (6.05-2) ...

2025-11-23T18:39:52.185145278Z [inf]  Setting up libxft2:amd64 (2.3.6-1) ...

2025-11-23T18:39:52.188122711Z [inf]  Setting up libxmu6:amd64 (2:1.1.3-3) ...

2025-11-23T18:39:52.19107309Z [inf]  Setting up libfile-basedir-perl (0.09-2) ...

2025-11-23T18:39:52.194157455Z [inf]  Setting up libtie-ixhash-perl (1.23-4) ...

2025-11-23T18:39:52.197362789Z [inf]  Setting up libglx-mesa0:amd64 (22.3.6-1+deb12u1) ...

2025-11-23T18:39:52.200948346Z [inf]  Setting up libfile-listing-perl (6.15-1) ...

2025-11-23T18:39:52.203966487Z [inf]  Setting up libxi6:amd64 (2:1.8-1+b1) ...

2025-11-23T18:39:52.207271741Z [inf]  Setting up libglx0:amd64 (1.6.0-1) ...

2025-11-23T18:39:52.210855092Z [inf]  Setting up libfont-afm-perl (1.20-4) ...

2025-11-23T18:39:52.213874486Z [inf]  Setting up libgconf-2-4:amd64 (3.2.6-8) ...

2025-11-23T18:39:52.21714858Z [inf]  Setting up libclone-perl:amd64 (0.46-1) ...

2025-11-23T18:39:52.220242669Z [inf]  Setting up libio-stringy-perl (2.111-3) ...

2025-11-23T18:39:52.223311802Z [inf]  Setting up libxtst6:amd64 (2:1.2.3-1.1) ...

2025-11-23T18:39:52.22627525Z [inf]  Setting up libhtml-tagset-perl (3.20-6) ...

2025-11-23T18:39:52.229381275Z [inf]  Setting up libauthen-sasl-perl (2.1600-3) ...

2025-11-23T18:39:52.232804388Z [inf]  Setting up libxcursor1:amd64 (1:1.2.1-1) ...

2025-11-23T18:39:52.236556287Z [inf]  Setting up liblwp-mediatypes-perl (6.04-2) ...

2025-11-23T18:39:52.240027913Z [inf]  Setting up libtry-tiny-perl (0.31-2) ...

2025-11-23T18:39:52.243312561Z [inf]  Setting up libxxf86dga1:amd64 (2:1.1.5-1) ...

2025-11-23T18:39:52.24775664Z [inf]  Setting up libnet-http-perl (6.22-1) ...

2025-11-23T18:39:52.251650243Z [inf]  Setting up libencode-locale-perl (1.05-3) ...

2025-11-23T18:39:52.255281774Z [inf]  Setting up dconf-service (0.40.0-4) ...

2025-11-23T18:39:52.260086756Z [inf]  Setting up libxaw7:amd64 (2:1.0.14-1) ...

2025-11-23T18:39:52.265251376Z [inf]  Setting up libatspi2.0-0:amd64 (2.46.0-5) ...

2025-11-23T18:39:52.270027858Z [inf]  Setting up x11-xserver-utils (7.7+9+b1) ...

2025-11-23T18:39:52.277807085Z [inf]  Setting up librsvg2-2:amd64 (2.54.7+dfsg-1~deb12u1) ...

2025-11-23T18:39:52.282461695Z [inf]  Setting up libatk-bridge2.0-0:amd64 (2.46.0-5) ...

2025-11-23T18:39:52.28642387Z [inf]  Setting up libgl1:amd64 (1.6.0-1) ...

2025-11-23T18:39:52.290402016Z [inf]  Setting up librsvg2-common:amd64 (2.54.7+dfsg-1~deb12u1) ...

2025-11-23T18:39:52.299180548Z [inf]  Setting up libfile-desktopentry-perl (0.22-3) ...

2025-11-23T18:39:52.30293787Z [inf]  Setting up libwww-robotrules-perl (6.02-1) ...

2025-11-23T18:39:52.30792671Z [inf]  Setting up zutty (0.14.0.20230218+dfsg1-1) ...

2025-11-23T18:39:52.312957234Z [inf]  update-alternatives: using /usr/bin/zutty to provide /usr/bin/x-terminal-emulator (x-terminal-emulator) in auto mode

2025-11-23T18:39:52.313079289Z [inf]  update-alternatives: warning: skip creation of /usr/share/man/man1/x-terminal-emulator.1.gz because associated file /usr/share/man/man1/zutty.1.gz (of link group x-terminal-emulator) doesn't exist

2025-11-23T18:39:52.315575898Z [inf]  Setting up gconf-service (3.2.6-8) ...

2025-11-23T18:39:52.319875642Z [inf]  Setting up libhtml-parser-perl:amd64 (3.81-1) ...

2025-11-23T18:39:52.324576389Z [inf]  Setting up x11-utils (7.7+5) ...

2025-11-23T18:39:52.343449297Z [inf]  Setting up libio-socket-ssl-perl (2.081-2) ...

2025-11-23T18:39:52.347988017Z [inf]  Setting up libhttp-message-perl (6.44-1) ...

2025-11-23T18:39:52.352374514Z [inf]  Setting up libhtml-form-perl (6.11-1) ...

2025-11-23T18:39:52.35665479Z [inf]  Setting up libfile-mimeinfo-perl (0.33-1) ...

2025-11-23T18:39:52.360928411Z [inf]  Setting up libhttp-negotiate-perl (6.01-2) ...

2025-11-23T18:39:52.364840608Z [inf]  Setting up dconf-gsettings-backend:amd64 (0.40.0-4) ...

2025-11-23T18:39:52.369065999Z [inf]  Setting up libhttp-cookies-perl (6.10-1) ...

2025-11-23T18:39:52.373600117Z [inf]  Setting up x11-xkb-utils (7.7+7) ...

2025-11-23T18:39:52.378001406Z [inf]  Setting up libgtk2.0-0:amd64 (2.24.33-2+deb12u1) ...

2025-11-23T18:39:52.393721589Z [inf]  Setting up libhtml-tree-perl (5.07-3) ...

2025-11-23T18:39:52.39824341Z [inf]  Setting up libhtml-format-perl (2.16-2) ...

2025-11-23T18:39:52.402257609Z [inf]  Setting up libnet-smtp-ssl-perl (1.04-2) ...

2025-11-23T18:39:52.416156415Z [inf]  Setting up libmailtools-perl (2.21-2) ...

2025-11-23T18:39:52.420952842Z [inf]  Setting up libgail18:amd64 (2.24.33-2+deb12u1) ...

2025-11-23T18:39:52.42522309Z [inf]  Setting up libhttp-daemon-perl (6.16-1) ...

2025-11-23T18:39:52.429420429Z [inf]  Setting up libgtk2.0-bin (2.24.33-2+deb12u1) ...

2025-11-23T18:39:52.434107605Z [inf]  Setting up xserver-common (2:21.1.7-3+deb12u11) ...

2025-11-23T18:39:52.438922483Z [inf]  Setting up libgtk-3-common (3.24.38-2~deb12u3) ...

2025-11-23T18:39:52.445639206Z [inf]  Setting up gsettings-desktop-schemas (43.0-1) ...

2025-11-23T18:39:52.449599535Z [inf]  Setting up libayatana-indicator7:amd64 (0.9.3-1) ...

2025-11-23T18:39:52.453705964Z [inf]  Setting up libgail-common:amd64 (2.24.33-2+deb12u1) ...

2025-11-23T18:39:52.45739288Z [inf]  Setting up libgtk-3-0:amd64 (3.24.38-2~deb12u3) ...

2025-11-23T18:39:52.480036937Z [inf]  Setting up xvfb (2:21.1.7-3+deb12u11) ...

2025-11-23T18:39:52.484922998Z [inf]  Setting up libayatana-appindicator1 (0.5.92-1) ...

2025-11-23T18:39:52.489701274Z [inf]  Setting up libgtk-3-bin (3.24.38-2~deb12u3) ...

2025-11-23T18:39:52.494288626Z [inf]  Setting up at-spi2-core (2.46.0-5) ...

2025-11-23T18:39:52.506534711Z [inf]  Setting up liblwp-protocol-https-perl (6.10-1) ...

2025-11-23T18:39:52.512206692Z [inf]  Setting up libwww-perl (6.68-1) ...

2025-11-23T18:39:52.517150016Z [inf]  Setting up libxml-parser-perl (2.46-4) ...

2025-11-23T18:39:52.521889732Z [inf]  Setting up libxml-twig-perl (1:3.52-2) ...

2025-11-23T18:39:52.526657217Z [inf]  Setting up libnet-dbus-perl (1.2.0-2) ...

2025-11-23T18:39:52.531973533Z [inf]  Processing triggers for libc-bin (2.36-9+deb12u13) ...

2025-11-23T18:39:52.551336135Z [inf]  Processing triggers for libgdk-pixbuf-2.0-0:amd64 (2.42.10+dfsg-1+deb12u2) ...

2025-11-23T18:39:52.959418042Z [inf]  install apt packages: ca-certificates fonts-liberation gconf-service libappindicator1 libasound2 libatk1.0-0 libatomic1 libc6 libcairo2 libcups2 libdbus-1-3 libexpat1 libfontconfig1 libgbm1 libgcc1 libgconf-2-4 libgdk-pixbuf2.0-0 libglib2.0-0 libgtk-3-0 libnspr4 libnss3 libpango-1.0-0 libpangocairo-1.0-0 libstdc++6 libx11-6 libx11-xcb1 libxcb1 libxcomposite1 libxcursor1 libxdamage1 libxext6 libxfixes3 libxi6 libxrandr2 libxrender1 libxss1 libxtst6 lsb-release wget xdg-utils xvfb
2025-11-23T18:40:02.495724106Z [inf]  npm warn deprecated inflight@1.0.6: This module is not supported, and leaks memory. Do not use it. Check out lru-cache if you want a good and tested way to coalesce async requests by a key value, which is much more comprehensive and powerful.

2025-11-23T18:40:02.522591835Z [inf]  npm warn deprecated glob@7.2.3: Glob versions prior to v9 are no longer supported

2025-11-23T18:40:02.569881129Z [inf]  npm warn deprecated rimraf@3.0.2: Rimraf versions prior to v4 are no longer supported

2025-11-23T18:40:21.266208304Z [inf]  
> design-web-pages@0.1.0 postinstall
> prisma generate


2025-11-23T18:40:22.267304007Z [inf]  Prisma schema loaded from prisma/schema.prisma

2025-11-23T18:40:22.549657099Z [inf]  â”Œâ”€â”€â”€â”€â”€â”€â”€â”€â”€â”€â”€â”€â”€â”€â”€â”€â”€â”€â”€â”€â”€â”€â”€â”€â”€â”€â”€â”€â”€â”€â”€â”€â”€â”€â”€â”€â”€â”€â”€â”€â”€â”€â”€â”€â”€â”€â”€â”€â”€â”€â”€â”€â”€â”€â”€â”€â”€â”
â”‚  Update available 6.19.0 -> 7.0.0                       â”‚
â”‚                                                         â”‚
â”‚  This is a major update - please follow the guide at    â”‚
â”‚  https://pris.ly/d/major-version-upgrade                â”‚
â”‚                                                         â”‚
â”‚  Run the following to update                            â”‚
â”‚    npm i --save-dev prisma@latest                       â”‚
â”‚    npm i @prisma/client@latest                          â”‚
â””â”€â”€â”€â”€â”€â”€â”€â”€â”€â”€â”€â”€â”€â”€â”€â”€â”€â”€â”€â”€â”€â”€â”€â”€â”€â”€â”€â”€â”€â”€â”€â”€â”€â”€â”€â”€â”€â”€â”€â”€â”€â”€â”€â”€â”€â”€â”€â”€â”€â”€â”€â”€â”€â”€â”€â”€â”€â”˜

2025-11-23T18:40:22.549770575Z [inf]  
âœ” Generated Prisma Client (v6.19.0) to ./node_modules/@prisma/client in 108ms

Start by importing your Prisma Client (See: https://pris.ly/d/importing-client)

Tip: Need your database queries to be 1000x faster? Accelerate offers you that and more: https://pris.ly/tip-2-accelerate


2025-11-23T18:40:22.573984446Z [inf]  
added 583 packages, and audited 584 packages in 45s

2025-11-23T18:40:22.602761735Z [inf]  
3 vulnerabilities (2 moderate, 1 high)

To address all issues (including breaking changes), run:
  npm audit fix --force

Run `npm audit` for details.

2025-11-23T18:40:23.011885357Z [inf]  npm install
2025-11-23T18:40:23.013208422Z [inf]  copy / /app
2025-11-23T18:40:23.256548701Z [inf]  copy / /app
2025-11-23T18:40:23.257615154Z [inf]  npm run build
2025-11-23T18:40:23.490596697Z [inf]  npm warn config production Use `--omit=dev` instead.

2025-11-23T18:40:23.508201131Z [inf]  
> design-web-pages@0.1.0 build
> bash railway-build.sh


2025-11-23T18:40:23.513429934Z [inf]  ðŸš€ Starting Railway build process...
ðŸ“¦ Generating Prisma client...

2025-11-23T18:40:23.594862935Z [inf]  npm warn config production Use `--omit=dev` instead.

2025-11-23T18:40:24.803837891Z [inf]  Prisma schema loaded from prisma/schema.prisma

2025-11-23T18:40:25.099851082Z [inf]  
âœ” Generated Prisma Client (v6.19.0) to ./node_modules/@prisma/client in 120ms

Start by importing your Prisma Client (See: https://pris.ly/d/importing-client)

Tip: Want to turn off tips and other hints? https://pris.ly/tip-4-nohints


2025-11-23T18:40:25.127921487Z [inf]  ðŸ—„ï¸  Attempting database migrations...

2025-11-23T18:40:25.21663277Z [inf]  npm warn config production Use `--omit=dev` instead.

2025-11-23T18:40:26.430355037Z [inf]  Prisma schema loaded from prisma/schema.prisma

2025-11-23T18:40:26.436681745Z [inf]  Datasource "db": PostgreSQL database "railway", schema "public" at "postgres.railway.internal:5432"

2025-11-23T18:40:26.528908907Z [inf]  

2025-11-23T18:40:26.529166297Z [inf]  Error: P1001: Can't reach database server at `postgres.railway.internal:5432`

Please make sure your database server is running at `postgres.railway.internal:5432`.

2025-11-23T18:40:26.54919257Z [inf]  âš ï¸  Database migration failed (database may not be available during build)
âš ï¸  Migrations will run automatically on first application start
âš ï¸  Continuing with build...
ðŸ—ï¸  Building Next.js application...

2025-11-23T18:40:26.632879072Z [inf]  npm warn config production Use `--omit=dev` instead.

2025-11-23T18:40:27.658674023Z [inf]  âš  No build cache found. Please configure build caching for faster rebuilds. Read more: https://nextjs.org/docs/messages/no-cache

2025-11-23T18:40:27.725188043Z [inf]     â–² Next.js 15.4.6

2025-11-23T18:40:27.725210754Z [inf]  

2025-11-23T18:40:27.740581802Z [inf]     Creating an optimized production build ...

2025-11-23T18:40:38.873579725Z [inf]   âœ“ Compiled successfully in 11.0s

2025-11-23T18:40:38.876027048Z [inf]     Linting and checking validity of types ...

2025-11-23T18:40:43.832297741Z [inf]  Failed to compile.


2025-11-23T18:40:43.83285108Z [inf]  ./app/projects/[id]/designs/page.tsx:168:23
Type error: Property 'screenshots' does not exist on type 'Design'.

[0m [90m 166 |[39m
 [90m 167 |[39m               {[90m/* Screenshot Preview */[39m}
[31m[1m>[22m[39m[90m 168 |[39m               {design[33m.[39mscreenshots [33m&&[39m [33mObject[39m[33m.[39mkeys(design[33m.[39mscreenshots)[33m.[39mlength [33m>[39m [35m0[39m [33m&&[39m (
 [90m     |[39m                       [31m[1m^[22m[39m
 [90m 169 |[39m                 [33m<[39m[33mdiv[39m className[33m=[39m[32m"aspect-video bg-gray-100 relative overflow-hidden"[39m[33m>[39m
 [90m 170 |[39m                   [33m<[39m[33mimg[39m
 [90m 171 |[39m                     src[33m=[39m{design[33m.[39mscreenshots[[32m'desktop'[39m] [33m||[39m design[33m.[39mscreenshots[[33mObject[39m[33m.[39mkeys(design[33m.[39mscreenshots)[[35m0[39m]]}[0m

2025-11-23T18:40:43.877314059Z [inf]  Next.js build worker exited with code: 1 and signal: null

2025-11-23T18:40:44.023935059Z [err]  npm run build
2025-11-23T18:40:44.044268928Z [err]  ERROR: failed to build: failed to solve: process "npm run build" did not complete successfully: exit code: 1