2025-11-23T17:13:05.511941735Z [inf]  Preparing to unpack .../023-libpsl5_0.21.2-1_amd64.deb ...

2025-11-23T17:13:05.513443139Z [inf]  Unpacking libpsl5:amd64 (0.21.2-1) ...

2025-11-23T17:13:05.533588914Z [inf]  Selecting previously unselected package wget.

2025-11-23T17:13:05.535321686Z [inf]  Preparing to unpack .../024-wget_1.21.3-1+deb12u1_amd64.deb ...

2025-11-23T17:13:05.536713528Z [inf]  Unpacking wget (1.21.3-1+deb12u1) ...

2025-11-23T17:13:05.610222262Z [inf]  Selecting previously unselected package hicolor-icon-theme.

2025-11-23T17:13:05.612030992Z [inf]  Preparing to unpack .../025-hicolor-icon-theme_0.17-2_all.deb ...

2025-11-23T17:13:05.613867946Z [inf]  Unpacking hicolor-icon-theme (0.17-2) ...

2025-11-23T17:13:05.662903701Z [inf]  Selecting previously unselected package libgdk-pixbuf2.0-common.

2025-11-23T17:13:05.664731781Z [inf]  Preparing to unpack .../026-libgdk-pixbuf2.0-common_2.42.10+dfsg-1+deb12u2_all.deb ...

2025-11-23T17:13:05.666164149Z [inf]  Unpacking libgdk-pixbuf2.0-common (2.42.10+dfsg-1+deb12u2) ...

2025-11-23T17:13:05.712267533Z [inf]  Selecting previously unselected package libglib2.0-0:amd64.

2025-11-23T17:13:05.714098078Z [inf]  Preparing to unpack .../027-libglib2.0-0_2.74.6-2+deb12u7_amd64.deb ...

2025-11-23T17:13:05.715655243Z [inf]  Unpacking libglib2.0-0:amd64 (2.74.6-2+deb12u7) ...

2025-11-23T17:13:05.827820459Z [inf]  Selecting previously unselected package libicu72:amd64.

2025-11-23T17:13:05.829646089Z [inf]  Preparing to unpack .../028-libicu72_72.1-3+deb12u1_amd64.deb ...

2025-11-23T17:13:05.830985053Z [inf]  Unpacking libicu72:amd64 (72.1-3+deb12u1) ...

2025-11-23T17:13:06.358521307Z [inf]  Selecting previously unselected package libxml2:amd64.

2025-11-23T17:13:06.360899354Z [inf]  Preparing to unpack .../029-libxml2_2.9.14+dfsg-1.3~deb12u4_amd64.deb ...

2025-11-23T17:13:06.362439728Z [inf]  Unpacking libxml2:amd64 (2.9.14+dfsg-1.3~deb12u4) ...

2025-11-23T17:13:06.42960707Z [inf]  Selecting previously unselected package shared-mime-info.

2025-11-23T17:13:06.431332522Z [inf]  Preparing to unpack .../030-shared-mime-info_2.2-1_amd64.deb ...

2025-11-23T17:13:06.432702817Z [inf]  Unpacking shared-mime-info (2.2-1) ...

2025-11-23T17:13:06.505301829Z [inf]  Selecting previously unselected package libjpeg62-turbo:amd64.

2025-11-23T17:13:06.507210325Z [inf]  Preparing to unpack .../031-libjpeg62-turbo_1%3a2.1.5-2_amd64.deb ...

2025-11-23T17:13:06.508528303Z [inf]  Unpacking libjpeg62-turbo:amd64 (1:2.1.5-2) ...

2025-11-23T17:13:06.538339463Z [inf]  Selecting previously unselected package libpng16-16:amd64.

2025-11-23T17:13:06.540031361Z [inf]  Preparing to unpack .../032-libpng16-16_1.6.39-2_amd64.deb ...

2025-11-23T17:13:06.541408586Z [inf]  Unpacking libpng16-16:amd64 (1.6.39-2) ...

2025-11-23T17:13:06.575758226Z [inf]  Selecting previously unselected package libdeflate0:amd64.

2025-11-23T17:13:06.577489873Z [inf]  Preparing to unpack .../033-libdeflate0_1.14-1_amd64.deb ...

2025-11-23T17:13:06.578838278Z [inf]  Unpacking libdeflate0:amd64 (1.14-1) ...

2025-11-23T17:13:06.600702432Z [inf]  Selecting previously unselected package libjbig0:amd64.

2025-11-23T17:13:06.602489123Z [inf]  Preparing to unpack .../034-libjbig0_2.1-6.1_amd64.deb ...

2025-11-23T17:13:06.60391266Z [inf]  Unpacking libjbig0:amd64 (2.1-6.1) ...

2025-11-23T17:13:06.625056764Z [inf]  Selecting previously unselected package liblerc4:amd64.

2025-11-23T17:13:06.62680397Z [inf]  Preparing to unpack .../035-liblerc4_4.0.0+ds-2_amd64.deb ...

2025-11-23T17:13:06.628090802Z [inf]  Unpacking liblerc4:amd64 (4.0.0+ds-2) ...

2025-11-23T17:13:06.658874985Z [inf]  Selecting previously unselected package libwebp7:amd64.

2025-11-23T17:13:06.660635667Z [inf]  Preparing to unpack .../036-libwebp7_1.2.4-0.2+deb12u1_amd64.deb ...

2025-11-23T17:13:06.66199181Z [inf]  Unpacking libwebp7:amd64 (1.2.4-0.2+deb12u1) ...

2025-11-23T17:13:06.701046822Z [inf]  Selecting previously unselected package libtiff6:amd64.

2025-11-23T17:13:06.702915289Z [inf]  Preparing to unpack .../037-libtiff6_4.5.0-6+deb12u3_amd64.deb ...

2025-11-23T17:13:06.704671131Z [inf]  Unpacking libtiff6:amd64 (4.5.0-6+deb12u3) ...

2025-11-23T17:13:06.738883462Z [inf]  Selecting previously unselected package libgdk-pixbuf-2.0-0:amd64.

2025-11-23T17:13:06.740552177Z [inf]  Preparing to unpack .../038-libgdk-pixbuf-2.0-0_2.42.10+dfsg-1+deb12u2_amd64.deb ...

2025-11-23T17:13:06.741820804Z [inf]  Unpacking libgdk-pixbuf-2.0-0:amd64 (2.42.10+dfsg-1+deb12u2) ...

2025-11-23T17:13:06.769902911Z [inf]  Selecting previously unselected package gtk-update-icon-cache.

2025-11-23T17:13:06.771586944Z [inf]  Preparing to unpack .../039-gtk-update-icon-cache_3.24.38-2~deb12u3_amd64.deb ...

2025-11-23T17:13:06.77289537Z [inf]  Unpacking gtk-update-icon-cache (3.24.38-2~deb12u3) ...

2025-11-23T17:13:06.802799587Z [inf]  Selecting previously unselected package adwaita-icon-theme.

2025-11-23T17:13:06.804392131Z [inf]  Preparing to unpack .../040-adwaita-icon-theme_43-1_all.deb ...

2025-11-23T17:13:06.805578025Z [inf]  Unpacking adwaita-icon-theme (43-1) ...

2025-11-23T17:13:07.432884529Z [inf]  Selecting previously unselected package alsa-topology-conf.

2025-11-23T17:13:07.436963046Z [inf]  Preparing to unpack .../041-alsa-topology-conf_1.2.5.1-2_all.deb ...

2025-11-23T17:13:07.438245906Z [inf]  Unpacking alsa-topology-conf (1.2.5.1-2) ...

2025-11-23T17:13:07.460365429Z [inf]  Selecting previously unselected package libasound2-data.

2025-11-23T17:13:07.462617156Z [inf]  Preparing to unpack .../042-libasound2-data_1.2.8-1_all.deb ...

2025-11-23T17:13:07.464233977Z [inf]  Unpacking libasound2-data (1.2.8-1) ...

2025-11-23T17:13:07.491748202Z [inf]  Selecting previously unselected package libasound2:amd64.

2025-11-23T17:13:07.494191033Z [inf]  Preparing to unpack .../043-libasound2_1.2.8-1+b1_amd64.deb ...

2025-11-23T17:13:07.496061321Z [inf]  Unpacking libasound2:amd64 (1.2.8-1+b1) ...

2025-11-23T17:13:07.553457107Z [inf]  Selecting previously unselected package alsa-ucm-conf.

2025-11-23T17:13:07.555917298Z [inf]  Preparing to unpack .../044-alsa-ucm-conf_1.2.8-1_all.deb ...

2025-11-23T17:13:07.558928142Z [inf]  Unpacking alsa-ucm-conf (1.2.8-1) ...

2025-11-23T17:13:07.634522683Z [inf]  Selecting previously unselected package at-spi2-common.

2025-11-23T17:13:07.637821627Z [inf]  Preparing to unpack .../045-at-spi2-common_2.46.0-5_all.deb ...

2025-11-23T17:13:07.63923248Z [inf]  Unpacking at-spi2-common (2.46.0-5) ...

2025-11-23T17:13:07.673281017Z [inf]  Selecting previously unselected package libxau6:amd64.

2025-11-23T17:13:07.676027396Z [inf]  Preparing to unpack .../046-libxau6_1%3a1.0.9-1_amd64.deb ...

2025-11-23T17:13:07.67752891Z [inf]  Unpacking libxau6:amd64 (1:1.0.9-1) ...

2025-11-23T17:13:07.698916189Z [inf]  Selecting previously unselected package libbsd0:amd64.

2025-11-23T17:13:07.701210812Z [inf]  Preparing to unpack .../047-libbsd0_0.11.7-2_amd64.deb ...

2025-11-23T17:13:07.702572517Z [inf]  Unpacking libbsd0:amd64 (0.11.7-2) ...

2025-11-23T17:13:07.729997938Z [inf]  Selecting previously unselected package libxdmcp6:amd64.

2025-11-23T17:13:07.732380806Z [inf]  Preparing to unpack .../048-libxdmcp6_1%3a1.1.2-3_amd64.deb ...

2025-11-23T17:13:07.733989239Z [inf]  Unpacking libxdmcp6:amd64 (1:1.1.2-3) ...

2025-11-23T17:13:07.754645424Z [inf]  Selecting previously unselected package libxcb1:amd64.

2025-11-23T17:13:07.757082501Z [inf]  Preparing to unpack .../049-libxcb1_1.15-1_amd64.deb ...

2025-11-23T17:13:07.758505909Z [inf]  Unpacking libxcb1:amd64 (1.15-1) ...

2025-11-23T17:13:07.78258132Z [inf]  Selecting previously unselected package libx11-data.

2025-11-23T17:13:07.784782944Z [inf]  Preparing to unpack .../050-libx11-data_2%3a1.8.4-2+deb12u2_all.deb ...

2025-11-23T17:13:07.786311707Z [inf]  Unpacking libx11-data (2:1.8.4-2+deb12u2) ...

2025-11-23T17:13:07.833603179Z [inf]  Selecting previously unselected package libx11-6:amd64.

2025-11-23T17:13:07.836003799Z [inf]  Preparing to unpack .../051-libx11-6_2%3a1.8.4-2+deb12u2_amd64.deb ...

2025-11-23T17:13:07.837345807Z [inf]  Unpacking libx11-6:amd64 (2:1.8.4-2+deb12u2) ...

2025-11-23T17:13:07.902745561Z [inf]  Selecting previously unselected package libxext6:amd64.

2025-11-23T17:13:07.905157821Z [inf]  Preparing to unpack .../052-libxext6_2%3a1.3.4-1+b1_amd64.deb ...

2025-11-23T17:13:07.906640784Z [inf]  Unpacking libxext6:amd64 (2:1.3.4-1+b1) ...

2025-11-23T17:13:07.928737773Z [inf]  Selecting previously unselected package libxi6:amd64.

2025-11-23T17:13:07.930969433Z [inf]  Preparing to unpack .../053-libxi6_2%3a1.8-1+b1_amd64.deb ...

2025-11-23T17:13:07.93233574Z [inf]  Unpacking libxi6:amd64 (2:1.8-1+b1) ...

2025-11-23T17:13:07.956234783Z [inf]  Selecting previously unselected package libatspi2.0-0:amd64.

2025-11-23T17:13:07.958422485Z [inf]  Preparing to unpack .../054-libatspi2.0-0_2.46.0-5_amd64.deb ...

2025-11-23T17:13:07.959781847Z [inf]  Unpacking libatspi2.0-0:amd64 (2.46.0-5) ...

2025-11-23T17:13:07.984527201Z [inf]  Selecting previously unselected package x11-common.

2025-11-23T17:13:07.986964969Z [inf]  Preparing to unpack .../055-x11-common_1%3a7.7+23_all.deb ...

2025-11-23T17:13:07.988428217Z [inf]  Unpacking x11-common (1:7.7+23) ...

2025-11-23T17:13:08.0163748Z [inf]  Selecting previously unselected package libxtst6:amd64.

2025-11-23T17:13:08.018940723Z [inf]  Preparing to unpack .../056-libxtst6_2%3a1.2.3-1.1_amd64.deb ...

2025-11-23T17:13:08.020281374Z [inf]  Unpacking libxtst6:amd64 (2:1.2.3-1.1) ...

2025-11-23T17:13:08.038842234Z [inf]  Selecting previously unselected package dbus-user-session.

2025-11-23T17:13:08.041363345Z [inf]  Preparing to unpack .../057-dbus-user-session_1.14.10-1~deb12u1_amd64.deb ...

2025-11-23T17:13:08.042879985Z [inf]  Unpacking dbus-user-session (1.14.10-1~deb12u1) ...

2025-11-23T17:13:08.066869822Z [inf]  Selecting previously unselected package libdconf1:amd64.

2025-11-23T17:13:08.069371598Z [inf]  Preparing to unpack .../058-libdconf1_0.40.0-4_amd64.deb ...

2025-11-23T17:13:08.070869095Z [inf]  Unpacking libdconf1:amd64 (0.40.0-4) ...

2025-11-23T17:13:08.090140107Z [inf]  Selecting previously unselected package dconf-service.

2025-11-23T17:13:08.092463137Z [inf]  Preparing to unpack .../059-dconf-service_0.40.0-4_amd64.deb ...

2025-11-23T17:13:08.094024048Z [inf]  Unpacking dconf-service (0.40.0-4) ...

2025-11-23T17:13:08.112494251Z [inf]  Selecting previously unselected package dconf-gsettings-backend:amd64.

2025-11-23T17:13:08.114731275Z [inf]  Preparing to unpack .../060-dconf-gsettings-backend_0.40.0-4_amd64.deb ...

2025-11-23T17:13:08.116072494Z [inf]  Unpacking dconf-gsettings-backend:amd64 (0.40.0-4) ...

2025-11-23T17:13:08.135644396Z [inf]  Selecting previously unselected package gsettings-desktop-schemas.

2025-11-23T17:13:08.138007137Z [inf]  Preparing to unpack .../061-gsettings-desktop-schemas_43.0-1_all.deb ...

2025-11-23T17:13:08.139270659Z [inf]  Unpacking gsettings-desktop-schemas (43.0-1) ...

2025-11-23T17:13:08.207900996Z [inf]  Selecting previously unselected package at-spi2-core.

2025-11-23T17:13:08.210363678Z [inf]  Preparing to unpack .../062-at-spi2-core_2.46.0-5_amd64.deb ...

2025-11-23T17:13:08.211769238Z [inf]  Unpacking at-spi2-core (2.46.0-5) ...

2025-11-23T17:13:08.237020606Z [inf]  Selecting previously unselected package libisl23:amd64.

2025-11-23T17:13:08.2395557Z [inf]  Preparing to unpack .../063-libisl23_0.25-1.1_amd64.deb ...

2025-11-23T17:13:08.240909794Z [inf]  Unpacking libisl23:amd64 (0.25-1.1) ...

2025-11-23T17:13:08.310711476Z [inf]  Selecting previously unselected package libmpfr6:amd64.

2025-11-23T17:13:08.313174202Z [inf]  Preparing to unpack .../064-libmpfr6_4.2.0-1_amd64.deb ...

2025-11-23T17:13:08.314838582Z [inf]  Unpacking libmpfr6:amd64 (4.2.0-1) ...

2025-11-23T17:13:08.36178881Z [inf]  Selecting previously unselected package libmpc3:amd64.

2025-11-23T17:13:08.363961377Z [inf]  Preparing to unpack .../065-libmpc3_1.3.1-1_amd64.deb ...

2025-11-23T17:13:08.365462012Z [inf]  Unpacking libmpc3:amd64 (1.3.1-1) ...

2025-11-23T17:13:08.385957544Z [inf]  Selecting previously unselected package cpp-12.

2025-11-23T17:13:08.388225473Z [inf]  Preparing to unpack .../066-cpp-12_12.2.0-14+deb12u1_amd64.deb ...

2025-11-23T17:13:08.389624547Z [inf]  Unpacking cpp-12 (12.2.0-14+deb12u1) ...

2025-11-23T17:13:09.024848025Z [inf]  Selecting previously unselected package cpp.

2025-11-23T17:13:09.027588689Z [inf]  Preparing to unpack .../067-cpp_4%3a12.2.0-3_amd64.deb ...

2025-11-23T17:13:09.02901438Z [inf]  Unpacking cpp (4:12.2.0-3) ...

2025-11-23T17:13:09.049286323Z [inf]  Selecting previously unselected package libbrotli1:amd64.

2025-11-23T17:13:09.051871876Z [inf]  Preparing to unpack .../068-libbrotli1_1.0.9-2+b6_amd64.deb ...

2025-11-23T17:13:09.053689439Z [inf]  Unpacking libbrotli1:amd64 (1.0.9-2+b6) ...

2025-11-23T17:13:09.095081951Z [inf]  Selecting previously unselected package libfreetype6:amd64.

2025-11-23T17:13:09.097641188Z [inf]  Preparing to unpack .../069-libfreetype6_2.12.1+dfsg-5+deb12u4_amd64.deb ...

2025-11-23T17:13:09.099231785Z [inf]  Unpacking libfreetype6:amd64 (2.12.1+dfsg-5+deb12u4) ...

2025-11-23T17:13:09.14663406Z [inf]  Selecting previously unselected package fonts-liberation.

2025-11-23T17:13:09.149022031Z [inf]  Preparing to unpack .../070-fonts-liberation_1%3a1.07.4-11_all.deb ...

2025-11-23T17:13:09.15050494Z [inf]  Unpacking fonts-liberation (1:1.07.4-11) ...

2025-11-23T17:13:09.233778226Z [inf]  Selecting previously unselected package fontconfig-config.

2025-11-23T17:13:09.23630373Z [inf]  Preparing to unpack .../071-fontconfig-config_2.14.1-4_amd64.deb ...

2025-11-23T17:13:09.345115739Z [inf]  Unpacking fontconfig-config (2.14.1-4) ...

2025-11-23T17:13:09.37852391Z [inf]  Selecting previously unselected package libfontconfig1:amd64.

2025-11-23T17:13:09.380972008Z [inf]  Preparing to unpack .../072-libfontconfig1_2.14.1-4_amd64.deb ...

2025-11-23T17:13:09.382558044Z [inf]  Unpacking libfontconfig1:amd64 (2.14.1-4) ...

2025-11-23T17:13:09.413204523Z [inf]  Selecting previously unselected package fontconfig.

2025-11-23T17:13:09.415798237Z [inf]  Preparing to unpack .../073-fontconfig_2.14.1-4_amd64.deb ...

2025-11-23T17:13:09.417453666Z [inf]  Unpacking fontconfig (2.14.1-4) ...

2025-11-23T17:13:09.448605921Z [inf]  Selecting previously unselected package libdbus-glib-1-2:amd64.

2025-11-23T17:13:09.451007788Z [inf]  Preparing to unpack .../074-libdbus-glib-1-2_0.112-3_amd64.deb ...

2025-11-23T17:13:09.452681167Z [inf]  Unpacking libdbus-glib-1-2:amd64 (0.112-3) ...

2025-11-23T17:13:09.47580048Z [inf]  Selecting previously unselected package gconf2-common.

2025-11-23T17:13:09.477987872Z [inf]  Preparing to unpack .../075-gconf2-common_3.2.6-8_all.deb ...

2025-11-23T17:13:09.47952768Z [inf]  Unpacking gconf2-common (3.2.6-8) ...

2025-11-23T17:13:09.56028657Z [inf]  Selecting previously unselected package libgconf-2-4:amd64.

2025-11-23T17:13:09.562760629Z [inf]  Preparing to unpack .../076-libgconf-2-4_3.2.6-8_amd64.deb ...

2025-11-23T17:13:09.56445107Z [inf]  Unpacking libgconf-2-4:amd64 (3.2.6-8) ...

2025-11-23T17:13:09.594344151Z [inf]  Selecting previously unselected package libsasl2-modules-db:amd64.

2025-11-23T17:13:09.596624164Z [inf]  Preparing to unpack .../077-libsasl2-modules-db_2.1.28+dfsg-10_amd64.deb ...

2025-11-23T17:13:09.598125215Z [inf]  Unpacking libsasl2-modules-db:amd64 (2.1.28+dfsg-10) ...

2025-11-23T17:13:09.61787787Z [inf]  Selecting previously unselected package libsasl2-2:amd64.

2025-11-23T17:13:09.620141812Z [inf]  Preparing to unpack .../078-libsasl2-2_2.1.28+dfsg-10_amd64.deb ...

2025-11-23T17:13:09.621625754Z [inf]  Unpacking libsasl2-2:amd64 (2.1.28+dfsg-10) ...

2025-11-23T17:13:09.645006768Z [inf]  Selecting previously unselected package libldap-2.5-0:amd64.

2025-11-23T17:13:09.647271233Z [inf]  Preparing to unpack .../079-libldap-2.5-0_2.5.13+dfsg-5_amd64.deb ...

2025-11-23T17:13:09.648624885Z [inf]  Unpacking libldap-2.5-0:amd64 (2.5.13+dfsg-5) ...

2025-11-23T17:13:09.679002037Z [inf]  Selecting previously unselected package gconf-service.

2025-11-23T17:13:09.681200419Z [inf]  Preparing to unpack .../080-gconf-service_3.2.6-8_amd64.deb ...

2025-11-23T17:13:09.682772613Z [inf]  Unpacking gconf-service (3.2.6-8) ...

2025-11-23T17:13:09.712261673Z [inf]  Selecting previously unselected package libatk1.0-0:amd64.

2025-11-23T17:13:09.71439857Z [inf]  Preparing to unpack .../081-libatk1.0-0_2.46.0-5_amd64.deb ...

2025-11-23T17:13:09.715793773Z [inf]  Unpacking libatk1.0-0:amd64 (2.46.0-5) ...

2025-11-23T17:13:09.738439127Z [inf]  Selecting previously unselected package libatk-bridge2.0-0:amd64.

2025-11-23T17:13:09.74162282Z [inf]  Preparing to unpack .../082-libatk-bridge2.0-0_2.46.0-5_amd64.deb ...

2025-11-23T17:13:09.743221742Z [inf]  Unpacking libatk-bridge2.0-0:amd64 (2.46.0-5) ...

2025-11-23T17:13:09.766362913Z [inf]  Selecting previously unselected package libatomic1:amd64.

2025-11-23T17:13:09.768968115Z [inf]  Preparing to unpack .../083-libatomic1_12.2.0-14+deb12u1_amd64.deb ...

2025-11-23T17:13:09.770762555Z [inf]  Unpacking libatomic1:amd64 (12.2.0-14+deb12u1) ...

2025-11-23T17:13:09.797558048Z [inf]  Selecting previously unselected package libauthen-sasl-perl.

2025-11-23T17:13:09.801284795Z [inf]  Preparing to unpack .../084-libauthen-sasl-perl_2.1600-3_all.deb ...

2025-11-23T17:13:09.803239849Z [inf]  Unpacking libauthen-sasl-perl (2.1600-3) ...

2025-11-23T17:13:09.826166278Z [inf]  Selecting previously unselected package libavahi-common-data:amd64.

2025-11-23T17:13:09.828901369Z [inf]  Preparing to unpack .../085-libavahi-common-data_0.8-10+deb12u1_amd64.deb ...

2025-11-23T17:13:09.830316757Z [inf]  Unpacking libavahi-common-data:amd64 (0.8-10+deb12u1) ...

2025-11-23T17:13:09.858172749Z [inf]  Selecting previously unselected package libavahi-common3:amd64.

2025-11-23T17:13:09.860418209Z [inf]  Preparing to unpack .../086-libavahi-common3_0.8-10+deb12u1_amd64.deb ...

2025-11-23T17:13:09.862489875Z [inf]  Unpacking libavahi-common3:amd64 (0.8-10+deb12u1) ...

2025-11-23T17:13:09.88403665Z [inf]  Selecting previously unselected package libavahi-client3:amd64.

2025-11-23T17:13:09.886213726Z [inf]  Preparing to unpack .../087-libavahi-client3_0.8-10+deb12u1_amd64.deb ...

2025-11-23T17:13:09.887698529Z [inf]  Unpacking libavahi-client3:amd64 (0.8-10+deb12u1) ...

2025-11-23T17:13:09.907737843Z [inf]  Selecting previously unselected package libgtk2.0-common.

2025-11-23T17:13:09.909865743Z [inf]  Preparing to unpack .../088-libgtk2.0-common_2.24.33-2+deb12u1_all.deb ...

2025-11-23T17:13:09.911265443Z [inf]  Unpacking libgtk2.0-common (2.24.33-2+deb12u1) ...

2025-11-23T17:13:10.138411722Z [inf]  Selecting previously unselected package libpixman-1-0:amd64.

2025-11-23T17:13:10.140861024Z [inf]  Preparing to unpack .../089-libpixman-1-0_0.42.2-1_amd64.deb ...

2025-11-23T17:13:10.143009189Z [inf]  Unpacking libpixman-1-0:amd64 (0.42.2-1) ...

2025-11-23T17:13:10.184593501Z [inf]  Selecting previously unselected package libxcb-render0:amd64.

2025-11-23T17:13:10.186888925Z [inf]  Preparing to unpack .../090-libxcb-render0_1.15-1_amd64.deb ...

2025-11-23T17:13:10.188649196Z [inf]  Unpacking libxcb-render0:amd64 (1.15-1) ...

2025-11-23T17:13:10.218756689Z [inf]  Selecting previously unselected package libxcb-shm0:amd64.

2025-11-23T17:13:10.221272234Z [inf]  Preparing to unpack .../091-libxcb-shm0_1.15-1_amd64.deb ...

2025-11-23T17:13:10.222990104Z [inf]  Unpacking libxcb-shm0:amd64 (1.15-1) ...

2025-11-23T17:13:10.249504563Z [inf]  Selecting previously unselected package libxrender1:amd64.

2025-11-23T17:13:10.252045882Z [inf]  Preparing to unpack .../092-libxrender1_1%3a0.9.10-1.1_amd64.deb ...

2025-11-23T17:13:10.253611198Z [inf]  Unpacking libxrender1:amd64 (1:0.9.10-1.1) ...

2025-11-23T17:13:10.275614095Z [inf]  Selecting previously unselected package libcairo2:amd64.

2025-11-23T17:13:10.27789062Z [inf]  Preparing to unpack .../093-libcairo2_1.16.0-7_amd64.deb ...

2025-11-23T17:13:10.279317668Z [inf]  Unpacking libcairo2:amd64 (1.16.0-7) ...

2025-11-23T17:13:10.335566916Z [inf]  Selecting previously unselected package libkrb5support0:amd64.

2025-11-23T17:13:10.337772553Z [inf]  Preparing to unpack .../094-libkrb5support0_1.20.1-2+deb12u4_amd64.deb ...

2025-11-23T17:13:10.339294516Z [inf]  Unpacking libkrb5support0:amd64 (1.20.1-2+deb12u4) ...

2025-11-23T17:13:10.359631846Z [inf]  Selecting previously unselected package libk5crypto3:amd64.

2025-11-23T17:13:10.361899259Z [inf]  Preparing to unpack .../095-libk5crypto3_1.20.1-2+deb12u4_amd64.deb ...

2025-11-23T17:13:10.363528413Z [inf]  Unpacking libk5crypto3:amd64 (1.20.1-2+deb12u4) ...

2025-11-23T17:13:10.388717362Z [inf]  Selecting previously unselected package libkeyutils1:amd64.

2025-11-23T17:13:10.390999404Z [inf]  Preparing to unpack .../096-libkeyutils1_1.6.3-2_amd64.deb ...

2025-11-23T17:13:10.392235078Z [inf]  Unpacking libkeyutils1:amd64 (1.6.3-2) ...

2025-11-23T17:13:10.410171097Z [inf]  Selecting previously unselected package libkrb5-3:amd64.

2025-11-23T17:13:10.412409489Z [inf]  Preparing to unpack .../097-libkrb5-3_1.20.1-2+deb12u4_amd64.deb ...

2025-11-23T17:13:10.413728769Z [inf]  Unpacking libkrb5-3:amd64 (1.20.1-2+deb12u4) ...

2025-11-23T17:13:10.459071956Z [inf]  Selecting previously unselected package libgssapi-krb5-2:amd64.

2025-11-23T17:13:10.461477194Z [inf]  Preparing to unpack .../098-libgssapi-krb5-2_1.20.1-2+deb12u4_amd64.deb ...

2025-11-23T17:13:10.463034047Z [inf]  Unpacking libgssapi-krb5-2:amd64 (1.20.1-2+deb12u4) ...

2025-11-23T17:13:10.49295272Z [inf]  Selecting previously unselected package libcups2:amd64.

2025-11-23T17:13:10.495245354Z [inf]  Preparing to unpack .../099-libcups2_2.4.2-3+deb12u9_amd64.deb ...

2025-11-23T17:13:10.496654191Z [inf]  Unpacking libcups2:amd64 (2.4.2-3+deb12u9) ...

2025-11-23T17:13:10.533924299Z [inf]  Selecting previously unselected package libfribidi0:amd64.

2025-11-23T17:13:10.536205874Z [inf]  Preparing to unpack .../100-libfribidi0_1.0.8-2.1_amd64.deb ...

2025-11-23T17:13:10.537656921Z [inf]  Unpacking libfribidi0:amd64 (1.0.8-2.1) ...

2025-11-23T17:13:10.560497558Z [inf]  Selecting previously unselected package libgraphite2-3:amd64.

2025-11-23T17:13:10.562729972Z [inf]  Preparing to unpack .../101-libgraphite2-3_1.3.14-1_amd64.deb ...

2025-11-23T17:13:10.564155894Z [inf]  Unpacking libgraphite2-3:amd64 (1.3.14-1) ...

2025-11-23T17:13:10.58706817Z [inf]  Selecting previously unselected package libharfbuzz0b:amd64.

2025-11-23T17:13:10.589283252Z [inf]  Preparing to unpack .../102-libharfbuzz0b_6.0.0+dfsg-3_amd64.deb ...

2025-11-23T17:13:10.590506974Z [inf]  Unpacking libharfbuzz0b:amd64 (6.0.0+dfsg-3) ...

2025-11-23T17:13:10.649484889Z [inf]  Selecting previously unselected package libthai-data.

2025-11-23T17:13:10.651705411Z [inf]  Preparing to unpack .../103-libthai-data_0.1.29-1_all.deb ...

2025-11-23T17:13:10.653080003Z [inf]  Unpacking libthai-data (0.1.29-1) ...

2025-11-23T17:13:10.686843994Z [inf]  Selecting previously unselected package libdatrie1:amd64.

2025-11-23T17:13:10.689380646Z [inf]  Preparing to unpack .../104-libdatrie1_0.2.13-2+b1_amd64.deb ...

2025-11-23T17:13:10.690969332Z [inf]  Unpacking libdatrie1:amd64 (0.2.13-2+b1) ...

2025-11-23T17:13:10.712285007Z [inf]  Selecting previously unselected package libthai0:amd64.

2025-11-23T17:13:10.715011791Z [inf]  Preparing to unpack .../105-libthai0_0.1.29-1_amd64.deb ...

2025-11-23T17:13:10.716649817Z [inf]  Unpacking libthai0:amd64 (0.1.29-1) ...

2025-11-23T17:13:10.738404792Z [inf]  Selecting previously unselected package libpango-1.0-0:amd64.

2025-11-23T17:13:10.740710654Z [inf]  Preparing to unpack .../106-libpango-1.0-0_1.50.12+ds-1_amd64.deb ...

2025-11-23T17:13:10.742161284Z [inf]  Unpacking libpango-1.0-0:amd64 (1.50.12+ds-1) ...

2025-11-23T17:13:10.775845656Z [inf]  Selecting previously unselected package libpangoft2-1.0-0:amd64.

2025-11-23T17:13:10.778164307Z [inf]  Preparing to unpack .../107-libpangoft2-1.0-0_1.50.12+ds-1_amd64.deb ...

2025-11-23T17:13:10.779917052Z [inf]  Unpacking libpangoft2-1.0-0:amd64 (1.50.12+ds-1) ...

2025-11-23T17:13:10.8010948Z [inf]  Selecting previously unselected package libpangocairo-1.0-0:amd64.

2025-11-23T17:13:10.803640547Z [inf]  Preparing to unpack .../108-libpangocairo-1.0-0_1.50.12+ds-1_amd64.deb ...

2025-11-23T17:13:10.805066566Z [inf]  Unpacking libpangocairo-1.0-0:amd64 (1.50.12+ds-1) ...

2025-11-23T17:13:10.826278939Z [inf]  Selecting previously unselected package libxcomposite1:amd64.

2025-11-23T17:13:10.828722101Z [inf]  Preparing to unpack .../109-libxcomposite1_1%3a0.4.5-1_amd64.deb ...

2025-11-23T17:13:10.830110828Z [inf]  Unpacking libxcomposite1:amd64 (1:0.4.5-1) ...

2025-11-23T17:13:10.850777782Z [inf]  Selecting previously unselected package libxfixes3:amd64.

2025-11-23T17:13:10.853202859Z [inf]  Preparing to unpack .../110-libxfixes3_1%3a6.0.0-2_amd64.deb ...

2025-11-23T17:13:10.854631408Z [inf]  Unpacking libxfixes3:amd64 (1:6.0.0-2) ...

2025-11-23T17:13:10.8736408Z [inf]  Selecting previously unselected package libxcursor1:amd64.

2025-11-23T17:13:10.876315915Z [inf]  Preparing to unpack .../111-libxcursor1_1%3a1.2.1-1_amd64.deb ...

2025-11-23T17:13:10.8779287Z [inf]  Unpacking libxcursor1:amd64 (1:1.2.1-1) ...

2025-11-23T17:13:10.899982075Z [inf]  Selecting previously unselected package libxdamage1:amd64.

2025-11-23T17:13:10.902429408Z [inf]  Preparing to unpack .../112-libxdamage1_1%3a1.1.6-1_amd64.deb ...

2025-11-23T17:13:10.904004067Z [inf]  Unpacking libxdamage1:amd64 (1:1.1.6-1) ...

2025-11-23T17:13:10.92277247Z [inf]  Selecting previously unselected package libxinerama1:amd64.

2025-11-23T17:13:10.925339975Z [inf]  Preparing to unpack .../113-libxinerama1_2%3a1.1.4-3_amd64.deb ...

2025-11-23T17:13:10.926771041Z [inf]  Unpacking libxinerama1:amd64 (2:1.1.4-3) ...

2025-11-23T17:13:10.947331039Z [inf]  Selecting previously unselected package libxrandr2:amd64.

2025-11-23T17:13:10.95037283Z [inf]  Preparing to unpack .../114-libxrandr2_2%3a1.5.2-2+b1_amd64.deb ...

2025-11-23T17:13:10.951966843Z [inf]  Unpacking libxrandr2:amd64 (2:1.5.2-2+b1) ...

2025-11-23T17:13:10.977751732Z [inf]  Selecting previously unselected package libgtk2.0-0:amd64.

2025-11-23T17:13:10.980109787Z [inf]  Preparing to unpack .../115-libgtk2.0-0_2.24.33-2+deb12u1_amd64.deb ...

2025-11-23T17:13:10.981543066Z [inf]  Unpacking libgtk2.0-0:amd64 (2.24.33-2+deb12u1) ...

2025-11-23T17:13:11.133045146Z [inf]  Selecting previously unselected package libayatana-indicator7:amd64.

2025-11-23T17:13:11.13586866Z [inf]  Preparing to unpack .../116-libayatana-indicator7_0.9.3-1_amd64.deb ...

2025-11-23T17:13:11.137241919Z [inf]  Unpacking libayatana-indicator7:amd64 (0.9.3-1) ...

2025-11-23T17:13:11.157574897Z [inf]  Selecting previously unselected package libdbusmenu-glib4:amd64.

2025-11-23T17:13:11.15984348Z [inf]  Preparing to unpack .../117-libdbusmenu-glib4_18.10.20180917~bzr492+repack1-3_amd64.deb ...

2025-11-23T17:13:11.161285402Z [inf]  Unpacking libdbusmenu-glib4:amd64 (18.10.20180917~bzr492+repack1-3) ...

2025-11-23T17:13:11.182083506Z [inf]  Selecting previously unselected package libdbusmenu-gtk4:amd64.

2025-11-23T17:13:11.18443093Z [inf]  Preparing to unpack .../118-libdbusmenu-gtk4_18.10.20180917~bzr492+repack1-3_amd64.deb ...

2025-11-23T17:13:11.185788399Z [inf]  Unpacking libdbusmenu-gtk4:amd64 (18.10.20180917~bzr492+repack1-3) ...

2025-11-23T17:13:11.206017841Z [inf]  Selecting previously unselected package libayatana-appindicator1.

2025-11-23T17:13:11.208298462Z [inf]  Preparing to unpack .../119-libayatana-appindicator1_0.5.92-1_amd64.deb ...

2025-11-23T17:13:11.209854785Z [inf]  Unpacking libayatana-appindicator1 (0.5.92-1) ...

2025-11-23T17:13:11.230115323Z [inf]  Selecting previously unselected package libcairo-gobject2:amd64.

2025-11-23T17:13:11.232648879Z [inf]  Preparing to unpack .../120-libcairo-gobject2_1.16.0-7_amd64.deb ...

2025-11-23T17:13:11.234223034Z [inf]  Unpacking libcairo-gobject2:amd64 (1.16.0-7) ...

2025-11-23T17:13:11.25965166Z [inf]  Selecting previously unselected package libclone-perl:amd64.

2025-11-23T17:13:11.261824642Z [inf]  Preparing to unpack .../121-libclone-perl_0.46-1_amd64.deb ...

2025-11-23T17:13:11.263133987Z [inf]  Unpacking libclone-perl:amd64 (0.46-1) ...

2025-11-23T17:13:11.282924796Z [inf]  Selecting previously unselected package liblcms2-2:amd64.

2025-11-23T17:13:11.285393323Z [inf]  Preparing to unpack .../122-liblcms2-2_2.14-2_amd64.deb ...

2025-11-23T17:13:11.286811568Z [inf]  Unpacking liblcms2-2:amd64 (2.14-2) ...

2025-11-23T17:13:11.318314053Z [inf]  Selecting previously unselected package libcolord2:amd64.

2025-11-23T17:13:11.320916902Z [inf]  Preparing to unpack .../123-libcolord2_1.4.6-2.2_amd64.deb ...

2025-11-23T17:13:11.322340258Z [inf]  Unpacking libcolord2:amd64 (1.4.6-2.2) ...

2025-11-23T17:13:11.349271923Z [inf]  Selecting previously unselected package libdata-dump-perl.

2025-11-23T17:13:11.35165988Z [inf]  Preparing to unpack .../124-libdata-dump-perl_1.25-1_all.deb ...

2025-11-23T17:13:11.352980905Z [inf]  Unpacking libdata-dump-perl (1.25-1) ...

2025-11-23T17:13:11.372856531Z [inf]  Selecting previously unselected package libdrm-common.

2025-11-23T17:13:11.375263464Z [inf]  Preparing to unpack .../125-libdrm-common_2.4.114-1_all.deb ...

2025-11-23T17:13:11.376544406Z [inf]  Unpacking libdrm-common (2.4.114-1) ...

2025-11-23T17:13:11.39419219Z [inf]  Selecting previously unselected package libdrm2:amd64.

2025-11-23T17:13:11.396620192Z [inf]  Preparing to unpack .../126-libdrm2_2.4.114-1+b1_amd64.deb ...

2025-11-23T17:13:11.398106488Z [inf]  Unpacking libdrm2:amd64 (2.4.114-1+b1) ...

2025-11-23T17:13:11.419769121Z [inf]  Selecting previously unselected package libdrm-amdgpu1:amd64.

2025-11-23T17:13:11.422146019Z [inf]  Preparing to unpack .../127-libdrm-amdgpu1_2.4.114-1+b1_amd64.deb ...

2025-11-23T17:13:11.423645783Z [inf]  Unpacking libdrm-amdgpu1:amd64 (2.4.114-1+b1) ...

2025-11-23T17:13:11.442639754Z [inf]  Selecting previously unselected package libpciaccess0:amd64.

2025-11-23T17:13:11.444895865Z [inf]  Preparing to unpack .../128-libpciaccess0_0.17-2_amd64.deb ...

2025-11-23T17:13:11.4461336Z [inf]  Unpacking libpciaccess0:amd64 (0.17-2) ...

2025-11-23T17:13:11.468801468Z [inf]  Selecting previously unselected package libdrm-intel1:amd64.

2025-11-23T17:13:11.471453457Z [inf]  Preparing to unpack .../129-libdrm-intel1_2.4.114-1+b1_amd64.deb ...

2025-11-23T17:13:11.472947518Z [inf]  Unpacking libdrm-intel1:amd64 (2.4.114-1+b1) ...

2025-11-23T17:13:11.497239707Z [inf]  Selecting previously unselected package libdrm-nouveau2:amd64.

2025-11-23T17:13:11.499705835Z [inf]  Preparing to unpack .../130-libdrm-nouveau2_2.4.114-1+b1_amd64.deb ...

2025-11-23T17:13:11.501149328Z [inf]  Unpacking libdrm-nouveau2:amd64 (2.4.114-1+b1) ...

2025-11-23T17:13:11.520888362Z [inf]  Selecting previously unselected package libdrm-radeon1:amd64.

2025-11-23T17:13:11.523432299Z [inf]  Preparing to unpack .../131-libdrm-radeon1_2.4.114-1+b1_amd64.deb ...

2025-11-23T17:13:11.524739224Z [inf]  Unpacking libdrm-radeon1:amd64 (2.4.114-1+b1) ...

2025-11-23T17:13:11.545635877Z [inf]  Selecting previously unselected package libedit2:amd64.

2025-11-23T17:13:11.548014967Z [inf]  Preparing to unpack .../132-libedit2_3.1-20221030-2_amd64.deb ...

2025-11-23T17:13:11.549367484Z [inf]  Unpacking libedit2:amd64 (3.1-20221030-2) ...

2025-11-23T17:13:11.574717408Z [inf]  Selecting previously unselected package libwayland-server0:amd64.

2025-11-23T17:13:11.577203729Z [inf]  Preparing to unpack .../133-libwayland-server0_1.21.0-1_amd64.deb ...

2025-11-23T17:13:11.578583425Z [inf]  Unpacking libwayland-server0:amd64 (1.21.0-1) ...

2025-11-23T17:13:11.600799564Z [inf]  Selecting previously unselected package libgbm1:amd64.

2025-11-23T17:13:11.603177687Z [inf]  Preparing to unpack .../134-libgbm1_22.3.6-1+deb12u1_amd64.deb ...

2025-11-23T17:13:11.604667092Z [inf]  Unpacking libgbm1:amd64 (22.3.6-1+deb12u1) ...

2025-11-23T17:13:11.625719284Z [inf]  Selecting previously unselected package libglapi-mesa:amd64.

2025-11-23T17:13:11.62810088Z [inf]  Preparing to unpack .../135-libglapi-mesa_22.3.6-1+deb12u1_amd64.deb ...

2025-11-23T17:13:11.629431691Z [inf]  Unpacking libglapi-mesa:amd64 (22.3.6-1+deb12u1) ...

2025-11-23T17:13:11.651223164Z [inf]  Selecting previously unselected package libwayland-client0:amd64.

2025-11-23T17:13:11.653524118Z [inf]  Preparing to unpack .../136-libwayland-client0_1.21.0-1_amd64.deb ...

2025-11-23T17:13:11.654829793Z [inf]  Unpacking libwayland-client0:amd64 (1.21.0-1) ...

2025-11-23T17:13:11.675273197Z [inf]  Selecting previously unselected package libx11-xcb1:amd64.

2025-11-23T17:13:11.677721848Z [inf]  Preparing to unpack .../137-libx11-xcb1_2%3a1.8.4-2+deb12u2_amd64.deb ...

2025-11-23T17:13:11.679073456Z [inf]  Unpacking libx11-xcb1:amd64 (2:1.8.4-2+deb12u2) ...

2025-11-23T17:13:11.702708381Z [inf]  Selecting previously unselected package libxcb-dri2-0:amd64.

2025-11-23T17:13:11.705199282Z [inf]  Preparing to unpack .../138-libxcb-dri2-0_1.15-1_amd64.deb ...

2025-11-23T17:13:11.706408313Z [inf]  Unpacking libxcb-dri2-0:amd64 (1.15-1) ...

2025-11-23T17:13:11.733021776Z [inf]  Selecting previously unselected package libxcb-dri3-0:amd64.

2025-11-23T17:13:11.735429135Z [inf]  Preparing to unpack .../139-libxcb-dri3-0_1.15-1_amd64.deb ...

2025-11-23T17:13:11.737248069Z [inf]  Unpacking libxcb-dri3-0:amd64 (1.15-1) ...

2025-11-23T17:13:11.763492041Z [inf]  Selecting previously unselected package libxcb-present0:amd64.

2025-11-23T17:13:11.765887157Z [inf]  Preparing to unpack .../140-libxcb-present0_1.15-1_amd64.deb ...

2025-11-23T17:13:11.767238834Z [inf]  Unpacking libxcb-present0:amd64 (1.15-1) ...

2025-11-23T17:13:11.793051233Z [inf]  Selecting previously unselected package libxcb-randr0:amd64.

2025-11-23T17:13:11.795639382Z [inf]  Preparing to unpack .../141-libxcb-randr0_1.15-1_amd64.deb ...

2025-11-23T17:13:11.796839495Z [inf]  Unpacking libxcb-randr0:amd64 (1.15-1) ...

2025-11-23T17:13:11.823058835Z [inf]  Selecting previously unselected package libxcb-sync1:amd64.

2025-11-23T17:13:11.825376508Z [inf]  Preparing to unpack .../142-libxcb-sync1_1.15-1_amd64.deb ...

2025-11-23T17:13:11.826654431Z [inf]  Unpacking libxcb-sync1:amd64 (1.15-1) ...

2025-11-23T17:13:11.852609011Z [inf]  Selecting previously unselected package libxcb-xfixes0:amd64.

2025-11-23T17:13:11.854922132Z [inf]  Preparing to unpack .../143-libxcb-xfixes0_1.15-1_amd64.deb ...

2025-11-23T17:13:11.856216387Z [inf]  Unpacking libxcb-xfixes0:amd64 (1.15-1) ...

2025-11-23T17:13:11.880846268Z [inf]  Selecting previously unselected package libxshmfence1:amd64.

2025-11-23T17:13:11.883180172Z [inf]  Preparing to unpack .../144-libxshmfence1_1.3-1_amd64.deb ...

2025-11-23T17:13:11.884350102Z [inf]  Unpacking libxshmfence1:amd64 (1.3-1) ...

2025-11-23T17:13:11.90189231Z [inf]  Selecting previously unselected package libegl-mesa0:amd64.

2025-11-23T17:13:11.904299096Z [inf]  Preparing to unpack .../145-libegl-mesa0_22.3.6-1+deb12u1_amd64.deb ...

2025-11-23T17:13:11.905512146Z [inf]  Unpacking libegl-mesa0:amd64 (22.3.6-1+deb12u1) ...

2025-11-23T17:13:11.93186324Z [inf]  Selecting previously unselected package libelf1:amd64.

2025-11-23T17:13:11.934137618Z [inf]  Preparing to unpack .../146-libelf1_0.188-2.1_amd64.deb ...

2025-11-23T17:13:11.935345866Z [inf]  Unpacking libelf1:amd64 (0.188-2.1) ...

2025-11-23T17:13:11.966786888Z [inf]  Selecting previously unselected package libencode-locale-perl.

2025-11-23T17:13:11.969268653Z [inf]  Preparing to unpack .../147-libencode-locale-perl_1.05-3_all.deb ...

2025-11-23T17:13:11.970744389Z [inf]  Unpacking libencode-locale-perl (1.05-3) ...

2025-11-23T17:13:11.99103287Z [inf]  Selecting previously unselected package libepoxy0:amd64.

2025-11-23T17:13:11.993581554Z [inf]  Preparing to unpack .../148-libepoxy0_1.5.10-1_amd64.deb ...

2025-11-23T17:13:11.995037731Z [inf]  Unpacking libepoxy0:amd64 (1.5.10-1) ...

2025-11-23T17:13:12.027469144Z [inf]  Selecting previously unselected package libipc-system-simple-perl.

2025-11-23T17:13:12.029824741Z [inf]  Preparing to unpack .../149-libipc-system-simple-perl_1.30-2_all.deb ...

2025-11-23T17:13:12.031133713Z [inf]  Unpacking libipc-system-simple-perl (1.30-2) ...

2025-11-23T17:13:12.0495128Z [inf]  Selecting previously unselected package libfile-basedir-perl.

2025-11-23T17:13:12.05189055Z [inf]  Preparing to unpack .../150-libfile-basedir-perl_0.09-2_all.deb ...

2025-11-23T17:13:12.05315429Z [inf]  Unpacking libfile-basedir-perl (0.09-2) ...

2025-11-23T17:13:12.071739398Z [inf]  Selecting previously unselected package libregexp-ipv6-perl.

2025-11-23T17:13:12.074116788Z [inf]  Preparing to unpack .../151-libregexp-ipv6-perl_0.03-3_all.deb ...

2025-11-23T17:13:12.076191866Z [inf]  Unpacking libregexp-ipv6-perl (0.03-3) ...

2025-11-23T17:13:12.093659299Z [inf]  Selecting previously unselected package liburi-perl.

2025-11-23T17:13:12.096069416Z [inf]  Preparing to unpack .../152-liburi-perl_5.17-1_all.deb ...

2025-11-23T17:13:12.097586325Z [inf]  Unpacking liburi-perl (5.17-1) ...

2025-11-23T17:13:12.124616345Z [inf]  Selecting previously unselected package libfile-desktopentry-perl.

2025-11-23T17:13:12.127028432Z [inf]  Preparing to unpack .../153-libfile-desktopentry-perl_0.22-3_all.deb ...

2025-11-23T17:13:12.128424016Z [inf]  Unpacking libfile-desktopentry-perl (0.22-3) ...

2025-11-23T17:13:12.146936134Z [inf]  Selecting previously unselected package libtimedate-perl.

2025-11-23T17:13:12.149342296Z [inf]  Preparing to unpack .../154-libtimedate-perl_2.3300-2_all.deb ...

2025-11-23T17:13:12.150928062Z [inf]  Unpacking libtimedate-perl (2.3300-2) ...

2025-11-23T17:13:12.174639646Z [inf]  Selecting previously unselected package libhttp-date-perl.

2025-11-23T17:13:12.176950522Z [inf]  Preparing to unpack .../155-libhttp-date-perl_6.05-2_all.deb ...

2025-11-23T17:13:12.178397915Z [inf]  Unpacking libhttp-date-perl (6.05-2) ...

2025-11-23T17:13:12.195993239Z [inf]  Selecting previously unselected package libfile-listing-perl.

2025-11-23T17:13:12.198492894Z [inf]  Preparing to unpack .../156-libfile-listing-perl_6.15-1_all.deb ...

2025-11-23T17:13:12.199990254Z [inf]  Unpacking libfile-listing-perl (6.15-1) ...

2025-11-23T17:13:12.21896475Z [inf]  Selecting previously unselected package libfile-mimeinfo-perl.

2025-11-23T17:13:12.22148007Z [inf]  Preparing to unpack .../157-libfile-mimeinfo-perl_0.33-1_all.deb ...

2025-11-23T17:13:12.223029938Z [inf]  Unpacking libfile-mimeinfo-perl (0.33-1) ...

2025-11-23T17:13:12.244788511Z [inf]  Selecting previously unselected package libfont-afm-perl.

2025-11-23T17:13:12.247378429Z [inf]  Preparing to unpack .../158-libfont-afm-perl_1.20-4_all.deb ...

2025-11-23T17:13:12.248710471Z [inf]  Unpacking libfont-afm-perl (1.20-4) ...

2025-11-23T17:13:12.269443761Z [inf]  Selecting previously unselected package libfontenc1:amd64.

2025-11-23T17:13:12.271963391Z [inf]  Preparing to unpack .../159-libfontenc1_1%3a1.1.4-1_amd64.deb ...

2025-11-23T17:13:12.273384094Z [inf]  Unpacking libfontenc1:amd64 (1:1.1.4-1) ...

2025-11-23T17:13:12.293077039Z [inf]  Selecting previously unselected package libgail18:amd64.

2025-11-23T17:13:12.295635108Z [inf]  Preparing to unpack .../160-libgail18_2.24.33-2+deb12u1_amd64.deb ...

2025-11-23T17:13:12.29695978Z [inf]  Unpacking libgail18:amd64 (2.24.33-2+deb12u1) ...

2025-11-23T17:13:12.315681062Z [inf]  Selecting previously unselected package libgail-common:amd64.

2025-11-23T17:13:12.318190711Z [inf]  Preparing to unpack .../161-libgail-common_2.24.33-2+deb12u1_amd64.deb ...

2025-11-23T17:13:12.319411818Z [inf]  Unpacking libgail-common:amd64 (2.24.33-2+deb12u1) ...

2025-11-23T17:13:12.346378644Z [inf]  Selecting previously unselected package libgdk-pixbuf-xlib-2.0-0:amd64.

2025-11-23T17:13:12.348875411Z [inf]  Preparing to unpack .../162-libgdk-pixbuf-xlib-2.0-0_2.40.2-2_amd64.deb ...

2025-11-23T17:13:12.350272611Z [inf]  Unpacking libgdk-pixbuf-xlib-2.0-0:amd64 (2.40.2-2) ...

2025-11-23T17:13:12.370427628Z [inf]  Selecting previously unselected package libgdk-pixbuf2.0-0:amd64.

2025-11-23T17:13:12.372965541Z [inf]  Preparing to unpack .../163-libgdk-pixbuf2.0-0_2.40.2-2_amd64.deb ...

2025-11-23T17:13:12.374384013Z [inf]  Unpacking libgdk-pixbuf2.0-0:amd64 (2.40.2-2) ...

2025-11-23T17:13:12.392350408Z [inf]  Selecting previously unselected package libgdk-pixbuf2.0-bin.

2025-11-23T17:13:12.394853291Z [inf]  Preparing to unpack .../164-libgdk-pixbuf2.0-bin_2.42.10+dfsg-1+deb12u2_amd64.deb ...

2025-11-23T17:13:12.396371137Z [inf]  Unpacking libgdk-pixbuf2.0-bin (2.42.10+dfsg-1+deb12u2) ...

2025-11-23T17:13:12.416619187Z [inf]  Selecting previously unselected package libglvnd0:amd64.

2025-11-23T17:13:12.419198564Z [inf]  Preparing to unpack .../165-libglvnd0_1.6.0-1_amd64.deb ...

2025-11-23T17:13:12.420591539Z [inf]  Unpacking libglvnd0:amd64 (1.6.0-1) ...

2025-11-23T17:13:12.445675818Z [inf]  Selecting previously unselected package libxcb-glx0:amd64.

2025-11-23T17:13:12.448342226Z [inf]  Preparing to unpack .../166-libxcb-glx0_1.15-1_amd64.deb ...

2025-11-23T17:13:12.449753971Z [inf]  Unpacking libxcb-glx0:amd64 (1.15-1) ...

2025-11-23T17:13:12.47721485Z [inf]  Selecting previously unselected package libxxf86vm1:amd64.

2025-11-23T17:13:12.479748999Z [inf]  Preparing to unpack .../167-libxxf86vm1_1%3a1.1.4-1+b2_amd64.deb ...

2025-11-23T17:13:12.488807331Z [inf]  Unpacking libxxf86vm1:amd64 (1:1.1.4-1+b2) ...

2025-11-23T17:13:12.50816075Z [inf]  Selecting previously unselected package libz3-4:amd64.

2025-11-23T17:13:12.510479691Z [inf]  Preparing to unpack .../168-libz3-4_4.8.12-3.1_amd64.deb ...

2025-11-23T17:13:12.511738215Z [inf]  Unpacking libz3-4:amd64 (4.8.12-3.1) ...

2025-11-23T17:13:13.050057175Z [inf]  Selecting previously unselected package libllvm15:amd64.

2025-11-23T17:13:13.052531256Z [inf]  Preparing to unpack .../169-libllvm15_1%3a15.0.6-4+b1_amd64.deb ...

2025-11-23T17:13:13.054121118Z [inf]  Unpacking libllvm15:amd64 (1:15.0.6-4+b1) ...

2025-11-23T17:13:13.802111146Z [inf]  Selecting previously unselected package libsensors-config.

2025-11-23T17:13:13.804533641Z [inf]  Preparing to unpack .../170-libsensors-config_1%3a3.6.0-7.1_all.deb ...

2025-11-23T17:13:13.805895728Z [inf]  Unpacking libsensors-config (1:3.6.0-7.1) ...

2025-11-23T17:13:13.826665512Z [inf]  Selecting previously unselected package libsensors5:amd64.

2025-11-23T17:13:13.829097095Z [inf]  Preparing to unpack .../171-libsensors5_1%3a3.6.0-7.1_amd64.deb ...

2025-11-23T17:13:13.856431453Z [inf]  Unpacking libsensors5:amd64 (1:3.6.0-7.1) ...

2025-11-23T17:13:13.878054229Z [inf]  Selecting previously unselected package libgl1-mesa-dri:amd64.

2025-11-23T17:13:13.880512072Z [inf]  Preparing to unpack .../172-libgl1-mesa-dri_22.3.6-1+deb12u1_amd64.deb ...

2025-11-23T17:13:13.887707533Z [inf]  Unpacking libgl1-mesa-dri:amd64 (22.3.6-1+deb12u1) ...

2025-11-23T17:13:14.408392077Z [inf]  Selecting previously unselected package libglx-mesa0:amd64.

2025-11-23T17:13:14.410847102Z [inf]  Preparing to unpack .../173-libglx-mesa0_22.3.6-1+deb12u1_amd64.deb ...

2025-11-23T17:13:14.412267054Z [inf]  Unpacking libglx-mesa0:amd64 (22.3.6-1+deb12u1) ...

2025-11-23T17:13:14.442094059Z [inf]  Selecting previously unselected package libglx0:amd64.

2025-11-23T17:13:14.444479689Z [inf]  Preparing to unpack .../174-libglx0_1.6.0-1_amd64.deb ...

2025-11-23T17:13:14.445811914Z [inf]  Unpacking libglx0:amd64 (1.6.0-1) ...

2025-11-23T17:13:14.470617974Z [inf]  Selecting previously unselected package libgl1:amd64.

2025-11-23T17:13:14.473166625Z [inf]  Preparing to unpack .../175-libgl1_1.6.0-1_amd64.deb ...

2025-11-23T17:13:14.474630888Z [inf]  Unpacking libgl1:amd64 (1.6.0-1) ...

2025-11-23T17:13:14.501795046Z [inf]  Selecting previously unselected package libgles2:amd64.

2025-11-23T17:13:14.50446946Z [inf]  Preparing to unpack .../176-libgles2_1.6.0-1_amd64.deb ...

2025-11-23T17:13:14.506093271Z [inf]  Unpacking libgles2:amd64 (1.6.0-1) ...

2025-11-23T17:13:14.524702571Z [inf]  Selecting previously unselected package libglib2.0-data.

2025-11-23T17:13:14.527051107Z [inf]  Preparing to unpack .../177-libglib2.0-data_2.74.6-2+deb12u7_all.deb ...

2025-11-23T17:13:14.528376795Z [inf]  Unpacking libglib2.0-data (2.74.6-2+deb12u7) ...

2025-11-23T17:13:14.641339029Z [inf]  Selecting previously unselected package libgpm2:amd64.

2025-11-23T17:13:14.64388017Z [inf]  Preparing to unpack .../178-libgpm2_1.20.7-10+b1_amd64.deb ...

2025-11-23T17:13:14.645571506Z [inf]  Unpacking libgpm2:amd64 (1.20.7-10+b1) ...

2025-11-23T17:13:14.668482685Z [inf]  Selecting previously unselected package libwayland-cursor0:amd64.

2025-11-23T17:13:14.670914667Z [inf]  Preparing to unpack .../179-libwayland-cursor0_1.21.0-1_amd64.deb ...

2025-11-23T17:13:14.672465882Z [inf]  Unpacking libwayland-cursor0:amd64 (1.21.0-1) ...

2025-11-23T17:13:14.692758751Z [inf]  Selecting previously unselected package libwayland-egl1:amd64.

2025-11-23T17:13:14.695111333Z [inf]  Preparing to unpack .../180-libwayland-egl1_1.21.0-1_amd64.deb ...

2025-11-23T17:13:14.696541927Z [inf]  Unpacking libwayland-egl1:amd64 (1.21.0-1) ...

2025-11-23T17:13:14.713913038Z [inf]  Selecting previously unselected package xkb-data.

2025-11-23T17:13:14.716588171Z [inf]  Preparing to unpack .../181-xkb-data_2.35.1-1_all.deb ...

2025-11-23T17:13:14.718023293Z [inf]  Unpacking xkb-data (2.35.1-1) ...

2025-11-23T17:13:14.803714612Z [inf]  Selecting previously unselected package libxkbcommon0:amd64.

2025-11-23T17:13:14.806233817Z [inf]  Preparing to unpack .../182-libxkbcommon0_1.5.0-1_amd64.deb ...

2025-11-23T17:13:14.807931346Z [inf]  Unpacking libxkbcommon0:amd64 (1.5.0-1) ...

2025-11-23T17:13:14.833817656Z [inf]  Selecting previously unselected package libgtk-3-common.

2025-11-23T17:13:14.836226031Z [inf]  Preparing to unpack .../183-libgtk-3-common_3.24.38-2~deb12u3_all.deb ...

2025-11-23T17:13:14.837580305Z [inf]  Unpacking libgtk-3-common (3.24.38-2~deb12u3) ...

2025-11-23T17:13:15.131034307Z [inf]  Selecting previously unselected package libgtk-3-0:amd64.

2025-11-23T17:13:15.133615157Z [inf]  Preparing to unpack .../184-libgtk-3-0_3.24.38-2~deb12u3_amd64.deb ...

2025-11-23T17:13:15.135099018Z [inf]  Unpacking libgtk-3-0:amd64 (3.24.38-2~deb12u3) ...

2025-11-23T17:13:15.358771725Z [inf]  Selecting previously unselected package libgtk-3-bin.

2025-11-23T17:13:15.361460794Z [inf]  Preparing to unpack .../185-libgtk-3-bin_3.24.38-2~deb12u3_amd64.deb ...

2025-11-23T17:13:15.362912563Z [inf]  Unpacking libgtk-3-bin (3.24.38-2~deb12u3) ...

2025-11-23T17:13:15.387935582Z [inf]  Selecting previously unselected package libgtk2.0-bin.

2025-11-23T17:13:15.390545938Z [inf]  Preparing to unpack .../186-libgtk2.0-bin_2.24.33-2+deb12u1_amd64.deb ...

2025-11-23T17:13:15.392048158Z [inf]  Unpacking libgtk2.0-bin (2.24.33-2+deb12u1) ...

2025-11-23T17:13:15.409681264Z [inf]  Selecting previously unselected package libhtml-tagset-perl.

2025-11-23T17:13:15.412326972Z [inf]  Preparing to unpack .../187-libhtml-tagset-perl_3.20-6_all.deb ...

2025-11-23T17:13:15.413585536Z [inf]  Unpacking libhtml-tagset-perl (3.20-6) ...

2025-11-23T17:13:15.430612994Z [inf]  Selecting previously unselected package libhtml-parser-perl:amd64.

2025-11-23T17:13:15.433047366Z [inf]  Preparing to unpack .../188-libhtml-parser-perl_3.81-1_amd64.deb ...

2025-11-23T17:13:15.43465126Z [inf]  Unpacking libhtml-parser-perl:amd64 (3.81-1) ...

2025-11-23T17:13:15.458152022Z [inf]  Selecting previously unselected package libio-html-perl.

2025-11-23T17:13:15.460619771Z [inf]  Preparing to unpack .../189-libio-html-perl_1.004-3_all.deb ...

2025-11-23T17:13:15.462076809Z [inf]  Unpacking libio-html-perl (1.004-3) ...

2025-11-23T17:13:15.480496355Z [inf]  Selecting previously unselected package liblwp-mediatypes-perl.

2025-11-23T17:13:15.483284095Z [inf]  Preparing to unpack .../190-liblwp-mediatypes-perl_6.04-2_all.deb ...

2025-11-23T17:13:15.484671382Z [inf]  Unpacking liblwp-mediatypes-perl (6.04-2) ...

2025-11-23T17:13:15.503283789Z [inf]  Selecting previously unselected package libhttp-message-perl.

2025-11-23T17:13:15.505647159Z [inf]  Preparing to unpack .../191-libhttp-message-perl_6.44-1_all.deb ...

2025-11-23T17:13:15.50715565Z [inf]  Unpacking libhttp-message-perl (6.44-1) ...

2025-11-23T17:13:15.531917937Z [inf]  Selecting previously unselected package libhtml-form-perl.

2025-11-23T17:13:15.534351193Z [inf]  Preparing to unpack .../192-libhtml-form-perl_6.11-1_all.deb ...

2025-11-23T17:13:15.535796425Z [inf]  Unpacking libhtml-form-perl (6.11-1) ...

2025-11-23T17:13:15.556410221Z [inf]  Selecting previously unselected package libhtml-tree-perl.

2025-11-23T17:13:15.558997282Z [inf]  Preparing to unpack .../193-libhtml-tree-perl_5.07-3_all.deb ...

2025-11-23T17:13:15.560293228Z [inf]  Unpacking libhtml-tree-perl (5.07-3) ...

2025-11-23T17:13:15.592665288Z [inf]  Selecting previously unselected package libhtml-format-perl.

2025-11-23T17:13:15.595062928Z [inf]  Preparing to unpack .../194-libhtml-format-perl_2.16-2_all.deb ...

2025-11-23T17:13:15.596351503Z [inf]  Unpacking libhtml-format-perl (2.16-2) ...

2025-11-23T17:13:15.616766251Z [inf]  Selecting previously unselected package libhttp-cookies-perl.

2025-11-23T17:13:15.619444425Z [inf]  Preparing to unpack .../195-libhttp-cookies-perl_6.10-1_all.deb ...

2025-11-23T17:13:15.620741892Z [inf]  Unpacking libhttp-cookies-perl (6.10-1) ...

2025-11-23T17:13:15.639651488Z [inf]  Selecting previously unselected package libhttp-daemon-perl.

2025-11-23T17:13:15.642187437Z [inf]  Preparing to unpack .../196-libhttp-daemon-perl_6.16-1_all.deb ...

2025-11-23T17:13:15.643524809Z [inf]  Unpacking libhttp-daemon-perl (6.16-1) ...

2025-11-23T17:13:15.662263194Z [inf]  Selecting previously unselected package libhttp-negotiate-perl.

2025-11-23T17:13:15.664974054Z [inf]  Preparing to unpack .../197-libhttp-negotiate-perl_6.01-2_all.deb ...

2025-11-23T17:13:15.666313399Z [inf]  Unpacking libhttp-negotiate-perl (6.01-2) ...

2025-11-23T17:13:15.6863759Z [inf]  Selecting previously unselected package libice6:amd64.

2025-11-23T17:13:15.688642674Z [inf]  Preparing to unpack .../198-libice6_2%3a1.0.10-1_amd64.deb ...

2025-11-23T17:13:15.690005502Z [inf]  Unpacking libice6:amd64 (2:1.0.10-1) ...

2025-11-23T17:13:15.71261591Z [inf]  Selecting previously unselected package perl-openssl-defaults:amd64.

2025-11-23T17:13:15.715257088Z [inf]  Preparing to unpack .../199-perl-openssl-defaults_7+b1_amd64.deb ...

2025-11-23T17:13:15.716445825Z [inf]  Unpacking perl-openssl-defaults:amd64 (7+b1) ...

2025-11-23T17:13:15.73394046Z [inf]  Selecting previously unselected package libnet-ssleay-perl:amd64.

2025-11-23T17:13:15.736384275Z [inf]  Preparing to unpack .../200-libnet-ssleay-perl_1.92-2+b1_amd64.deb ...

2025-11-23T17:13:15.737649744Z [inf]  Unpacking libnet-ssleay-perl:amd64 (1.92-2+b1) ...

2025-11-23T17:13:15.779060341Z [inf]  Selecting previously unselected package libio-socket-ssl-perl.

2025-11-23T17:13:15.78178535Z [inf]  Preparing to unpack .../201-libio-socket-ssl-perl_2.081-2_all.deb ...

2025-11-23T17:13:15.783319988Z [inf]  Unpacking libio-socket-ssl-perl (2.081-2) ...

2025-11-23T17:13:15.816332584Z [inf]  Selecting previously unselected package libio-stringy-perl.

2025-11-23T17:13:15.818662345Z [inf]  Preparing to unpack .../202-libio-stringy-perl_2.111-3_all.deb ...

2025-11-23T17:13:15.820314031Z [inf]  Unpacking libio-stringy-perl (2.111-3) ...

2025-11-23T17:13:15.841148076Z [inf]  Selecting previously unselected package libldap-common.

2025-11-23T17:13:15.843603965Z [inf]  Preparing to unpack .../203-libldap-common_2.5.13+dfsg-5_all.deb ...

2025-11-23T17:13:15.844899837Z [inf]  Unpacking libldap-common (2.5.13+dfsg-5) ...

2025-11-23T17:13:15.864754156Z [inf]  Selecting previously unselected package libnet-http-perl.

2025-11-23T17:13:15.867332936Z [inf]  Preparing to unpack .../204-libnet-http-perl_6.22-1_all.deb ...

2025-11-23T17:13:15.868539994Z [inf]  Unpacking libnet-http-perl (6.22-1) ...

2025-11-23T17:13:15.886691001Z [inf]  Selecting previously unselected package libtry-tiny-perl.

2025-11-23T17:13:15.889126372Z [inf]  Preparing to unpack .../205-libtry-tiny-perl_0.31-2_all.deb ...

2025-11-23T17:13:15.890489804Z [inf]  Unpacking libtry-tiny-perl (0.31-2) ...

2025-11-23T17:13:15.909328105Z [inf]  Selecting previously unselected package libwww-robotrules-perl.

2025-11-23T17:13:15.911992345Z [inf]  Preparing to unpack .../206-libwww-robotrules-perl_6.02-1_all.deb ...

2025-11-23T17:13:15.913338051Z [inf]  Unpacking libwww-robotrules-perl (6.02-1) ...

2025-11-23T17:13:15.932200126Z [inf]  Selecting previously unselected package libwww-perl.

2025-11-23T17:13:15.93494979Z [inf]  Preparing to unpack .../207-libwww-perl_6.68-1_all.deb ...

2025-11-23T17:13:15.936331369Z [inf]  Unpacking libwww-perl (6.68-1) ...

2025-11-23T17:13:15.966793896Z [inf]  Selecting previously unselected package liblwp-protocol-https-perl.

2025-11-23T17:13:15.969560128Z [inf]  Preparing to unpack .../208-liblwp-protocol-https-perl_6.10-1_all.deb ...

2025-11-23T17:13:15.970986619Z [inf]  Unpacking liblwp-protocol-https-perl (6.10-1) ...

2025-11-23T17:13:15.988532394Z [inf]  Selecting previously unselected package libnet-smtp-ssl-perl.

2025-11-23T17:13:15.9910889Z [inf]  Preparing to unpack .../209-libnet-smtp-ssl-perl_1.04-2_all.deb ...

2025-11-23T17:13:15.992408413Z [inf]  Unpacking libnet-smtp-ssl-perl (1.04-2) ...

2025-11-23T17:13:16.009658937Z [inf]  Selecting previously unselected package libmailtools-perl.

2025-11-23T17:13:16.012115554Z [inf]  Preparing to unpack .../210-libmailtools-perl_2.21-2_all.deb ...

2025-11-23T17:13:16.013450203Z [inf]  Unpacking libmailtools-perl (2.21-2) ...

2025-11-23T17:13:16.039785715Z [inf]  Selecting previously unselected package libxml-parser-perl.

2025-11-23T17:13:16.042393726Z [inf]  Preparing to unpack .../211-libxml-parser-perl_2.46-4_amd64.deb ...

2025-11-23T17:13:16.043902619Z [inf]  Unpacking libxml-parser-perl (2.46-4) ...

2025-11-23T17:13:16.076945781Z [inf]  Selecting previously unselected package libxml-twig-perl.

2025-11-23T17:13:16.07976136Z [inf]  Preparing to unpack .../212-libxml-twig-perl_1%3a3.52-2_all.deb ...

2025-11-23T17:13:16.081114333Z [inf]  Unpacking libxml-twig-perl (1:3.52-2) ...

2025-11-23T17:13:16.112134346Z [inf]  Selecting previously unselected package libnet-dbus-perl.

2025-11-23T17:13:16.114704435Z [inf]  Preparing to unpack .../213-libnet-dbus-perl_1.2.0-2_amd64.deb ...

2025-11-23T17:13:16.116218933Z [inf]  Unpacking libnet-dbus-perl (1.2.0-2) ...

2025-11-23T17:13:16.149457736Z [inf]  Selecting previously unselected package libnspr4:amd64.

2025-11-23T17:13:16.152111652Z [inf]  Preparing to unpack .../214-libnspr4_2%3a4.35-1_amd64.deb ...

2025-11-23T17:13:16.153976177Z [inf]  Unpacking libnspr4:amd64 (2:4.35-1) ...

2025-11-23T17:13:16.182371613Z [inf]  Selecting previously unselected package libsqlite3-0:amd64.

2025-11-23T17:13:16.184869226Z [inf]  Preparing to unpack .../215-libsqlite3-0_3.40.1-2+deb12u2_amd64.deb ...

2025-11-23T17:13:16.18635739Z [inf]  Unpacking libsqlite3-0:amd64 (3.40.1-2+deb12u2) ...

2025-11-23T17:13:16.2523375Z [inf]  Selecting previously unselected package libnss3:amd64.

2025-11-23T17:13:16.254913827Z [inf]  Preparing to unpack .../216-libnss3_2%3a3.87.1-1+deb12u1_amd64.deb ...

2025-11-23T17:13:16.256474063Z [inf]  Unpacking libnss3:amd64 (2:3.87.1-1+deb12u1) ...

2025-11-23T17:13:16.372966756Z [inf]  Selecting previously unselected package librsvg2-2:amd64.

2025-11-23T17:13:16.375484437Z [inf]  Preparing to unpack .../217-librsvg2-2_2.54.7+dfsg-1~deb12u1_amd64.deb ...

2025-11-23T17:13:16.376902814Z [inf]  Unpacking librsvg2-2:amd64 (2.54.7+dfsg-1~deb12u1) ...

2025-11-23T17:13:16.603375942Z [inf]  Selecting previously unselected package librsvg2-common:amd64.

2025-11-23T17:13:16.606828943Z [inf]  Preparing to unpack .../218-librsvg2-common_2.54.7+dfsg-1~deb12u1_amd64.deb ...

2025-11-23T17:13:16.608110476Z [inf]  Unpacking librsvg2-common:amd64 (2.54.7+dfsg-1~deb12u1) ...

2025-11-23T17:13:16.629962657Z [inf]  Selecting previously unselected package libsasl2-modules:amd64.

2025-11-23T17:13:16.632523424Z [inf]  Preparing to unpack .../219-libsasl2-modules_2.1.28+dfsg-10_amd64.deb ...

2025-11-23T17:13:16.639694512Z [inf]  Unpacking libsasl2-modules:amd64 (2.1.28+dfsg-10) ...

2025-11-23T17:13:16.664416897Z [inf]  Selecting previously unselected package libsm6:amd64.

2025-11-23T17:13:16.667255059Z [inf]  Preparing to unpack .../220-libsm6_2%3a1.2.3-1_amd64.deb ...

2025-11-23T17:13:16.668789323Z [inf]  Unpacking libsm6:amd64 (2:1.2.3-1) ...

2025-11-23T17:13:16.688004915Z [inf]  Selecting previously unselected package libtext-iconv-perl:amd64.

2025-11-23T17:13:16.690314648Z [inf]  Preparing to unpack .../221-libtext-iconv-perl_1.7-8_amd64.deb ...

2025-11-23T17:13:16.69150083Z [inf]  Unpacking libtext-iconv-perl:amd64 (1.7-8) ...

2025-11-23T17:13:16.709898806Z [inf]  Selecting previously unselected package libtie-ixhash-perl.

2025-11-23T17:13:16.712277191Z [inf]  Preparing to unpack .../222-libtie-ixhash-perl_1.23-4_all.deb ...

2025-11-23T17:13:16.713515886Z [inf]  Unpacking libtie-ixhash-perl (1.23-4) ...

2025-11-23T17:13:16.731947413Z [inf]  Selecting previously unselected package libunwind8:amd64.

2025-11-23T17:13:16.734371892Z [inf]  Preparing to unpack .../223-libunwind8_1.6.2-3_amd64.deb ...

2025-11-23T17:13:16.735735164Z [inf]  Unpacking libunwind8:amd64 (1.6.2-3) ...

2025-11-23T17:13:16.758043904Z [inf]  Selecting previously unselected package libx11-protocol-perl.

2025-11-23T17:13:16.760445344Z [inf]  Preparing to unpack .../224-libx11-protocol-perl_0.56-9_all.deb ...

2025-11-23T17:13:16.76163206Z [inf]  Unpacking libx11-protocol-perl (0.56-9) ...

2025-11-23T17:13:16.790225447Z [inf]  Selecting previously unselected package libxt6:amd64.

2025-11-23T17:13:16.792644715Z [inf]  Preparing to unpack .../225-libxt6_1%3a1.2.1-1.1_amd64.deb ...

2025-11-23T17:13:16.793875885Z [inf]  Unpacking libxt6:amd64 (1:1.2.1-1.1) ...

2025-11-23T17:13:16.826122923Z [inf]  Selecting previously unselected package libxmu6:amd64.

2025-11-23T17:13:16.828605921Z [inf]  Preparing to unpack .../226-libxmu6_2%3a1.1.3-3_amd64.deb ...

2025-11-23T17:13:16.829969486Z [inf]  Unpacking libxmu6:amd64 (2:1.1.3-3) ...

2025-11-23T17:13:16.852560994Z [inf]  Selecting previously unselected package libxpm4:amd64.

2025-11-23T17:13:16.855055794Z [inf]  Preparing to unpack .../227-libxpm4_1%3a3.5.12-1.1+deb12u1_amd64.deb ...

2025-11-23T17:13:16.85623185Z [inf]  Unpacking libxpm4:amd64 (1:3.5.12-1.1+deb12u1) ...

2025-11-23T17:13:16.877686759Z [inf]  Selecting previously unselected package libxaw7:amd64.

2025-11-23T17:13:16.880238505Z [inf]  Preparing to unpack .../228-libxaw7_2%3a1.0.14-1_amd64.deb ...

2025-11-23T17:13:16.88148935Z [inf]  Unpacking libxaw7:amd64 (2:1.0.14-1) ...

2025-11-23T17:13:16.914780944Z [inf]  Selecting previously unselected package libxcb-shape0:amd64.

2025-11-23T17:13:16.917332153Z [inf]  Preparing to unpack .../229-libxcb-shape0_1.15-1_amd64.deb ...

2025-11-23T17:13:16.918648325Z [inf]  Unpacking libxcb-shape0:amd64 (1.15-1) ...

2025-11-23T17:13:16.944804815Z [inf]  Selecting previously unselected package libxfont2:amd64.

2025-11-23T17:13:16.947303466Z [inf]  Preparing to unpack .../230-libxfont2_1%3a2.0.6-1_amd64.deb ...

2025-11-23T17:13:16.94864186Z [inf]  Unpacking libxfont2:amd64 (1:2.0.6-1) ...

2025-11-23T17:13:16.977824772Z [inf]  Selecting previously unselected package libxft2:amd64.

2025-11-23T17:13:16.980426362Z [inf]  Preparing to unpack .../231-libxft2_2.3.6-1_amd64.deb ...

2025-11-23T17:13:16.981856683Z [inf]  Unpacking libxft2:amd64 (2.3.6-1) ...

2025-11-23T17:13:17.005989851Z [inf]  Selecting previously unselected package libxkbfile1:amd64.

2025-11-23T17:13:17.008577758Z [inf]  Preparing to unpack .../232-libxkbfile1_1%3a1.1.0-1_amd64.deb ...

2025-11-23T17:13:17.010156567Z [inf]  Unpacking libxkbfile1:amd64 (1:1.1.0-1) ...

2025-11-23T17:13:17.03432567Z [inf]  Selecting previously unselected package libxml-xpathengine-perl.

2025-11-23T17:13:17.036940222Z [inf]  Preparing to unpack .../233-libxml-xpathengine-perl_0.14-2_all.deb ...

2025-11-23T17:13:17.038471571Z [inf]  Unpacking libxml-xpathengine-perl (0.14-2) ...

2025-11-23T17:13:17.060556601Z [inf]  Selecting previously unselected package libxmuu1:amd64.

2025-11-23T17:13:17.062937861Z [inf]  Preparing to unpack .../234-libxmuu1_2%3a1.1.3-3_amd64.deb ...

2025-11-23T17:13:17.064272453Z [inf]  Unpacking libxmuu1:amd64 (2:1.1.3-3) ...

2025-11-23T17:13:17.085969993Z [inf]  Selecting previously unselected package libxss1:amd64.

2025-11-23T17:13:17.088366911Z [inf]  Preparing to unpack .../235-libxss1_1%3a1.2.3-1_amd64.deb ...

2025-11-23T17:13:17.089906372Z [inf]  Unpacking libxss1:amd64 (1:1.2.3-1) ...

2025-11-23T17:13:17.109326235Z [inf]  Selecting previously unselected package libxv1:amd64.

2025-11-23T17:13:17.111761016Z [inf]  Preparing to unpack .../236-libxv1_2%3a1.0.11-1.1_amd64.deb ...

2025-11-23T17:13:17.113361744Z [inf]  Unpacking libxv1:amd64 (2:1.0.11-1.1) ...

2025-11-23T17:13:17.134714474Z [inf]  Selecting previously unselected package libxxf86dga1:amd64.

2025-11-23T17:13:17.137266681Z [inf]  Preparing to unpack .../237-libxxf86dga1_2%3a1.1.5-1_amd64.deb ...

2025-11-23T17:13:17.138704528Z [inf]  Unpacking libxxf86dga1:amd64 (2:1.1.5-1) ...

2025-11-23T17:13:17.157957273Z [inf]  Selecting previously unselected package lsb-release.

2025-11-23T17:13:17.160759959Z [inf]  Preparing to unpack .../238-lsb-release_12.0-1_all.deb ...

2025-11-23T17:13:17.162172564Z [inf]  Unpacking lsb-release (12.0-1) ...

2025-11-23T17:13:17.18167932Z [inf]  Selecting previously unselected package psmisc.

2025-11-23T17:13:17.18416026Z [inf]  Preparing to unpack .../239-psmisc_23.6-1_amd64.deb ...

2025-11-23T17:13:17.185761378Z [inf]  Unpacking psmisc (23.6-1) ...

2025-11-23T17:13:17.225380087Z [inf]  Selecting previously unselected package publicsuffix.

2025-11-23T17:13:17.227971679Z [inf]  Preparing to unpack .../240-publicsuffix_20230209.2326-1_all.deb ...

2025-11-23T17:13:17.229387368Z [inf]  Unpacking publicsuffix (20230209.2326-1) ...

2025-11-23T17:13:17.257778118Z [inf]  Selecting previously unselected package x11-utils.

2025-11-23T17:13:17.260281404Z [inf]  Preparing to unpack .../241-x11-utils_7.7+5_amd64.deb ...

2025-11-23T17:13:17.261584498Z [inf]  Unpacking x11-utils (7.7+5) ...

2025-11-23T17:13:17.295430196Z [inf]  Selecting previously unselected package x11-xkb-utils.

2025-11-23T17:13:17.297825008Z [inf]  Preparing to unpack .../242-x11-xkb-utils_7.7+7_amd64.deb ...

2025-11-23T17:13:17.299134499Z [inf]  Unpacking x11-xkb-utils (7.7+7) ...

2025-11-23T17:13:17.330517013Z [inf]  Selecting previously unselected package x11-xserver-utils.

2025-11-23T17:13:17.33304924Z [inf]  Preparing to unpack .../243-x11-xserver-utils_7.7+9+b1_amd64.deb ...

2025-11-23T17:13:17.334465513Z [inf]  Unpacking x11-xserver-utils (7.7+9+b1) ...

2025-11-23T17:13:17.365975289Z [inf]  Selecting previously unselected package xauth.

2025-11-23T17:13:17.368521097Z [inf]  Preparing to unpack .../244-xauth_1%3a1.1.2-1_amd64.deb ...

2025-11-23T17:13:17.369985681Z [inf]  Unpacking xauth (1:1.1.2-1) ...

2025-11-23T17:13:17.392405653Z [inf]  Selecting previously unselected package xdg-user-dirs.

2025-11-23T17:13:17.394993818Z [inf]  Preparing to unpack .../245-xdg-user-dirs_0.18-1_amd64.deb ...

2025-11-23T17:13:17.400406895Z [inf]  Unpacking xdg-user-dirs (0.18-1) ...

2025-11-23T17:13:17.428816464Z [inf]  Selecting previously unselected package xdg-utils.

2025-11-23T17:13:17.431555356Z [inf]  Preparing to unpack .../246-xdg-utils_1.1.3-4.1_all.deb ...

2025-11-23T17:13:17.433095937Z [inf]  Unpacking xdg-utils (1.1.3-4.1) ...

2025-11-23T17:13:17.456104104Z [inf]  Selecting previously unselected package xfonts-encodings.

2025-11-23T17:13:17.458644418Z [inf]  Preparing to unpack .../247-xfonts-encodings_1%3a1.0.4-2.2_all.deb ...

2025-11-23T17:13:17.460001072Z [inf]  Unpacking xfonts-encodings (1:1.0.4-2.2) ...

2025-11-23T17:13:17.521597041Z [inf]  Selecting previously unselected package xfonts-utils.

2025-11-23T17:13:17.52422053Z [inf]  Preparing to unpack .../248-xfonts-utils_1%3a7.7+6_amd64.deb ...

2025-11-23T17:13:17.525904524Z [inf]  Unpacking xfonts-utils (1:7.7+6) ...

2025-11-23T17:13:17.554529814Z [inf]  Selecting previously unselected package xfonts-base.

2025-11-23T17:13:17.557161931Z [inf]  Preparing to unpack .../249-xfonts-base_1%3a1.0.5+nmu1_all.deb ...

2025-11-23T17:13:17.558685063Z [inf]  Unpacking xfonts-base (1:1.0.5+nmu1) ...

2025-11-23T17:13:17.869047897Z [inf]  Selecting previously unselected package xserver-common.

2025-11-23T17:13:17.871802474Z [inf]  Preparing to unpack .../250-xserver-common_2%3a21.1.7-3+deb12u11_all.deb ...

2025-11-23T17:13:17.87327152Z [inf]  Unpacking xserver-common (2:21.1.7-3+deb12u11) ...

2025-11-23T17:13:17.91317921Z [inf]  Selecting previously unselected package xvfb.

2025-11-23T17:13:17.915983352Z [inf]  Preparing to unpack .../251-xvfb_2%3a21.1.7-3+deb12u11_amd64.deb ...

2025-11-23T17:13:17.917400534Z [inf]  Unpacking xvfb (2:21.1.7-3+deb12u11) ...

2025-11-23T17:13:18.001853629Z [inf]  Selecting previously unselected package libegl1:amd64.

2025-11-23T17:13:18.004603149Z [inf]  Preparing to unpack .../252-libegl1_1.6.0-1_amd64.deb ...

2025-11-23T17:13:18.005995946Z [inf]  Unpacking libegl1:amd64 (1.6.0-1) ...

2025-11-23T17:13:18.028288051Z [inf]  Selecting previously unselected package zutty.

2025-11-23T17:13:18.031109441Z [inf]  Preparing to unpack .../253-zutty_0.14.0.20230218+dfsg1-1_amd64.deb ...

2025-11-23T17:13:18.032381849Z [inf]  Unpacking zutty (0.14.0.20230218+dfsg1-1) ...

2025-11-23T17:13:18.073400544Z [inf]  Setting up libexpat1:amd64 (2.5.0-1+deb12u2) ...

2025-11-23T17:13:18.077160798Z [inf]  Setting up libtext-iconv-perl:amd64 (1.7-8) ...

2025-11-23T17:13:18.080947327Z [inf]  Setting up libgraphite2-3:amd64 (1.3.14-1) ...

2025-11-23T17:13:18.083906325Z [inf]  Setting up liblcms2-2:amd64 (2.14-2) ...

2025-11-23T17:13:18.086869837Z [inf]  Setting up libpixman-1-0:amd64 (0.42.2-1) ...

2025-11-23T17:13:18.090239465Z [inf]  Setting up libwayland-server0:amd64 (1.21.0-1) ...

2025-11-23T17:13:18.093450339Z [inf]  Setting up libpciaccess0:amd64 (0.17-2) ...

2025-11-23T17:13:18.096966118Z [inf]  Setting up systemd-sysv (252.39-1~deb12u1) ...

2025-11-23T17:13:18.10250935Z [inf]  Setting up libxau6:amd64 (1:1.0.9-1) ...

2025-11-23T17:13:18.105672282Z [inf]  Setting up libkeyutils1:amd64 (1.6.3-2) ...

2025-11-23T17:13:18.108935671Z [inf]  Setting up libpsl5:amd64 (0.21.2-1) ...

2025-11-23T17:13:18.112301534Z [inf]  Setting up libgpm2:amd64 (1.20.7-10+b1) ...

2025-11-23T17:13:18.115443467Z [inf]  Setting up libicu72:amd64 (72.1-3+deb12u1) ...

2025-11-23T17:13:18.118466137Z [inf]  Setting up liblerc4:amd64 (4.0.0+ds-2) ...

2025-11-23T17:13:18.121549512Z [inf]  Setting up wget (1.21.3-1+deb12u1) ...

2025-11-23T17:13:18.125524609Z [inf]  Setting up hicolor-icon-theme (0.17-2) ...

2025-11-23T17:13:18.140466203Z [inf]  Setting up libdatrie1:amd64 (0.2.13-2+b1) ...

2025-11-23T17:13:18.14330044Z [inf]  Setting up xdg-user-dirs (0.18-1) ...

2025-11-23T17:13:18.153242695Z [inf]  Setting up psmisc (23.6-1) ...

2025-11-23T17:13:18.158153673Z [inf]  Setting up libglib2.0-0:amd64 (2.74.6-2+deb12u7) ...

2025-11-23T17:13:18.17443429Z [inf]  Setting up libglvnd0:amd64 (1.6.0-1) ...

2025-11-23T17:13:18.178144115Z [inf]  Setting up libdbusmenu-glib4:amd64 (18.10.20180917~bzr492+repack1-3) ...

2025-11-23T17:13:18.181699428Z [inf]  Setting up libbrotli1:amd64 (1.0.9-2+b6) ...

2025-11-23T17:13:18.184818048Z [inf]  Setting up libsqlite3-0:amd64 (3.40.1-2+deb12u2) ...

2025-11-23T17:13:18.187946259Z [inf]  Setting up libsasl2-modules:amd64 (2.1.28+dfsg-10) ...

2025-11-23T17:13:18.196000335Z [inf]  Setting up libgdk-pixbuf2.0-common (2.42.10+dfsg-1+deb12u2) ...

2025-11-23T17:13:18.19940336Z [inf]  Setting up x11-common (1:7.7+23) ...

2025-11-23T17:13:18.293392706Z [inf]  debconf: unable to initialize frontend: Dialog
debconf: (TERM is not set, so the dialog frontend is not usable.)
debconf: falling back to frontend: Readline

2025-11-23T17:13:18.300595589Z [inf]  debconf: unable to initialize frontend: Readline
debconf: (This frontend requires a controlling tty.)
debconf: falling back to frontend: Teletype

2025-11-23T17:13:18.326293099Z [inf]  invoke-rc.d: could not determine current runlevel

2025-11-23T17:13:18.329912929Z [inf]  invoke-rc.d: policy-rc.d denied execution of restart.

2025-11-23T17:13:18.335277638Z [inf]  Setting up libsensors-config (1:3.6.0-7.1) ...

2025-11-23T17:13:18.340718284Z [inf]  Setting up libdeflate0:amd64 (1.14-1) ...

2025-11-23T17:13:18.344231642Z [inf]  Setting up perl-openssl-defaults:amd64 (7+b1) ...

2025-11-23T17:13:18.347434977Z [inf]  Setting up libnss-systemd:amd64 (252.39-1~deb12u1) ...

2025-11-23T17:13:18.36138341Z [inf]  Setting up xkb-data (2.35.1-1) ...

2025-11-23T17:13:18.364583812Z [inf]  Setting up krb5-locales (1.20.1-2+deb12u4) ...

2025-11-23T17:13:18.367843898Z [inf]  Setting up libldap-common (2.5.13+dfsg-5) ...

2025-11-23T17:13:18.371752797Z [inf]  Setting up libunwind8:amd64 (1.6.2-3) ...

2025-11-23T17:13:18.375302355Z [inf]  Setting up libjbig0:amd64 (2.1-6.1) ...

2025-11-23T17:13:18.378274571Z [inf]  Setting up libcolord2:amd64 (1.4.6-2.2) ...

2025-11-23T17:13:18.381306871Z [inf]  Setting up libkrb5support0:amd64 (1.20.1-2+deb12u4) ...

2025-11-23T17:13:18.384669366Z [inf]  Setting up libsasl2-modules-db:amd64 (2.1.28+dfsg-10) ...

2025-11-23T17:13:18.388046408Z [inf]  Setting up libdconf1:amd64 (0.40.0-4) ...

2025-11-23T17:13:18.391687906Z [inf]  Setting up libasound2-data (1.2.8-1) ...

2025-11-23T17:13:18.395247983Z [inf]  Setting up libfontenc1:amd64 (1:1.1.4-1) ...

2025-11-23T17:13:18.398894672Z [inf]  Setting up perl-modules-5.36 (5.36.0-7+deb12u3) ...

2025-11-23T17:13:18.402386846Z [inf]  Setting up libz3-4:amd64 (4.8.12-3.1) ...

2025-11-23T17:13:18.405913621Z [inf]  Setting up libglib2.0-data (2.74.6-2+deb12u7) ...

2025-11-23T17:13:18.409239965Z [inf]  Setting up libgles2:amd64 (1.6.0-1) ...

2025-11-23T17:13:18.412342687Z [inf]  Setting up libjpeg62-turbo:amd64 (1:2.1.5-2) ...

2025-11-23T17:13:18.416164316Z [inf]  Setting up libx11-data (2:1.8.4-2+deb12u2) ...

2025-11-23T17:13:18.419574443Z [inf]  Setting up libepoxy0:amd64 (1.5.10-1) ...

2025-11-23T17:13:18.422618441Z [inf]  Setting up libmpfr6:amd64 (4.2.0-1) ...

2025-11-23T17:13:18.425974872Z [inf]  Setting up libnspr4:amd64 (2:4.35-1) ...

2025-11-23T17:13:18.429111793Z [inf]  Setting up libavahi-common-data:amd64 (0.8-10+deb12u1) ...

2025-11-23T17:13:18.432306046Z [inf]  Setting up libdbus-1-3:amd64 (1.14.10-1~deb12u1) ...

2025-11-23T17:13:18.435306467Z [inf]  Setting up xfonts-encodings (1:1.0.4-2.2) ...

2025-11-23T17:13:18.438257682Z [inf]  Setting up libfribidi0:amd64 (1.0.8-2.1) ...

2025-11-23T17:13:18.441241129Z [inf]  Setting up libproc2-0:amd64 (2:4.0.2-3) ...

2025-11-23T17:13:18.444315588Z [inf]  Setting up libpng16-16:amd64 (1.6.39-2) ...

2025-11-23T17:13:18.447453504Z [inf]  Setting up libmpc3:amd64 (1.3.1-1) ...

2025-11-23T17:13:18.450564308Z [inf]  Setting up systemd-timesyncd (252.39-1~deb12u1) ...

2025-11-23T17:13:18.462133938Z [inf]  Creating group 'systemd-timesync' with GID 997.

2025-11-23T17:13:18.462314842Z [inf]  Creating user 'systemd-timesync' (systemd Time Synchronization) with UID 997 and GID 997.

2025-11-23T17:13:18.589028094Z [inf]  Created symlink /etc/systemd/system/dbus-org.freedesktop.timesync1.service  /lib/systemd/system/systemd-timesyncd.service.
Created symlink /etc/systemd/system/sysinit.target.wants/systemd-timesyncd.service  /lib/systemd/system/systemd-timesyncd.service.

2025-11-23T17:13:18.594069529Z [inf]  Setting up libatomic1:amd64 (12.2.0-14+deb12u1) ...

2025-11-23T17:13:18.597396591Z [inf]  Setting up libsensors5:amd64 (1:3.6.0-7.1) ...

2025-11-23T17:13:18.600752395Z [inf]  Setting up libncursesw6:amd64 (6.4-4) ...

2025-11-23T17:13:18.604198182Z [inf]  Setting up libk5crypto3:amd64 (1.20.1-2+deb12u4) ...

2025-11-23T17:13:18.607623026Z [inf]  Setting up libglapi-mesa:amd64 (22.3.6-1+deb12u1) ...

2025-11-23T17:13:18.611031888Z [inf]  Setting up libsasl2-2:amd64 (2.1.28+dfsg-10) ...

2025-11-23T17:13:18.614372028Z [inf]  Setting up libwebp7:amd64 (1.2.4-0.2+deb12u1) ...

2025-11-23T17:13:18.617994583Z [inf]  Setting up alsa-topology-conf (1.2.5.1-2) ...

2025-11-23T17:13:18.620927506Z [inf]  Setting up sensible-utils (0.0.17+nmu1) ...

2025-11-23T17:13:18.623836814Z [inf]  Setting up libxshmfence1:amd64 (1.3-1) ...

2025-11-23T17:13:18.626818458Z [inf]  Setting up at-spi2-common (2.46.0-5) ...

2025-11-23T17:13:18.629662572Z [inf]  Setting up libtiff6:amd64 (4.5.0-6+deb12u3) ...

2025-11-23T17:13:18.632492029Z [inf]  Setting up dbus-session-bus-common (1.14.10-1~deb12u1) ...

2025-11-23T17:13:18.635405536Z [inf]  Setting up procps (2:4.0.2-3) ...

2025-11-23T17:13:18.661248972Z [inf]  Setting up libasound2:amd64 (1.2.8-1+b1) ...

2025-11-23T17:13:18.664239214Z [inf]  Setting up fonts-liberation (1:1.07.4-11) ...

2025-11-23T17:13:18.674979958Z [inf]  Setting up libthai-data (0.1.29-1) ...

2025-11-23T17:13:18.677653032Z [inf]  Setting up netbase (6.4) ...

2025-11-23T17:13:18.687391957Z [inf]  Setting up libgtk2.0-common (2.24.33-2+deb12u1) ...

2025-11-23T17:13:18.691365246Z [inf]  Setting up libatk1.0-0:amd64 (2.46.0-5) ...

2025-11-23T17:13:18.694170423Z [inf]  Setting up libkrb5-3:amd64 (1.20.1-2+deb12u4) ...

2025-11-23T17:13:18.697103742Z [inf]  Setting up libwayland-egl1:amd64 (1.21.0-1) ...

2025-11-23T17:13:18.700178934Z [inf]  Setting up lsb-release (12.0-1) ...

2025-11-23T17:13:18.703310611Z [inf]  Setting up dbus-system-bus-common (1.14.10-1~deb12u1) ...

2025-11-23T17:13:18.765010849Z [inf]  Setting up libisl23:amd64 (0.25-1.1) ...

2025-11-23T17:13:18.76930054Z [inf]  Setting up libbsd0:amd64 (0.11.7-2) ...

2025-11-23T17:13:18.772658162Z [inf]  Setting up libdrm-common (2.4.114-1) ...

2025-11-23T17:13:18.776240955Z [inf]  Setting up libelf1:amd64 (0.188-2.1) ...

2025-11-23T17:13:18.779731987Z [inf]  Setting up publicsuffix (20230209.2326-1) ...

2025-11-23T17:13:18.783217121Z [inf]  Setting up libxml2:amd64 (2.9.14+dfsg-1.3~deb12u4) ...

2025-11-23T17:13:18.787015488Z [inf]  Setting up xdg-utils (1.1.3-4.1) ...

2025-11-23T17:13:18.79270102Z [inf]  update-alternatives: using /usr/bin/xdg-open to provide /usr/bin/open (open) in auto mode

2025-11-23T17:13:18.792775399Z [inf]  update-alternatives: warning: skip creation of /usr/share/man/man1/open.1.gz because associated file /usr/share/man/man1/xdg-open.1.gz (of link group open) doesn't exist

2025-11-23T17:13:18.795924925Z [inf]  Setting up dbus-bin (1.14.10-1~deb12u1) ...

2025-11-23T17:13:18.799789183Z [inf]  Setting up libgdbm6:amd64 (1.23-3) ...

2025-11-23T17:13:18.803329953Z [inf]  Setting up libxkbcommon0:amd64 (1.5.0-1) ...

2025-11-23T17:13:18.806841237Z [inf]  Setting up libwayland-client0:amd64 (1.21.0-1) ...

2025-11-23T17:13:18.810391529Z [inf]  Setting up libice6:amd64 (2:1.0.10-1) ...

2025-11-23T17:13:18.81387086Z [inf]  Setting up libxdmcp6:amd64 (1:1.1.2-3) ...

2025-11-23T17:13:18.817598392Z [inf]  Setting up cpp-12 (12.2.0-14+deb12u1) ...

2025-11-23T17:13:18.821472885Z [inf]  Setting up libxcb1:amd64 (1.15-1) ...

2025-11-23T17:13:18.825178257Z [inf]  Setting up libxcb-xfixes0:amd64 (1.15-1) ...

2025-11-23T17:13:18.828502025Z [inf]  Setting up alsa-ucm-conf (1.2.8-1) ...

2025-11-23T17:13:18.831849905Z [inf]  Setting up libxcb-render0:amd64 (1.15-1) ...

2025-11-23T17:13:18.835977168Z [inf]  Setting up fontconfig-config (2.14.1-4) ...

2025-11-23T17:13:18.912664063Z [inf]  debconf: unable to initialize frontend: Dialog
debconf: (TERM is not set, so the dialog frontend is not usable.)
debconf: falling back to frontend: Readline

2025-11-23T17:13:18.919743414Z [inf]  debconf: unable to initialize frontend: Readline
debconf: (This frontend requires a controlling tty.)
debconf: falling back to frontend: Teletype

2025-11-23T17:13:19.06130882Z [inf]  Setting up libxcb-glx0:amd64 (1.15-1) ...

2025-11-23T17:13:19.06472953Z [inf]  Setting up libedit2:amd64 (3.1-20221030-2) ...

2025-11-23T17:13:19.06819298Z [inf]  Setting up libxcb-shape0:amd64 (1.15-1) ...

2025-11-23T17:13:19.071633796Z [inf]  Setting up libavahi-common3:amd64 (0.8-10+deb12u1) ...

2025-11-23T17:13:19.074919123Z [inf]  Setting up libnss3:amd64 (2:3.87.1-1+deb12u1) ...

2025-11-23T17:13:19.078367697Z [inf]  Setting up libxcb-shm0:amd64 (1.15-1) ...

2025-11-23T17:13:19.081437568Z [inf]  Setting up dbus-daemon (1.14.10-1~deb12u1) ...

2025-11-23T17:13:19.096399145Z [inf]  Setting up libldap-2.5-0:amd64 (2.5.13+dfsg-5) ...

2025-11-23T17:13:19.100020713Z [inf]  Setting up libxcb-present0:amd64 (1.15-1) ...

2025-11-23T17:13:19.103741801Z [inf]  Setting up libthai0:amd64 (0.1.29-1) ...

2025-11-23T17:13:19.107285151Z [inf]  Setting up libfreetype6:amd64 (2.12.1+dfsg-5+deb12u4) ...

2025-11-23T17:13:19.110571884Z [inf]  Setting up libxcb-sync1:amd64 (1.15-1) ...

2025-11-23T17:13:19.113852643Z [inf]  Setting up libdbus-glib-1-2:amd64 (0.112-3) ...

2025-11-23T17:13:19.117308085Z [inf]  Setting up dbus (1.14.10-1~deb12u1) ...

2025-11-23T17:13:19.141914179Z [inf]  invoke-rc.d: could not determine current runlevel

2025-11-23T17:13:19.145201391Z [inf]  invoke-rc.d: policy-rc.d denied execution of start.

2025-11-23T17:13:19.147388358Z [inf]  Setting up shared-mime-info (2.2-1) ...

2025-11-23T17:13:19.899474026Z [inf]  Setting up libgssapi-krb5-2:amd64 (1.20.1-2+deb12u4) ...

2025-11-23T17:13:19.90419645Z [inf]  Setting up libgdbm-compat4:amd64 (1.23-3) ...

2025-11-23T17:13:19.907999261Z [inf]  Setting up ucf (3.0043+nmu1+deb12u1) ...

2025-11-23T17:13:19.983873553Z [inf]  debconf: unable to initialize frontend: Dialog
debconf: (TERM is not set, so the dialog frontend is not usable.)
debconf: falling back to frontend: Readline

2025-11-23T17:13:19.99028494Z [inf]  debconf: unable to initialize frontend: Readline
debconf: (This frontend requires a controlling tty.)
debconf: falling back to frontend: Teletype

2025-11-23T17:13:20.015145544Z [inf]  Setting up libxcb-dri2-0:amd64 (1.15-1) ...

2025-11-23T17:13:20.018672219Z [inf]  Setting up libdrm2:amd64 (2.4.114-1+b1) ...

2025-11-23T17:13:20.022028868Z [inf]  Setting up libwayland-cursor0:amd64 (1.21.0-1) ...

2025-11-23T17:13:20.025345266Z [inf]  Setting up libxcb-randr0:amd64 (1.15-1) ...

2025-11-23T17:13:20.028775449Z [inf]  Setting up cpp (4:12.2.0-3) ...

2025-11-23T17:13:20.03539463Z [inf]  Setting up libllvm15:amd64 (1:15.0.6-4+b1) ...

2025-11-23T17:13:20.038552013Z [inf]  Setting up libpam-systemd:amd64 (252.39-1~deb12u1) ...

2025-11-23T17:13:20.114952217Z [inf]  debconf: unable to initialize frontend: Dialog
debconf: (TERM is not set, so the dialog frontend is not usable.)
debconf: falling back to frontend: Readline

2025-11-23T17:13:20.121544162Z [inf]  debconf: unable to initialize frontend: Readline
debconf: (This frontend requires a controlling tty.)
debconf: falling back to frontend: Teletype

2025-11-23T17:13:20.185599355Z [inf]  Setting up libx11-6:amd64 (2:1.8.4-2+deb12u2) ...

2025-11-23T17:13:20.18923324Z [inf]  Setting up libharfbuzz0b:amd64 (6.0.0+dfsg-3) ...

2025-11-23T17:13:20.192556038Z [inf]  Setting up libgdk-pixbuf-2.0-0:amd64 (2.42.10+dfsg-1+deb12u2) ...

2025-11-23T17:13:20.219754959Z [inf]  Setting up libfontconfig1:amd64 (2.14.1-4) ...

2025-11-23T17:13:20.222941682Z [inf]  Setting up libxkbfile1:amd64 (1:1.1.0-1) ...

2025-11-23T17:13:20.226093217Z [inf]  Setting up libxcomposite1:amd64 (1:0.4.5-1) ...

2025-11-23T17:13:20.229301477Z [inf]  Setting up libsm6:amd64 (2:1.2.3-1) ...

2025-11-23T17:13:20.232316019Z [inf]  Setting up libxfont2:amd64 (1:2.0.6-1) ...

2025-11-23T17:13:20.235172938Z [inf]  Setting up libavahi-client3:amd64 (0.8-10+deb12u1) ...

2025-11-23T17:13:20.238039923Z [inf]  Setting up libperl5.36:amd64 (5.36.0-7+deb12u3) ...

2025-11-23T17:13:20.240920618Z [inf]  Setting up libxmuu1:amd64 (2:1.1.3-3) ...

2025-11-23T17:13:20.243878115Z [inf]  Setting up libdrm-amdgpu1:amd64 (2.4.114-1+b1) ...

2025-11-23T17:13:20.246922013Z [inf]  Setting up libxcb-dri3-0:amd64 (1.15-1) ...

2025-11-23T17:13:20.2500069Z [inf]  Setting up gtk-update-icon-cache (3.24.38-2~deb12u3) ...

2025-11-23T17:13:20.252963966Z [inf]  Setting up libx11-xcb1:amd64 (2:1.8.4-2+deb12u2) ...

2025-11-23T17:13:20.256446716Z [inf]  Setting up fontconfig (2.14.1-4) ...

2025-11-23T17:13:20.260981632Z [inf]  Regenerating fonts cache... 
2025-11-23T17:13:22.778122713Z [inf]  done.

2025-11-23T17:13:22.784020365Z [inf]  Setting up libdrm-nouveau2:amd64 (2.4.114-1+b1) ...

2025-11-23T17:13:22.787974468Z [inf]  Setting up libxdamage1:amd64 (1:1.1.6-1) ...

2025-11-23T17:13:22.791841159Z [inf]  Setting up libgdk-pixbuf-xlib-2.0-0:amd64 (2.40.2-2) ...

2025-11-23T17:13:22.795409894Z [inf]  Setting up libxpm4:amd64 (1:3.5.12-1.1+deb12u1) ...

2025-11-23T17:13:22.798962418Z [inf]  Setting up libxrender1:amd64 (1:0.9.10-1.1) ...

2025-11-23T17:13:22.802269777Z [inf]  Setting up libgbm1:amd64 (22.3.6-1+deb12u1) ...

2025-11-23T17:13:22.805269511Z [inf]  Setting up libdrm-radeon1:amd64 (2.4.114-1+b1) ...

2025-11-23T17:13:22.808854764Z [inf]  Setting up libpango-1.0-0:amd64 (1.50.12+ds-1) ...

2025-11-23T17:13:22.811909604Z [inf]  Setting up libdrm-intel1:amd64 (2.4.114-1+b1) ...

2025-11-23T17:13:22.815215552Z [inf]  Setting up libgl1-mesa-dri:amd64 (22.3.6-1+deb12u1) ...

2025-11-23T17:13:22.824716613Z [inf]  Setting up libxext6:amd64 (2:1.3.4-1+b1) ...

2025-11-23T17:13:22.828177563Z [inf]  Setting up xfonts-utils (1:7.7+6) ...

2025-11-23T17:13:22.834484156Z [inf]  Setting up libcairo2:amd64 (1.16.0-7) ...

2025-11-23T17:13:22.846821936Z [inf]  Setting up libxxf86vm1:amd64 (1:1.1.4-1+b2) ...

2025-11-23T17:13:22.849508858Z [inf]  Setting up dbus-user-session (1.14.10-1~deb12u1) ...

2025-11-23T17:13:22.853037504Z [inf]  Setting up perl (5.36.0-7+deb12u3) ...

2025-11-23T17:13:22.864094104Z [inf]  Setting up xfonts-base (1:1.0.5+nmu1) ...

2025-11-23T17:13:22.916386938Z [inf]  Setting up libegl-mesa0:amd64 (22.3.6-1+deb12u1) ...

2025-11-23T17:13:22.919341356Z [inf]  Setting up gconf2-common (3.2.6-8) ...

2025-11-23T17:13:23.015585807Z [inf]  debconf: unable to initialize frontend: Dialog
debconf: (TERM is not set, so the dialog frontend is not usable.)
debconf: falling back to frontend: Readline

2025-11-23T17:13:23.021969416Z [inf]  debconf: unable to initialize frontend: Readline
debconf: (This frontend requires a controlling tty.)
debconf: falling back to frontend: Teletype

2025-11-23T17:13:23.061458539Z [inf]  
Creating config file /etc/gconf/2/path with new version

2025-11-23T17:13:23.084995701Z [inf]  Setting up adwaita-icon-theme (43-1) ...

2025-11-23T17:13:23.130147029Z [inf]  update-alternatives: using /usr/share/icons/Adwaita/cursor.theme to provide /usr/share/icons/default/index.theme (x-cursor-theme) in auto mode

2025-11-23T17:13:23.132800245Z [inf]  Setting up libdata-dump-perl (1.25-1) ...

2025-11-23T17:13:23.135705764Z [inf]  Setting up libxfixes3:amd64 (1:6.0.0-2) ...

2025-11-23T17:13:23.138523314Z [inf]  Setting up libipc-system-simple-perl (1.30-2) ...

2025-11-23T17:13:23.14132727Z [inf]  Setting up libxml-xpathengine-perl (0.14-2) ...

2025-11-23T17:13:23.144466406Z [inf]  Setting up libgdk-pixbuf2.0-0:amd64 (2.40.2-2) ...

2025-11-23T17:13:23.148004673Z [inf]  Setting up libxinerama1:amd64 (2:1.1.4-3) ...

2025-11-23T17:13:23.150880351Z [inf]  Setting up libxv1:amd64 (2:1.0.11-1.1) ...

2025-11-23T17:13:23.153762131Z [inf]  Setting up libio-html-perl (1.004-3) ...

2025-11-23T17:13:23.157034404Z [inf]  Setting up libxrandr2:amd64 (2:1.5.2-2+b1) ...

2025-11-23T17:13:23.160874188Z [inf]  Setting up libxt6:amd64 (1:1.2.1-1.1) ...

2025-11-23T17:13:23.164244092Z [inf]  Setting up libtimedate-perl (2.3300-2) ...

2025-11-23T17:13:23.167082347Z [inf]  Setting up libregexp-ipv6-perl (0.03-3) ...

2025-11-23T17:13:23.170043977Z [inf]  Setting up libcups2:amd64 (2.4.2-3+deb12u9) ...

2025-11-23T17:13:23.173667615Z [inf]  Setting up xauth (1:1.1.2-1) ...

2025-11-23T17:13:23.177473178Z [inf]  Setting up libgdk-pixbuf2.0-bin (2.42.10+dfsg-1+deb12u2) ...

2025-11-23T17:13:23.180314389Z [inf]  Setting up libegl1:amd64 (1.6.0-1) ...

2025-11-23T17:13:23.183259511Z [inf]  Setting up libcairo-gobject2:amd64 (1.16.0-7) ...

2025-11-23T17:13:23.186166822Z [inf]  Setting up libxss1:amd64 (1:1.2.3-1) ...

2025-11-23T17:13:23.189193061Z [inf]  Setting up libpangoft2-1.0-0:amd64 (1.50.12+ds-1) ...

2025-11-23T17:13:23.192606478Z [inf]  Setting up libdbusmenu-gtk4:amd64 (18.10.20180917~bzr492+repack1-3) ...

2025-11-23T17:13:23.196439579Z [inf]  Setting up liburi-perl (5.17-1) ...

2025-11-23T17:13:23.199784161Z [inf]  Setting up libx11-protocol-perl (0.56-9) ...

2025-11-23T17:13:23.203492812Z [inf]  Setting up libpangocairo-1.0-0:amd64 (1.50.12+ds-1) ...

2025-11-23T17:13:23.20772126Z [inf]  Setting up libnet-ssleay-perl:amd64 (1.92-2+b1) ...

2025-11-23T17:13:23.210814787Z [inf]  Setting up libhttp-date-perl (6.05-2) ...

2025-11-23T17:13:23.213685591Z [inf]  Setting up libxft2:amd64 (2.3.6-1) ...

2025-11-23T17:13:23.21718275Z [inf]  Setting up libxmu6:amd64 (2:1.1.3-3) ...

2025-11-23T17:13:23.220598847Z [inf]  Setting up libfile-basedir-perl (0.09-2) ...

2025-11-23T17:13:23.223727655Z [inf]  Setting up libtie-ixhash-perl (1.23-4) ...

2025-11-23T17:13:23.227316418Z [inf]  Setting up libglx-mesa0:amd64 (22.3.6-1+deb12u1) ...

2025-11-23T17:13:23.230820566Z [inf]  Setting up libfile-listing-perl (6.15-1) ...

2025-11-23T17:13:23.234435603Z [inf]  Setting up libxi6:amd64 (2:1.8-1+b1) ...

2025-11-23T17:13:23.23770151Z [inf]  Setting up libglx0:amd64 (1.6.0-1) ...

2025-11-23T17:13:23.240818368Z [inf]  Setting up libfont-afm-perl (1.20-4) ...

2025-11-23T17:13:23.244093664Z [inf]  Setting up libgconf-2-4:amd64 (3.2.6-8) ...

2025-11-23T17:13:23.245202083Z [inf]  npm warn deprecated inflight@1.0.6: This module is not supported, and leaks memory. Do not use it. Check out lru-cache if you want a good and tested way to coalesce async requests by a key value, which is much more comprehensive and powerful.

2025-11-23T17:13:23.247731321Z [inf]  Setting up libclone-perl:amd64 (0.46-1) ...

2025-11-23T17:13:23.250906491Z [inf]  Setting up libio-stringy-perl (2.111-3) ...

2025-11-23T17:13:23.254208246Z [inf]  Setting up libxtst6:amd64 (2:1.2.3-1.1) ...

2025-11-23T17:13:23.257412243Z [inf]  Setting up libhtml-tagset-perl (3.20-6) ...

2025-11-23T17:13:23.257677883Z [inf]  npm warn deprecated glob@7.2.3: Glob versions prior to v9 are no longer supported

2025-11-23T17:13:23.261042923Z [inf]  Setting up libauthen-sasl-perl (2.1600-3) ...

2025-11-23T17:13:23.264209064Z [inf]  Setting up libxcursor1:amd64 (1:1.2.1-1) ...

2025-11-23T17:13:23.267044157Z [inf]  Setting up liblwp-mediatypes-perl (6.04-2) ...

2025-11-23T17:13:23.270219056Z [inf]  Setting up libtry-tiny-perl (0.31-2) ...

2025-11-23T17:13:23.274082316Z [inf]  Setting up libxxf86dga1:amd64 (2:1.1.5-1) ...

2025-11-23T17:13:23.278158194Z [inf]  Setting up libnet-http-perl (6.22-1) ...

2025-11-23T17:13:23.281716922Z [inf]  Setting up libencode-locale-perl (1.05-3) ...

2025-11-23T17:13:23.285831059Z [inf]  Setting up dconf-service (0.40.0-4) ...

2025-11-23T17:13:23.289233061Z [inf]  Setting up libxaw7:amd64 (2:1.0.14-1) ...

2025-11-23T17:13:23.292374491Z [inf]  Setting up libatspi2.0-0:amd64 (2.46.0-5) ...

2025-11-23T17:13:23.296472406Z [inf]  Setting up x11-xserver-utils (7.7+9+b1) ...

2025-11-23T17:13:23.303679078Z [inf]  Setting up librsvg2-2:amd64 (2.54.7+dfsg-1~deb12u1) ...

2025-11-23T17:13:23.307129702Z [inf]  Setting up libatk-bridge2.0-0:amd64 (2.46.0-5) ...

2025-11-23T17:13:23.310592437Z [inf]  Setting up libgl1:amd64 (1.6.0-1) ...

2025-11-23T17:13:23.314561795Z [inf]  Setting up librsvg2-common:amd64 (2.54.7+dfsg-1~deb12u1) ...

2025-11-23T17:13:23.322544468Z [inf]  Setting up libfile-desktopentry-perl (0.22-3) ...

2025-11-23T17:13:23.325586727Z [inf]  Setting up libwww-robotrules-perl (6.02-1) ...

2025-11-23T17:13:23.329111083Z [inf]  npm warn deprecated rimraf@3.0.2: Rimraf versions prior to v4 are no longer supported

2025-11-23T17:13:23.329113716Z [inf]  Setting up zutty (0.14.0.20230218+dfsg1-1) ...

2025-11-23T17:13:23.333459026Z [inf]  update-alternatives: using /usr/bin/zutty to provide /usr/bin/x-terminal-emulator (x-terminal-emulator) in auto mode

2025-11-23T17:13:23.333523864Z [inf]  update-alternatives: warning: skip creation of /usr/share/man/man1/x-terminal-emulator.1.gz because associated file /usr/share/man/man1/zutty.1.gz (of link group x-terminal-emulator) doesn't exist

2025-11-23T17:13:23.336696431Z [inf]  Setting up gconf-service (3.2.6-8) ...

2025-11-23T17:13:23.339801938Z [inf]  Setting up libhtml-parser-perl:amd64 (3.81-1) ...

2025-11-23T17:13:23.342551625Z [inf]  Setting up x11-utils (7.7+5) ...

2025-11-23T17:13:23.359504454Z [inf]  Setting up libio-socket-ssl-perl (2.081-2) ...

2025-11-23T17:13:23.364053062Z [inf]  Setting up libhttp-message-perl (6.44-1) ...

2025-11-23T17:13:23.367993135Z [inf]  Setting up libhtml-form-perl (6.11-1) ...

2025-11-23T17:13:23.371945199Z [inf]  Setting up libfile-mimeinfo-perl (0.33-1) ...

2025-11-23T17:13:23.375892711Z [inf]  Setting up libhttp-negotiate-perl (6.01-2) ...

2025-11-23T17:13:23.380154705Z [inf]  Setting up dconf-gsettings-backend:amd64 (0.40.0-4) ...

2025-11-23T17:13:23.383370183Z [inf]  Setting up libhttp-cookies-perl (6.10-1) ...

2025-11-23T17:13:23.387427092Z [inf]  Setting up x11-xkb-utils (7.7+7) ...

2025-11-23T17:13:23.39174559Z [inf]  Setting up libgtk2.0-0:amd64 (2.24.33-2+deb12u1) ...

2025-11-23T17:13:23.406915935Z [inf]  Setting up libhtml-tree-perl (5.07-3) ...

2025-11-23T17:13:23.409894042Z [inf]  Setting up libhtml-format-perl (2.16-2) ...

2025-11-23T17:13:23.412617772Z [inf]  Setting up libnet-smtp-ssl-perl (1.04-2) ...

2025-11-23T17:13:23.424322034Z [inf]  Setting up libmailtools-perl (2.21-2) ...

2025-11-23T17:13:23.427363917Z [inf]  Setting up libgail18:amd64 (2.24.33-2+deb12u1) ...

2025-11-23T17:13:23.430987569Z [inf]  Setting up libhttp-daemon-perl (6.16-1) ...

2025-11-23T17:13:23.43465407Z [inf]  Setting up libgtk2.0-bin (2.24.33-2+deb12u1) ...

2025-11-23T17:13:23.437538544Z [inf]  Setting up xserver-common (2:21.1.7-3+deb12u11) ...

2025-11-23T17:13:23.440300894Z [inf]  Setting up libgtk-3-common (3.24.38-2~deb12u3) ...

2025-11-23T17:13:23.444017571Z [inf]  Setting up gsettings-desktop-schemas (43.0-1) ...

2025-11-23T17:13:23.447191597Z [inf]  Setting up libayatana-indicator7:amd64 (0.9.3-1) ...

2025-11-23T17:13:23.450346584Z [inf]  Setting up libgail-common:amd64 (2.24.33-2+deb12u1) ...

2025-11-23T17:13:23.453941298Z [inf]  Setting up libgtk-3-0:amd64 (3.24.38-2~deb12u3) ...

2025-11-23T17:13:23.4761661Z [inf]  Setting up xvfb (2:21.1.7-3+deb12u11) ...

2025-11-23T17:13:23.479455686Z [inf]  Setting up libayatana-appindicator1 (0.5.92-1) ...

2025-11-23T17:13:23.483101944Z [inf]  Setting up libgtk-3-bin (3.24.38-2~deb12u3) ...

2025-11-23T17:13:23.486612223Z [inf]  Setting up at-spi2-core (2.46.0-5) ...

2025-11-23T17:13:23.495156601Z [inf]  Setting up liblwp-protocol-https-perl (6.10-1) ...

2025-11-23T17:13:23.499304128Z [inf]  Setting up libwww-perl (6.68-1) ...

2025-11-23T17:13:23.503056648Z [inf]  Setting up libxml-parser-perl (2.46-4) ...

2025-11-23T17:13:23.506263004Z [inf]  Setting up libxml-twig-perl (1:3.52-2) ...

2025-11-23T17:13:23.510743979Z [inf]  Setting up libnet-dbus-perl (1.2.0-2) ...

2025-11-23T17:13:23.514881371Z [inf]  Processing triggers for libc-bin (2.36-9+deb12u13) ...

2025-11-23T17:13:23.547906741Z [inf]  Processing triggers for libgdk-pixbuf-2.0-0:amd64 (2.42.10+dfsg-1+deb12u2) ...

2025-11-23T17:13:23.893639804Z [inf]  install apt packages: ca-certificates fonts-liberation gconf-service libappindicator1 libasound2 libatk1.0-0 libatomic1 libc6 libcairo2 libcups2 libdbus-1-3 libexpat1 libfontconfig1 libgbm1 libgcc1 libgconf-2-4 libgdk-pixbuf2.0-0 libglib2.0-0 libgtk-3-0 libnspr4 libnss3 libpango-1.0-0 libpangocairo-1.0-0 libstdc++6 libx11-6 libx11-xcb1 libxcb1 libxcomposite1 libxcursor1 libxdamage1 libxext6 libxfixes3 libxi6 libxrandr2 libxrender1 libxss1 libxtst6 lsb-release wget xdg-utils xvfb
2025-11-23T17:13:43.150445989Z [inf]  
> design-web-pages@0.1.0 postinstall
> prisma generate


2025-11-23T17:13:44.265137003Z [inf]  Prisma schema loaded from prisma/schema.prisma

2025-11-23T17:13:44.544112815Z [inf]  
  Update available 6.19.0 -> 7.0.0                       
                                                         
  This is a major update - please follow the guide at    
  https://pris.ly/d/major-version-upgrade                
                                                         
  Run the following to update                            
    npm i --save-dev prisma@latest                       
    npm i @prisma/client@latest                          


2025-11-23T17:13:44.544223152Z [inf]  
 Generated Prisma Client (v6.19.0) to ./node_modules/@prisma/client in 107ms

Start by importing your Prisma Client (See: https://pris.ly/d/importing-client)

Tip: Want to turn off tips and other hints? https://pris.ly/tip-4-nohints


2025-11-23T17:13:44.573205355Z [inf]  
added 583 packages, and audited 584 packages in 44s

2025-11-23T17:13:44.603218815Z [inf]  
3 vulnerabilities (2 moderate, 1 high)

To address all issues (including breaking changes), run:
  npm audit fix --force

Run `npm audit` for details.

2025-11-23T17:13:44.847365852Z [inf]  npm install
2025-11-23T17:13:44.848358724Z [inf]  copy / /app
2025-11-23T17:13:45.114315048Z [inf]  copy / /app
2025-11-23T17:13:45.118308390Z [inf]  npm run build
2025-11-23T17:13:45.358376624Z [inf]  npm warn config production Use `--omit=dev` instead.

2025-11-23T17:13:45.37508202Z [inf]  
> design-web-pages@0.1.0 build
> bash railway-build.sh


2025-11-23T17:13:45.380715447Z [inf]   Starting Railway build process...
 Generating Prisma client...

2025-11-23T17:13:45.467528763Z [inf]  npm warn config production Use `--omit=dev` instead.

2025-11-23T17:13:46.748337611Z [inf]  Prisma schema loaded from prisma/schema.prisma

2025-11-23T17:13:47.04107113Z [inf]  
 Generated Prisma Client (v6.19.0) to ./node_modules/@prisma/client in 118ms

Start by importing your Prisma Client (See: https://pris.ly/d/importing-client)

Tip: Interested in query caching in just a few lines of code? Try Accelerate today! https://pris.ly/tip-3-accelerate


2025-11-23T17:13:47.072003256Z [inf]    Running database migrations...

2025-11-23T17:13:47.162228222Z [inf]  npm warn config production Use `--omit=dev` instead.

2025-11-23T17:13:48.512675048Z [inf]  Prisma schema loaded from prisma/schema.prisma

2025-11-23T17:13:48.516374158Z [inf]  Datasource "db": PostgreSQL database "railway", schema "public" at "postgres.railway.internal:5432"

2025-11-23T17:13:48.610081498Z [inf]  

2025-11-23T17:13:48.610468158Z [inf]  Error: P1001: Can't reach database server at `postgres.railway.internal:5432`

Please make sure your database server is running at `postgres.railway.internal:5432`.

2025-11-23T17:13:48.960030267Z [err]  npm run build
2025-11-23T17:13:48.980997135Z [err]  ERROR: failed to build: failed to solve: process "npm run build" did not complete successfully: exit code: 1