2025-11-23T17:20:28.112736841Z [inf]  Preparing to unpack .../029-libxml2_2.9.14+dfsg-1.3~deb12u4_amd64.deb ...

2025-11-23T17:20:28.114198574Z [inf]  Unpacking libxml2:amd64 (2.9.14+dfsg-1.3~deb12u4) ...

2025-11-23T17:20:28.172488766Z [inf]  Selecting previously unselected package shared-mime-info.

2025-11-23T17:20:28.173672532Z [inf]  Preparing to unpack .../030-shared-mime-info_2.2-1_amd64.deb ...

2025-11-23T17:20:28.174840432Z [inf]  Unpacking shared-mime-info (2.2-1) ...

2025-11-23T17:20:28.237022726Z [inf]  Selecting previously unselected package libjpeg62-turbo:amd64.

2025-11-23T17:20:28.238548396Z [inf]  Preparing to unpack .../031-libjpeg62-turbo_1%3a2.1.5-2_amd64.deb ...

2025-11-23T17:20:28.239701164Z [inf]  Unpacking libjpeg62-turbo:amd64 (1:2.1.5-2) ...

2025-11-23T17:20:28.264244233Z [inf]  Selecting previously unselected package libpng16-16:amd64.

2025-11-23T17:20:28.265299387Z [inf]  Preparing to unpack .../032-libpng16-16_1.6.39-2_amd64.deb ...

2025-11-23T17:20:28.266404955Z [inf]  Unpacking libpng16-16:amd64 (1.6.39-2) ...

2025-11-23T17:20:28.294436465Z [inf]  Selecting previously unselected package libdeflate0:amd64.

2025-11-23T17:20:28.295590547Z [inf]  Preparing to unpack .../033-libdeflate0_1.14-1_amd64.deb ...

2025-11-23T17:20:28.296940114Z [inf]  Unpacking libdeflate0:amd64 (1.14-1) ...

2025-11-23T17:20:28.314732147Z [inf]  Selecting previously unselected package libjbig0:amd64.

2025-11-23T17:20:28.315782419Z [inf]  Preparing to unpack .../034-libjbig0_2.1-6.1_amd64.deb ...

2025-11-23T17:20:28.317068848Z [inf]  Unpacking libjbig0:amd64 (2.1-6.1) ...

2025-11-23T17:20:28.332860957Z [inf]  Selecting previously unselected package liblerc4:amd64.

2025-11-23T17:20:28.333905422Z [inf]  Preparing to unpack .../035-liblerc4_4.0.0+ds-2_amd64.deb ...

2025-11-23T17:20:28.335069032Z [inf]  Unpacking liblerc4:amd64 (4.0.0+ds-2) ...

2025-11-23T17:20:28.359166311Z [inf]  Selecting previously unselected package libwebp7:amd64.

2025-11-23T17:20:28.360210961Z [inf]  Preparing to unpack .../036-libwebp7_1.2.4-0.2+deb12u1_amd64.deb ...

2025-11-23T17:20:28.361417787Z [inf]  Unpacking libwebp7:amd64 (1.2.4-0.2+deb12u1) ...

2025-11-23T17:20:28.394386971Z [inf]  Selecting previously unselected package libtiff6:amd64.

2025-11-23T17:20:28.395493164Z [inf]  Preparing to unpack .../037-libtiff6_4.5.0-6+deb12u3_amd64.deb ...

2025-11-23T17:20:28.396740236Z [inf]  Unpacking libtiff6:amd64 (4.5.0-6+deb12u3) ...

2025-11-23T17:20:28.45586767Z [inf]  Selecting previously unselected package libgdk-pixbuf-2.0-0:amd64.

2025-11-23T17:20:28.456910633Z [inf]  Preparing to unpack .../038-libgdk-pixbuf-2.0-0_2.42.10+dfsg-1+deb12u2_amd64.deb ...

2025-11-23T17:20:28.458136272Z [inf]  Unpacking libgdk-pixbuf-2.0-0:amd64 (2.42.10+dfsg-1+deb12u2) ...

2025-11-23T17:20:28.481324658Z [inf]  Selecting previously unselected package gtk-update-icon-cache.

2025-11-23T17:20:28.482427432Z [inf]  Preparing to unpack .../039-gtk-update-icon-cache_3.24.38-2~deb12u3_amd64.deb ...

2025-11-23T17:20:28.483537112Z [inf]  Unpacking gtk-update-icon-cache (3.24.38-2~deb12u3) ...

2025-11-23T17:20:28.507812825Z [inf]  Selecting previously unselected package adwaita-icon-theme.

2025-11-23T17:20:28.508915897Z [inf]  Preparing to unpack .../040-adwaita-icon-theme_43-1_all.deb ...

2025-11-23T17:20:28.510045589Z [inf]  Unpacking adwaita-icon-theme (43-1) ...

2025-11-23T17:20:28.967166616Z [inf]  Selecting previously unselected package alsa-topology-conf.

2025-11-23T17:20:28.969823711Z [inf]  Preparing to unpack .../041-alsa-topology-conf_1.2.5.1-2_all.deb ...

2025-11-23T17:20:28.971301994Z [inf]  Unpacking alsa-topology-conf (1.2.5.1-2) ...

2025-11-23T17:20:28.986167678Z [inf]  Selecting previously unselected package libasound2-data.

2025-11-23T17:20:28.987574762Z [inf]  Preparing to unpack .../042-libasound2-data_1.2.8-1_all.deb ...

2025-11-23T17:20:28.988895526Z [inf]  Unpacking libasound2-data (1.2.8-1) ...

2025-11-23T17:20:29.009257272Z [inf]  Selecting previously unselected package libasound2:amd64.

2025-11-23T17:20:29.010745015Z [inf]  Preparing to unpack .../043-libasound2_1.2.8-1+b1_amd64.deb ...

2025-11-23T17:20:29.011847924Z [inf]  Unpacking libasound2:amd64 (1.2.8-1+b1) ...

2025-11-23T17:20:29.048518701Z [inf]  Selecting previously unselected package alsa-ucm-conf.

2025-11-23T17:20:29.049955159Z [inf]  Preparing to unpack .../044-alsa-ucm-conf_1.2.8-1_all.deb ...

2025-11-23T17:20:29.051275677Z [inf]  Unpacking alsa-ucm-conf (1.2.8-1) ...

2025-11-23T17:20:29.096479796Z [inf]  Selecting previously unselected package at-spi2-common.

2025-11-23T17:20:29.098038774Z [inf]  Preparing to unpack .../045-at-spi2-common_2.46.0-5_all.deb ...

2025-11-23T17:20:29.099634734Z [inf]  Unpacking at-spi2-common (2.46.0-5) ...

2025-11-23T17:20:29.127225251Z [inf]  Selecting previously unselected package libxau6:amd64.

2025-11-23T17:20:29.128763592Z [inf]  Preparing to unpack .../046-libxau6_1%3a1.0.9-1_amd64.deb ...

2025-11-23T17:20:29.130028012Z [inf]  Unpacking libxau6:amd64 (1:1.0.9-1) ...

2025-11-23T17:20:29.145127019Z [inf]  Selecting previously unselected package libbsd0:amd64.

2025-11-23T17:20:29.146903436Z [inf]  Preparing to unpack .../047-libbsd0_0.11.7-2_amd64.deb ...

2025-11-23T17:20:29.148036051Z [inf]  Unpacking libbsd0:amd64 (0.11.7-2) ...

2025-11-23T17:20:29.168674312Z [inf]  Selecting previously unselected package libxdmcp6:amd64.

2025-11-23T17:20:29.170120159Z [inf]  Preparing to unpack .../048-libxdmcp6_1%3a1.1.2-3_amd64.deb ...

2025-11-23T17:20:29.171360719Z [inf]  Unpacking libxdmcp6:amd64 (1:1.1.2-3) ...

2025-11-23T17:20:29.186532372Z [inf]  Selecting previously unselected package libxcb1:amd64.

2025-11-23T17:20:29.187944992Z [inf]  Preparing to unpack .../049-libxcb1_1.15-1_amd64.deb ...

2025-11-23T17:20:29.189173668Z [inf]  Unpacking libxcb1:amd64 (1.15-1) ...

2025-11-23T17:20:29.207525309Z [inf]  Selecting previously unselected package libx11-data.

2025-11-23T17:20:29.208966609Z [inf]  Preparing to unpack .../050-libx11-data_2%3a1.8.4-2+deb12u2_all.deb ...

2025-11-23T17:20:29.210137992Z [inf]  Unpacking libx11-data (2:1.8.4-2+deb12u2) ...

2025-11-23T17:20:29.244765792Z [inf]  Selecting previously unselected package libx11-6:amd64.

2025-11-23T17:20:29.24626272Z [inf]  Preparing to unpack .../051-libx11-6_2%3a1.8.4-2+deb12u2_amd64.deb ...

2025-11-23T17:20:29.247672774Z [inf]  Unpacking libx11-6:amd64 (2:1.8.4-2+deb12u2) ...

2025-11-23T17:20:29.30616883Z [inf]  Selecting previously unselected package libxext6:amd64.

2025-11-23T17:20:29.307635498Z [inf]  Preparing to unpack .../052-libxext6_2%3a1.3.4-1+b1_amd64.deb ...

2025-11-23T17:20:29.308874575Z [inf]  Unpacking libxext6:amd64 (2:1.3.4-1+b1) ...

2025-11-23T17:20:29.326146784Z [inf]  Selecting previously unselected package libxi6:amd64.

2025-11-23T17:20:29.327650216Z [inf]  Preparing to unpack .../053-libxi6_2%3a1.8-1+b1_amd64.deb ...

2025-11-23T17:20:29.328871713Z [inf]  Unpacking libxi6:amd64 (2:1.8-1+b1) ...

2025-11-23T17:20:29.347531202Z [inf]  Selecting previously unselected package libatspi2.0-0:amd64.

2025-11-23T17:20:29.348984705Z [inf]  Preparing to unpack .../054-libatspi2.0-0_2.46.0-5_amd64.deb ...

2025-11-23T17:20:29.35008142Z [inf]  Unpacking libatspi2.0-0:amd64 (2.46.0-5) ...

2025-11-23T17:20:29.36912714Z [inf]  Selecting previously unselected package x11-common.

2025-11-23T17:20:29.370595935Z [inf]  Preparing to unpack .../055-x11-common_1%3a7.7+23_all.deb ...

2025-11-23T17:20:29.371923723Z [inf]  Unpacking x11-common (1:7.7+23) ...

2025-11-23T17:20:29.393245798Z [inf]  Selecting previously unselected package libxtst6:amd64.

2025-11-23T17:20:29.39473548Z [inf]  Preparing to unpack .../056-libxtst6_2%3a1.2.3-1.1_amd64.deb ...

2025-11-23T17:20:29.396010588Z [inf]  Unpacking libxtst6:amd64 (2:1.2.3-1.1) ...

2025-11-23T17:20:29.410938819Z [inf]  Selecting previously unselected package dbus-user-session.

2025-11-23T17:20:29.412416599Z [inf]  Preparing to unpack .../057-dbus-user-session_1.14.10-1~deb12u1_amd64.deb ...

2025-11-23T17:20:29.413595652Z [inf]  Unpacking dbus-user-session (1.14.10-1~deb12u1) ...

2025-11-23T17:20:29.433008818Z [inf]  Selecting previously unselected package libdconf1:amd64.

2025-11-23T17:20:29.434527563Z [inf]  Preparing to unpack .../058-libdconf1_0.40.0-4_amd64.deb ...

2025-11-23T17:20:29.435779295Z [inf]  Unpacking libdconf1:amd64 (0.40.0-4) ...

2025-11-23T17:20:29.452050844Z [inf]  Selecting previously unselected package dconf-service.

2025-11-23T17:20:29.453592928Z [inf]  Preparing to unpack .../059-dconf-service_0.40.0-4_amd64.deb ...

2025-11-23T17:20:29.454866386Z [inf]  Unpacking dconf-service (0.40.0-4) ...

2025-11-23T17:20:29.470199789Z [inf]  Selecting previously unselected package dconf-gsettings-backend:amd64.

2025-11-23T17:20:29.47170428Z [inf]  Preparing to unpack .../060-dconf-gsettings-backend_0.40.0-4_amd64.deb ...

2025-11-23T17:20:29.473010121Z [inf]  Unpacking dconf-gsettings-backend:amd64 (0.40.0-4) ...

2025-11-23T17:20:29.487736105Z [inf]  Selecting previously unselected package gsettings-desktop-schemas.

2025-11-23T17:20:29.489208464Z [inf]  Preparing to unpack .../061-gsettings-desktop-schemas_43.0-1_all.deb ...

2025-11-23T17:20:29.490338294Z [inf]  Unpacking gsettings-desktop-schemas (43.0-1) ...

2025-11-23T17:20:29.550724925Z [inf]  Selecting previously unselected package at-spi2-core.

2025-11-23T17:20:29.552319313Z [inf]  Preparing to unpack .../062-at-spi2-core_2.46.0-5_amd64.deb ...

2025-11-23T17:20:29.553489349Z [inf]  Unpacking at-spi2-core (2.46.0-5) ...

2025-11-23T17:20:29.57404238Z [inf]  Selecting previously unselected package libisl23:amd64.

2025-11-23T17:20:29.575661603Z [inf]  Preparing to unpack .../063-libisl23_0.25-1.1_amd64.deb ...

2025-11-23T17:20:29.576929068Z [inf]  Unpacking libisl23:amd64 (0.25-1.1) ...

2025-11-23T17:20:29.645574551Z [inf]  Selecting previously unselected package libmpfr6:amd64.

2025-11-23T17:20:29.647064044Z [inf]  Preparing to unpack .../064-libmpfr6_4.2.0-1_amd64.deb ...

2025-11-23T17:20:29.648233675Z [inf]  Unpacking libmpfr6:amd64 (4.2.0-1) ...

2025-11-23T17:20:29.688730882Z [inf]  Selecting previously unselected package libmpc3:amd64.

2025-11-23T17:20:29.690362057Z [inf]  Preparing to unpack .../065-libmpc3_1.3.1-1_amd64.deb ...

2025-11-23T17:20:29.691618259Z [inf]  Unpacking libmpc3:amd64 (1.3.1-1) ...

2025-11-23T17:20:29.708277678Z [inf]  Selecting previously unselected package cpp-12.

2025-11-23T17:20:29.710313293Z [inf]  Preparing to unpack .../066-cpp-12_12.2.0-14+deb12u1_amd64.deb ...

2025-11-23T17:20:29.711767474Z [inf]  Unpacking cpp-12 (12.2.0-14+deb12u1) ...

2025-11-23T17:20:30.263569238Z [inf]  Selecting previously unselected package cpp.

2025-11-23T17:20:30.265348255Z [inf]  Preparing to unpack .../067-cpp_4%3a12.2.0-3_amd64.deb ...

2025-11-23T17:20:30.266758191Z [inf]  Unpacking cpp (4:12.2.0-3) ...

2025-11-23T17:20:30.281356694Z [inf]  Selecting previously unselected package libbrotli1:amd64.

2025-11-23T17:20:30.282846922Z [inf]  Preparing to unpack .../068-libbrotli1_1.0.9-2+b6_amd64.deb ...

2025-11-23T17:20:30.28406379Z [inf]  Unpacking libbrotli1:amd64 (1.0.9-2+b6) ...

2025-11-23T17:20:30.318214712Z [inf]  Selecting previously unselected package libfreetype6:amd64.

2025-11-23T17:20:30.319743584Z [inf]  Preparing to unpack .../069-libfreetype6_2.12.1+dfsg-5+deb12u4_amd64.deb ...

2025-11-23T17:20:30.320997466Z [inf]  Unpacking libfreetype6:amd64 (2.12.1+dfsg-5+deb12u4) ...

2025-11-23T17:20:30.36010371Z [inf]  Selecting previously unselected package fonts-liberation.

2025-11-23T17:20:30.361817466Z [inf]  Preparing to unpack .../070-fonts-liberation_1%3a1.07.4-11_all.deb ...

2025-11-23T17:20:30.363043705Z [inf]  Unpacking fonts-liberation (1:1.07.4-11) ...

2025-11-23T17:20:30.433524585Z [inf]  Selecting previously unselected package fontconfig-config.

2025-11-23T17:20:30.435534245Z [inf]  Preparing to unpack .../071-fontconfig-config_2.14.1-4_amd64.deb ...

2025-11-23T17:20:30.518458195Z [inf]  Unpacking fontconfig-config (2.14.1-4) ...

2025-11-23T17:20:30.544140259Z [inf]  Selecting previously unselected package libfontconfig1:amd64.

2025-11-23T17:20:30.545640904Z [inf]  Preparing to unpack .../072-libfontconfig1_2.14.1-4_amd64.deb ...

2025-11-23T17:20:30.546885371Z [inf]  Unpacking libfontconfig1:amd64 (2.14.1-4) ...

2025-11-23T17:20:30.571426237Z [inf]  Selecting previously unselected package fontconfig.

2025-11-23T17:20:30.572900387Z [inf]  Preparing to unpack .../073-fontconfig_2.14.1-4_amd64.deb ...

2025-11-23T17:20:30.574156998Z [inf]  Unpacking fontconfig (2.14.1-4) ...

2025-11-23T17:20:30.603469985Z [inf]  Selecting previously unselected package libdbus-glib-1-2:amd64.

2025-11-23T17:20:30.605055948Z [inf]  Preparing to unpack .../074-libdbus-glib-1-2_0.112-3_amd64.deb ...

2025-11-23T17:20:30.60634721Z [inf]  Unpacking libdbus-glib-1-2:amd64 (0.112-3) ...

2025-11-23T17:20:30.625401927Z [inf]  Selecting previously unselected package gconf2-common.

2025-11-23T17:20:30.626950489Z [inf]  Preparing to unpack .../075-gconf2-common_3.2.6-8_all.deb ...

2025-11-23T17:20:30.628362869Z [inf]  Unpacking gconf2-common (3.2.6-8) ...

2025-11-23T17:20:30.698430857Z [inf]  Selecting previously unselected package libgconf-2-4:amd64.

2025-11-23T17:20:30.700122598Z [inf]  Preparing to unpack .../076-libgconf-2-4_3.2.6-8_amd64.deb ...

2025-11-23T17:20:30.701492332Z [inf]  Unpacking libgconf-2-4:amd64 (3.2.6-8) ...

2025-11-23T17:20:30.725707119Z [inf]  Selecting previously unselected package libsasl2-modules-db:amd64.

2025-11-23T17:20:30.727183821Z [inf]  Preparing to unpack .../077-libsasl2-modules-db_2.1.28+dfsg-10_amd64.deb ...

2025-11-23T17:20:30.72833373Z [inf]  Unpacking libsasl2-modules-db:amd64 (2.1.28+dfsg-10) ...

2025-11-23T17:20:30.743657116Z [inf]  Selecting previously unselected package libsasl2-2:amd64.

2025-11-23T17:20:30.74510985Z [inf]  Preparing to unpack .../078-libsasl2-2_2.1.28+dfsg-10_amd64.deb ...

2025-11-23T17:20:30.746259475Z [inf]  Unpacking libsasl2-2:amd64 (2.1.28+dfsg-10) ...

2025-11-23T17:20:30.765132013Z [inf]  Selecting previously unselected package libldap-2.5-0:amd64.

2025-11-23T17:20:30.766684587Z [inf]  Preparing to unpack .../079-libldap-2.5-0_2.5.13+dfsg-5_amd64.deb ...

2025-11-23T17:20:30.767991358Z [inf]  Unpacking libldap-2.5-0:amd64 (2.5.13+dfsg-5) ...

2025-11-23T17:20:30.792751852Z [inf]  Selecting previously unselected package gconf-service.

2025-11-23T17:20:30.794232114Z [inf]  Preparing to unpack .../080-gconf-service_3.2.6-8_amd64.deb ...

2025-11-23T17:20:30.795324945Z [inf]  Unpacking gconf-service (3.2.6-8) ...

2025-11-23T17:20:30.820493284Z [inf]  Selecting previously unselected package libatk1.0-0:amd64.

2025-11-23T17:20:30.82197619Z [inf]  Preparing to unpack .../081-libatk1.0-0_2.46.0-5_amd64.deb ...

2025-11-23T17:20:30.823149733Z [inf]  Unpacking libatk1.0-0:amd64 (2.46.0-5) ...

2025-11-23T17:20:30.840314699Z [inf]  Selecting previously unselected package libatk-bridge2.0-0:amd64.

2025-11-23T17:20:30.841830421Z [inf]  Preparing to unpack .../082-libatk-bridge2.0-0_2.46.0-5_amd64.deb ...

2025-11-23T17:20:30.842953572Z [inf]  Unpacking libatk-bridge2.0-0:amd64 (2.46.0-5) ...

2025-11-23T17:20:30.861217426Z [inf]  Selecting previously unselected package libatomic1:amd64.

2025-11-23T17:20:30.862817022Z [inf]  Preparing to unpack .../083-libatomic1_12.2.0-14+deb12u1_amd64.deb ...

2025-11-23T17:20:30.863984526Z [inf]  Unpacking libatomic1:amd64 (12.2.0-14+deb12u1) ...

2025-11-23T17:20:30.883105364Z [inf]  Selecting previously unselected package libauthen-sasl-perl.

2025-11-23T17:20:30.884655467Z [inf]  Preparing to unpack .../084-libauthen-sasl-perl_2.1600-3_all.deb ...

2025-11-23T17:20:30.885747281Z [inf]  Unpacking libauthen-sasl-perl (2.1600-3) ...

2025-11-23T17:20:30.90192608Z [inf]  Selecting previously unselected package libavahi-common-data:amd64.

2025-11-23T17:20:30.903422421Z [inf]  Preparing to unpack .../085-libavahi-common-data_0.8-10+deb12u1_amd64.deb ...

2025-11-23T17:20:30.904505967Z [inf]  Unpacking libavahi-common-data:amd64 (0.8-10+deb12u1) ...

2025-11-23T17:20:30.926153159Z [inf]  Selecting previously unselected package libavahi-common3:amd64.

2025-11-23T17:20:30.927659161Z [inf]  Preparing to unpack .../086-libavahi-common3_0.8-10+deb12u1_amd64.deb ...

2025-11-23T17:20:30.928893161Z [inf]  Unpacking libavahi-common3:amd64 (0.8-10+deb12u1) ...

2025-11-23T17:20:30.946429253Z [inf]  Selecting previously unselected package libavahi-client3:amd64.

2025-11-23T17:20:30.94842405Z [inf]  Preparing to unpack .../087-libavahi-client3_0.8-10+deb12u1_amd64.deb ...

2025-11-23T17:20:30.949625997Z [inf]  Unpacking libavahi-client3:amd64 (0.8-10+deb12u1) ...

2025-11-23T17:20:30.96627207Z [inf]  Selecting previously unselected package libgtk2.0-common.

2025-11-23T17:20:30.96802128Z [inf]  Preparing to unpack .../088-libgtk2.0-common_2.24.33-2+deb12u1_all.deb ...

2025-11-23T17:20:30.969199041Z [inf]  Unpacking libgtk2.0-common (2.24.33-2+deb12u1) ...

2025-11-23T17:20:31.16717215Z [inf]  Selecting previously unselected package libpixman-1-0:amd64.

2025-11-23T17:20:31.168829354Z [inf]  Preparing to unpack .../089-libpixman-1-0_0.42.2-1_amd64.deb ...

2025-11-23T17:20:31.170028104Z [inf]  Unpacking libpixman-1-0:amd64 (0.42.2-1) ...

2025-11-23T17:20:31.204698884Z [inf]  Selecting previously unselected package libxcb-render0:amd64.

2025-11-23T17:20:31.206194595Z [inf]  Preparing to unpack .../090-libxcb-render0_1.15-1_amd64.deb ...

2025-11-23T17:20:31.207352195Z [inf]  Unpacking libxcb-render0:amd64 (1.15-1) ...

2025-11-23T17:20:31.229472575Z [inf]  Selecting previously unselected package libxcb-shm0:amd64.

2025-11-23T17:20:31.231074328Z [inf]  Preparing to unpack .../091-libxcb-shm0_1.15-1_amd64.deb ...

2025-11-23T17:20:31.232444474Z [inf]  Unpacking libxcb-shm0:amd64 (1.15-1) ...

2025-11-23T17:20:31.253415673Z [inf]  Selecting previously unselected package libxrender1:amd64.

2025-11-23T17:20:31.254908419Z [inf]  Preparing to unpack .../092-libxrender1_1%3a0.9.10-1.1_amd64.deb ...

2025-11-23T17:20:31.256186413Z [inf]  Unpacking libxrender1:amd64 (1:0.9.10-1.1) ...

2025-11-23T17:20:31.273303452Z [inf]  Selecting previously unselected package libcairo2:amd64.

2025-11-23T17:20:31.27488007Z [inf]  Preparing to unpack .../093-libcairo2_1.16.0-7_amd64.deb ...

2025-11-23T17:20:31.276202335Z [inf]  Unpacking libcairo2:amd64 (1.16.0-7) ...

2025-11-23T17:20:31.324097331Z [inf]  Selecting previously unselected package libkrb5support0:amd64.

2025-11-23T17:20:31.325648554Z [inf]  Preparing to unpack .../094-libkrb5support0_1.20.1-2+deb12u4_amd64.deb ...

2025-11-23T17:20:31.326678593Z [inf]  Unpacking libkrb5support0:amd64 (1.20.1-2+deb12u4) ...

2025-11-23T17:20:31.34314287Z [inf]  Selecting previously unselected package libk5crypto3:amd64.

2025-11-23T17:20:31.345088904Z [inf]  Preparing to unpack .../095-libk5crypto3_1.20.1-2+deb12u4_amd64.deb ...

2025-11-23T17:20:31.346324529Z [inf]  Unpacking libk5crypto3:amd64 (1.20.1-2+deb12u4) ...

2025-11-23T17:20:31.366507849Z [inf]  Selecting previously unselected package libkeyutils1:amd64.

2025-11-23T17:20:31.367999403Z [inf]  Preparing to unpack .../096-libkeyutils1_1.6.3-2_amd64.deb ...

2025-11-23T17:20:31.369225029Z [inf]  Unpacking libkeyutils1:amd64 (1.6.3-2) ...

2025-11-23T17:20:31.384709384Z [inf]  Selecting previously unselected package libkrb5-3:amd64.

2025-11-23T17:20:31.386492459Z [inf]  Preparing to unpack .../097-libkrb5-3_1.20.1-2+deb12u4_amd64.deb ...

2025-11-23T17:20:31.387764539Z [inf]  Unpacking libkrb5-3:amd64 (1.20.1-2+deb12u4) ...

2025-11-23T17:20:31.426966965Z [inf]  Selecting previously unselected package libgssapi-krb5-2:amd64.

2025-11-23T17:20:31.42847359Z [inf]  Preparing to unpack .../098-libgssapi-krb5-2_1.20.1-2+deb12u4_amd64.deb ...

2025-11-23T17:20:31.429699746Z [inf]  Unpacking libgssapi-krb5-2:amd64 (1.20.1-2+deb12u4) ...

2025-11-23T17:20:31.453626549Z [inf]  Selecting previously unselected package libcups2:amd64.

2025-11-23T17:20:31.455176531Z [inf]  Preparing to unpack .../099-libcups2_2.4.2-3+deb12u9_amd64.deb ...

2025-11-23T17:20:31.456346454Z [inf]  Unpacking libcups2:amd64 (2.4.2-3+deb12u9) ...

2025-11-23T17:20:31.487341476Z [inf]  Selecting previously unselected package libfribidi0:amd64.

2025-11-23T17:20:31.488861149Z [inf]  Preparing to unpack .../100-libfribidi0_1.0.8-2.1_amd64.deb ...

2025-11-23T17:20:31.490035748Z [inf]  Unpacking libfribidi0:amd64 (1.0.8-2.1) ...

2025-11-23T17:20:31.507637892Z [inf]  Selecting previously unselected package libgraphite2-3:amd64.

2025-11-23T17:20:31.509120694Z [inf]  Preparing to unpack .../101-libgraphite2-3_1.3.14-1_amd64.deb ...

2025-11-23T17:20:31.510232381Z [inf]  Unpacking libgraphite2-3:amd64 (1.3.14-1) ...

2025-11-23T17:20:31.529459049Z [inf]  Selecting previously unselected package libharfbuzz0b:amd64.

2025-11-23T17:20:31.530988879Z [inf]  Preparing to unpack .../102-libharfbuzz0b_6.0.0+dfsg-3_amd64.deb ...

2025-11-23T17:20:31.532198172Z [inf]  Unpacking libharfbuzz0b:amd64 (6.0.0+dfsg-3) ...

2025-11-23T17:20:31.582856452Z [inf]  Selecting previously unselected package libthai-data.

2025-11-23T17:20:31.584360088Z [inf]  Preparing to unpack .../103-libthai-data_0.1.29-1_all.deb ...

2025-11-23T17:20:31.585472928Z [inf]  Unpacking libthai-data (0.1.29-1) ...

2025-11-23T17:20:31.612862295Z [inf]  Selecting previously unselected package libdatrie1:amd64.

2025-11-23T17:20:31.614372056Z [inf]  Preparing to unpack .../104-libdatrie1_0.2.13-2+b1_amd64.deb ...

2025-11-23T17:20:31.615566859Z [inf]  Unpacking libdatrie1:amd64 (0.2.13-2+b1) ...

2025-11-23T17:20:31.6329896Z [inf]  Selecting previously unselected package libthai0:amd64.

2025-11-23T17:20:31.634521577Z [inf]  Preparing to unpack .../105-libthai0_0.1.29-1_amd64.deb ...

2025-11-23T17:20:31.635810928Z [inf]  Unpacking libthai0:amd64 (0.1.29-1) ...

2025-11-23T17:20:31.654697494Z [inf]  Selecting previously unselected package libpango-1.0-0:amd64.

2025-11-23T17:20:31.656276472Z [inf]  Preparing to unpack .../106-libpango-1.0-0_1.50.12+ds-1_amd64.deb ...

2025-11-23T17:20:31.65755402Z [inf]  Unpacking libpango-1.0-0:amd64 (1.50.12+ds-1) ...

2025-11-23T17:20:31.686084487Z [inf]  Selecting previously unselected package libpangoft2-1.0-0:amd64.

2025-11-23T17:20:31.687673051Z [inf]  Preparing to unpack .../107-libpangoft2-1.0-0_1.50.12+ds-1_amd64.deb ...

2025-11-23T17:20:31.688903247Z [inf]  Unpacking libpangoft2-1.0-0:amd64 (1.50.12+ds-1) ...

2025-11-23T17:20:31.706769594Z [inf]  Selecting previously unselected package libpangocairo-1.0-0:amd64.

2025-11-23T17:20:31.708411765Z [inf]  Preparing to unpack .../108-libpangocairo-1.0-0_1.50.12+ds-1_amd64.deb ...

2025-11-23T17:20:31.709582187Z [inf]  Unpacking libpangocairo-1.0-0:amd64 (1.50.12+ds-1) ...

2025-11-23T17:20:31.726923143Z [inf]  Selecting previously unselected package libxcomposite1:amd64.

2025-11-23T17:20:31.728638659Z [inf]  Preparing to unpack .../109-libxcomposite1_1%3a0.4.5-1_amd64.deb ...

2025-11-23T17:20:31.729863829Z [inf]  Unpacking libxcomposite1:amd64 (1:0.4.5-1) ...

2025-11-23T17:20:31.745586204Z [inf]  Selecting previously unselected package libxfixes3:amd64.

2025-11-23T17:20:31.747239414Z [inf]  Preparing to unpack .../110-libxfixes3_1%3a6.0.0-2_amd64.deb ...

2025-11-23T17:20:31.748624338Z [inf]  Unpacking libxfixes3:amd64 (1:6.0.0-2) ...

2025-11-23T17:20:31.764066607Z [inf]  Selecting previously unselected package libxcursor1:amd64.

2025-11-23T17:20:31.765633661Z [inf]  Preparing to unpack .../111-libxcursor1_1%3a1.2.1-1_amd64.deb ...

2025-11-23T17:20:31.766817334Z [inf]  Unpacking libxcursor1:amd64 (1:1.2.1-1) ...

2025-11-23T17:20:31.782853108Z [inf]  Selecting previously unselected package libxdamage1:amd64.

2025-11-23T17:20:31.784390988Z [inf]  Preparing to unpack .../112-libxdamage1_1%3a1.1.6-1_amd64.deb ...

2025-11-23T17:20:31.785520975Z [inf]  Unpacking libxdamage1:amd64 (1:1.1.6-1) ...

2025-11-23T17:20:31.800038385Z [inf]  Selecting previously unselected package libxinerama1:amd64.

2025-11-23T17:20:31.801554629Z [inf]  Preparing to unpack .../113-libxinerama1_2%3a1.1.4-3_amd64.deb ...

2025-11-23T17:20:31.802637922Z [inf]  Unpacking libxinerama1:amd64 (2:1.1.4-3) ...

2025-11-23T17:20:31.817421856Z [inf]  Selecting previously unselected package libxrandr2:amd64.

2025-11-23T17:20:31.819132373Z [inf]  Preparing to unpack .../114-libxrandr2_2%3a1.5.2-2+b1_amd64.deb ...

2025-11-23T17:20:31.820309309Z [inf]  Unpacking libxrandr2:amd64 (2:1.5.2-2+b1) ...

2025-11-23T17:20:31.840442452Z [inf]  Selecting previously unselected package libgtk2.0-0:amd64.

2025-11-23T17:20:31.84217181Z [inf]  Preparing to unpack .../115-libgtk2.0-0_2.24.33-2+deb12u1_amd64.deb ...

2025-11-23T17:20:31.843395219Z [inf]  Unpacking libgtk2.0-0:amd64 (2.24.33-2+deb12u1) ...

2025-11-23T17:20:31.975832528Z [inf]  Selecting previously unselected package libayatana-indicator7:amd64.

2025-11-23T17:20:31.977469833Z [inf]  Preparing to unpack .../116-libayatana-indicator7_0.9.3-1_amd64.deb ...

2025-11-23T17:20:31.978769247Z [inf]  Unpacking libayatana-indicator7:amd64 (0.9.3-1) ...

2025-11-23T17:20:31.995423764Z [inf]  Selecting previously unselected package libdbusmenu-glib4:amd64.

2025-11-23T17:20:31.997194874Z [inf]  Preparing to unpack .../117-libdbusmenu-glib4_18.10.20180917~bzr492+repack1-3_amd64.deb ...

2025-11-23T17:20:31.998427663Z [inf]  Unpacking libdbusmenu-glib4:amd64 (18.10.20180917~bzr492+repack1-3) ...

2025-11-23T17:20:32.015041825Z [inf]  Selecting previously unselected package libdbusmenu-gtk4:amd64.

2025-11-23T17:20:32.016581632Z [inf]  Preparing to unpack .../118-libdbusmenu-gtk4_18.10.20180917~bzr492+repack1-3_amd64.deb ...

2025-11-23T17:20:32.017710491Z [inf]  Unpacking libdbusmenu-gtk4:amd64 (18.10.20180917~bzr492+repack1-3) ...

2025-11-23T17:20:32.03420854Z [inf]  Selecting previously unselected package libayatana-appindicator1.

2025-11-23T17:20:32.035934123Z [inf]  Preparing to unpack .../119-libayatana-appindicator1_0.5.92-1_amd64.deb ...

2025-11-23T17:20:32.03729774Z [inf]  Unpacking libayatana-appindicator1 (0.5.92-1) ...

2025-11-23T17:20:32.053211124Z [inf]  Selecting previously unselected package libcairo-gobject2:amd64.

2025-11-23T17:20:32.054863627Z [inf]  Preparing to unpack .../120-libcairo-gobject2_1.16.0-7_amd64.deb ...

2025-11-23T17:20:32.056203429Z [inf]  Unpacking libcairo-gobject2:amd64 (1.16.0-7) ...

2025-11-23T17:20:32.076229395Z [inf]  Selecting previously unselected package libclone-perl:amd64.

2025-11-23T17:20:32.077927629Z [inf]  Preparing to unpack .../121-libclone-perl_0.46-1_amd64.deb ...

2025-11-23T17:20:32.079306545Z [inf]  Unpacking libclone-perl:amd64 (0.46-1) ...

2025-11-23T17:20:32.09523662Z [inf]  Selecting previously unselected package liblcms2-2:amd64.

2025-11-23T17:20:32.096848654Z [inf]  Preparing to unpack .../122-liblcms2-2_2.14-2_amd64.deb ...

2025-11-23T17:20:32.09812521Z [inf]  Unpacking liblcms2-2:amd64 (2.14-2) ...

2025-11-23T17:20:32.123700926Z [inf]  Selecting previously unselected package libcolord2:amd64.

2025-11-23T17:20:32.125258052Z [inf]  Preparing to unpack .../123-libcolord2_1.4.6-2.2_amd64.deb ...

2025-11-23T17:20:32.126608221Z [inf]  Unpacking libcolord2:amd64 (1.4.6-2.2) ...

2025-11-23T17:20:32.148675007Z [inf]  Selecting previously unselected package libdata-dump-perl.

2025-11-23T17:20:32.150275228Z [inf]  Preparing to unpack .../124-libdata-dump-perl_1.25-1_all.deb ...

2025-11-23T17:20:32.151514824Z [inf]  Unpacking libdata-dump-perl (1.25-1) ...

2025-11-23T17:20:32.167908507Z [inf]  Selecting previously unselected package libdrm-common.

2025-11-23T17:20:32.169629782Z [inf]  Preparing to unpack .../125-libdrm-common_2.4.114-1_all.deb ...

2025-11-23T17:20:32.170913224Z [inf]  Unpacking libdrm-common (2.4.114-1) ...

2025-11-23T17:20:32.186121679Z [inf]  Selecting previously unselected package libdrm2:amd64.

2025-11-23T17:20:32.188197375Z [inf]  Preparing to unpack .../126-libdrm2_2.4.114-1+b1_amd64.deb ...

2025-11-23T17:20:32.189583863Z [inf]  Unpacking libdrm2:amd64 (2.4.114-1+b1) ...

2025-11-23T17:20:32.207498591Z [inf]  Selecting previously unselected package libdrm-amdgpu1:amd64.

2025-11-23T17:20:32.209054313Z [inf]  Preparing to unpack .../127-libdrm-amdgpu1_2.4.114-1+b1_amd64.deb ...

2025-11-23T17:20:32.210486008Z [inf]  Unpacking libdrm-amdgpu1:amd64 (2.4.114-1+b1) ...

2025-11-23T17:20:32.226649399Z [inf]  Selecting previously unselected package libpciaccess0:amd64.

2025-11-23T17:20:32.228295848Z [inf]  Preparing to unpack .../128-libpciaccess0_0.17-2_amd64.deb ...

2025-11-23T17:20:32.229559231Z [inf]  Unpacking libpciaccess0:amd64 (0.17-2) ...

2025-11-23T17:20:32.248096941Z [inf]  Selecting previously unselected package libdrm-intel1:amd64.

2025-11-23T17:20:32.249671795Z [inf]  Preparing to unpack .../129-libdrm-intel1_2.4.114-1+b1_amd64.deb ...

2025-11-23T17:20:32.251015284Z [inf]  Unpacking libdrm-intel1:amd64 (2.4.114-1+b1) ...

2025-11-23T17:20:32.270850254Z [inf]  Selecting previously unselected package libdrm-nouveau2:amd64.

2025-11-23T17:20:32.272630787Z [inf]  Preparing to unpack .../130-libdrm-nouveau2_2.4.114-1+b1_amd64.deb ...

2025-11-23T17:20:32.273778426Z [inf]  Unpacking libdrm-nouveau2:amd64 (2.4.114-1+b1) ...

2025-11-23T17:20:32.289135814Z [inf]  Selecting previously unselected package libdrm-radeon1:amd64.

2025-11-23T17:20:32.29069736Z [inf]  Preparing to unpack .../131-libdrm-radeon1_2.4.114-1+b1_amd64.deb ...

2025-11-23T17:20:32.291865466Z [inf]  Unpacking libdrm-radeon1:amd64 (2.4.114-1+b1) ...

2025-11-23T17:20:32.307157429Z [inf]  Selecting previously unselected package libedit2:amd64.

2025-11-23T17:20:32.308688701Z [inf]  Preparing to unpack .../132-libedit2_3.1-20221030-2_amd64.deb ...

2025-11-23T17:20:32.309890061Z [inf]  Unpacking libedit2:amd64 (3.1-20221030-2) ...

2025-11-23T17:20:32.330834261Z [inf]  Selecting previously unselected package libwayland-server0:amd64.

2025-11-23T17:20:32.332430185Z [inf]  Preparing to unpack .../133-libwayland-server0_1.21.0-1_amd64.deb ...

2025-11-23T17:20:32.333706882Z [inf]  Unpacking libwayland-server0:amd64 (1.21.0-1) ...

2025-11-23T17:20:32.350700472Z [inf]  Selecting previously unselected package libgbm1:amd64.

2025-11-23T17:20:32.352216666Z [inf]  Preparing to unpack .../134-libgbm1_22.3.6-1+deb12u1_amd64.deb ...

2025-11-23T17:20:32.353397355Z [inf]  Unpacking libgbm1:amd64 (22.3.6-1+deb12u1) ...

2025-11-23T17:20:32.370888557Z [inf]  Selecting previously unselected package libglapi-mesa:amd64.

2025-11-23T17:20:32.372383182Z [inf]  Preparing to unpack .../135-libglapi-mesa_22.3.6-1+deb12u1_amd64.deb ...

2025-11-23T17:20:32.373654793Z [inf]  Unpacking libglapi-mesa:amd64 (22.3.6-1+deb12u1) ...

2025-11-23T17:20:32.391398205Z [inf]  Selecting previously unselected package libwayland-client0:amd64.

2025-11-23T17:20:32.392982733Z [inf]  Preparing to unpack .../136-libwayland-client0_1.21.0-1_amd64.deb ...

2025-11-23T17:20:32.394144678Z [inf]  Unpacking libwayland-client0:amd64 (1.21.0-1) ...

2025-11-23T17:20:32.409490484Z [inf]  Selecting previously unselected package libx11-xcb1:amd64.

2025-11-23T17:20:32.411121615Z [inf]  Preparing to unpack .../137-libx11-xcb1_2%3a1.8.4-2+deb12u2_amd64.deb ...

2025-11-23T17:20:32.412413829Z [inf]  Unpacking libx11-xcb1:amd64 (2:1.8.4-2+deb12u2) ...

2025-11-23T17:20:32.43075187Z [inf]  Selecting previously unselected package libxcb-dri2-0:amd64.

2025-11-23T17:20:32.432273458Z [inf]  Preparing to unpack .../138-libxcb-dri2-0_1.15-1_amd64.deb ...

2025-11-23T17:20:32.433446616Z [inf]  Unpacking libxcb-dri2-0:amd64 (1.15-1) ...

2025-11-23T17:20:32.454229932Z [inf]  Selecting previously unselected package libxcb-dri3-0:amd64.

2025-11-23T17:20:32.455826344Z [inf]  Preparing to unpack .../139-libxcb-dri3-0_1.15-1_amd64.deb ...

2025-11-23T17:20:32.456969511Z [inf]  Unpacking libxcb-dri3-0:amd64 (1.15-1) ...

2025-11-23T17:20:32.478112293Z [inf]  Selecting previously unselected package libxcb-present0:amd64.

2025-11-23T17:20:32.48032599Z [inf]  Preparing to unpack .../140-libxcb-present0_1.15-1_amd64.deb ...

2025-11-23T17:20:32.481647564Z [inf]  Unpacking libxcb-present0:amd64 (1.15-1) ...

2025-11-23T17:20:32.503185122Z [inf]  Selecting previously unselected package libxcb-randr0:amd64.

2025-11-23T17:20:32.505108974Z [inf]  Preparing to unpack .../141-libxcb-randr0_1.15-1_amd64.deb ...

2025-11-23T17:20:32.506391063Z [inf]  Unpacking libxcb-randr0:amd64 (1.15-1) ...

2025-11-23T17:20:32.52817379Z [inf]  Selecting previously unselected package libxcb-sync1:amd64.

2025-11-23T17:20:32.529799911Z [inf]  Preparing to unpack .../142-libxcb-sync1_1.15-1_amd64.deb ...

2025-11-23T17:20:32.530977586Z [inf]  Unpacking libxcb-sync1:amd64 (1.15-1) ...

2025-11-23T17:20:32.553350434Z [inf]  Selecting previously unselected package libxcb-xfixes0:amd64.

2025-11-23T17:20:32.555039117Z [inf]  Preparing to unpack .../143-libxcb-xfixes0_1.15-1_amd64.deb ...

2025-11-23T17:20:32.556388593Z [inf]  Unpacking libxcb-xfixes0:amd64 (1.15-1) ...

2025-11-23T17:20:32.577782047Z [inf]  Selecting previously unselected package libxshmfence1:amd64.

2025-11-23T17:20:32.579406431Z [inf]  Preparing to unpack .../144-libxshmfence1_1.3-1_amd64.deb ...

2025-11-23T17:20:32.580566398Z [inf]  Unpacking libxshmfence1:amd64 (1.3-1) ...

2025-11-23T17:20:32.59624808Z [inf]  Selecting previously unselected package libegl-mesa0:amd64.

2025-11-23T17:20:32.597852985Z [inf]  Preparing to unpack .../145-libegl-mesa0_22.3.6-1+deb12u1_amd64.deb ...

2025-11-23T17:20:32.599143177Z [inf]  Unpacking libegl-mesa0:amd64 (22.3.6-1+deb12u1) ...

2025-11-23T17:20:32.62127255Z [inf]  Selecting previously unselected package libelf1:amd64.

2025-11-23T17:20:32.622927412Z [inf]  Preparing to unpack .../146-libelf1_0.188-2.1_amd64.deb ...

2025-11-23T17:20:32.624154215Z [inf]  Unpacking libelf1:amd64 (0.188-2.1) ...

2025-11-23T17:20:32.650205307Z [inf]  Selecting previously unselected package libencode-locale-perl.

2025-11-23T17:20:32.65174494Z [inf]  Preparing to unpack .../147-libencode-locale-perl_1.05-3_all.deb ...

2025-11-23T17:20:32.652824263Z [inf]  Unpacking libencode-locale-perl (1.05-3) ...

2025-11-23T17:20:32.668773813Z [inf]  Selecting previously unselected package libepoxy0:amd64.

2025-11-23T17:20:32.670460553Z [inf]  Preparing to unpack .../148-libepoxy0_1.5.10-1_amd64.deb ...

2025-11-23T17:20:32.671689034Z [inf]  Unpacking libepoxy0:amd64 (1.5.10-1) ...

2025-11-23T17:20:32.699638735Z [inf]  Selecting previously unselected package libipc-system-simple-perl.

2025-11-23T17:20:32.701152288Z [inf]  Preparing to unpack .../149-libipc-system-simple-perl_1.30-2_all.deb ...

2025-11-23T17:20:32.702314545Z [inf]  Unpacking libipc-system-simple-perl (1.30-2) ...

2025-11-23T17:20:32.716634409Z [inf]  Selecting previously unselected package libfile-basedir-perl.

2025-11-23T17:20:32.718150219Z [inf]  Preparing to unpack .../150-libfile-basedir-perl_0.09-2_all.deb ...

2025-11-23T17:20:32.719223688Z [inf]  Unpacking libfile-basedir-perl (0.09-2) ...

2025-11-23T17:20:32.732361907Z [inf]  Selecting previously unselected package libregexp-ipv6-perl.

2025-11-23T17:20:32.733895942Z [inf]  Preparing to unpack .../151-libregexp-ipv6-perl_0.03-3_all.deb ...

2025-11-23T17:20:32.734971795Z [inf]  Unpacking libregexp-ipv6-perl (0.03-3) ...

2025-11-23T17:20:32.747919529Z [inf]  Selecting previously unselected package liburi-perl.

2025-11-23T17:20:32.749467473Z [inf]  Preparing to unpack .../152-liburi-perl_5.17-1_all.deb ...

2025-11-23T17:20:32.750647294Z [inf]  Unpacking liburi-perl (5.17-1) ...

2025-11-23T17:20:32.772592919Z [inf]  Selecting previously unselected package libfile-desktopentry-perl.

2025-11-23T17:20:32.774100907Z [inf]  Preparing to unpack .../153-libfile-desktopentry-perl_0.22-3_all.deb ...

2025-11-23T17:20:32.775345463Z [inf]  Unpacking libfile-desktopentry-perl (0.22-3) ...

2025-11-23T17:20:32.789361079Z [inf]  Selecting previously unselected package libtimedate-perl.

2025-11-23T17:20:32.791339309Z [inf]  Preparing to unpack .../154-libtimedate-perl_2.3300-2_all.deb ...

2025-11-23T17:20:32.792448304Z [inf]  Unpacking libtimedate-perl (2.3300-2) ...

2025-11-23T17:20:32.809921561Z [inf]  Selecting previously unselected package libhttp-date-perl.

2025-11-23T17:20:32.811623801Z [inf]  Preparing to unpack .../155-libhttp-date-perl_6.05-2_all.deb ...

2025-11-23T17:20:32.812785028Z [inf]  Unpacking libhttp-date-perl (6.05-2) ...

2025-11-23T17:20:32.82663738Z [inf]  Selecting previously unselected package libfile-listing-perl.

2025-11-23T17:20:32.828475251Z [inf]  Preparing to unpack .../156-libfile-listing-perl_6.15-1_all.deb ...

2025-11-23T17:20:32.82953621Z [inf]  Unpacking libfile-listing-perl (6.15-1) ...

2025-11-23T17:20:32.8430348Z [inf]  Selecting previously unselected package libfile-mimeinfo-perl.

2025-11-23T17:20:32.844571245Z [inf]  Preparing to unpack .../157-libfile-mimeinfo-perl_0.33-1_all.deb ...

2025-11-23T17:20:32.845673057Z [inf]  Unpacking libfile-mimeinfo-perl (0.33-1) ...

2025-11-23T17:20:32.862307696Z [inf]  Selecting previously unselected package libfont-afm-perl.

2025-11-23T17:20:32.863877298Z [inf]  Preparing to unpack .../158-libfont-afm-perl_1.20-4_all.deb ...

2025-11-23T17:20:32.864904181Z [inf]  Unpacking libfont-afm-perl (1.20-4) ...

2025-11-23T17:20:32.880369746Z [inf]  Selecting previously unselected package libfontenc1:amd64.

2025-11-23T17:20:32.881901666Z [inf]  Preparing to unpack .../159-libfontenc1_1%3a1.1.4-1_amd64.deb ...

2025-11-23T17:20:32.88305509Z [inf]  Unpacking libfontenc1:amd64 (1:1.1.4-1) ...

2025-11-23T17:20:32.899181175Z [inf]  Selecting previously unselected package libgail18:amd64.

2025-11-23T17:20:32.900732665Z [inf]  Preparing to unpack .../160-libgail18_2.24.33-2+deb12u1_amd64.deb ...

2025-11-23T17:20:32.901867922Z [inf]  Unpacking libgail18:amd64 (2.24.33-2+deb12u1) ...

2025-11-23T17:20:32.916228928Z [inf]  Selecting previously unselected package libgail-common:amd64.

2025-11-23T17:20:32.91794103Z [inf]  Preparing to unpack .../161-libgail-common_2.24.33-2+deb12u1_amd64.deb ...

2025-11-23T17:20:32.919232546Z [inf]  Unpacking libgail-common:amd64 (2.24.33-2+deb12u1) ...

2025-11-23T17:20:32.941620103Z [inf]  Selecting previously unselected package libgdk-pixbuf-xlib-2.0-0:amd64.

2025-11-23T17:20:32.943177287Z [inf]  Preparing to unpack .../162-libgdk-pixbuf-xlib-2.0-0_2.40.2-2_amd64.deb ...

2025-11-23T17:20:32.944439287Z [inf]  Unpacking libgdk-pixbuf-xlib-2.0-0:amd64 (2.40.2-2) ...

2025-11-23T17:20:32.961363747Z [inf]  Selecting previously unselected package libgdk-pixbuf2.0-0:amd64.

2025-11-23T17:20:32.962991705Z [inf]  Preparing to unpack .../163-libgdk-pixbuf2.0-0_2.40.2-2_amd64.deb ...

2025-11-23T17:20:32.964097141Z [inf]  Unpacking libgdk-pixbuf2.0-0:amd64 (2.40.2-2) ...

2025-11-23T17:20:32.977711725Z [inf]  Selecting previously unselected package libgdk-pixbuf2.0-bin.

2025-11-23T17:20:32.979347751Z [inf]  Preparing to unpack .../164-libgdk-pixbuf2.0-bin_2.42.10+dfsg-1+deb12u2_amd64.deb ...

2025-11-23T17:20:32.980681856Z [inf]  Unpacking libgdk-pixbuf2.0-bin (2.42.10+dfsg-1+deb12u2) ...

2025-11-23T17:20:32.997156531Z [inf]  Selecting previously unselected package libglvnd0:amd64.

2025-11-23T17:20:32.998837572Z [inf]  Preparing to unpack .../165-libglvnd0_1.6.0-1_amd64.deb ...

2025-11-23T17:20:33.000251066Z [inf]  Unpacking libglvnd0:amd64 (1.6.0-1) ...

2025-11-23T17:20:33.020917971Z [inf]  Selecting previously unselected package libxcb-glx0:amd64.

2025-11-23T17:20:33.022479065Z [inf]  Preparing to unpack .../166-libxcb-glx0_1.15-1_amd64.deb ...

2025-11-23T17:20:33.02378521Z [inf]  Unpacking libxcb-glx0:amd64 (1.15-1) ...

2025-11-23T17:20:33.046341574Z [inf]  Selecting previously unselected package libxxf86vm1:amd64.

2025-11-23T17:20:33.047889923Z [inf]  Preparing to unpack .../167-libxxf86vm1_1%3a1.1.4-1+b2_amd64.deb ...

2025-11-23T17:20:33.055673353Z [inf]  Unpacking libxxf86vm1:amd64 (1:1.1.4-1+b2) ...

2025-11-23T17:20:33.071654746Z [inf]  Selecting previously unselected package libz3-4:amd64.

2025-11-23T17:20:33.073225183Z [inf]  Preparing to unpack .../168-libz3-4_4.8.12-3.1_amd64.deb ...

2025-11-23T17:20:33.074376256Z [inf]  Unpacking libz3-4:amd64 (4.8.12-3.1) ...

2025-11-23T17:20:33.54281602Z [inf]  Selecting previously unselected package libllvm15:amd64.

2025-11-23T17:20:33.544353516Z [inf]  Preparing to unpack .../169-libllvm15_1%3a15.0.6-4+b1_amd64.deb ...

2025-11-23T17:20:33.546636244Z [inf]  Unpacking libllvm15:amd64 (1:15.0.6-4+b1) ...

2025-11-23T17:20:34.213444571Z [inf]  Selecting previously unselected package libsensors-config.

2025-11-23T17:20:34.214994799Z [inf]  Preparing to unpack .../170-libsensors-config_1%3a3.6.0-7.1_all.deb ...

2025-11-23T17:20:34.216484438Z [inf]  Unpacking libsensors-config (1:3.6.0-7.1) ...

2025-11-23T17:20:34.233326384Z [inf]  Selecting previously unselected package libsensors5:amd64.

2025-11-23T17:20:34.234920299Z [inf]  Preparing to unpack .../171-libsensors5_1%3a3.6.0-7.1_amd64.deb ...

2025-11-23T17:20:34.255948479Z [inf]  Unpacking libsensors5:amd64 (1:3.6.0-7.1) ...

2025-11-23T17:20:34.275138816Z [inf]  Selecting previously unselected package libgl1-mesa-dri:amd64.

2025-11-23T17:20:34.276697709Z [inf]  Preparing to unpack .../172-libgl1-mesa-dri_22.3.6-1+deb12u1_amd64.deb ...

2025-11-23T17:20:34.282334794Z [inf]  Unpacking libgl1-mesa-dri:amd64 (22.3.6-1+deb12u1) ...

2025-11-23T17:20:34.738144298Z [inf]  Selecting previously unselected package libglx-mesa0:amd64.

2025-11-23T17:20:34.739671231Z [inf]  Preparing to unpack .../173-libglx-mesa0_22.3.6-1+deb12u1_amd64.deb ...

2025-11-23T17:20:34.740891689Z [inf]  Unpacking libglx-mesa0:amd64 (22.3.6-1+deb12u1) ...

2025-11-23T17:20:34.765354365Z [inf]  Selecting previously unselected package libglx0:amd64.

2025-11-23T17:20:34.766948244Z [inf]  Preparing to unpack .../174-libglx0_1.6.0-1_amd64.deb ...

2025-11-23T17:20:34.768223431Z [inf]  Unpacking libglx0:amd64 (1.6.0-1) ...

2025-11-23T17:20:34.786615584Z [inf]  Selecting previously unselected package libgl1:amd64.

2025-11-23T17:20:34.788145959Z [inf]  Preparing to unpack .../175-libgl1_1.6.0-1_amd64.deb ...

2025-11-23T17:20:34.789288415Z [inf]  Unpacking libgl1:amd64 (1.6.0-1) ...

2025-11-23T17:20:34.809935413Z [inf]  Selecting previously unselected package libgles2:amd64.

2025-11-23T17:20:34.811901545Z [inf]  Preparing to unpack .../176-libgles2_1.6.0-1_amd64.deb ...

2025-11-23T17:20:34.813025347Z [inf]  Unpacking libgles2:amd64 (1.6.0-1) ...

2025-11-23T17:20:34.828075725Z [inf]  Selecting previously unselected package libglib2.0-data.

2025-11-23T17:20:34.829629074Z [inf]  Preparing to unpack .../177-libglib2.0-data_2.74.6-2+deb12u7_all.deb ...

2025-11-23T17:20:34.830671555Z [inf]  Unpacking libglib2.0-data (2.74.6-2+deb12u7) ...

2025-11-23T17:20:34.929091475Z [inf]  Selecting previously unselected package libgpm2:amd64.

2025-11-23T17:20:34.930780499Z [inf]  Preparing to unpack .../178-libgpm2_1.20.7-10+b1_amd64.deb ...

2025-11-23T17:20:34.932100752Z [inf]  Unpacking libgpm2:amd64 (1.20.7-10+b1) ...

2025-11-23T17:20:34.948496645Z [inf]  Selecting previously unselected package libwayland-cursor0:amd64.

2025-11-23T17:20:34.950106828Z [inf]  Preparing to unpack .../179-libwayland-cursor0_1.21.0-1_amd64.deb ...

2025-11-23T17:20:34.9514789Z [inf]  Unpacking libwayland-cursor0:amd64 (1.21.0-1) ...

2025-11-23T17:20:34.967488197Z [inf]  Selecting previously unselected package libwayland-egl1:amd64.

2025-11-23T17:20:34.969041581Z [inf]  Preparing to unpack .../180-libwayland-egl1_1.21.0-1_amd64.deb ...

2025-11-23T17:20:34.970394658Z [inf]  Unpacking libwayland-egl1:amd64 (1.21.0-1) ...

2025-11-23T17:20:34.984383205Z [inf]  Selecting previously unselected package xkb-data.

2025-11-23T17:20:34.986113817Z [inf]  Preparing to unpack .../181-xkb-data_2.35.1-1_all.deb ...

2025-11-23T17:20:34.98738769Z [inf]  Unpacking xkb-data (2.35.1-1) ...

2025-11-23T17:20:35.05993796Z [inf]  Selecting previously unselected package libxkbcommon0:amd64.

2025-11-23T17:20:35.06163191Z [inf]  Preparing to unpack .../182-libxkbcommon0_1.5.0-1_amd64.deb ...

2025-11-23T17:20:35.062978847Z [inf]  Unpacking libxkbcommon0:amd64 (1.5.0-1) ...

2025-11-23T17:20:35.084344044Z [inf]  Selecting previously unselected package libgtk-3-common.

2025-11-23T17:20:35.085930499Z [inf]  Preparing to unpack .../183-libgtk-3-common_3.24.38-2~deb12u3_all.deb ...

2025-11-23T17:20:35.087194501Z [inf]  Unpacking libgtk-3-common (3.24.38-2~deb12u3) ...

2025-11-23T17:20:35.345332741Z [inf]  Selecting previously unselected package libgtk-3-0:amd64.

2025-11-23T17:20:35.347106277Z [inf]  Preparing to unpack .../184-libgtk-3-0_3.24.38-2~deb12u3_amd64.deb ...

2025-11-23T17:20:35.348231029Z [inf]  Unpacking libgtk-3-0:amd64 (3.24.38-2~deb12u3) ...

2025-11-23T17:20:35.542416904Z [inf]  Selecting previously unselected package libgtk-3-bin.

2025-11-23T17:20:35.544071281Z [inf]  Preparing to unpack .../185-libgtk-3-bin_3.24.38-2~deb12u3_amd64.deb ...

2025-11-23T17:20:35.545385644Z [inf]  Unpacking libgtk-3-bin (3.24.38-2~deb12u3) ...

2025-11-23T17:20:35.564669788Z [inf]  Selecting previously unselected package libgtk2.0-bin.

2025-11-23T17:20:35.566647031Z [inf]  Preparing to unpack .../186-libgtk2.0-bin_2.24.33-2+deb12u1_amd64.deb ...

2025-11-23T17:20:35.567801544Z [inf]  Unpacking libgtk2.0-bin (2.24.33-2+deb12u1) ...

2025-11-23T17:20:35.581975849Z [inf]  Selecting previously unselected package libhtml-tagset-perl.

2025-11-23T17:20:35.584023722Z [inf]  Preparing to unpack .../187-libhtml-tagset-perl_3.20-6_all.deb ...

2025-11-23T17:20:35.585213686Z [inf]  Unpacking libhtml-tagset-perl (3.20-6) ...

2025-11-23T17:20:35.599360891Z [inf]  Selecting previously unselected package libhtml-parser-perl:amd64.

2025-11-23T17:20:35.601694728Z [inf]  Preparing to unpack .../188-libhtml-parser-perl_3.81-1_amd64.deb ...

2025-11-23T17:20:35.602816414Z [inf]  Unpacking libhtml-parser-perl:amd64 (3.81-1) ...

2025-11-23T17:20:35.621855767Z [inf]  Selecting previously unselected package libio-html-perl.

2025-11-23T17:20:35.623497476Z [inf]  Preparing to unpack .../189-libio-html-perl_1.004-3_all.deb ...

2025-11-23T17:20:35.624578422Z [inf]  Unpacking libio-html-perl (1.004-3) ...

2025-11-23T17:20:35.638232001Z [inf]  Selecting previously unselected package liblwp-mediatypes-perl.

2025-11-23T17:20:35.639930461Z [inf]  Preparing to unpack .../190-liblwp-mediatypes-perl_6.04-2_all.deb ...

2025-11-23T17:20:35.641150911Z [inf]  Unpacking liblwp-mediatypes-perl (6.04-2) ...

2025-11-23T17:20:35.655962138Z [inf]  Selecting previously unselected package libhttp-message-perl.

2025-11-23T17:20:35.657521331Z [inf]  Preparing to unpack .../191-libhttp-message-perl_6.44-1_all.deb ...

2025-11-23T17:20:35.658588359Z [inf]  Unpacking libhttp-message-perl (6.44-1) ...

2025-11-23T17:20:35.676593147Z [inf]  Selecting previously unselected package libhtml-form-perl.

2025-11-23T17:20:35.678241256Z [inf]  Preparing to unpack .../192-libhtml-form-perl_6.11-1_all.deb ...

2025-11-23T17:20:35.679378692Z [inf]  Unpacking libhtml-form-perl (6.11-1) ...

2025-11-23T17:20:35.695468787Z [inf]  Selecting previously unselected package libhtml-tree-perl.

2025-11-23T17:20:35.697059821Z [inf]  Preparing to unpack .../193-libhtml-tree-perl_5.07-3_all.deb ...

2025-11-23T17:20:35.698182263Z [inf]  Unpacking libhtml-tree-perl (5.07-3) ...

2025-11-23T17:20:35.724301412Z [inf]  Selecting previously unselected package libhtml-format-perl.

2025-11-23T17:20:35.725910168Z [inf]  Preparing to unpack .../194-libhtml-format-perl_2.16-2_all.deb ...

2025-11-23T17:20:35.727084296Z [inf]  Unpacking libhtml-format-perl (2.16-2) ...

2025-11-23T17:20:35.742864845Z [inf]  Selecting previously unselected package libhttp-cookies-perl.

2025-11-23T17:20:35.744466057Z [inf]  Preparing to unpack .../195-libhttp-cookies-perl_6.10-1_all.deb ...

2025-11-23T17:20:35.745471621Z [inf]  Unpacking libhttp-cookies-perl (6.10-1) ...

2025-11-23T17:20:35.759587866Z [inf]  Selecting previously unselected package libhttp-daemon-perl.

2025-11-23T17:20:35.761202452Z [inf]  Preparing to unpack .../196-libhttp-daemon-perl_6.16-1_all.deb ...

2025-11-23T17:20:35.762242733Z [inf]  Unpacking libhttp-daemon-perl (6.16-1) ...

2025-11-23T17:20:35.776595792Z [inf]  Selecting previously unselected package libhttp-negotiate-perl.

2025-11-23T17:20:35.778255437Z [inf]  Preparing to unpack .../197-libhttp-negotiate-perl_6.01-2_all.deb ...

2025-11-23T17:20:35.779426306Z [inf]  Unpacking libhttp-negotiate-perl (6.01-2) ...

2025-11-23T17:20:35.794091708Z [inf]  Selecting previously unselected package libice6:amd64.

2025-11-23T17:20:35.795729185Z [inf]  Preparing to unpack .../198-libice6_2%3a1.0.10-1_amd64.deb ...

2025-11-23T17:20:35.796759258Z [inf]  Unpacking libice6:amd64 (2:1.0.10-1) ...

2025-11-23T17:20:35.814025452Z [inf]  Selecting previously unselected package perl-openssl-defaults:amd64.

2025-11-23T17:20:35.815613652Z [inf]  Preparing to unpack .../199-perl-openssl-defaults_7+b1_amd64.deb ...

2025-11-23T17:20:35.816802281Z [inf]  Unpacking perl-openssl-defaults:amd64 (7+b1) ...

2025-11-23T17:20:35.832150278Z [inf]  Selecting previously unselected package libnet-ssleay-perl:amd64.

2025-11-23T17:20:35.833757439Z [inf]  Preparing to unpack .../200-libnet-ssleay-perl_1.92-2+b1_amd64.deb ...

2025-11-23T17:20:35.834810421Z [inf]  Unpacking libnet-ssleay-perl:amd64 (1.92-2+b1) ...

2025-11-23T17:20:35.866931768Z [inf]  Selecting previously unselected package libio-socket-ssl-perl.

2025-11-23T17:20:35.868682431Z [inf]  Preparing to unpack .../201-libio-socket-ssl-perl_2.081-2_all.deb ...

2025-11-23T17:20:35.870976917Z [inf]  Unpacking libio-socket-ssl-perl (2.081-2) ...

2025-11-23T17:20:35.943282628Z [inf]  Selecting previously unselected package libio-stringy-perl.

2025-11-23T17:20:35.945900728Z [inf]  Preparing to unpack .../202-libio-stringy-perl_2.111-3_all.deb ...

2025-11-23T17:20:35.951378073Z [inf]  Unpacking libio-stringy-perl (2.111-3) ...

2025-11-23T17:20:36.046294001Z [inf]  Selecting previously unselected package libldap-common.

2025-11-23T17:20:36.047987923Z [inf]  Preparing to unpack .../203-libldap-common_2.5.13+dfsg-5_all.deb ...

2025-11-23T17:20:36.049423129Z [inf]  Unpacking libldap-common (2.5.13+dfsg-5) ...

2025-11-23T17:20:36.097840172Z [inf]  Selecting previously unselected package libnet-http-perl.

2025-11-23T17:20:36.099638513Z [inf]  Preparing to unpack .../204-libnet-http-perl_6.22-1_all.deb ...

2025-11-23T17:20:36.112794394Z [inf]  Unpacking libnet-http-perl (6.22-1) ...

2025-11-23T17:20:36.223141457Z [inf]  Selecting previously unselected package libtry-tiny-perl.

2025-11-23T17:20:36.224802526Z [inf]  Preparing to unpack .../205-libtry-tiny-perl_0.31-2_all.deb ...

2025-11-23T17:20:36.225982102Z [inf]  Unpacking libtry-tiny-perl (0.31-2) ...

2025-11-23T17:20:36.240734436Z [inf]  Selecting previously unselected package libwww-robotrules-perl.

2025-11-23T17:20:36.242325992Z [inf]  Preparing to unpack .../206-libwww-robotrules-perl_6.02-1_all.deb ...

2025-11-23T17:20:36.243434783Z [inf]  Unpacking libwww-robotrules-perl (6.02-1) ...

2025-11-23T17:20:36.256835641Z [inf]  Selecting previously unselected package libwww-perl.

2025-11-23T17:20:36.258435821Z [inf]  Preparing to unpack .../207-libwww-perl_6.68-1_all.deb ...

2025-11-23T17:20:36.259571378Z [inf]  Unpacking libwww-perl (6.68-1) ...

2025-11-23T17:20:36.284890236Z [inf]  Selecting previously unselected package liblwp-protocol-https-perl.

2025-11-23T17:20:36.286551327Z [inf]  Preparing to unpack .../208-liblwp-protocol-https-perl_6.10-1_all.deb ...

2025-11-23T17:20:36.287674587Z [inf]  Unpacking liblwp-protocol-https-perl (6.10-1) ...

2025-11-23T17:20:36.301351205Z [inf]  Selecting previously unselected package libnet-smtp-ssl-perl.

2025-11-23T17:20:36.302987306Z [inf]  Preparing to unpack .../209-libnet-smtp-ssl-perl_1.04-2_all.deb ...

2025-11-23T17:20:36.304111413Z [inf]  Unpacking libnet-smtp-ssl-perl (1.04-2) ...

2025-11-23T17:20:36.31742034Z [inf]  Selecting previously unselected package libmailtools-perl.

2025-11-23T17:20:36.319134359Z [inf]  Preparing to unpack .../210-libmailtools-perl_2.21-2_all.deb ...

2025-11-23T17:20:36.320293518Z [inf]  Unpacking libmailtools-perl (2.21-2) ...

2025-11-23T17:20:36.340077274Z [inf]  Selecting previously unselected package libxml-parser-perl.

2025-11-23T17:20:36.34213126Z [inf]  Preparing to unpack .../211-libxml-parser-perl_2.46-4_amd64.deb ...

2025-11-23T17:20:36.343274518Z [inf]  Unpacking libxml-parser-perl (2.46-4) ...

2025-11-23T17:20:36.369047084Z [inf]  Selecting previously unselected package libxml-twig-perl.

2025-11-23T17:20:36.371260912Z [inf]  Preparing to unpack .../212-libxml-twig-perl_1%3a3.52-2_all.deb ...

2025-11-23T17:20:36.372589848Z [inf]  Unpacking libxml-twig-perl (1:3.52-2) ...

2025-11-23T17:20:36.397637861Z [inf]  Selecting previously unselected package libnet-dbus-perl.

2025-11-23T17:20:36.399375939Z [inf]  Preparing to unpack .../213-libnet-dbus-perl_1.2.0-2_amd64.deb ...

2025-11-23T17:20:36.400530295Z [inf]  Unpacking libnet-dbus-perl (1.2.0-2) ...

2025-11-23T17:20:36.426677101Z [inf]  Selecting previously unselected package libnspr4:amd64.

2025-11-23T17:20:36.428303382Z [inf]  Preparing to unpack .../214-libnspr4_2%3a4.35-1_amd64.deb ...

2025-11-23T17:20:36.429647779Z [inf]  Unpacking libnspr4:amd64 (2:4.35-1) ...

2025-11-23T17:20:36.453780819Z [inf]  Selecting previously unselected package libsqlite3-0:amd64.

2025-11-23T17:20:36.455484551Z [inf]  Preparing to unpack .../215-libsqlite3-0_3.40.1-2+deb12u2_amd64.deb ...

2025-11-23T17:20:36.456660131Z [inf]  Unpacking libsqlite3-0:amd64 (3.40.1-2+deb12u2) ...

2025-11-23T17:20:36.512746895Z [inf]  Selecting previously unselected package libnss3:amd64.

2025-11-23T17:20:36.514354056Z [inf]  Preparing to unpack .../216-libnss3_2%3a3.87.1-1+deb12u1_amd64.deb ...

2025-11-23T17:20:36.515482163Z [inf]  Unpacking libnss3:amd64 (2:3.87.1-1+deb12u1) ...

2025-11-23T17:20:36.617288541Z [inf]  Selecting previously unselected package librsvg2-2:amd64.

2025-11-23T17:20:36.619047656Z [inf]  Preparing to unpack .../217-librsvg2-2_2.54.7+dfsg-1~deb12u1_amd64.deb ...

2025-11-23T17:20:36.620172809Z [inf]  Unpacking librsvg2-2:amd64 (2.54.7+dfsg-1~deb12u1) ...

2025-11-23T17:20:36.818994536Z [inf]  Selecting previously unselected package librsvg2-common:amd64.

2025-11-23T17:20:36.820652899Z [inf]  Preparing to unpack .../218-librsvg2-common_2.54.7+dfsg-1~deb12u1_amd64.deb ...

2025-11-23T17:20:36.821912958Z [inf]  Unpacking librsvg2-common:amd64 (2.54.7+dfsg-1~deb12u1) ...

2025-11-23T17:20:36.838030393Z [inf]  Selecting previously unselected package libsasl2-modules:amd64.

2025-11-23T17:20:36.839678075Z [inf]  Preparing to unpack .../219-libsasl2-modules_2.1.28+dfsg-10_amd64.deb ...

2025-11-23T17:20:36.844310583Z [inf]  Unpacking libsasl2-modules:amd64 (2.1.28+dfsg-10) ...

2025-11-23T17:20:36.863523273Z [inf]  Selecting previously unselected package libsm6:amd64.

2025-11-23T17:20:36.865129979Z [inf]  Preparing to unpack .../220-libsm6_2%3a1.2.3-1_amd64.deb ...

2025-11-23T17:20:36.866232741Z [inf]  Unpacking libsm6:amd64 (2:1.2.3-1) ...

2025-11-23T17:20:36.881614821Z [inf]  Selecting previously unselected package libtext-iconv-perl:amd64.

2025-11-23T17:20:36.883261732Z [inf]  Preparing to unpack .../221-libtext-iconv-perl_1.7-8_amd64.deb ...

2025-11-23T17:20:36.884346359Z [inf]  Unpacking libtext-iconv-perl:amd64 (1.7-8) ...

2025-11-23T17:20:36.898614741Z [inf]  Selecting previously unselected package libtie-ixhash-perl.

2025-11-23T17:20:36.900299684Z [inf]  Preparing to unpack .../222-libtie-ixhash-perl_1.23-4_all.deb ...

2025-11-23T17:20:36.901448487Z [inf]  Unpacking libtie-ixhash-perl (1.23-4) ...

2025-11-23T17:20:36.916070403Z [inf]  Selecting previously unselected package libunwind8:amd64.

2025-11-23T17:20:36.917716747Z [inf]  Preparing to unpack .../223-libunwind8_1.6.2-3_amd64.deb ...

2025-11-23T17:20:36.91889507Z [inf]  Unpacking libunwind8:amd64 (1.6.2-3) ...

2025-11-23T17:20:36.935385866Z [inf]  Selecting previously unselected package libx11-protocol-perl.

2025-11-23T17:20:36.936950658Z [inf]  Preparing to unpack .../224-libx11-protocol-perl_0.56-9_all.deb ...

2025-11-23T17:20:36.937987859Z [inf]  Unpacking libx11-protocol-perl (0.56-9) ...

2025-11-23T17:20:36.960133826Z [inf]  Selecting previously unselected package libxt6:amd64.

2025-11-23T17:20:36.961842096Z [inf]  Preparing to unpack .../225-libxt6_1%3a1.2.1-1.1_amd64.deb ...

2025-11-23T17:20:36.963008393Z [inf]  Unpacking libxt6:amd64 (1:1.2.1-1.1) ...

2025-11-23T17:20:36.989656275Z [inf]  Selecting previously unselected package libxmu6:amd64.

2025-11-23T17:20:36.991320647Z [inf]  Preparing to unpack .../226-libxmu6_2%3a1.1.3-3_amd64.deb ...

2025-11-23T17:20:36.992612052Z [inf]  Unpacking libxmu6:amd64 (2:1.1.3-3) ...

2025-11-23T17:20:37.01043371Z [inf]  Selecting previously unselected package libxpm4:amd64.

2025-11-23T17:20:37.012168136Z [inf]  Preparing to unpack .../227-libxpm4_1%3a3.5.12-1.1+deb12u1_amd64.deb ...

2025-11-23T17:20:37.013376389Z [inf]  Unpacking libxpm4:amd64 (1:3.5.12-1.1+deb12u1) ...

2025-11-23T17:20:37.030613834Z [inf]  Selecting previously unselected package libxaw7:amd64.

2025-11-23T17:20:37.03220614Z [inf]  Preparing to unpack .../228-libxaw7_2%3a1.0.14-1_amd64.deb ...

2025-11-23T17:20:37.033229114Z [inf]  Unpacking libxaw7:amd64 (2:1.0.14-1) ...

2025-11-23T17:20:37.06059903Z [inf]  Selecting previously unselected package libxcb-shape0:amd64.

2025-11-23T17:20:37.062205201Z [inf]  Preparing to unpack .../229-libxcb-shape0_1.15-1_amd64.deb ...

2025-11-23T17:20:37.063287326Z [inf]  Unpacking libxcb-shape0:amd64 (1.15-1) ...

2025-11-23T17:20:37.083286335Z [inf]  Selecting previously unselected package libxfont2:amd64.

2025-11-23T17:20:37.084979691Z [inf]  Preparing to unpack .../230-libxfont2_1%3a2.0.6-1_amd64.deb ...

2025-11-23T17:20:37.086244052Z [inf]  Unpacking libxfont2:amd64 (1:2.0.6-1) ...

2025-11-23T17:20:37.109859116Z [inf]  Selecting previously unselected package libxft2:amd64.

2025-11-23T17:20:37.111564297Z [inf]  Preparing to unpack .../231-libxft2_2.3.6-1_amd64.deb ...

2025-11-23T17:20:37.112792593Z [inf]  Unpacking libxft2:amd64 (2.3.6-1) ...

2025-11-23T17:20:37.129953372Z [inf]  Selecting previously unselected package libxkbfile1:amd64.

2025-11-23T17:20:37.131597602Z [inf]  Preparing to unpack .../232-libxkbfile1_1%3a1.1.0-1_amd64.deb ...

2025-11-23T17:20:37.13263214Z [inf]  Unpacking libxkbfile1:amd64 (1:1.1.0-1) ...

2025-11-23T17:20:37.149992427Z [inf]  Selecting previously unselected package libxml-xpathengine-perl.

2025-11-23T17:20:37.15165579Z [inf]  Preparing to unpack .../233-libxml-xpathengine-perl_0.14-2_all.deb ...

2025-11-23T17:20:37.152688015Z [inf]  Unpacking libxml-xpathengine-perl (0.14-2) ...

2025-11-23T17:20:37.169015199Z [inf]  Selecting previously unselected package libxmuu1:amd64.

2025-11-23T17:20:37.170681676Z [inf]  Preparing to unpack .../234-libxmuu1_2%3a1.1.3-3_amd64.deb ...

2025-11-23T17:20:37.171773901Z [inf]  Unpacking libxmuu1:amd64 (2:1.1.3-3) ...

2025-11-23T17:20:37.186867433Z [inf]  Selecting previously unselected package libxss1:amd64.

2025-11-23T17:20:37.188470906Z [inf]  Preparing to unpack .../235-libxss1_1%3a1.2.3-1_amd64.deb ...

2025-11-23T17:20:37.189632296Z [inf]  Unpacking libxss1:amd64 (1:1.2.3-1) ...

2025-11-23T17:20:37.204259146Z [inf]  Selecting previously unselected package libxv1:amd64.

2025-11-23T17:20:37.205920402Z [inf]  Preparing to unpack .../236-libxv1_2%3a1.0.11-1.1_amd64.deb ...

2025-11-23T17:20:37.207029231Z [inf]  Unpacking libxv1:amd64 (2:1.0.11-1.1) ...

2025-11-23T17:20:37.221593254Z [inf]  Selecting previously unselected package libxxf86dga1:amd64.

2025-11-23T17:20:37.223232058Z [inf]  Preparing to unpack .../237-libxxf86dga1_2%3a1.1.5-1_amd64.deb ...

2025-11-23T17:20:37.224358257Z [inf]  Unpacking libxxf86dga1:amd64 (2:1.1.5-1) ...

2025-11-23T17:20:37.238205912Z [inf]  Selecting previously unselected package lsb-release.

2025-11-23T17:20:37.23991958Z [inf]  Preparing to unpack .../238-lsb-release_12.0-1_all.deb ...

2025-11-23T17:20:37.240979563Z [inf]  Unpacking lsb-release (12.0-1) ...

2025-11-23T17:20:37.254365068Z [inf]  Selecting previously unselected package psmisc.

2025-11-23T17:20:37.2558935Z [inf]  Preparing to unpack .../239-psmisc_23.6-1_amd64.deb ...

2025-11-23T17:20:37.256932486Z [inf]  Unpacking psmisc (23.6-1) ...

2025-11-23T17:20:37.286679061Z [inf]  Selecting previously unselected package publicsuffix.

2025-11-23T17:20:37.288396157Z [inf]  Preparing to unpack .../240-publicsuffix_20230209.2326-1_all.deb ...

2025-11-23T17:20:37.289528596Z [inf]  Unpacking publicsuffix (20230209.2326-1) ...

2025-11-23T17:20:37.312030689Z [inf]  Selecting previously unselected package x11-utils.

2025-11-23T17:20:37.313663996Z [inf]  Preparing to unpack .../241-x11-utils_7.7+5_amd64.deb ...

2025-11-23T17:20:37.314743106Z [inf]  Unpacking x11-utils (7.7+5) ...

2025-11-23T17:20:37.342044332Z [inf]  Selecting previously unselected package x11-xkb-utils.

2025-11-23T17:20:37.34421114Z [inf]  Preparing to unpack .../242-x11-xkb-utils_7.7+7_amd64.deb ...

2025-11-23T17:20:37.345519168Z [inf]  Unpacking x11-xkb-utils (7.7+7) ...

2025-11-23T17:20:37.372287388Z [inf]  Selecting previously unselected package x11-xserver-utils.

2025-11-23T17:20:37.373983582Z [inf]  Preparing to unpack .../243-x11-xserver-utils_7.7+9+b1_amd64.deb ...

2025-11-23T17:20:37.375056781Z [inf]  Unpacking x11-xserver-utils (7.7+9+b1) ...

2025-11-23T17:20:37.400015729Z [inf]  Selecting previously unselected package xauth.

2025-11-23T17:20:37.401974867Z [inf]  Preparing to unpack .../244-xauth_1%3a1.1.2-1_amd64.deb ...

2025-11-23T17:20:37.403143638Z [inf]  Unpacking xauth (1:1.1.2-1) ...

2025-11-23T17:20:37.420392101Z [inf]  Selecting previously unselected package xdg-user-dirs.

2025-11-23T17:20:37.422044301Z [inf]  Preparing to unpack .../245-xdg-user-dirs_0.18-1_amd64.deb ...

2025-11-23T17:20:37.425857301Z [inf]  Unpacking xdg-user-dirs (0.18-1) ...

2025-11-23T17:20:37.44573323Z [inf]  Selecting previously unselected package xdg-utils.

2025-11-23T17:20:37.447530229Z [inf]  Preparing to unpack .../246-xdg-utils_1.1.3-4.1_all.deb ...

2025-11-23T17:20:37.448608356Z [inf]  Unpacking xdg-utils (1.1.3-4.1) ...

2025-11-23T17:20:37.466601561Z [inf]  Selecting previously unselected package xfonts-encodings.

2025-11-23T17:20:37.46829358Z [inf]  Preparing to unpack .../247-xfonts-encodings_1%3a1.0.4-2.2_all.deb ...

2025-11-23T17:20:37.4694079Z [inf]  Unpacking xfonts-encodings (1:1.0.4-2.2) ...

2025-11-23T17:20:37.528057023Z [inf]  Selecting previously unselected package xfonts-utils.

2025-11-23T17:20:37.52975326Z [inf]  Preparing to unpack .../248-xfonts-utils_1%3a7.7+6_amd64.deb ...

2025-11-23T17:20:37.530842914Z [inf]  Unpacking xfonts-utils (1:7.7+6) ...

2025-11-23T17:20:37.554383541Z [inf]  Selecting previously unselected package xfonts-base.

2025-11-23T17:20:37.556123309Z [inf]  Preparing to unpack .../249-xfonts-base_1%3a1.0.5+nmu1_all.deb ...

2025-11-23T17:20:37.557260721Z [inf]  Unpacking xfonts-base (1:1.0.5+nmu1) ...

2025-11-23T17:20:37.824041061Z [inf]  Selecting previously unselected package xserver-common.

2025-11-23T17:20:37.825835257Z [inf]  Preparing to unpack .../250-xserver-common_2%3a21.1.7-3+deb12u11_all.deb ...

2025-11-23T17:20:37.826895446Z [inf]  Unpacking xserver-common (2:21.1.7-3+deb12u11) ...

2025-11-23T17:20:37.857366919Z [inf]  Selecting previously unselected package xvfb.

2025-11-23T17:20:37.859117197Z [inf]  Preparing to unpack .../251-xvfb_2%3a21.1.7-3+deb12u11_amd64.deb ...

2025-11-23T17:20:37.860327756Z [inf]  Unpacking xvfb (2:21.1.7-3+deb12u11) ...

2025-11-23T17:20:37.930885766Z [inf]  Selecting previously unselected package libegl1:amd64.

2025-11-23T17:20:37.932611057Z [inf]  Preparing to unpack .../252-libegl1_1.6.0-1_amd64.deb ...

2025-11-23T17:20:37.933870069Z [inf]  Unpacking libegl1:amd64 (1.6.0-1) ...

2025-11-23T17:20:37.950528192Z [inf]  Selecting previously unselected package zutty.

2025-11-23T17:20:37.95264326Z [inf]  Preparing to unpack .../253-zutty_0.14.0.20230218+dfsg1-1_amd64.deb ...

2025-11-23T17:20:37.953839599Z [inf]  Unpacking zutty (0.14.0.20230218+dfsg1-1) ...

2025-11-23T17:20:37.986072842Z [inf]  Setting up libexpat1:amd64 (2.5.0-1+deb12u2) ...

2025-11-23T17:20:37.989325497Z [inf]  Setting up libtext-iconv-perl:amd64 (1.7-8) ...

2025-11-23T17:20:37.992277451Z [inf]  Setting up libgraphite2-3:amd64 (1.3.14-1) ...

2025-11-23T17:20:37.995115308Z [inf]  Setting up liblcms2-2:amd64 (2.14-2) ...

2025-11-23T17:20:37.997968579Z [inf]  Setting up libpixman-1-0:amd64 (0.42.2-1) ...

2025-11-23T17:20:38.000992174Z [inf]  Setting up libwayland-server0:amd64 (1.21.0-1) ...

2025-11-23T17:20:38.004284022Z [inf]  Setting up libpciaccess0:amd64 (0.17-2) ...

2025-11-23T17:20:38.007212672Z [inf]  Setting up systemd-sysv (252.39-1~deb12u1) ...

2025-11-23T17:20:38.011611437Z [inf]  Setting up libxau6:amd64 (1:1.0.9-1) ...

2025-11-23T17:20:38.014756143Z [inf]  Setting up libkeyutils1:amd64 (1.6.3-2) ...

2025-11-23T17:20:38.017694131Z [inf]  Setting up libpsl5:amd64 (0.21.2-1) ...

2025-11-23T17:20:38.021103334Z [inf]  Setting up libgpm2:amd64 (1.20.7-10+b1) ...

2025-11-23T17:20:38.024040009Z [inf]  Setting up libicu72:amd64 (72.1-3+deb12u1) ...

2025-11-23T17:20:38.0269848Z [inf]  Setting up liblerc4:amd64 (4.0.0+ds-2) ...

2025-11-23T17:20:38.029887489Z [inf]  Setting up wget (1.21.3-1+deb12u1) ...

2025-11-23T17:20:38.033823442Z [inf]  Setting up hicolor-icon-theme (0.17-2) ...

2025-11-23T17:20:38.045938843Z [inf]  Setting up libdatrie1:amd64 (0.2.13-2+b1) ...

2025-11-23T17:20:38.049019361Z [inf]  Setting up xdg-user-dirs (0.18-1) ...

2025-11-23T17:20:38.057614018Z [inf]  Setting up psmisc (23.6-1) ...

2025-11-23T17:20:38.062098531Z [inf]  Setting up libglib2.0-0:amd64 (2.74.6-2+deb12u7) ...

2025-11-23T17:20:38.07520951Z [inf]  Setting up libglvnd0:amd64 (1.6.0-1) ...

2025-11-23T17:20:38.078719486Z [inf]  Setting up libdbusmenu-glib4:amd64 (18.10.20180917~bzr492+repack1-3) ...

2025-11-23T17:20:38.081632784Z [inf]  Setting up libbrotli1:amd64 (1.0.9-2+b6) ...

2025-11-23T17:20:38.084741568Z [inf]  Setting up libsqlite3-0:amd64 (3.40.1-2+deb12u2) ...

2025-11-23T17:20:38.087627179Z [inf]  Setting up libsasl2-modules:amd64 (2.1.28+dfsg-10) ...

2025-11-23T17:20:38.09423478Z [inf]  Setting up libgdk-pixbuf2.0-common (2.42.10+dfsg-1+deb12u2) ...

2025-11-23T17:20:38.097484899Z [inf]  Setting up x11-common (1:7.7+23) ...

2025-11-23T17:20:38.176502953Z [inf]  debconf: unable to initialize frontend: Dialog
debconf: (TERM is not set, so the dialog frontend is not usable.)
debconf: falling back to frontend: Readline

2025-11-23T17:20:38.182109894Z [inf]  debconf: unable to initialize frontend: Readline
debconf: (This frontend requires a controlling tty.)
debconf: falling back to frontend: Teletype

2025-11-23T17:20:38.201306287Z [inf]  invoke-rc.d: could not determine current runlevel

2025-11-23T17:20:38.204046242Z [inf]  invoke-rc.d: policy-rc.d denied execution of restart.

2025-11-23T17:20:38.20794007Z [inf]  Setting up libsensors-config (1:3.6.0-7.1) ...

2025-11-23T17:20:38.213580951Z [inf]  Setting up libdeflate0:amd64 (1.14-1) ...

2025-11-23T17:20:38.216600051Z [inf]  Setting up perl-openssl-defaults:amd64 (7+b1) ...

2025-11-23T17:20:38.219765039Z [inf]  Setting up libnss-systemd:amd64 (252.39-1~deb12u1) ...

2025-11-23T17:20:38.230157529Z [inf]  Setting up xkb-data (2.35.1-1) ...

2025-11-23T17:20:38.233093657Z [inf]  Setting up krb5-locales (1.20.1-2+deb12u4) ...

2025-11-23T17:20:38.235846458Z [inf]  Setting up libldap-common (2.5.13+dfsg-5) ...

2025-11-23T17:20:38.239881667Z [inf]  Setting up libunwind8:amd64 (1.6.2-3) ...

2025-11-23T17:20:38.242653736Z [inf]  Setting up libjbig0:amd64 (2.1-6.1) ...

2025-11-23T17:20:38.24537149Z [inf]  Setting up libcolord2:amd64 (1.4.6-2.2) ...

2025-11-23T17:20:38.248094788Z [inf]  Setting up libkrb5support0:amd64 (1.20.1-2+deb12u4) ...

2025-11-23T17:20:38.250673485Z [inf]  Setting up libsasl2-modules-db:amd64 (2.1.28+dfsg-10) ...

2025-11-23T17:20:38.25336207Z [inf]  Setting up libdconf1:amd64 (0.40.0-4) ...

2025-11-23T17:20:38.25624616Z [inf]  Setting up libasound2-data (1.2.8-1) ...

2025-11-23T17:20:38.258846021Z [inf]  Setting up libfontenc1:amd64 (1:1.1.4-1) ...

2025-11-23T17:20:38.261559339Z [inf]  Setting up perl-modules-5.36 (5.36.0-7+deb12u3) ...

2025-11-23T17:20:38.264420019Z [inf]  Setting up libz3-4:amd64 (4.8.12-3.1) ...

2025-11-23T17:20:38.267500721Z [inf]  Setting up libglib2.0-data (2.74.6-2+deb12u7) ...

2025-11-23T17:20:38.270591576Z [inf]  Setting up libgles2:amd64 (1.6.0-1) ...

2025-11-23T17:20:38.27373308Z [inf]  Setting up libjpeg62-turbo:amd64 (1:2.1.5-2) ...

2025-11-23T17:20:38.276780574Z [inf]  Setting up libx11-data (2:1.8.4-2+deb12u2) ...

2025-11-23T17:20:38.279804227Z [inf]  Setting up libepoxy0:amd64 (1.5.10-1) ...

2025-11-23T17:20:38.282996264Z [inf]  Setting up libmpfr6:amd64 (4.2.0-1) ...

2025-11-23T17:20:38.286022259Z [inf]  Setting up libnspr4:amd64 (2:4.35-1) ...

2025-11-23T17:20:38.289136782Z [inf]  Setting up libavahi-common-data:amd64 (0.8-10+deb12u1) ...

2025-11-23T17:20:38.292607854Z [inf]  Setting up libdbus-1-3:amd64 (1.14.10-1~deb12u1) ...

2025-11-23T17:20:38.295899555Z [inf]  Setting up xfonts-encodings (1:1.0.4-2.2) ...

2025-11-23T17:20:38.298858288Z [inf]  Setting up libfribidi0:amd64 (1.0.8-2.1) ...

2025-11-23T17:20:38.301980301Z [inf]  Setting up libproc2-0:amd64 (2:4.0.2-3) ...

2025-11-23T17:20:38.305264975Z [inf]  Setting up libpng16-16:amd64 (1.6.39-2) ...

2025-11-23T17:20:38.308264716Z [inf]  Setting up libmpc3:amd64 (1.3.1-1) ...

2025-11-23T17:20:38.311335408Z [inf]  Setting up systemd-timesyncd (252.39-1~deb12u1) ...

2025-11-23T17:20:38.320868727Z [inf]  Creating group 'systemd-timesync' with GID 997.

2025-11-23T17:20:38.321038366Z [inf]  Creating user 'systemd-timesync' (systemd Time Synchronization) with UID 997 and GID 997.

2025-11-23T17:20:38.422259707Z [inf]  Created symlink /etc/systemd/system/dbus-org.freedesktop.timesync1.service  /lib/systemd/system/systemd-timesyncd.service.
Created symlink /etc/systemd/system/sysinit.target.wants/systemd-timesyncd.service  /lib/systemd/system/systemd-timesyncd.service.

2025-11-23T17:20:38.426207256Z [inf]  Setting up libatomic1:amd64 (12.2.0-14+deb12u1) ...

2025-11-23T17:20:38.429296464Z [inf]  Setting up libsensors5:amd64 (1:3.6.0-7.1) ...

2025-11-23T17:20:38.432448912Z [inf]  Setting up libncursesw6:amd64 (6.4-4) ...

2025-11-23T17:20:38.435448821Z [inf]  Setting up libk5crypto3:amd64 (1.20.1-2+deb12u4) ...

2025-11-23T17:20:38.438422649Z [inf]  Setting up libglapi-mesa:amd64 (22.3.6-1+deb12u1) ...

2025-11-23T17:20:38.441370618Z [inf]  Setting up libsasl2-2:amd64 (2.1.28+dfsg-10) ...

2025-11-23T17:20:38.44428177Z [inf]  Setting up libwebp7:amd64 (1.2.4-0.2+deb12u1) ...

2025-11-23T17:20:38.447567032Z [inf]  Setting up alsa-topology-conf (1.2.5.1-2) ...

2025-11-23T17:20:38.450809584Z [inf]  Setting up sensible-utils (0.0.17+nmu1) ...

2025-11-23T17:20:38.45404119Z [inf]  Setting up libxshmfence1:amd64 (1.3-1) ...

2025-11-23T17:20:38.457277292Z [inf]  Setting up at-spi2-common (2.46.0-5) ...

2025-11-23T17:20:38.460767548Z [inf]  Setting up libtiff6:amd64 (4.5.0-6+deb12u3) ...

2025-11-23T17:20:38.464087956Z [inf]  Setting up dbus-session-bus-common (1.14.10-1~deb12u1) ...

2025-11-23T17:20:38.467318224Z [inf]  Setting up procps (2:4.0.2-3) ...

2025-11-23T17:20:38.490647558Z [inf]  Setting up libasound2:amd64 (1.2.8-1+b1) ...

2025-11-23T17:20:38.494622146Z [inf]  Setting up fonts-liberation (1:1.07.4-11) ...

2025-11-23T17:20:38.505259795Z [inf]  Setting up libthai-data (0.1.29-1) ...

2025-11-23T17:20:38.508660946Z [inf]  Setting up netbase (6.4) ...

2025-11-23T17:20:38.518648852Z [inf]  Setting up libgtk2.0-common (2.24.33-2+deb12u1) ...

2025-11-23T17:20:38.522886766Z [inf]  Setting up libatk1.0-0:amd64 (2.46.0-5) ...

2025-11-23T17:20:38.526672383Z [inf]  Setting up libkrb5-3:amd64 (1.20.1-2+deb12u4) ...

2025-11-23T17:20:38.530622402Z [inf]  Setting up libwayland-egl1:amd64 (1.21.0-1) ...

2025-11-23T17:20:38.534328834Z [inf]  Setting up lsb-release (12.0-1) ...

2025-11-23T17:20:38.537626903Z [inf]  Setting up dbus-system-bus-common (1.14.10-1~deb12u1) ...

2025-11-23T17:20:38.589009313Z [inf]  Setting up libisl23:amd64 (0.25-1.1) ...

2025-11-23T17:20:38.592221708Z [inf]  Setting up libbsd0:amd64 (0.11.7-2) ...

2025-11-23T17:20:38.595691191Z [inf]  Setting up libdrm-common (2.4.114-1) ...

2025-11-23T17:20:38.599228736Z [inf]  Setting up libelf1:amd64 (0.188-2.1) ...

2025-11-23T17:20:38.602508679Z [inf]  Setting up publicsuffix (20230209.2326-1) ...

2025-11-23T17:20:38.606172773Z [inf]  Setting up libxml2:amd64 (2.9.14+dfsg-1.3~deb12u4) ...

2025-11-23T17:20:38.609669239Z [inf]  Setting up xdg-utils (1.1.3-4.1) ...

2025-11-23T17:20:38.614345359Z [inf]  update-alternatives: using /usr/bin/xdg-open to provide /usr/bin/open (open) in auto mode

2025-11-23T17:20:38.614453785Z [inf]  update-alternatives: warning: skip creation of /usr/share/man/man1/open.1.gz because associated file /usr/share/man/man1/xdg-open.1.gz (of link group open) doesn't exist

2025-11-23T17:20:38.61655189Z [inf]  Setting up dbus-bin (1.14.10-1~deb12u1) ...

2025-11-23T17:20:38.619673627Z [inf]  Setting up libgdbm6:amd64 (1.23-3) ...

2025-11-23T17:20:38.62272841Z [inf]  Setting up libxkbcommon0:amd64 (1.5.0-1) ...

2025-11-23T17:20:38.625903843Z [inf]  Setting up libwayland-client0:amd64 (1.21.0-1) ...

2025-11-23T17:20:38.628861975Z [inf]  Setting up libice6:amd64 (2:1.0.10-1) ...

2025-11-23T17:20:38.632072479Z [inf]  Setting up libxdmcp6:amd64 (1:1.1.2-3) ...

2025-11-23T17:20:38.635014473Z [inf]  Setting up cpp-12 (12.2.0-14+deb12u1) ...

2025-11-23T17:20:38.637778458Z [inf]  Setting up libxcb1:amd64 (1.15-1) ...

2025-11-23T17:20:38.640825306Z [inf]  Setting up libxcb-xfixes0:amd64 (1.15-1) ...

2025-11-23T17:20:38.643871721Z [inf]  Setting up alsa-ucm-conf (1.2.8-1) ...

2025-11-23T17:20:38.646735531Z [inf]  Setting up libxcb-render0:amd64 (1.15-1) ...

2025-11-23T17:20:38.649529503Z [inf]  Setting up fontconfig-config (2.14.1-4) ...

2025-11-23T17:20:38.708781861Z [inf]  debconf: unable to initialize frontend: Dialog
debconf: (TERM is not set, so the dialog frontend is not usable.)
debconf: falling back to frontend: Readline

2025-11-23T17:20:38.713941426Z [inf]  debconf: unable to initialize frontend: Readline
debconf: (This frontend requires a controlling tty.)
debconf: falling back to frontend: Teletype

2025-11-23T17:20:38.823779472Z [inf]  Setting up libxcb-glx0:amd64 (1.15-1) ...

2025-11-23T17:20:38.827245329Z [inf]  Setting up libedit2:amd64 (3.1-20221030-2) ...

2025-11-23T17:20:38.830333301Z [inf]  Setting up libxcb-shape0:amd64 (1.15-1) ...

2025-11-23T17:20:38.833878668Z [inf]  Setting up libavahi-common3:amd64 (0.8-10+deb12u1) ...

2025-11-23T17:20:38.837302213Z [inf]  Setting up libnss3:amd64 (2:3.87.1-1+deb12u1) ...

2025-11-23T17:20:38.840096894Z [inf]  Setting up libxcb-shm0:amd64 (1.15-1) ...

2025-11-23T17:20:38.842849423Z [inf]  Setting up dbus-daemon (1.14.10-1~deb12u1) ...

2025-11-23T17:20:38.853906488Z [inf]  Setting up libldap-2.5-0:amd64 (2.5.13+dfsg-5) ...

2025-11-23T17:20:38.856740255Z [inf]  Setting up libxcb-present0:amd64 (1.15-1) ...

2025-11-23T17:20:38.859538241Z [inf]  Setting up libthai0:amd64 (0.1.29-1) ...

2025-11-23T17:20:38.862484598Z [inf]  Setting up libfreetype6:amd64 (2.12.1+dfsg-5+deb12u4) ...

2025-11-23T17:20:38.865630745Z [inf]  Setting up libxcb-sync1:amd64 (1.15-1) ...

2025-11-23T17:20:38.868895482Z [inf]  Setting up libdbus-glib-1-2:amd64 (0.112-3) ...

2025-11-23T17:20:38.87176336Z [inf]  Setting up dbus (1.14.10-1~deb12u1) ...

2025-11-23T17:20:38.890957921Z [inf]  invoke-rc.d: could not determine current runlevel

2025-11-23T17:20:38.893451717Z [inf]  invoke-rc.d: policy-rc.d denied execution of start.

2025-11-23T17:20:38.895373333Z [inf]  Setting up shared-mime-info (2.2-1) ...

2025-11-23T17:20:39.983202397Z [inf]  Setting up libgssapi-krb5-2:amd64 (1.20.1-2+deb12u4) ...

2025-11-23T17:20:39.987345013Z [inf]  Setting up libgdbm-compat4:amd64 (1.23-3) ...

2025-11-23T17:20:39.990386746Z [inf]  Setting up ucf (3.0043+nmu1+deb12u1) ...

2025-11-23T17:20:40.051337537Z [inf]  debconf: unable to initialize frontend: Dialog
debconf: (TERM is not set, so the dialog frontend is not usable.)
debconf: falling back to frontend: Readline

2025-11-23T17:20:40.056578453Z [inf]  debconf: unable to initialize frontend: Readline
debconf: (This frontend requires a controlling tty.)
debconf: falling back to frontend: Teletype

2025-11-23T17:20:40.074692339Z [inf]  Setting up libxcb-dri2-0:amd64 (1.15-1) ...

2025-11-23T17:20:40.077634409Z [inf]  Setting up libdrm2:amd64 (2.4.114-1+b1) ...

2025-11-23T17:20:40.080495008Z [inf]  Setting up libwayland-cursor0:amd64 (1.21.0-1) ...

2025-11-23T17:20:40.083214001Z [inf]  Setting up libxcb-randr0:amd64 (1.15-1) ...

2025-11-23T17:20:40.086069586Z [inf]  Setting up cpp (4:12.2.0-3) ...

2025-11-23T17:20:40.091345152Z [inf]  Setting up libllvm15:amd64 (1:15.0.6-4+b1) ...

2025-11-23T17:20:40.094288992Z [inf]  Setting up libpam-systemd:amd64 (252.39-1~deb12u1) ...

2025-11-23T17:20:40.160171604Z [inf]  debconf: unable to initialize frontend: Dialog
debconf: (TERM is not set, so the dialog frontend is not usable.)
debconf: falling back to frontend: Readline

2025-11-23T17:20:40.165932998Z [inf]  debconf: unable to initialize frontend: Readline
debconf: (This frontend requires a controlling tty.)
debconf: falling back to frontend: Teletype

2025-11-23T17:20:40.21470348Z [inf]  Setting up libx11-6:amd64 (2:1.8.4-2+deb12u2) ...

2025-11-23T17:20:40.217795859Z [inf]  Setting up libharfbuzz0b:amd64 (6.0.0+dfsg-3) ...

2025-11-23T17:20:40.221169237Z [inf]  Setting up libgdk-pixbuf-2.0-0:amd64 (2.42.10+dfsg-1+deb12u2) ...

2025-11-23T17:20:40.240384828Z [inf]  Setting up libfontconfig1:amd64 (2.14.1-4) ...

2025-11-23T17:20:40.243941207Z [inf]  Setting up libxkbfile1:amd64 (1:1.1.0-1) ...

2025-11-23T17:20:40.24677004Z [inf]  Setting up libxcomposite1:amd64 (1:0.4.5-1) ...

2025-11-23T17:20:40.249681323Z [inf]  Setting up libsm6:amd64 (2:1.2.3-1) ...

2025-11-23T17:20:40.252874294Z [inf]  Setting up libxfont2:amd64 (1:2.0.6-1) ...

2025-11-23T17:20:40.255931483Z [inf]  Setting up libavahi-client3:amd64 (0.8-10+deb12u1) ...

2025-11-23T17:20:40.258925517Z [inf]  Setting up libperl5.36:amd64 (5.36.0-7+deb12u3) ...

2025-11-23T17:20:40.261795079Z [inf]  Setting up libxmuu1:amd64 (2:1.1.3-3) ...

2025-11-23T17:20:40.264711795Z [inf]  Setting up libdrm-amdgpu1:amd64 (2.4.114-1+b1) ...

2025-11-23T17:20:40.267710386Z [inf]  Setting up libxcb-dri3-0:amd64 (1.15-1) ...

2025-11-23T17:20:40.270761371Z [inf]  Setting up gtk-update-icon-cache (3.24.38-2~deb12u3) ...

2025-11-23T17:20:40.273740372Z [inf]  Setting up libx11-xcb1:amd64 (2:1.8.4-2+deb12u2) ...

2025-11-23T17:20:40.276764628Z [inf]  Setting up fontconfig (2.14.1-4) ...

2025-11-23T17:20:40.280432261Z [inf]  Regenerating fonts cache... 
2025-11-23T17:20:42.725250702Z [inf]  done.

2025-11-23T17:20:42.733165986Z [inf]  Setting up libdrm-nouveau2:amd64 (2.4.114-1+b1) ...

2025-11-23T17:20:42.736347081Z [inf]  Setting up libxdamage1:amd64 (1:1.1.6-1) ...

2025-11-23T17:20:42.739278817Z [inf]  Setting up libgdk-pixbuf-xlib-2.0-0:amd64 (2.40.2-2) ...

2025-11-23T17:20:42.742166848Z [inf]  Setting up libxpm4:amd64 (1:3.5.12-1.1+deb12u1) ...

2025-11-23T17:20:42.74505696Z [inf]  Setting up libxrender1:amd64 (1:0.9.10-1.1) ...

2025-11-23T17:20:42.74793958Z [inf]  Setting up libgbm1:amd64 (22.3.6-1+deb12u1) ...

2025-11-23T17:20:42.751100514Z [inf]  Setting up libdrm-radeon1:amd64 (2.4.114-1+b1) ...

2025-11-23T17:20:42.754585854Z [inf]  Setting up libpango-1.0-0:amd64 (1.50.12+ds-1) ...

2025-11-23T17:20:42.757769358Z [inf]  Setting up libdrm-intel1:amd64 (2.4.114-1+b1) ...

2025-11-23T17:20:42.76066986Z [inf]  Setting up libgl1-mesa-dri:amd64 (22.3.6-1+deb12u1) ...

2025-11-23T17:20:42.767661812Z [inf]  Setting up libxext6:amd64 (2:1.3.4-1+b1) ...

2025-11-23T17:20:42.770586164Z [inf]  Setting up xfonts-utils (1:7.7+6) ...

2025-11-23T17:20:42.775540992Z [inf]  Setting up libcairo2:amd64 (1.16.0-7) ...

2025-11-23T17:20:42.790044519Z [inf]  Setting up libxxf86vm1:amd64 (1:1.1.4-1+b2) ...

2025-11-23T17:20:42.793095499Z [inf]  Setting up dbus-user-session (1.14.10-1~deb12u1) ...

2025-11-23T17:20:42.797489837Z [inf]  Setting up perl (5.36.0-7+deb12u3) ...

2025-11-23T17:20:42.806905018Z [inf]  Setting up xfonts-base (1:1.0.5+nmu1) ...

2025-11-23T17:20:42.850025392Z [inf]  Setting up libegl-mesa0:amd64 (22.3.6-1+deb12u1) ...

2025-11-23T17:20:42.853008232Z [inf]  Setting up gconf2-common (3.2.6-8) ...

2025-11-23T17:20:42.93050434Z [inf]  debconf: unable to initialize frontend: Dialog
debconf: (TERM is not set, so the dialog frontend is not usable.)
debconf: falling back to frontend: Readline

2025-11-23T17:20:42.935709087Z [inf]  debconf: unable to initialize frontend: Readline
debconf: (This frontend requires a controlling tty.)
debconf: falling back to frontend: Teletype

2025-11-23T17:20:42.967139946Z [inf]  
Creating config file /etc/gconf/2/path with new version

2025-11-23T17:20:42.984535783Z [inf]  Setting up adwaita-icon-theme (43-1) ...

2025-11-23T17:20:43.015436153Z [inf]  update-alternatives: using /usr/share/icons/Adwaita/cursor.theme to provide /usr/share/icons/default/index.theme (x-cursor-theme) in auto mode

2025-11-23T17:20:43.017548869Z [inf]  Setting up libdata-dump-perl (1.25-1) ...

2025-11-23T17:20:43.020562504Z [inf]  Setting up libxfixes3:amd64 (1:6.0.0-2) ...

2025-11-23T17:20:43.023753715Z [inf]  Setting up libipc-system-simple-perl (1.30-2) ...

2025-11-23T17:20:43.026695212Z [inf]  Setting up libxml-xpathengine-perl (0.14-2) ...

2025-11-23T17:20:43.029732677Z [inf]  Setting up libgdk-pixbuf2.0-0:amd64 (2.40.2-2) ...

2025-11-23T17:20:43.03275191Z [inf]  Setting up libxinerama1:amd64 (2:1.1.4-3) ...

2025-11-23T17:20:43.035744307Z [inf]  Setting up libxv1:amd64 (2:1.0.11-1.1) ...

2025-11-23T17:20:43.03930483Z [inf]  Setting up libio-html-perl (1.004-3) ...

2025-11-23T17:20:43.042360405Z [inf]  Setting up libxrandr2:amd64 (2:1.5.2-2+b1) ...

2025-11-23T17:20:43.045584013Z [inf]  Setting up libxt6:amd64 (1:1.2.1-1.1) ...

2025-11-23T17:20:43.048855315Z [inf]  Setting up libtimedate-perl (2.3300-2) ...

2025-11-23T17:20:43.051921477Z [inf]  Setting up libregexp-ipv6-perl (0.03-3) ...

2025-11-23T17:20:43.054925965Z [inf]  Setting up libcups2:amd64 (2.4.2-3+deb12u9) ...

2025-11-23T17:20:43.058009673Z [inf]  Setting up xauth (1:1.1.2-1) ...

2025-11-23T17:20:43.062031409Z [inf]  Setting up libgdk-pixbuf2.0-bin (2.42.10+dfsg-1+deb12u2) ...

2025-11-23T17:20:43.065811371Z [inf]  Setting up libegl1:amd64 (1.6.0-1) ...

2025-11-23T17:20:43.069054955Z [inf]  Setting up libcairo-gobject2:amd64 (1.16.0-7) ...

2025-11-23T17:20:43.072303932Z [inf]  Setting up libxss1:amd64 (1:1.2.3-1) ...

2025-11-23T17:20:43.075591331Z [inf]  Setting up libpangoft2-1.0-0:amd64 (1.50.12+ds-1) ...

2025-11-23T17:20:43.079077849Z [inf]  Setting up libdbusmenu-gtk4:amd64 (18.10.20180917~bzr492+repack1-3) ...

2025-11-23T17:20:43.082491716Z [inf]  Setting up liburi-perl (5.17-1) ...

2025-11-23T17:20:43.085830057Z [inf]  Setting up libx11-protocol-perl (0.56-9) ...

2025-11-23T17:20:43.089152851Z [inf]  Setting up libpangocairo-1.0-0:amd64 (1.50.12+ds-1) ...

2025-11-23T17:20:43.092567217Z [inf]  Setting up libnet-ssleay-perl:amd64 (1.92-2+b1) ...

2025-11-23T17:20:43.096047977Z [inf]  Setting up libhttp-date-perl (6.05-2) ...

2025-11-23T17:20:43.099164808Z [inf]  Setting up libxft2:amd64 (2.3.6-1) ...

2025-11-23T17:20:43.102190637Z [inf]  Setting up libxmu6:amd64 (2:1.1.3-3) ...

2025-11-23T17:20:43.105305906Z [inf]  Setting up libfile-basedir-perl (0.09-2) ...

2025-11-23T17:20:43.108341988Z [inf]  Setting up libtie-ixhash-perl (1.23-4) ...

2025-11-23T17:20:43.111661736Z [inf]  Setting up libglx-mesa0:amd64 (22.3.6-1+deb12u1) ...

2025-11-23T17:20:43.115030635Z [inf]  Setting up libfile-listing-perl (6.15-1) ...

2025-11-23T17:20:43.118150888Z [inf]  Setting up libxi6:amd64 (2:1.8-1+b1) ...

2025-11-23T17:20:43.121235081Z [inf]  Setting up libglx0:amd64 (1.6.0-1) ...

2025-11-23T17:20:43.124317672Z [inf]  Setting up libfont-afm-perl (1.20-4) ...

2025-11-23T17:20:43.127401795Z [inf]  Setting up libgconf-2-4:amd64 (3.2.6-8) ...

2025-11-23T17:20:43.130626992Z [inf]  Setting up libclone-perl:amd64 (0.46-1) ...

2025-11-23T17:20:43.134039926Z [inf]  Setting up libio-stringy-perl (2.111-3) ...

2025-11-23T17:20:43.137148542Z [inf]  Setting up libxtst6:amd64 (2:1.2.3-1.1) ...

2025-11-23T17:20:43.140277379Z [inf]  Setting up libhtml-tagset-perl (3.20-6) ...

2025-11-23T17:20:43.143291404Z [inf]  Setting up libauthen-sasl-perl (2.1600-3) ...

2025-11-23T17:20:43.146409376Z [inf]  Setting up libxcursor1:amd64 (1:1.2.1-1) ...

2025-11-23T17:20:43.14985174Z [inf]  Setting up liblwp-mediatypes-perl (6.04-2) ...

2025-11-23T17:20:43.153159151Z [inf]  Setting up libtry-tiny-perl (0.31-2) ...

2025-11-23T17:20:43.156390069Z [inf]  Setting up libxxf86dga1:amd64 (2:1.1.5-1) ...

2025-11-23T17:20:43.159805708Z [inf]  Setting up libnet-http-perl (6.22-1) ...

2025-11-23T17:20:43.163009776Z [inf]  Setting up libencode-locale-perl (1.05-3) ...

2025-11-23T17:20:43.166391611Z [inf]  Setting up dconf-service (0.40.0-4) ...

2025-11-23T17:20:43.169850652Z [inf]  Setting up libxaw7:amd64 (2:1.0.14-1) ...

2025-11-23T17:20:43.173077992Z [inf]  Setting up libatspi2.0-0:amd64 (2.46.0-5) ...

2025-11-23T17:20:43.176332562Z [inf]  Setting up x11-xserver-utils (7.7+9+b1) ...

2025-11-23T17:20:43.182002037Z [inf]  Setting up librsvg2-2:amd64 (2.54.7+dfsg-1~deb12u1) ...

2025-11-23T17:20:43.188284381Z [inf]  Setting up libatk-bridge2.0-0:amd64 (2.46.0-5) ...

2025-11-23T17:20:43.191532849Z [inf]  Setting up libgl1:amd64 (1.6.0-1) ...

2025-11-23T17:20:43.194901316Z [inf]  Setting up librsvg2-common:amd64 (2.54.7+dfsg-1~deb12u1) ...

2025-11-23T17:20:43.201921071Z [inf]  Setting up libfile-desktopentry-perl (0.22-3) ...

2025-11-23T17:20:43.205696974Z [inf]  Setting up libwww-robotrules-perl (6.02-1) ...

2025-11-23T17:20:43.209066289Z [inf]  Setting up zutty (0.14.0.20230218+dfsg1-1) ...

2025-11-23T17:20:43.212792058Z [inf]  update-alternatives: using /usr/bin/zutty to provide /usr/bin/x-terminal-emulator (x-terminal-emulator) in auto mode

2025-11-23T17:20:43.212836776Z [inf]  update-alternatives: warning: skip creation of /usr/share/man/man1/x-terminal-emulator.1.gz because associated file /usr/share/man/man1/zutty.1.gz (of link group x-terminal-emulator) doesn't exist

2025-11-23T17:20:43.214865032Z [inf]  Setting up gconf-service (3.2.6-8) ...

2025-11-23T17:20:43.218445068Z [inf]  Setting up libhtml-parser-perl:amd64 (3.81-1) ...

2025-11-23T17:20:43.221932092Z [inf]  Setting up x11-utils (7.7+5) ...

2025-11-23T17:20:43.236486516Z [inf]  Setting up libio-socket-ssl-perl (2.081-2) ...

2025-11-23T17:20:43.240183256Z [inf]  Setting up libhttp-message-perl (6.44-1) ...

2025-11-23T17:20:43.243691705Z [inf]  Setting up libhtml-form-perl (6.11-1) ...

2025-11-23T17:20:43.247326119Z [inf]  Setting up libfile-mimeinfo-perl (0.33-1) ...

2025-11-23T17:20:43.251126113Z [inf]  Setting up libhttp-negotiate-perl (6.01-2) ...

2025-11-23T17:20:43.254690118Z [inf]  Setting up dconf-gsettings-backend:amd64 (0.40.0-4) ...

2025-11-23T17:20:43.258263875Z [inf]  Setting up libhttp-cookies-perl (6.10-1) ...

2025-11-23T17:20:43.262030304Z [inf]  Setting up x11-xkb-utils (7.7+7) ...

2025-11-23T17:20:43.265934176Z [inf]  Setting up libgtk2.0-0:amd64 (2.24.33-2+deb12u1) ...

2025-11-23T17:20:43.277489954Z [inf]  Setting up libhtml-tree-perl (5.07-3) ...

2025-11-23T17:20:43.280668286Z [inf]  Setting up libhtml-format-perl (2.16-2) ...

2025-11-23T17:20:43.283904706Z [inf]  Setting up libnet-smtp-ssl-perl (1.04-2) ...

2025-11-23T17:20:43.295248648Z [inf]  Setting up libmailtools-perl (2.21-2) ...

2025-11-23T17:20:43.298488333Z [inf]  Setting up libgail18:amd64 (2.24.33-2+deb12u1) ...

2025-11-23T17:20:43.301798757Z [inf]  Setting up libhttp-daemon-perl (6.16-1) ...

2025-11-23T17:20:43.304947698Z [inf]  Setting up libgtk2.0-bin (2.24.33-2+deb12u1) ...

2025-11-23T17:20:43.308559562Z [inf]  Setting up xserver-common (2:21.1.7-3+deb12u11) ...

2025-11-23T17:20:43.312042628Z [inf]  Setting up libgtk-3-common (3.24.38-2~deb12u3) ...

2025-11-23T17:20:43.316548604Z [inf]  Setting up gsettings-desktop-schemas (43.0-1) ...

2025-11-23T17:20:43.319653928Z [inf]  Setting up libayatana-indicator7:amd64 (0.9.3-1) ...

2025-11-23T17:20:43.322707783Z [inf]  Setting up libgail-common:amd64 (2.24.33-2+deb12u1) ...

2025-11-23T17:20:43.325693035Z [inf]  Setting up libgtk-3-0:amd64 (3.24.38-2~deb12u3) ...

2025-11-23T17:20:43.341541952Z [inf]  Setting up xvfb (2:21.1.7-3+deb12u11) ...

2025-11-23T17:20:43.344550317Z [inf]  Setting up libayatana-appindicator1 (0.5.92-1) ...

2025-11-23T17:20:43.347550349Z [inf]  Setting up libgtk-3-bin (3.24.38-2~deb12u3) ...

2025-11-23T17:20:43.350598105Z [inf]  Setting up at-spi2-core (2.46.0-5) ...

2025-11-23T17:20:43.359019315Z [inf]  Setting up liblwp-protocol-https-perl (6.10-1) ...

2025-11-23T17:20:43.362324508Z [inf]  Setting up libwww-perl (6.68-1) ...

2025-11-23T17:20:43.365828207Z [inf]  Setting up libxml-parser-perl (2.46-4) ...

2025-11-23T17:20:43.368902418Z [inf]  Setting up libxml-twig-perl (1:3.52-2) ...

2025-11-23T17:20:43.372258156Z [inf]  Setting up libnet-dbus-perl (1.2.0-2) ...

2025-11-23T17:20:43.375515712Z [inf]  Processing triggers for libc-bin (2.36-9+deb12u13) ...

2025-11-23T17:20:43.406456128Z [inf]  Processing triggers for libgdk-pixbuf-2.0-0:amd64 (2.42.10+dfsg-1+deb12u2) ...

2025-11-23T17:20:43.604760480Z [inf]  install apt packages: ca-certificates fonts-liberation gconf-service libappindicator1 libasound2 libatk1.0-0 libatomic1 libc6 libcairo2 libcups2 libdbus-1-3 libexpat1 libfontconfig1 libgbm1 libgcc1 libgconf-2-4 libgdk-pixbuf2.0-0 libglib2.0-0 libgtk-3-0 libnspr4 libnss3 libpango-1.0-0 libpangocairo-1.0-0 libstdc++6 libx11-6 libx11-xcb1 libxcb1 libxcomposite1 libxcursor1 libxdamage1 libxext6 libxfixes3 libxi6 libxrandr2 libxrender1 libxss1 libxtst6 lsb-release wget xdg-utils xvfb
2025-11-23T17:20:45.189654107Z [inf]  npm warn deprecated inflight@1.0.6: This module is not supported, and leaks memory. Do not use it. Check out lru-cache if you want a good and tested way to coalesce async requests by a key value, which is much more comprehensive and powerful.

2025-11-23T17:20:45.193504443Z [inf]  npm warn deprecated glob@7.2.3: Glob versions prior to v9 are no longer supported

2025-11-23T17:20:45.26367543Z [inf]  npm warn deprecated rimraf@3.0.2: Rimraf versions prior to v4 are no longer supported

2025-11-23T17:21:01.204959525Z [inf]  
> design-web-pages@0.1.0 postinstall
> prisma generate


2025-11-23T17:21:02.094885139Z [inf]  Prisma schema loaded from prisma/schema.prisma

2025-11-23T17:21:02.33300902Z [inf]  
  Update available 6.19.0 -> 7.0.0                       
                                                         
  This is a major update - please follow the guide at    
  https://pris.ly/d/major-version-upgrade                
                                                         
  Run the following to update                            
    npm i --save-dev prisma@latest                       
    npm i @prisma/client@latest                          


2025-11-23T17:21:02.33308146Z [inf]  
 Generated Prisma Client (v6.19.0) to ./node_modules/@prisma/client in 82ms

Start by importing your Prisma Client (See: https://pris.ly/d/importing-client)

Tip: Interested in query caching in just a few lines of code? Try Accelerate today! https://pris.ly/tip-3-accelerate


2025-11-23T17:21:02.352946439Z [inf]  
added 583 packages, and audited 584 packages in 40s

2025-11-23T17:21:02.387193314Z [inf]  
3 vulnerabilities (2 moderate, 1 high)

To address all issues (including breaking changes), run:
  npm audit fix --force

Run `npm audit` for details.

2025-11-23T17:21:03.332090515Z [inf]  npm install
2025-11-23T17:21:03.333210745Z [inf]  copy / /app
2025-11-23T17:21:03.571964051Z [inf]  copy / /app
2025-11-23T17:21:03.573903155Z [inf]  npm run build
2025-11-23T17:21:03.813824487Z [inf]  npm warn config production Use `--omit=dev` instead.

2025-11-23T17:21:03.830180776Z [inf]  
> design-web-pages@0.1.0 build
> bash railway-build.sh


2025-11-23T17:21:03.834517246Z [inf]   Starting Railway build process...
 Generating Prisma client...

2025-11-23T17:21:03.901452798Z [inf]  npm warn config production Use `--omit=dev` instead.

2025-11-23T17:21:04.978607432Z [inf]  Prisma schema loaded from prisma/schema.prisma

2025-11-23T17:21:05.231161413Z [inf]  
 Generated Prisma Client (v6.19.0) to ./node_modules/@prisma/client in 100ms

Start by importing your Prisma Client (See: https://pris.ly/d/importing-client)

Tip: Interested in query caching in just a few lines of code? Try Accelerate today! https://pris.ly/tip-3-accelerate


2025-11-23T17:21:05.250229506Z [inf]    Attempting database migrations...

2025-11-23T17:21:05.315303402Z [inf]  npm warn config production Use `--omit=dev` instead.

2025-11-23T17:21:06.357757903Z [inf]  Prisma schema loaded from prisma/schema.prisma

2025-11-23T17:21:06.360389131Z [inf]  Datasource "db": PostgreSQL database "railway", schema "public" at "postgres.railway.internal:5432"

2025-11-23T17:21:06.432204205Z [inf]  

2025-11-23T17:21:06.432370852Z [inf]  Error: P1001: Can't reach database server at `postgres.railway.internal:5432`

Please make sure your database server is running at `postgres.railway.internal:5432`.

2025-11-23T17:21:06.448092834Z [inf]    Database migration failed (database may not be available during build)
  Migrations will run automatically on first application start
  Continuing with build...
  Building Next.js application...

2025-11-23T17:21:06.524541773Z [inf]  npm warn config production Use `--omit=dev` instead.

2025-11-23T17:21:07.356196819Z [inf]    Invalid next.config.ts options detected: 

2025-11-23T17:21:07.356494227Z [inf]        Unrecognized key(s) in object: 'serverComponentsExternalPackages' at "experimental"

2025-11-23T17:21:07.35654232Z [inf]    See more info here: https://nextjs.org/docs/messages/invalid-next-config

2025-11-23T17:21:07.356643434Z [inf]    The config property `experimental.turbo` is deprecated. Move this setting to `config.turbopack` as Turbopack is now stable.

2025-11-23T17:21:07.358152832Z [inf]    `experimental.serverComponentsExternalPackages` has been moved to `serverExternalPackages`. Please update your next.config.ts file accordingly.

2025-11-23T17:21:07.360021449Z [inf]   No build cache found. Please configure build caching for faster rebuilds. Read more: https://nextjs.org/docs/messages/no-cache

2025-11-23T17:21:07.414160474Z [inf]      Next.js 15.4.6

2025-11-23T17:21:07.41420787Z [inf]     - Experiments (use with caution):

2025-11-23T17:21:07.414217295Z [inf]        serverComponentsExternalPackages

2025-11-23T17:21:07.41443409Z [inf]  

2025-11-23T17:21:07.425439293Z [inf]     Creating an optimized production build ...

2025-11-23T17:21:14.191790214Z [inf]    Compiled successfully in 6.0s

2025-11-23T17:21:14.193335942Z [inf]     Linting and checking validity of types ...

2025-11-23T17:21:17.170058627Z [inf]  Failed to compile.


2025-11-23T17:21:17.170272998Z [inf]  app/api/projects/[id]/route.ts
Type error: Route "app/api/projects/[id]/route.ts" has an invalid "GET" export:
  Type "{ params: { id: string; }; }" is not a valid type for the function's second argument.


2025-11-23T17:21:17.20115976Z [inf]  Next.js build worker exited with code: 1 and signal: null

2025-11-23T17:21:17.682388868Z [err]  npm run build
2025-11-23T17:21:17.704176683Z [err]  ERROR: failed to build: failed to solve: process "npm run build" did not complete successfully: exit code: 1