2025-11-23T17:17:19.551766073Z [inf]  Preparing to unpack .../027-libglib2.0-0_2.74.6-2+deb12u7_amd64.deb ...

2025-11-23T17:17:19.552953667Z [inf]  Unpacking libglib2.0-0:amd64 (2.74.6-2+deb12u7) ...

2025-11-23T17:17:19.648879634Z [inf]  Selecting previously unselected package libicu72:amd64.

2025-11-23T17:17:19.649870329Z [inf]  Preparing to unpack .../028-libicu72_72.1-3+deb12u1_amd64.deb ...

2025-11-23T17:17:19.651180122Z [inf]  Unpacking libicu72:amd64 (72.1-3+deb12u1) ...

2025-11-23T17:17:20.122729625Z [inf]  Selecting previously unselected package libxml2:amd64.

2025-11-23T17:17:20.12377064Z [inf]  Preparing to unpack .../029-libxml2_2.9.14+dfsg-1.3~deb12u4_amd64.deb ...

2025-11-23T17:17:20.124809599Z [inf]  Unpacking libxml2:amd64 (2.9.14+dfsg-1.3~deb12u4) ...

2025-11-23T17:17:20.180993109Z [inf]  Selecting previously unselected package shared-mime-info.

2025-11-23T17:17:20.182042741Z [inf]  Preparing to unpack .../030-shared-mime-info_2.2-1_amd64.deb ...

2025-11-23T17:17:20.182979314Z [inf]  Unpacking shared-mime-info (2.2-1) ...

2025-11-23T17:17:20.242018495Z [inf]  Selecting previously unselected package libjpeg62-turbo:amd64.

2025-11-23T17:17:20.24308303Z [inf]  Preparing to unpack .../031-libjpeg62-turbo_1%3a2.1.5-2_amd64.deb ...

2025-11-23T17:17:20.244102367Z [inf]  Unpacking libjpeg62-turbo:amd64 (1:2.1.5-2) ...

2025-11-23T17:17:20.267409307Z [inf]  Selecting previously unselected package libpng16-16:amd64.

2025-11-23T17:17:20.268452268Z [inf]  Preparing to unpack .../032-libpng16-16_1.6.39-2_amd64.deb ...

2025-11-23T17:17:20.269508604Z [inf]  Unpacking libpng16-16:amd64 (1.6.39-2) ...

2025-11-23T17:17:20.295305435Z [inf]  Selecting previously unselected package libdeflate0:amd64.

2025-11-23T17:17:20.296276021Z [inf]  Preparing to unpack .../033-libdeflate0_1.14-1_amd64.deb ...

2025-11-23T17:17:20.297277531Z [inf]  Unpacking libdeflate0:amd64 (1.14-1) ...

2025-11-23T17:17:20.313209084Z [inf]  Selecting previously unselected package libjbig0:amd64.

2025-11-23T17:17:20.314033883Z [inf]  Preparing to unpack .../034-libjbig0_2.1-6.1_amd64.deb ...

2025-11-23T17:17:20.315346107Z [inf]  Unpacking libjbig0:amd64 (2.1-6.1) ...

2025-11-23T17:17:20.330139261Z [inf]  Selecting previously unselected package liblerc4:amd64.

2025-11-23T17:17:20.330924986Z [inf]  Preparing to unpack .../035-liblerc4_4.0.0+ds-2_amd64.deb ...

2025-11-23T17:17:20.331962421Z [inf]  Unpacking liblerc4:amd64 (4.0.0+ds-2) ...

2025-11-23T17:17:20.354874848Z [inf]  Selecting previously unselected package libwebp7:amd64.

2025-11-23T17:17:20.355664791Z [inf]  Preparing to unpack .../036-libwebp7_1.2.4-0.2+deb12u1_amd64.deb ...

2025-11-23T17:17:20.356780006Z [inf]  Unpacking libwebp7:amd64 (1.2.4-0.2+deb12u1) ...

2025-11-23T17:17:20.387007811Z [inf]  Selecting previously unselected package libtiff6:amd64.

2025-11-23T17:17:20.38779184Z [inf]  Preparing to unpack .../037-libtiff6_4.5.0-6+deb12u3_amd64.deb ...

2025-11-23T17:17:20.388789888Z [inf]  Unpacking libtiff6:amd64 (4.5.0-6+deb12u3) ...

2025-11-23T17:17:20.415100611Z [inf]  Selecting previously unselected package libgdk-pixbuf-2.0-0:amd64.

2025-11-23T17:17:20.415843045Z [inf]  Preparing to unpack .../038-libgdk-pixbuf-2.0-0_2.42.10+dfsg-1+deb12u2_amd64.deb ...

2025-11-23T17:17:20.416905408Z [inf]  Unpacking libgdk-pixbuf-2.0-0:amd64 (2.42.10+dfsg-1+deb12u2) ...

2025-11-23T17:17:20.438496754Z [inf]  Selecting previously unselected package gtk-update-icon-cache.

2025-11-23T17:17:20.439320598Z [inf]  Preparing to unpack .../039-gtk-update-icon-cache_3.24.38-2~deb12u3_amd64.deb ...

2025-11-23T17:17:20.440457253Z [inf]  Unpacking gtk-update-icon-cache (3.24.38-2~deb12u3) ...

2025-11-23T17:17:20.46316889Z [inf]  Selecting previously unselected package adwaita-icon-theme.

2025-11-23T17:17:20.46398102Z [inf]  Preparing to unpack .../040-adwaita-icon-theme_43-1_all.deb ...

2025-11-23T17:17:20.464976473Z [inf]  Unpacking adwaita-icon-theme (43-1) ...

2025-11-23T17:17:20.926625635Z [inf]  Selecting previously unselected package alsa-topology-conf.

2025-11-23T17:17:20.92921925Z [inf]  Preparing to unpack .../041-alsa-topology-conf_1.2.5.1-2_all.deb ...

2025-11-23T17:17:20.930190769Z [inf]  Unpacking alsa-topology-conf (1.2.5.1-2) ...

2025-11-23T17:17:20.945014168Z [inf]  Selecting previously unselected package libasound2-data.

2025-11-23T17:17:20.946257517Z [inf]  Preparing to unpack .../042-libasound2-data_1.2.8-1_all.deb ...

2025-11-23T17:17:20.947278396Z [inf]  Unpacking libasound2-data (1.2.8-1) ...

2025-11-23T17:17:20.967029281Z [inf]  Selecting previously unselected package libasound2:amd64.

2025-11-23T17:17:20.968222051Z [inf]  Preparing to unpack .../043-libasound2_1.2.8-1+b1_amd64.deb ...

2025-11-23T17:17:20.969252347Z [inf]  Unpacking libasound2:amd64 (1.2.8-1+b1) ...

2025-11-23T17:17:21.004056301Z [inf]  Selecting previously unselected package alsa-ucm-conf.

2025-11-23T17:17:21.005216725Z [inf]  Preparing to unpack .../044-alsa-ucm-conf_1.2.8-1_all.deb ...

2025-11-23T17:17:21.006185961Z [inf]  Unpacking alsa-ucm-conf (1.2.8-1) ...

2025-11-23T17:17:21.050175844Z [inf]  Selecting previously unselected package at-spi2-common.

2025-11-23T17:17:21.051351948Z [inf]  Preparing to unpack .../045-at-spi2-common_2.46.0-5_all.deb ...

2025-11-23T17:17:21.052392483Z [inf]  Unpacking at-spi2-common (2.46.0-5) ...

2025-11-23T17:17:21.076890258Z [inf]  Selecting previously unselected package libxau6:amd64.

2025-11-23T17:17:21.078054736Z [inf]  Preparing to unpack .../046-libxau6_1%3a1.0.9-1_amd64.deb ...

2025-11-23T17:17:21.079118608Z [inf]  Unpacking libxau6:amd64 (1:1.0.9-1) ...

2025-11-23T17:17:21.093110621Z [inf]  Selecting previously unselected package libbsd0:amd64.

2025-11-23T17:17:21.094211687Z [inf]  Preparing to unpack .../047-libbsd0_0.11.7-2_amd64.deb ...

2025-11-23T17:17:21.095295688Z [inf]  Unpacking libbsd0:amd64 (0.11.7-2) ...

2025-11-23T17:17:21.114775075Z [inf]  Selecting previously unselected package libxdmcp6:amd64.

2025-11-23T17:17:21.115861835Z [inf]  Preparing to unpack .../048-libxdmcp6_1%3a1.1.2-3_amd64.deb ...

2025-11-23T17:17:21.116933577Z [inf]  Unpacking libxdmcp6:amd64 (1:1.1.2-3) ...

2025-11-23T17:17:21.130931404Z [inf]  Selecting previously unselected package libxcb1:amd64.

2025-11-23T17:17:21.132026817Z [inf]  Preparing to unpack .../049-libxcb1_1.15-1_amd64.deb ...

2025-11-23T17:17:21.132997578Z [inf]  Unpacking libxcb1:amd64 (1.15-1) ...

2025-11-23T17:17:21.149567452Z [inf]  Selecting previously unselected package libx11-data.

2025-11-23T17:17:21.15066322Z [inf]  Preparing to unpack .../050-libx11-data_2%3a1.8.4-2+deb12u2_all.deb ...

2025-11-23T17:17:21.151681767Z [inf]  Unpacking libx11-data (2:1.8.4-2+deb12u2) ...

2025-11-23T17:17:21.185963668Z [inf]  Selecting previously unselected package libx11-6:amd64.

2025-11-23T17:17:21.187166308Z [inf]  Preparing to unpack .../051-libx11-6_2%3a1.8.4-2+deb12u2_amd64.deb ...

2025-11-23T17:17:21.188255921Z [inf]  Unpacking libx11-6:amd64 (2:1.8.4-2+deb12u2) ...

2025-11-23T17:17:21.242956561Z [inf]  Selecting previously unselected package libxext6:amd64.

2025-11-23T17:17:21.244332658Z [inf]  Preparing to unpack .../052-libxext6_2%3a1.3.4-1+b1_amd64.deb ...

2025-11-23T17:17:21.245371646Z [inf]  Unpacking libxext6:amd64 (2:1.3.4-1+b1) ...

2025-11-23T17:17:21.262006345Z [inf]  Selecting previously unselected package libxi6:amd64.

2025-11-23T17:17:21.263323619Z [inf]  Preparing to unpack .../053-libxi6_2%3a1.8-1+b1_amd64.deb ...

2025-11-23T17:17:21.26445406Z [inf]  Unpacking libxi6:amd64 (2:1.8-1+b1) ...

2025-11-23T17:17:21.281974893Z [inf]  Selecting previously unselected package libatspi2.0-0:amd64.

2025-11-23T17:17:21.283110285Z [inf]  Preparing to unpack .../054-libatspi2.0-0_2.46.0-5_amd64.deb ...

2025-11-23T17:17:21.284228791Z [inf]  Unpacking libatspi2.0-0:amd64 (2.46.0-5) ...

2025-11-23T17:17:21.302656926Z [inf]  Selecting previously unselected package x11-common.

2025-11-23T17:17:21.303792008Z [inf]  Preparing to unpack .../055-x11-common_1%3a7.7+23_all.deb ...

2025-11-23T17:17:21.304761945Z [inf]  Unpacking x11-common (1:7.7+23) ...

2025-11-23T17:17:21.325473316Z [inf]  Selecting previously unselected package libxtst6:amd64.

2025-11-23T17:17:21.326605819Z [inf]  Preparing to unpack .../056-libxtst6_2%3a1.2.3-1.1_amd64.deb ...

2025-11-23T17:17:21.327561007Z [inf]  Unpacking libxtst6:amd64 (2:1.2.3-1.1) ...

2025-11-23T17:17:21.340602641Z [inf]  Selecting previously unselected package dbus-user-session.

2025-11-23T17:17:21.341687899Z [inf]  Preparing to unpack .../057-dbus-user-session_1.14.10-1~deb12u1_amd64.deb ...

2025-11-23T17:17:21.342760293Z [inf]  Unpacking dbus-user-session (1.14.10-1~deb12u1) ...

2025-11-23T17:17:21.360157099Z [inf]  Selecting previously unselected package libdconf1:amd64.

2025-11-23T17:17:21.361391927Z [inf]  Preparing to unpack .../058-libdconf1_0.40.0-4_amd64.deb ...

2025-11-23T17:17:21.362448067Z [inf]  Unpacking libdconf1:amd64 (0.40.0-4) ...

2025-11-23T17:17:21.376016669Z [inf]  Selecting previously unselected package dconf-service.

2025-11-23T17:17:21.37712161Z [inf]  Preparing to unpack .../059-dconf-service_0.40.0-4_amd64.deb ...

2025-11-23T17:17:21.378124782Z [inf]  Unpacking dconf-service (0.40.0-4) ...

2025-11-23T17:17:21.391905968Z [inf]  Selecting previously unselected package dconf-gsettings-backend:amd64.

2025-11-23T17:17:21.393096568Z [inf]  Preparing to unpack .../060-dconf-gsettings-backend_0.40.0-4_amd64.deb ...

2025-11-23T17:17:21.394256327Z [inf]  Unpacking dconf-gsettings-backend:amd64 (0.40.0-4) ...

2025-11-23T17:17:21.407087705Z [inf]  Selecting previously unselected package gsettings-desktop-schemas.

2025-11-23T17:17:21.408206648Z [inf]  Preparing to unpack .../061-gsettings-desktop-schemas_43.0-1_all.deb ...

2025-11-23T17:17:21.409237544Z [inf]  Unpacking gsettings-desktop-schemas (43.0-1) ...

2025-11-23T17:17:21.464123616Z [inf]  Selecting previously unselected package at-spi2-core.

2025-11-23T17:17:21.465655335Z [inf]  Preparing to unpack .../062-at-spi2-core_2.46.0-5_amd64.deb ...

2025-11-23T17:17:21.46685322Z [inf]  Unpacking at-spi2-core (2.46.0-5) ...

2025-11-23T17:17:21.485683811Z [inf]  Selecting previously unselected package libisl23:amd64.

2025-11-23T17:17:21.487105882Z [inf]  Preparing to unpack .../063-libisl23_0.25-1.1_amd64.deb ...

2025-11-23T17:17:21.488140948Z [inf]  Unpacking libisl23:amd64 (0.25-1.1) ...

2025-11-23T17:17:21.5458458Z [inf]  Selecting previously unselected package libmpfr6:amd64.

2025-11-23T17:17:21.54719861Z [inf]  Preparing to unpack .../064-libmpfr6_4.2.0-1_amd64.deb ...

2025-11-23T17:17:21.548383476Z [inf]  Unpacking libmpfr6:amd64 (4.2.0-1) ...

2025-11-23T17:17:21.586898776Z [inf]  Selecting previously unselected package libmpc3:amd64.

2025-11-23T17:17:21.588223886Z [inf]  Preparing to unpack .../065-libmpc3_1.3.1-1_amd64.deb ...

2025-11-23T17:17:21.58936363Z [inf]  Unpacking libmpc3:amd64 (1.3.1-1) ...

2025-11-23T17:17:21.604173537Z [inf]  Selecting previously unselected package cpp-12.

2025-11-23T17:17:21.60548883Z [inf]  Preparing to unpack .../066-cpp-12_12.2.0-14+deb12u1_amd64.deb ...

2025-11-23T17:17:21.606511644Z [inf]  Unpacking cpp-12 (12.2.0-14+deb12u1) ...

2025-11-23T17:17:22.146912725Z [inf]  Selecting previously unselected package cpp.

2025-11-23T17:17:22.148404228Z [inf]  Preparing to unpack .../067-cpp_4%3a12.2.0-3_amd64.deb ...

2025-11-23T17:17:22.149469938Z [inf]  Unpacking cpp (4:12.2.0-3) ...

2025-11-23T17:17:22.162703697Z [inf]  Selecting previously unselected package libbrotli1:amd64.

2025-11-23T17:17:22.164153065Z [inf]  Preparing to unpack .../068-libbrotli1_1.0.9-2+b6_amd64.deb ...

2025-11-23T17:17:22.165272015Z [inf]  Unpacking libbrotli1:amd64 (1.0.9-2+b6) ...

2025-11-23T17:17:22.197180195Z [inf]  Selecting previously unselected package libfreetype6:amd64.

2025-11-23T17:17:22.198446993Z [inf]  Preparing to unpack .../069-libfreetype6_2.12.1+dfsg-5+deb12u4_amd64.deb ...

2025-11-23T17:17:22.199485418Z [inf]  Unpacking libfreetype6:amd64 (2.12.1+dfsg-5+deb12u4) ...

2025-11-23T17:17:22.236031138Z [inf]  Selecting previously unselected package fonts-liberation.

2025-11-23T17:17:22.237260185Z [inf]  Preparing to unpack .../070-fonts-liberation_1%3a1.07.4-11_all.deb ...

2025-11-23T17:17:22.238375398Z [inf]  Unpacking fonts-liberation (1:1.07.4-11) ...

2025-11-23T17:17:22.30493423Z [inf]  Selecting previously unselected package fontconfig-config.

2025-11-23T17:17:22.306146824Z [inf]  Preparing to unpack .../071-fontconfig-config_2.14.1-4_amd64.deb ...

2025-11-23T17:17:22.384387524Z [inf]  Unpacking fontconfig-config (2.14.1-4) ...

2025-11-23T17:17:22.408799242Z [inf]  Selecting previously unselected package libfontconfig1:amd64.

2025-11-23T17:17:22.410265422Z [inf]  Preparing to unpack .../072-libfontconfig1_2.14.1-4_amd64.deb ...

2025-11-23T17:17:22.411540532Z [inf]  Unpacking libfontconfig1:amd64 (2.14.1-4) ...

2025-11-23T17:17:22.434046626Z [inf]  Selecting previously unselected package fontconfig.

2025-11-23T17:17:22.435466298Z [inf]  Preparing to unpack .../073-fontconfig_2.14.1-4_amd64.deb ...

2025-11-23T17:17:22.436527094Z [inf]  Unpacking fontconfig (2.14.1-4) ...

2025-11-23T17:17:22.45971883Z [inf]  Selecting previously unselected package libdbus-glib-1-2:amd64.

2025-11-23T17:17:22.461024492Z [inf]  Preparing to unpack .../074-libdbus-glib-1-2_0.112-3_amd64.deb ...

2025-11-23T17:17:22.462068148Z [inf]  Unpacking libdbus-glib-1-2:amd64 (0.112-3) ...

2025-11-23T17:17:22.478901839Z [inf]  Selecting previously unselected package gconf2-common.

2025-11-23T17:17:22.480113365Z [inf]  Preparing to unpack .../075-gconf2-common_3.2.6-8_all.deb ...

2025-11-23T17:17:22.481226831Z [inf]  Unpacking gconf2-common (3.2.6-8) ...

2025-11-23T17:17:22.548030425Z [inf]  Selecting previously unselected package libgconf-2-4:amd64.

2025-11-23T17:17:22.549313351Z [inf]  Preparing to unpack .../076-libgconf-2-4_3.2.6-8_amd64.deb ...

2025-11-23T17:17:22.550332973Z [inf]  Unpacking libgconf-2-4:amd64 (3.2.6-8) ...

2025-11-23T17:17:22.573732884Z [inf]  Selecting previously unselected package libsasl2-modules-db:amd64.

2025-11-23T17:17:22.574952982Z [inf]  Preparing to unpack .../077-libsasl2-modules-db_2.1.28+dfsg-10_amd64.deb ...

2025-11-23T17:17:22.575997197Z [inf]  Unpacking libsasl2-modules-db:amd64 (2.1.28+dfsg-10) ...

2025-11-23T17:17:22.58986312Z [inf]  Selecting previously unselected package libsasl2-2:amd64.

2025-11-23T17:17:22.590989362Z [inf]  Preparing to unpack .../078-libsasl2-2_2.1.28+dfsg-10_amd64.deb ...

2025-11-23T17:17:22.592155448Z [inf]  Unpacking libsasl2-2:amd64 (2.1.28+dfsg-10) ...

2025-11-23T17:17:22.608985379Z [inf]  Selecting previously unselected package libldap-2.5-0:amd64.

2025-11-23T17:17:22.610117318Z [inf]  Preparing to unpack .../079-libldap-2.5-0_2.5.13+dfsg-5_amd64.deb ...

2025-11-23T17:17:22.611191483Z [inf]  Unpacking libldap-2.5-0:amd64 (2.5.13+dfsg-5) ...

2025-11-23T17:17:22.634698818Z [inf]  Selecting previously unselected package gconf-service.

2025-11-23T17:17:22.635907878Z [inf]  Preparing to unpack .../080-gconf-service_3.2.6-8_amd64.deb ...

2025-11-23T17:17:22.636861499Z [inf]  Unpacking gconf-service (3.2.6-8) ...

2025-11-23T17:17:22.661165708Z [inf]  Selecting previously unselected package libatk1.0-0:amd64.

2025-11-23T17:17:22.662337228Z [inf]  Preparing to unpack .../081-libatk1.0-0_2.46.0-5_amd64.deb ...

2025-11-23T17:17:22.663414248Z [inf]  Unpacking libatk1.0-0:amd64 (2.46.0-5) ...

2025-11-23T17:17:22.679829044Z [inf]  Selecting previously unselected package libatk-bridge2.0-0:amd64.

2025-11-23T17:17:22.681026422Z [inf]  Preparing to unpack .../082-libatk-bridge2.0-0_2.46.0-5_amd64.deb ...

2025-11-23T17:17:22.682285028Z [inf]  Unpacking libatk-bridge2.0-0:amd64 (2.46.0-5) ...

2025-11-23T17:17:22.699484961Z [inf]  Selecting previously unselected package libatomic1:amd64.

2025-11-23T17:17:22.700625712Z [inf]  Preparing to unpack .../083-libatomic1_12.2.0-14+deb12u1_amd64.deb ...

2025-11-23T17:17:22.701948085Z [inf]  Unpacking libatomic1:amd64 (12.2.0-14+deb12u1) ...

2025-11-23T17:17:22.719435036Z [inf]  Selecting previously unselected package libauthen-sasl-perl.

2025-11-23T17:17:22.72058814Z [inf]  Preparing to unpack .../084-libauthen-sasl-perl_2.1600-3_all.deb ...

2025-11-23T17:17:22.721583586Z [inf]  Unpacking libauthen-sasl-perl (2.1600-3) ...

2025-11-23T17:17:22.735879402Z [inf]  Selecting previously unselected package libavahi-common-data:amd64.

2025-11-23T17:17:22.73703677Z [inf]  Preparing to unpack .../085-libavahi-common-data_0.8-10+deb12u1_amd64.deb ...

2025-11-23T17:17:22.738024614Z [inf]  Unpacking libavahi-common-data:amd64 (0.8-10+deb12u1) ...

2025-11-23T17:17:22.763278896Z [inf]  Selecting previously unselected package libavahi-common3:amd64.

2025-11-23T17:17:22.764866552Z [inf]  Preparing to unpack .../086-libavahi-common3_0.8-10+deb12u1_amd64.deb ...

2025-11-23T17:17:22.76644963Z [inf]  Unpacking libavahi-common3:amd64 (0.8-10+deb12u1) ...

2025-11-23T17:17:22.786298905Z [inf]  Selecting previously unselected package libavahi-client3:amd64.

2025-11-23T17:17:22.787788613Z [inf]  Preparing to unpack .../087-libavahi-client3_0.8-10+deb12u1_amd64.deb ...

2025-11-23T17:17:22.788880865Z [inf]  Unpacking libavahi-client3:amd64 (0.8-10+deb12u1) ...

2025-11-23T17:17:22.807138247Z [inf]  Selecting previously unselected package libgtk2.0-common.

2025-11-23T17:17:22.808693352Z [inf]  Preparing to unpack .../088-libgtk2.0-common_2.24.33-2+deb12u1_all.deb ...

2025-11-23T17:17:22.810014765Z [inf]  Unpacking libgtk2.0-common (2.24.33-2+deb12u1) ...

2025-11-23T17:17:23.012393038Z [inf]  Selecting previously unselected package libpixman-1-0:amd64.

2025-11-23T17:17:23.013933704Z [inf]  Preparing to unpack .../089-libpixman-1-0_0.42.2-1_amd64.deb ...

2025-11-23T17:17:23.014981588Z [inf]  Unpacking libpixman-1-0:amd64 (0.42.2-1) ...

2025-11-23T17:17:23.047947003Z [inf]  Selecting previously unselected package libxcb-render0:amd64.

2025-11-23T17:17:23.049457354Z [inf]  Preparing to unpack .../090-libxcb-render0_1.15-1_amd64.deb ...

2025-11-23T17:17:23.050601719Z [inf]  Unpacking libxcb-render0:amd64 (1.15-1) ...

2025-11-23T17:17:23.070761091Z [inf]  Selecting previously unselected package libxcb-shm0:amd64.

2025-11-23T17:17:23.072185433Z [inf]  Preparing to unpack .../091-libxcb-shm0_1.15-1_amd64.deb ...

2025-11-23T17:17:23.073146934Z [inf]  Unpacking libxcb-shm0:amd64 (1.15-1) ...

2025-11-23T17:17:23.092123513Z [inf]  Selecting previously unselected package libxrender1:amd64.

2025-11-23T17:17:23.093659776Z [inf]  Preparing to unpack .../092-libxrender1_1%3a0.9.10-1.1_amd64.deb ...

2025-11-23T17:17:23.094781444Z [inf]  Unpacking libxrender1:amd64 (1:0.9.10-1.1) ...

2025-11-23T17:17:23.110397745Z [inf]  Selecting previously unselected package libcairo2:amd64.

2025-11-23T17:17:23.11184875Z [inf]  Preparing to unpack .../093-libcairo2_1.16.0-7_amd64.deb ...

2025-11-23T17:17:23.112998951Z [inf]  Unpacking libcairo2:amd64 (1.16.0-7) ...

2025-11-23T17:17:23.159735772Z [inf]  Selecting previously unselected package libkrb5support0:amd64.

2025-11-23T17:17:23.161403909Z [inf]  Preparing to unpack .../094-libkrb5support0_1.20.1-2+deb12u4_amd64.deb ...

2025-11-23T17:17:23.162625265Z [inf]  Unpacking libkrb5support0:amd64 (1.20.1-2+deb12u4) ...

2025-11-23T17:17:23.179215564Z [inf]  Selecting previously unselected package libk5crypto3:amd64.

2025-11-23T17:17:23.180767758Z [inf]  Preparing to unpack .../095-libk5crypto3_1.20.1-2+deb12u4_amd64.deb ...

2025-11-23T17:17:23.181948016Z [inf]  Unpacking libk5crypto3:amd64 (1.20.1-2+deb12u4) ...

2025-11-23T17:17:23.201429521Z [inf]  Selecting previously unselected package libkeyutils1:amd64.

2025-11-23T17:17:23.202913163Z [inf]  Preparing to unpack .../096-libkeyutils1_1.6.3-2_amd64.deb ...

2025-11-23T17:17:23.204031455Z [inf]  Unpacking libkeyutils1:amd64 (1.6.3-2) ...

2025-11-23T17:17:23.2183408Z [inf]  Selecting previously unselected package libkrb5-3:amd64.

2025-11-23T17:17:23.219841957Z [inf]  Preparing to unpack .../097-libkrb5-3_1.20.1-2+deb12u4_amd64.deb ...

2025-11-23T17:17:23.221013179Z [inf]  Unpacking libkrb5-3:amd64 (1.20.1-2+deb12u4) ...

2025-11-23T17:17:23.258901169Z [inf]  Selecting previously unselected package libgssapi-krb5-2:amd64.

2025-11-23T17:17:23.260411964Z [inf]  Preparing to unpack .../098-libgssapi-krb5-2_1.20.1-2+deb12u4_amd64.deb ...

2025-11-23T17:17:23.261649241Z [inf]  Unpacking libgssapi-krb5-2:amd64 (1.20.1-2+deb12u4) ...

2025-11-23T17:17:23.284305058Z [inf]  Selecting previously unselected package libcups2:amd64.

2025-11-23T17:17:23.285800487Z [inf]  Preparing to unpack .../099-libcups2_2.4.2-3+deb12u9_amd64.deb ...

2025-11-23T17:17:23.28702028Z [inf]  Unpacking libcups2:amd64 (2.4.2-3+deb12u9) ...

2025-11-23T17:17:23.318260844Z [inf]  Selecting previously unselected package libfribidi0:amd64.

2025-11-23T17:17:23.319857433Z [inf]  Preparing to unpack .../100-libfribidi0_1.0.8-2.1_amd64.deb ...

2025-11-23T17:17:23.321024291Z [inf]  Unpacking libfribidi0:amd64 (1.0.8-2.1) ...

2025-11-23T17:17:23.342722764Z [inf]  Selecting previously unselected package libgraphite2-3:amd64.

2025-11-23T17:17:23.344306646Z [inf]  Preparing to unpack .../101-libgraphite2-3_1.3.14-1_amd64.deb ...

2025-11-23T17:17:23.345415639Z [inf]  Unpacking libgraphite2-3:amd64 (1.3.14-1) ...

2025-11-23T17:17:23.36396264Z [inf]  Selecting previously unselected package libharfbuzz0b:amd64.

2025-11-23T17:17:23.365507107Z [inf]  Preparing to unpack .../102-libharfbuzz0b_6.0.0+dfsg-3_amd64.deb ...

2025-11-23T17:17:23.366619217Z [inf]  Unpacking libharfbuzz0b:amd64 (6.0.0+dfsg-3) ...

2025-11-23T17:17:23.41554516Z [inf]  Selecting previously unselected package libthai-data.

2025-11-23T17:17:23.417060218Z [inf]  Preparing to unpack .../103-libthai-data_0.1.29-1_all.deb ...

2025-11-23T17:17:23.418225805Z [inf]  Unpacking libthai-data (0.1.29-1) ...

2025-11-23T17:17:23.444011861Z [inf]  Selecting previously unselected package libdatrie1:amd64.

2025-11-23T17:17:23.445663043Z [inf]  Preparing to unpack .../104-libdatrie1_0.2.13-2+b1_amd64.deb ...

2025-11-23T17:17:23.446689109Z [inf]  Unpacking libdatrie1:amd64 (0.2.13-2+b1) ...

2025-11-23T17:17:23.46260148Z [inf]  Selecting previously unselected package libthai0:amd64.

2025-11-23T17:17:23.464126424Z [inf]  Preparing to unpack .../105-libthai0_0.1.29-1_amd64.deb ...

2025-11-23T17:17:23.465161554Z [inf]  Unpacking libthai0:amd64 (0.1.29-1) ...

2025-11-23T17:17:23.482385559Z [inf]  Selecting previously unselected package libpango-1.0-0:amd64.

2025-11-23T17:17:23.483886314Z [inf]  Preparing to unpack .../106-libpango-1.0-0_1.50.12+ds-1_amd64.deb ...

2025-11-23T17:17:23.485011671Z [inf]  Unpacking libpango-1.0-0:amd64 (1.50.12+ds-1) ...

2025-11-23T17:17:23.511519869Z [inf]  Selecting previously unselected package libpangoft2-1.0-0:amd64.

2025-11-23T17:17:23.513130149Z [inf]  Preparing to unpack .../107-libpangoft2-1.0-0_1.50.12+ds-1_amd64.deb ...

2025-11-23T17:17:23.514147435Z [inf]  Unpacking libpangoft2-1.0-0:amd64 (1.50.12+ds-1) ...

2025-11-23T17:17:23.529759302Z [inf]  Selecting previously unselected package libpangocairo-1.0-0:amd64.

2025-11-23T17:17:23.531195047Z [inf]  Preparing to unpack .../108-libpangocairo-1.0-0_1.50.12+ds-1_amd64.deb ...

2025-11-23T17:17:23.532129381Z [inf]  Unpacking libpangocairo-1.0-0:amd64 (1.50.12+ds-1) ...

2025-11-23T17:17:23.546405558Z [inf]  Selecting previously unselected package libxcomposite1:amd64.

2025-11-23T17:17:23.54782015Z [inf]  Preparing to unpack .../109-libxcomposite1_1%3a0.4.5-1_amd64.deb ...

2025-11-23T17:17:23.548814298Z [inf]  Unpacking libxcomposite1:amd64 (1:0.4.5-1) ...

2025-11-23T17:17:23.562328073Z [inf]  Selecting previously unselected package libxfixes3:amd64.

2025-11-23T17:17:23.563539942Z [inf]  Preparing to unpack .../110-libxfixes3_1%3a6.0.0-2_amd64.deb ...

2025-11-23T17:17:23.564504403Z [inf]  Unpacking libxfixes3:amd64 (1:6.0.0-2) ...

2025-11-23T17:17:23.577796355Z [inf]  Selecting previously unselected package libxcursor1:amd64.

2025-11-23T17:17:23.578970985Z [inf]  Preparing to unpack .../111-libxcursor1_1%3a1.2.1-1_amd64.deb ...

2025-11-23T17:17:23.580037392Z [inf]  Unpacking libxcursor1:amd64 (1:1.2.1-1) ...

2025-11-23T17:17:23.594449583Z [inf]  Selecting previously unselected package libxdamage1:amd64.

2025-11-23T17:17:23.595610118Z [inf]  Preparing to unpack .../112-libxdamage1_1%3a1.1.6-1_amd64.deb ...

2025-11-23T17:17:23.596666675Z [inf]  Unpacking libxdamage1:amd64 (1:1.1.6-1) ...

2025-11-23T17:17:23.610111063Z [inf]  Selecting previously unselected package libxinerama1:amd64.

2025-11-23T17:17:23.611270124Z [inf]  Preparing to unpack .../113-libxinerama1_2%3a1.1.4-3_amd64.deb ...

2025-11-23T17:17:23.612251257Z [inf]  Unpacking libxinerama1:amd64 (2:1.1.4-3) ...

2025-11-23T17:17:23.626540485Z [inf]  Selecting previously unselected package libxrandr2:amd64.

2025-11-23T17:17:23.62767065Z [inf]  Preparing to unpack .../114-libxrandr2_2%3a1.5.2-2+b1_amd64.deb ...

2025-11-23T17:17:23.628752351Z [inf]  Unpacking libxrandr2:amd64 (2:1.5.2-2+b1) ...

2025-11-23T17:17:23.646857127Z [inf]  Selecting previously unselected package libgtk2.0-0:amd64.

2025-11-23T17:17:23.648036581Z [inf]  Preparing to unpack .../115-libgtk2.0-0_2.24.33-2+deb12u1_amd64.deb ...

2025-11-23T17:17:23.649139837Z [inf]  Unpacking libgtk2.0-0:amd64 (2.24.33-2+deb12u1) ...

2025-11-23T17:17:23.778389613Z [inf]  Selecting previously unselected package libayatana-indicator7:amd64.

2025-11-23T17:17:23.779861658Z [inf]  Preparing to unpack .../116-libayatana-indicator7_0.9.3-1_amd64.deb ...

2025-11-23T17:17:23.780933918Z [inf]  Unpacking libayatana-indicator7:amd64 (0.9.3-1) ...

2025-11-23T17:17:23.795159137Z [inf]  Selecting previously unselected package libdbusmenu-glib4:amd64.

2025-11-23T17:17:23.79652691Z [inf]  Preparing to unpack .../117-libdbusmenu-glib4_18.10.20180917~bzr492+repack1-3_amd64.deb ...

2025-11-23T17:17:23.79750428Z [inf]  Unpacking libdbusmenu-glib4:amd64 (18.10.20180917~bzr492+repack1-3) ...

2025-11-23T17:17:23.813966298Z [inf]  Selecting previously unselected package libdbusmenu-gtk4:amd64.

2025-11-23T17:17:23.815181093Z [inf]  Preparing to unpack .../118-libdbusmenu-gtk4_18.10.20180917~bzr492+repack1-3_amd64.deb ...

2025-11-23T17:17:23.81626735Z [inf]  Unpacking libdbusmenu-gtk4:amd64 (18.10.20180917~bzr492+repack1-3) ...

2025-11-23T17:17:23.830791268Z [inf]  Selecting previously unselected package libayatana-appindicator1.

2025-11-23T17:17:23.831959258Z [inf]  Preparing to unpack .../119-libayatana-appindicator1_0.5.92-1_amd64.deb ...

2025-11-23T17:17:23.833026449Z [inf]  Unpacking libayatana-appindicator1 (0.5.92-1) ...

2025-11-23T17:17:23.847142093Z [inf]  Selecting previously unselected package libcairo-gobject2:amd64.

2025-11-23T17:17:23.848309656Z [inf]  Preparing to unpack .../120-libcairo-gobject2_1.16.0-7_amd64.deb ...

2025-11-23T17:17:23.849287984Z [inf]  Unpacking libcairo-gobject2:amd64 (1.16.0-7) ...

2025-11-23T17:17:23.867343926Z [inf]  Selecting previously unselected package libclone-perl:amd64.

2025-11-23T17:17:23.868504095Z [inf]  Preparing to unpack .../121-libclone-perl_0.46-1_amd64.deb ...

2025-11-23T17:17:23.869480204Z [inf]  Unpacking libclone-perl:amd64 (0.46-1) ...

2025-11-23T17:17:23.882753921Z [inf]  Selecting previously unselected package liblcms2-2:amd64.

2025-11-23T17:17:23.883864385Z [inf]  Preparing to unpack .../122-liblcms2-2_2.14-2_amd64.deb ...

2025-11-23T17:17:23.88481585Z [inf]  Unpacking liblcms2-2:amd64 (2.14-2) ...

2025-11-23T17:17:23.907827144Z [inf]  Selecting previously unselected package libcolord2:amd64.

2025-11-23T17:17:23.908990238Z [inf]  Preparing to unpack .../123-libcolord2_1.4.6-2.2_amd64.deb ...

2025-11-23T17:17:23.910000704Z [inf]  Unpacking libcolord2:amd64 (1.4.6-2.2) ...

2025-11-23T17:17:23.930284702Z [inf]  Selecting previously unselected package libdata-dump-perl.

2025-11-23T17:17:23.931415637Z [inf]  Preparing to unpack .../124-libdata-dump-perl_1.25-1_all.deb ...

2025-11-23T17:17:23.932441526Z [inf]  Unpacking libdata-dump-perl (1.25-1) ...

2025-11-23T17:17:23.945730005Z [inf]  Selecting previously unselected package libdrm-common.

2025-11-23T17:17:23.946851253Z [inf]  Preparing to unpack .../125-libdrm-common_2.4.114-1_all.deb ...

2025-11-23T17:17:23.94777392Z [inf]  Unpacking libdrm-common (2.4.114-1) ...

2025-11-23T17:17:23.960826096Z [inf]  Selecting previously unselected package libdrm2:amd64.

2025-11-23T17:17:23.961977654Z [inf]  Preparing to unpack .../126-libdrm2_2.4.114-1+b1_amd64.deb ...

2025-11-23T17:17:23.96293208Z [inf]  Unpacking libdrm2:amd64 (2.4.114-1+b1) ...

2025-11-23T17:17:23.977900025Z [inf]  Selecting previously unselected package libdrm-amdgpu1:amd64.

2025-11-23T17:17:23.978999979Z [inf]  Preparing to unpack .../127-libdrm-amdgpu1_2.4.114-1+b1_amd64.deb ...

2025-11-23T17:17:23.979959089Z [inf]  Unpacking libdrm-amdgpu1:amd64 (2.4.114-1+b1) ...

2025-11-23T17:17:23.997837653Z [inf]  Selecting previously unselected package libpciaccess0:amd64.

2025-11-23T17:17:23.999007635Z [inf]  Preparing to unpack .../128-libpciaccess0_0.17-2_amd64.deb ...

2025-11-23T17:17:24.00014041Z [inf]  Unpacking libpciaccess0:amd64 (0.17-2) ...

2025-11-23T17:17:24.015490086Z [inf]  Selecting previously unselected package libdrm-intel1:amd64.

2025-11-23T17:17:24.016701385Z [inf]  Preparing to unpack .../129-libdrm-intel1_2.4.114-1+b1_amd64.deb ...

2025-11-23T17:17:24.017682673Z [inf]  Unpacking libdrm-intel1:amd64 (2.4.114-1+b1) ...

2025-11-23T17:17:24.034294602Z [inf]  Selecting previously unselected package libdrm-nouveau2:amd64.

2025-11-23T17:17:24.03542963Z [inf]  Preparing to unpack .../130-libdrm-nouveau2_2.4.114-1+b1_amd64.deb ...

2025-11-23T17:17:24.036416941Z [inf]  Unpacking libdrm-nouveau2:amd64 (2.4.114-1+b1) ...

2025-11-23T17:17:24.04988117Z [inf]  Selecting previously unselected package libdrm-radeon1:amd64.

2025-11-23T17:17:24.050997599Z [inf]  Preparing to unpack .../131-libdrm-radeon1_2.4.114-1+b1_amd64.deb ...

2025-11-23T17:17:24.051960644Z [inf]  Unpacking libdrm-radeon1:amd64 (2.4.114-1+b1) ...

2025-11-23T17:17:24.065937997Z [inf]  Selecting previously unselected package libedit2:amd64.

2025-11-23T17:17:24.067085069Z [inf]  Preparing to unpack .../132-libedit2_3.1-20221030-2_amd64.deb ...

2025-11-23T17:17:24.068058242Z [inf]  Unpacking libedit2:amd64 (3.1-20221030-2) ...

2025-11-23T17:17:24.086484456Z [inf]  Selecting previously unselected package libwayland-server0:amd64.

2025-11-23T17:17:24.087633701Z [inf]  Preparing to unpack .../133-libwayland-server0_1.21.0-1_amd64.deb ...

2025-11-23T17:17:24.088598204Z [inf]  Unpacking libwayland-server0:amd64 (1.21.0-1) ...

2025-11-23T17:17:24.103460421Z [inf]  Selecting previously unselected package libgbm1:amd64.

2025-11-23T17:17:24.104690824Z [inf]  Preparing to unpack .../134-libgbm1_22.3.6-1+deb12u1_amd64.deb ...

2025-11-23T17:17:24.105566887Z [inf]  Unpacking libgbm1:amd64 (22.3.6-1+deb12u1) ...

2025-11-23T17:17:24.120634707Z [inf]  Selecting previously unselected package libglapi-mesa:amd64.

2025-11-23T17:17:24.121763929Z [inf]  Preparing to unpack .../135-libglapi-mesa_22.3.6-1+deb12u1_amd64.deb ...

2025-11-23T17:17:24.122778813Z [inf]  Unpacking libglapi-mesa:amd64 (22.3.6-1+deb12u1) ...

2025-11-23T17:17:24.138750835Z [inf]  Selecting previously unselected package libwayland-client0:amd64.

2025-11-23T17:17:24.139938499Z [inf]  Preparing to unpack .../136-libwayland-client0_1.21.0-1_amd64.deb ...

2025-11-23T17:17:24.14098974Z [inf]  Unpacking libwayland-client0:amd64 (1.21.0-1) ...

2025-11-23T17:17:24.15490051Z [inf]  Selecting previously unselected package libx11-xcb1:amd64.

2025-11-23T17:17:24.156040475Z [inf]  Preparing to unpack .../137-libx11-xcb1_2%3a1.8.4-2+deb12u2_amd64.deb ...

2025-11-23T17:17:24.15692942Z [inf]  Unpacking libx11-xcb1:amd64 (2:1.8.4-2+deb12u2) ...

2025-11-23T17:17:24.173707414Z [inf]  Selecting previously unselected package libxcb-dri2-0:amd64.

2025-11-23T17:17:24.174907519Z [inf]  Preparing to unpack .../138-libxcb-dri2-0_1.15-1_amd64.deb ...

2025-11-23T17:17:24.175925647Z [inf]  Unpacking libxcb-dri2-0:amd64 (1.15-1) ...

2025-11-23T17:17:24.195238014Z [inf]  Selecting previously unselected package libxcb-dri3-0:amd64.

2025-11-23T17:17:24.196442932Z [inf]  Preparing to unpack .../139-libxcb-dri3-0_1.15-1_amd64.deb ...

2025-11-23T17:17:24.1974665Z [inf]  Unpacking libxcb-dri3-0:amd64 (1.15-1) ...

2025-11-23T17:17:24.217375977Z [inf]  Selecting previously unselected package libxcb-present0:amd64.

2025-11-23T17:17:24.21848084Z [inf]  Preparing to unpack .../140-libxcb-present0_1.15-1_amd64.deb ...

2025-11-23T17:17:24.219512721Z [inf]  Unpacking libxcb-present0:amd64 (1.15-1) ...

2025-11-23T17:17:24.23933688Z [inf]  Selecting previously unselected package libxcb-randr0:amd64.

2025-11-23T17:17:24.240510462Z [inf]  Preparing to unpack .../141-libxcb-randr0_1.15-1_amd64.deb ...

2025-11-23T17:17:24.241675472Z [inf]  Unpacking libxcb-randr0:amd64 (1.15-1) ...

2025-11-23T17:17:24.262336426Z [inf]  Selecting previously unselected package libxcb-sync1:amd64.

2025-11-23T17:17:24.263546008Z [inf]  Preparing to unpack .../142-libxcb-sync1_1.15-1_amd64.deb ...

2025-11-23T17:17:24.264705214Z [inf]  Unpacking libxcb-sync1:amd64 (1.15-1) ...

2025-11-23T17:17:24.285078616Z [inf]  Selecting previously unselected package libxcb-xfixes0:amd64.

2025-11-23T17:17:24.286219787Z [inf]  Preparing to unpack .../143-libxcb-xfixes0_1.15-1_amd64.deb ...

2025-11-23T17:17:24.287433042Z [inf]  Unpacking libxcb-xfixes0:amd64 (1.15-1) ...

2025-11-23T17:17:24.307152591Z [inf]  Selecting previously unselected package libxshmfence1:amd64.

2025-11-23T17:17:24.308339362Z [inf]  Preparing to unpack .../144-libxshmfence1_1.3-1_amd64.deb ...

2025-11-23T17:17:24.309484336Z [inf]  Unpacking libxshmfence1:amd64 (1.3-1) ...

2025-11-23T17:17:24.323117733Z [inf]  Selecting previously unselected package libegl-mesa0:amd64.

2025-11-23T17:17:24.324276132Z [inf]  Preparing to unpack .../145-libegl-mesa0_22.3.6-1+deb12u1_amd64.deb ...

2025-11-23T17:17:24.325359731Z [inf]  Unpacking libegl-mesa0:amd64 (22.3.6-1+deb12u1) ...

2025-11-23T17:17:24.347142423Z [inf]  Selecting previously unselected package libelf1:amd64.

2025-11-23T17:17:24.348367511Z [inf]  Preparing to unpack .../146-libelf1_0.188-2.1_amd64.deb ...

2025-11-23T17:17:24.349474456Z [inf]  Unpacking libelf1:amd64 (0.188-2.1) ...

2025-11-23T17:17:24.374322598Z [inf]  Selecting previously unselected package libencode-locale-perl.

2025-11-23T17:17:24.375704528Z [inf]  Preparing to unpack .../147-libencode-locale-perl_1.05-3_all.deb ...

2025-11-23T17:17:24.376788911Z [inf]  Unpacking libencode-locale-perl (1.05-3) ...

2025-11-23T17:17:24.391825837Z [inf]  Selecting previously unselected package libepoxy0:amd64.

2025-11-23T17:17:24.393222186Z [inf]  Preparing to unpack .../148-libepoxy0_1.5.10-1_amd64.deb ...

2025-11-23T17:17:24.394726911Z [inf]  Unpacking libepoxy0:amd64 (1.5.10-1) ...

2025-11-23T17:17:24.420151484Z [inf]  Selecting previously unselected package libipc-system-simple-perl.

2025-11-23T17:17:24.421412896Z [inf]  Preparing to unpack .../149-libipc-system-simple-perl_1.30-2_all.deb ...

2025-11-23T17:17:24.422740483Z [inf]  Unpacking libipc-system-simple-perl (1.30-2) ...

2025-11-23T17:17:24.436904664Z [inf]  Selecting previously unselected package libfile-basedir-perl.

2025-11-23T17:17:24.438141834Z [inf]  Preparing to unpack .../150-libfile-basedir-perl_0.09-2_all.deb ...

2025-11-23T17:17:24.439175452Z [inf]  Unpacking libfile-basedir-perl (0.09-2) ...

2025-11-23T17:17:24.452154522Z [inf]  Selecting previously unselected package libregexp-ipv6-perl.

2025-11-23T17:17:24.453396439Z [inf]  Preparing to unpack .../151-libregexp-ipv6-perl_0.03-3_all.deb ...

2025-11-23T17:17:24.454487154Z [inf]  Unpacking libregexp-ipv6-perl (0.03-3) ...

2025-11-23T17:17:24.466110801Z [inf]  Selecting previously unselected package liburi-perl.

2025-11-23T17:17:24.467379358Z [inf]  Preparing to unpack .../152-liburi-perl_5.17-1_all.deb ...

2025-11-23T17:17:24.468467633Z [inf]  Unpacking liburi-perl (5.17-1) ...

2025-11-23T17:17:24.488955987Z [inf]  Selecting previously unselected package libfile-desktopentry-perl.

2025-11-23T17:17:24.490312708Z [inf]  Preparing to unpack .../153-libfile-desktopentry-perl_0.22-3_all.deb ...

2025-11-23T17:17:24.491293229Z [inf]  Unpacking libfile-desktopentry-perl (0.22-3) ...

2025-11-23T17:17:24.504050746Z [inf]  Selecting previously unselected package libtimedate-perl.

2025-11-23T17:17:24.505450873Z [inf]  Preparing to unpack .../154-libtimedate-perl_2.3300-2_all.deb ...

2025-11-23T17:17:24.506558948Z [inf]  Unpacking libtimedate-perl (2.3300-2) ...

2025-11-23T17:17:24.524592145Z [inf]  Selecting previously unselected package libhttp-date-perl.

2025-11-23T17:17:24.525936715Z [inf]  Preparing to unpack .../155-libhttp-date-perl_6.05-2_all.deb ...

2025-11-23T17:17:24.527028024Z [inf]  Unpacking libhttp-date-perl (6.05-2) ...

2025-11-23T17:17:24.539420319Z [inf]  Selecting previously unselected package libfile-listing-perl.

2025-11-23T17:17:24.540862972Z [inf]  Preparing to unpack .../156-libfile-listing-perl_6.15-1_all.deb ...

2025-11-23T17:17:24.541940218Z [inf]  Unpacking libfile-listing-perl (6.15-1) ...

2025-11-23T17:17:24.555284668Z [inf]  Selecting previously unselected package libfile-mimeinfo-perl.

2025-11-23T17:17:24.556749263Z [inf]  Preparing to unpack .../157-libfile-mimeinfo-perl_0.33-1_all.deb ...

2025-11-23T17:17:24.557809055Z [inf]  Unpacking libfile-mimeinfo-perl (0.33-1) ...

2025-11-23T17:17:24.57339596Z [inf]  Selecting previously unselected package libfont-afm-perl.

2025-11-23T17:17:24.574851291Z [inf]  Preparing to unpack .../158-libfont-afm-perl_1.20-4_all.deb ...

2025-11-23T17:17:24.576045428Z [inf]  Unpacking libfont-afm-perl (1.20-4) ...

2025-11-23T17:17:24.591940547Z [inf]  Selecting previously unselected package libfontenc1:amd64.

2025-11-23T17:17:24.593415768Z [inf]  Preparing to unpack .../159-libfontenc1_1%3a1.1.4-1_amd64.deb ...

2025-11-23T17:17:24.594572399Z [inf]  Unpacking libfontenc1:amd64 (1:1.1.4-1) ...

2025-11-23T17:17:24.609870108Z [inf]  Selecting previously unselected package libgail18:amd64.

2025-11-23T17:17:24.611210935Z [inf]  Preparing to unpack .../160-libgail18_2.24.33-2+deb12u1_amd64.deb ...

2025-11-23T17:17:24.612381005Z [inf]  Unpacking libgail18:amd64 (2.24.33-2+deb12u1) ...

2025-11-23T17:17:24.625829743Z [inf]  Selecting previously unselected package libgail-common:amd64.

2025-11-23T17:17:24.627648276Z [inf]  Preparing to unpack .../161-libgail-common_2.24.33-2+deb12u1_amd64.deb ...

2025-11-23T17:17:24.628985308Z [inf]  Unpacking libgail-common:amd64 (2.24.33-2+deb12u1) ...

2025-11-23T17:17:24.651697935Z [inf]  Selecting previously unselected package libgdk-pixbuf-xlib-2.0-0:amd64.

2025-11-23T17:17:24.653628847Z [inf]  Preparing to unpack .../162-libgdk-pixbuf-xlib-2.0-0_2.40.2-2_amd64.deb ...

2025-11-23T17:17:24.654777572Z [inf]  Unpacking libgdk-pixbuf-xlib-2.0-0:amd64 (2.40.2-2) ...

2025-11-23T17:17:24.671234894Z [inf]  Selecting previously unselected package libgdk-pixbuf2.0-0:amd64.

2025-11-23T17:17:24.672737605Z [inf]  Preparing to unpack .../163-libgdk-pixbuf2.0-0_2.40.2-2_amd64.deb ...

2025-11-23T17:17:24.674200029Z [inf]  Unpacking libgdk-pixbuf2.0-0:amd64 (2.40.2-2) ...

2025-11-23T17:17:24.687576431Z [inf]  Selecting previously unselected package libgdk-pixbuf2.0-bin.

2025-11-23T17:17:24.689251517Z [inf]  Preparing to unpack .../164-libgdk-pixbuf2.0-bin_2.42.10+dfsg-1+deb12u2_amd64.deb ...

2025-11-23T17:17:24.691132321Z [inf]  Unpacking libgdk-pixbuf2.0-bin (2.42.10+dfsg-1+deb12u2) ...

2025-11-23T17:17:24.707520983Z [inf]  Selecting previously unselected package libglvnd0:amd64.

2025-11-23T17:17:24.709127891Z [inf]  Preparing to unpack .../165-libglvnd0_1.6.0-1_amd64.deb ...

2025-11-23T17:17:24.710150513Z [inf]  Unpacking libglvnd0:amd64 (1.6.0-1) ...

2025-11-23T17:17:24.729322211Z [inf]  Selecting previously unselected package libxcb-glx0:amd64.

2025-11-23T17:17:24.730883851Z [inf]  Preparing to unpack .../166-libxcb-glx0_1.15-1_amd64.deb ...

2025-11-23T17:17:24.731996936Z [inf]  Unpacking libxcb-glx0:amd64 (1.15-1) ...

2025-11-23T17:17:24.752357324Z [inf]  Selecting previously unselected package libxxf86vm1:amd64.

2025-11-23T17:17:24.753841724Z [inf]  Preparing to unpack .../167-libxxf86vm1_1%3a1.1.4-1+b2_amd64.deb ...

2025-11-23T17:17:24.760737644Z [inf]  Unpacking libxxf86vm1:amd64 (1:1.1.4-1+b2) ...

2025-11-23T17:17:24.775078435Z [inf]  Selecting previously unselected package libz3-4:amd64.

2025-11-23T17:17:24.77661677Z [inf]  Preparing to unpack .../168-libz3-4_4.8.12-3.1_amd64.deb ...

2025-11-23T17:17:24.777740822Z [inf]  Unpacking libz3-4:amd64 (4.8.12-3.1) ...

2025-11-23T17:17:25.253805684Z [inf]  Selecting previously unselected package libllvm15:amd64.

2025-11-23T17:17:25.255537867Z [inf]  Preparing to unpack .../169-libllvm15_1%3a15.0.6-4+b1_amd64.deb ...

2025-11-23T17:17:25.256848607Z [inf]  Unpacking libllvm15:amd64 (1:15.0.6-4+b1) ...

2025-11-23T17:17:25.922492469Z [inf]  Selecting previously unselected package libsensors-config.

2025-11-23T17:17:25.924003194Z [inf]  Preparing to unpack .../170-libsensors-config_1%3a3.6.0-7.1_all.deb ...

2025-11-23T17:17:25.925200739Z [inf]  Unpacking libsensors-config (1:3.6.0-7.1) ...

2025-11-23T17:17:25.941027089Z [inf]  Selecting previously unselected package libsensors5:amd64.

2025-11-23T17:17:25.942542082Z [inf]  Preparing to unpack .../171-libsensors5_1%3a3.6.0-7.1_amd64.deb ...

2025-11-23T17:17:25.965454645Z [inf]  Unpacking libsensors5:amd64 (1:3.6.0-7.1) ...

2025-11-23T17:17:25.981906751Z [inf]  Selecting previously unselected package libgl1-mesa-dri:amd64.

2025-11-23T17:17:25.983395691Z [inf]  Preparing to unpack .../172-libgl1-mesa-dri_22.3.6-1+deb12u1_amd64.deb ...

2025-11-23T17:17:25.987955431Z [inf]  Unpacking libgl1-mesa-dri:amd64 (22.3.6-1+deb12u1) ...

2025-11-23T17:17:26.442728086Z [inf]  Selecting previously unselected package libglx-mesa0:amd64.

2025-11-23T17:17:26.444297501Z [inf]  Preparing to unpack .../173-libglx-mesa0_22.3.6-1+deb12u1_amd64.deb ...

2025-11-23T17:17:26.445440821Z [inf]  Unpacking libglx-mesa0:amd64 (22.3.6-1+deb12u1) ...

2025-11-23T17:17:26.468734383Z [inf]  Selecting previously unselected package libglx0:amd64.

2025-11-23T17:17:26.470218954Z [inf]  Preparing to unpack .../174-libglx0_1.6.0-1_amd64.deb ...

2025-11-23T17:17:26.471276993Z [inf]  Unpacking libglx0:amd64 (1.6.0-1) ...

2025-11-23T17:17:26.488710503Z [inf]  Selecting previously unselected package libgl1:amd64.

2025-11-23T17:17:26.490175949Z [inf]  Preparing to unpack .../175-libgl1_1.6.0-1_amd64.deb ...

2025-11-23T17:17:26.491217175Z [inf]  Unpacking libgl1:amd64 (1.6.0-1) ...

2025-11-23T17:17:26.510904869Z [inf]  Selecting previously unselected package libgles2:amd64.

2025-11-23T17:17:26.512422273Z [inf]  Preparing to unpack .../176-libgles2_1.6.0-1_amd64.deb ...

2025-11-23T17:17:26.513459175Z [inf]  Unpacking libgles2:amd64 (1.6.0-1) ...

2025-11-23T17:17:26.526173467Z [inf]  Selecting previously unselected package libglib2.0-data.

2025-11-23T17:17:26.527543994Z [inf]  Preparing to unpack .../177-libglib2.0-data_2.74.6-2+deb12u7_all.deb ...

2025-11-23T17:17:26.528647676Z [inf]  Unpacking libglib2.0-data (2.74.6-2+deb12u7) ...

2025-11-23T17:17:26.627839696Z [inf]  Selecting previously unselected package libgpm2:amd64.

2025-11-23T17:17:26.629369361Z [inf]  Preparing to unpack .../178-libgpm2_1.20.7-10+b1_amd64.deb ...

2025-11-23T17:17:26.630498033Z [inf]  Unpacking libgpm2:amd64 (1.20.7-10+b1) ...

2025-11-23T17:17:26.644241715Z [inf]  Selecting previously unselected package libwayland-cursor0:amd64.

2025-11-23T17:17:26.645750988Z [inf]  Preparing to unpack .../179-libwayland-cursor0_1.21.0-1_amd64.deb ...

2025-11-23T17:17:26.646720652Z [inf]  Unpacking libwayland-cursor0:amd64 (1.21.0-1) ...

2025-11-23T17:17:26.660378315Z [inf]  Selecting previously unselected package libwayland-egl1:amd64.

2025-11-23T17:17:26.661755715Z [inf]  Preparing to unpack .../180-libwayland-egl1_1.21.0-1_amd64.deb ...

2025-11-23T17:17:26.662727233Z [inf]  Unpacking libwayland-egl1:amd64 (1.21.0-1) ...

2025-11-23T17:17:26.675287117Z [inf]  Selecting previously unselected package xkb-data.

2025-11-23T17:17:26.676596048Z [inf]  Preparing to unpack .../181-xkb-data_2.35.1-1_all.deb ...

2025-11-23T17:17:26.677663644Z [inf]  Unpacking xkb-data (2.35.1-1) ...

2025-11-23T17:17:26.751313064Z [inf]  Selecting previously unselected package libxkbcommon0:amd64.

2025-11-23T17:17:26.753026499Z [inf]  Preparing to unpack .../182-libxkbcommon0_1.5.0-1_amd64.deb ...

2025-11-23T17:17:26.754109063Z [inf]  Unpacking libxkbcommon0:amd64 (1.5.0-1) ...

2025-11-23T17:17:26.775519186Z [inf]  Selecting previously unselected package libgtk-3-common.

2025-11-23T17:17:26.777027291Z [inf]  Preparing to unpack .../183-libgtk-3-common_3.24.38-2~deb12u3_all.deb ...

2025-11-23T17:17:26.778322809Z [inf]  Unpacking libgtk-3-common (3.24.38-2~deb12u3) ...

2025-11-23T17:17:27.046572207Z [inf]  Selecting previously unselected package libgtk-3-0:amd64.

2025-11-23T17:17:27.048987345Z [inf]  Preparing to unpack .../184-libgtk-3-0_3.24.38-2~deb12u3_amd64.deb ...

2025-11-23T17:17:27.050437782Z [inf]  Unpacking libgtk-3-0:amd64 (3.24.38-2~deb12u3) ...

2025-11-23T17:17:27.245840683Z [inf]  Selecting previously unselected package libgtk-3-bin.

2025-11-23T17:17:27.247391742Z [inf]  Preparing to unpack .../185-libgtk-3-bin_3.24.38-2~deb12u3_amd64.deb ...

2025-11-23T17:17:27.248431476Z [inf]  Unpacking libgtk-3-bin (3.24.38-2~deb12u3) ...

2025-11-23T17:17:27.265751954Z [inf]  Selecting previously unselected package libgtk2.0-bin.

2025-11-23T17:17:27.267292636Z [inf]  Preparing to unpack .../186-libgtk2.0-bin_2.24.33-2+deb12u1_amd64.deb ...

2025-11-23T17:17:27.268293307Z [inf]  Unpacking libgtk2.0-bin (2.24.33-2+deb12u1) ...

2025-11-23T17:17:27.280376184Z [inf]  Selecting previously unselected package libhtml-tagset-perl.

2025-11-23T17:17:27.281763176Z [inf]  Preparing to unpack .../187-libhtml-tagset-perl_3.20-6_all.deb ...

2025-11-23T17:17:27.282717775Z [inf]  Unpacking libhtml-tagset-perl (3.20-6) ...

2025-11-23T17:17:27.295048947Z [inf]  Selecting previously unselected package libhtml-parser-perl:amd64.

2025-11-23T17:17:27.296403094Z [inf]  Preparing to unpack .../188-libhtml-parser-perl_3.81-1_amd64.deb ...

2025-11-23T17:17:27.297388881Z [inf]  Unpacking libhtml-parser-perl:amd64 (3.81-1) ...

2025-11-23T17:17:27.315018102Z [inf]  Selecting previously unselected package libio-html-perl.

2025-11-23T17:17:27.316396108Z [inf]  Preparing to unpack .../189-libio-html-perl_1.004-3_all.deb ...

2025-11-23T17:17:27.31759453Z [inf]  Unpacking libio-html-perl (1.004-3) ...

2025-11-23T17:17:27.330247365Z [inf]  Selecting previously unselected package liblwp-mediatypes-perl.

2025-11-23T17:17:27.33160862Z [inf]  Preparing to unpack .../190-liblwp-mediatypes-perl_6.04-2_all.deb ...

2025-11-23T17:17:27.332540512Z [inf]  Unpacking liblwp-mediatypes-perl (6.04-2) ...

2025-11-23T17:17:27.345914864Z [inf]  Selecting previously unselected package libhttp-message-perl.

2025-11-23T17:17:27.347280251Z [inf]  Preparing to unpack .../191-libhttp-message-perl_6.44-1_all.deb ...

2025-11-23T17:17:27.348411097Z [inf]  Unpacking libhttp-message-perl (6.44-1) ...

2025-11-23T17:17:27.365667327Z [inf]  Selecting previously unselected package libhtml-form-perl.

2025-11-23T17:17:27.367056017Z [inf]  Preparing to unpack .../192-libhtml-form-perl_6.11-1_all.deb ...

2025-11-23T17:17:27.368043188Z [inf]  Unpacking libhtml-form-perl (6.11-1) ...

2025-11-23T17:17:27.382996155Z [inf]  Selecting previously unselected package libhtml-tree-perl.

2025-11-23T17:17:27.384514438Z [inf]  Preparing to unpack .../193-libhtml-tree-perl_5.07-3_all.deb ...

2025-11-23T17:17:27.385538214Z [inf]  Unpacking libhtml-tree-perl (5.07-3) ...

2025-11-23T17:17:27.411202803Z [inf]  Selecting previously unselected package libhtml-format-perl.

2025-11-23T17:17:27.412722697Z [inf]  Preparing to unpack .../194-libhtml-format-perl_2.16-2_all.deb ...

2025-11-23T17:17:27.413722552Z [inf]  Unpacking libhtml-format-perl (2.16-2) ...

2025-11-23T17:17:27.428323758Z [inf]  Selecting previously unselected package libhttp-cookies-perl.

2025-11-23T17:17:27.429817587Z [inf]  Preparing to unpack .../195-libhttp-cookies-perl_6.10-1_all.deb ...

2025-11-23T17:17:27.430928593Z [inf]  Unpacking libhttp-cookies-perl (6.10-1) ...

2025-11-23T17:17:27.444692253Z [inf]  Selecting previously unselected package libhttp-daemon-perl.

2025-11-23T17:17:27.44615143Z [inf]  Preparing to unpack .../196-libhttp-daemon-perl_6.16-1_all.deb ...

2025-11-23T17:17:27.447426538Z [inf]  Unpacking libhttp-daemon-perl (6.16-1) ...

2025-11-23T17:17:27.461160985Z [inf]  Selecting previously unselected package libhttp-negotiate-perl.

2025-11-23T17:17:27.462657724Z [inf]  Preparing to unpack .../197-libhttp-negotiate-perl_6.01-2_all.deb ...

2025-11-23T17:17:27.463835726Z [inf]  Unpacking libhttp-negotiate-perl (6.01-2) ...

2025-11-23T17:17:27.477976895Z [inf]  Selecting previously unselected package libice6:amd64.

2025-11-23T17:17:27.479480806Z [inf]  Preparing to unpack .../198-libice6_2%3a1.0.10-1_amd64.deb ...

2025-11-23T17:17:27.480645076Z [inf]  Unpacking libice6:amd64 (2:1.0.10-1) ...

2025-11-23T17:17:27.496462537Z [inf]  Selecting previously unselected package perl-openssl-defaults:amd64.

2025-11-23T17:17:27.497895704Z [inf]  Preparing to unpack .../199-perl-openssl-defaults_7+b1_amd64.deb ...

2025-11-23T17:17:27.498950629Z [inf]  Unpacking perl-openssl-defaults:amd64 (7+b1) ...

2025-11-23T17:17:27.512450111Z [inf]  Selecting previously unselected package libnet-ssleay-perl:amd64.

2025-11-23T17:17:27.514395389Z [inf]  Preparing to unpack .../200-libnet-ssleay-perl_1.92-2+b1_amd64.deb ...

2025-11-23T17:17:27.515692409Z [inf]  Unpacking libnet-ssleay-perl:amd64 (1.92-2+b1) ...

2025-11-23T17:17:27.549747495Z [inf]  Selecting previously unselected package libio-socket-ssl-perl.

2025-11-23T17:17:27.551291708Z [inf]  Preparing to unpack .../201-libio-socket-ssl-perl_2.081-2_all.deb ...

2025-11-23T17:17:27.552438053Z [inf]  Unpacking libio-socket-ssl-perl (2.081-2) ...

2025-11-23T17:17:27.578638405Z [inf]  Selecting previously unselected package libio-stringy-perl.

2025-11-23T17:17:27.580210091Z [inf]  Preparing to unpack .../202-libio-stringy-perl_2.111-3_all.deb ...

2025-11-23T17:17:27.581377861Z [inf]  Unpacking libio-stringy-perl (2.111-3) ...

2025-11-23T17:17:27.598065155Z [inf]  Selecting previously unselected package libldap-common.

2025-11-23T17:17:27.599760503Z [inf]  Preparing to unpack .../203-libldap-common_2.5.13+dfsg-5_all.deb ...

2025-11-23T17:17:27.600894742Z [inf]  Unpacking libldap-common (2.5.13+dfsg-5) ...

2025-11-23T17:17:27.614476158Z [inf]  Selecting previously unselected package libnet-http-perl.

2025-11-23T17:17:27.615889046Z [inf]  Preparing to unpack .../204-libnet-http-perl_6.22-1_all.deb ...

2025-11-23T17:17:27.61707093Z [inf]  Unpacking libnet-http-perl (6.22-1) ...

2025-11-23T17:17:27.630965959Z [inf]  Selecting previously unselected package libtry-tiny-perl.

2025-11-23T17:17:27.632342364Z [inf]  Preparing to unpack .../205-libtry-tiny-perl_0.31-2_all.deb ...

2025-11-23T17:17:27.633517263Z [inf]  Unpacking libtry-tiny-perl (0.31-2) ...

2025-11-23T17:17:27.647296672Z [inf]  Selecting previously unselected package libwww-robotrules-perl.

2025-11-23T17:17:27.648680303Z [inf]  Preparing to unpack .../206-libwww-robotrules-perl_6.02-1_all.deb ...

2025-11-23T17:17:27.649989076Z [inf]  Unpacking libwww-robotrules-perl (6.02-1) ...

2025-11-23T17:17:27.663473081Z [inf]  Selecting previously unselected package libwww-perl.

2025-11-23T17:17:27.664897018Z [inf]  Preparing to unpack .../207-libwww-perl_6.68-1_all.deb ...

2025-11-23T17:17:27.666112871Z [inf]  Unpacking libwww-perl (6.68-1) ...

2025-11-23T17:17:27.690108419Z [inf]  Selecting previously unselected package liblwp-protocol-https-perl.

2025-11-23T17:17:27.691571449Z [inf]  Preparing to unpack .../208-liblwp-protocol-https-perl_6.10-1_all.deb ...

2025-11-23T17:17:27.692723313Z [inf]  Unpacking liblwp-protocol-https-perl (6.10-1) ...

2025-11-23T17:17:27.705642544Z [inf]  Selecting previously unselected package libnet-smtp-ssl-perl.

2025-11-23T17:17:27.707028074Z [inf]  Preparing to unpack .../209-libnet-smtp-ssl-perl_1.04-2_all.deb ...

2025-11-23T17:17:27.708236218Z [inf]  Unpacking libnet-smtp-ssl-perl (1.04-2) ...

2025-11-23T17:17:27.721450813Z [inf]  Selecting previously unselected package libmailtools-perl.

2025-11-23T17:17:27.722869759Z [inf]  Preparing to unpack .../210-libmailtools-perl_2.21-2_all.deb ...

2025-11-23T17:17:27.723900266Z [inf]  Unpacking libmailtools-perl (2.21-2) ...

2025-11-23T17:17:27.742951769Z [inf]  Selecting previously unselected package libxml-parser-perl.

2025-11-23T17:17:27.744432181Z [inf]  Preparing to unpack .../211-libxml-parser-perl_2.46-4_amd64.deb ...

2025-11-23T17:17:27.745537295Z [inf]  Unpacking libxml-parser-perl (2.46-4) ...

2025-11-23T17:17:27.770494698Z [inf]  Selecting previously unselected package libxml-twig-perl.

2025-11-23T17:17:27.771970816Z [inf]  Preparing to unpack .../212-libxml-twig-perl_1%3a3.52-2_all.deb ...

2025-11-23T17:17:27.773100383Z [inf]  Unpacking libxml-twig-perl (1:3.52-2) ...

2025-11-23T17:17:27.797104007Z [inf]  Selecting previously unselected package libnet-dbus-perl.

2025-11-23T17:17:27.798992563Z [inf]  Preparing to unpack .../213-libnet-dbus-perl_1.2.0-2_amd64.deb ...

2025-11-23T17:17:27.800826998Z [inf]  Unpacking libnet-dbus-perl (1.2.0-2) ...

2025-11-23T17:17:27.826168148Z [inf]  Selecting previously unselected package libnspr4:amd64.

2025-11-23T17:17:27.827756675Z [inf]  Preparing to unpack .../214-libnspr4_2%3a4.35-1_amd64.deb ...

2025-11-23T17:17:27.828832011Z [inf]  Unpacking libnspr4:amd64 (2:4.35-1) ...

2025-11-23T17:17:27.850346433Z [inf]  Selecting previously unselected package libsqlite3-0:amd64.

2025-11-23T17:17:27.851989519Z [inf]  Preparing to unpack .../215-libsqlite3-0_3.40.1-2+deb12u2_amd64.deb ...

2025-11-23T17:17:27.853165101Z [inf]  Unpacking libsqlite3-0:amd64 (3.40.1-2+deb12u2) ...

2025-11-23T17:17:27.908090717Z [inf]  Selecting previously unselected package libnss3:amd64.

2025-11-23T17:17:27.909669226Z [inf]  Preparing to unpack .../216-libnss3_2%3a3.87.1-1+deb12u1_amd64.deb ...

2025-11-23T17:17:27.910738176Z [inf]  Unpacking libnss3:amd64 (2:3.87.1-1+deb12u1) ...

2025-11-23T17:17:28.010489978Z [inf]  Selecting previously unselected package librsvg2-2:amd64.

2025-11-23T17:17:28.012102892Z [inf]  Preparing to unpack .../217-librsvg2-2_2.54.7+dfsg-1~deb12u1_amd64.deb ...

2025-11-23T17:17:28.013259291Z [inf]  Unpacking librsvg2-2:amd64 (2.54.7+dfsg-1~deb12u1) ...

2025-11-23T17:17:28.207005295Z [inf]  Selecting previously unselected package librsvg2-common:amd64.

2025-11-23T17:17:28.208769761Z [inf]  Preparing to unpack .../218-librsvg2-common_2.54.7+dfsg-1~deb12u1_amd64.deb ...

2025-11-23T17:17:28.209921545Z [inf]  Unpacking librsvg2-common:amd64 (2.54.7+dfsg-1~deb12u1) ...

2025-11-23T17:17:28.225291722Z [inf]  Selecting previously unselected package libsasl2-modules:amd64.

2025-11-23T17:17:28.226944238Z [inf]  Preparing to unpack .../219-libsasl2-modules_2.1.28+dfsg-10_amd64.deb ...

2025-11-23T17:17:28.231967775Z [inf]  Unpacking libsasl2-modules:amd64 (2.1.28+dfsg-10) ...

2025-11-23T17:17:28.249504234Z [inf]  Selecting previously unselected package libsm6:amd64.

2025-11-23T17:17:28.251056972Z [inf]  Preparing to unpack .../220-libsm6_2%3a1.2.3-1_amd64.deb ...

2025-11-23T17:17:28.251995008Z [inf]  Unpacking libsm6:amd64 (2:1.2.3-1) ...

2025-11-23T17:17:28.265642082Z [inf]  Selecting previously unselected package libtext-iconv-perl:amd64.

2025-11-23T17:17:28.267079166Z [inf]  Preparing to unpack .../221-libtext-iconv-perl_1.7-8_amd64.deb ...

2025-11-23T17:17:28.268093845Z [inf]  Unpacking libtext-iconv-perl:amd64 (1.7-8) ...

2025-11-23T17:17:28.281028575Z [inf]  Selecting previously unselected package libtie-ixhash-perl.

2025-11-23T17:17:28.282404335Z [inf]  Preparing to unpack .../222-libtie-ixhash-perl_1.23-4_all.deb ...

2025-11-23T17:17:28.283292762Z [inf]  Unpacking libtie-ixhash-perl (1.23-4) ...

2025-11-23T17:17:28.295994685Z [inf]  Selecting previously unselected package libunwind8:amd64.

2025-11-23T17:17:28.297253793Z [inf]  Preparing to unpack .../223-libunwind8_1.6.2-3_amd64.deb ...

2025-11-23T17:17:28.298278865Z [inf]  Unpacking libunwind8:amd64 (1.6.2-3) ...

2025-11-23T17:17:28.313606227Z [inf]  Selecting previously unselected package libx11-protocol-perl.

2025-11-23T17:17:28.314924654Z [inf]  Preparing to unpack .../224-libx11-protocol-perl_0.56-9_all.deb ...

2025-11-23T17:17:28.31592365Z [inf]  Unpacking libx11-protocol-perl (0.56-9) ...

2025-11-23T17:17:28.337162891Z [inf]  Selecting previously unselected package libxt6:amd64.

2025-11-23T17:17:28.338626951Z [inf]  Preparing to unpack .../225-libxt6_1%3a1.2.1-1.1_amd64.deb ...

2025-11-23T17:17:28.339710151Z [inf]  Unpacking libxt6:amd64 (1:1.2.1-1.1) ...

2025-11-23T17:17:28.363830106Z [inf]  Selecting previously unselected package libxmu6:amd64.

2025-11-23T17:17:28.365288063Z [inf]  Preparing to unpack .../226-libxmu6_2%3a1.1.3-3_amd64.deb ...

2025-11-23T17:17:28.366193777Z [inf]  Unpacking libxmu6:amd64 (2:1.1.3-3) ...

2025-11-23T17:17:28.383187595Z [inf]  Selecting previously unselected package libxpm4:amd64.

2025-11-23T17:17:28.384649058Z [inf]  Preparing to unpack .../227-libxpm4_1%3a3.5.12-1.1+deb12u1_amd64.deb ...

2025-11-23T17:17:28.385824235Z [inf]  Unpacking libxpm4:amd64 (1:3.5.12-1.1+deb12u1) ...

2025-11-23T17:17:28.403271672Z [inf]  Selecting previously unselected package libxaw7:amd64.

2025-11-23T17:17:28.404757076Z [inf]  Preparing to unpack .../228-libxaw7_2%3a1.0.14-1_amd64.deb ...

2025-11-23T17:17:28.406453597Z [inf]  Unpacking libxaw7:amd64 (2:1.0.14-1) ...

2025-11-23T17:17:28.433957589Z [inf]  Selecting previously unselected package libxcb-shape0:amd64.

2025-11-23T17:17:28.435589677Z [inf]  Preparing to unpack .../229-libxcb-shape0_1.15-1_amd64.deb ...

2025-11-23T17:17:28.436730683Z [inf]  Unpacking libxcb-shape0:amd64 (1.15-1) ...

2025-11-23T17:17:28.455624132Z [inf]  Selecting previously unselected package libxfont2:amd64.

2025-11-23T17:17:28.457284727Z [inf]  Preparing to unpack .../230-libxfont2_1%3a2.0.6-1_amd64.deb ...

2025-11-23T17:17:28.458317298Z [inf]  Unpacking libxfont2:amd64 (1:2.0.6-1) ...

2025-11-23T17:17:28.479458727Z [inf]  Selecting previously unselected package libxft2:amd64.

2025-11-23T17:17:28.480992064Z [inf]  Preparing to unpack .../231-libxft2_2.3.6-1_amd64.deb ...

2025-11-23T17:17:28.482080114Z [inf]  Unpacking libxft2:amd64 (2.3.6-1) ...

2025-11-23T17:17:28.499531633Z [inf]  Selecting previously unselected package libxkbfile1:amd64.

2025-11-23T17:17:28.501289417Z [inf]  Preparing to unpack .../232-libxkbfile1_1%3a1.1.0-1_amd64.deb ...

2025-11-23T17:17:28.502420517Z [inf]  Unpacking libxkbfile1:amd64 (1:1.1.0-1) ...

2025-11-23T17:17:28.519988377Z [inf]  Selecting previously unselected package libxml-xpathengine-perl.

2025-11-23T17:17:28.521679523Z [inf]  Preparing to unpack .../233-libxml-xpathengine-perl_0.14-2_all.deb ...

2025-11-23T17:17:28.522672919Z [inf]  Unpacking libxml-xpathengine-perl (0.14-2) ...

2025-11-23T17:17:28.538007764Z [inf]  Selecting previously unselected package libxmuu1:amd64.

2025-11-23T17:17:28.539651807Z [inf]  Preparing to unpack .../234-libxmuu1_2%3a1.1.3-3_amd64.deb ...

2025-11-23T17:17:28.540786941Z [inf]  Unpacking libxmuu1:amd64 (2:1.1.3-3) ...

2025-11-23T17:17:28.555599751Z [inf]  Selecting previously unselected package libxss1:amd64.

2025-11-23T17:17:28.557037887Z [inf]  Preparing to unpack .../235-libxss1_1%3a1.2.3-1_amd64.deb ...

2025-11-23T17:17:28.558061951Z [inf]  Unpacking libxss1:amd64 (1:1.2.3-1) ...

2025-11-23T17:17:28.572363155Z [inf]  Selecting previously unselected package libxv1:amd64.

2025-11-23T17:17:28.573724198Z [inf]  Preparing to unpack .../236-libxv1_2%3a1.0.11-1.1_amd64.deb ...

2025-11-23T17:17:28.574769942Z [inf]  Unpacking libxv1:amd64 (2:1.0.11-1.1) ...

2025-11-23T17:17:28.589225222Z [inf]  Selecting previously unselected package libxxf86dga1:amd64.

2025-11-23T17:17:28.590909772Z [inf]  Preparing to unpack .../237-libxxf86dga1_2%3a1.1.5-1_amd64.deb ...

2025-11-23T17:17:28.591973061Z [inf]  Unpacking libxxf86dga1:amd64 (2:1.1.5-1) ...

2025-11-23T17:17:28.605551345Z [inf]  Selecting previously unselected package lsb-release.

2025-11-23T17:17:28.607067256Z [inf]  Preparing to unpack .../238-lsb-release_12.0-1_all.deb ...

2025-11-23T17:17:28.608145644Z [inf]  Unpacking lsb-release (12.0-1) ...

2025-11-23T17:17:28.621711866Z [inf]  Selecting previously unselected package psmisc.

2025-11-23T17:17:28.623217299Z [inf]  Preparing to unpack .../239-psmisc_23.6-1_amd64.deb ...

2025-11-23T17:17:28.624355592Z [inf]  Unpacking psmisc (23.6-1) ...

2025-11-23T17:17:28.654861625Z [inf]  Selecting previously unselected package publicsuffix.

2025-11-23T17:17:28.656533491Z [inf]  Preparing to unpack .../240-publicsuffix_20230209.2326-1_all.deb ...

2025-11-23T17:17:28.657682195Z [inf]  Unpacking publicsuffix (20230209.2326-1) ...

2025-11-23T17:17:28.679912895Z [inf]  Selecting previously unselected package x11-utils.

2025-11-23T17:17:28.681574721Z [inf]  Preparing to unpack .../241-x11-utils_7.7+5_amd64.deb ...

2025-11-23T17:17:28.682609052Z [inf]  Unpacking x11-utils (7.7+5) ...

2025-11-23T17:17:28.708949327Z [inf]  Selecting previously unselected package x11-xkb-utils.

2025-11-23T17:17:28.710605029Z [inf]  Preparing to unpack .../242-x11-xkb-utils_7.7+7_amd64.deb ...

2025-11-23T17:17:28.711732207Z [inf]  Unpacking x11-xkb-utils (7.7+7) ...

2025-11-23T17:17:28.737391762Z [inf]  Selecting previously unselected package x11-xserver-utils.

2025-11-23T17:17:28.739117439Z [inf]  Preparing to unpack .../243-x11-xserver-utils_7.7+9+b1_amd64.deb ...

2025-11-23T17:17:28.740134209Z [inf]  Unpacking x11-xserver-utils (7.7+9+b1) ...

2025-11-23T17:17:28.764713334Z [inf]  Selecting previously unselected package xauth.

2025-11-23T17:17:28.766366671Z [inf]  Preparing to unpack .../244-xauth_1%3a1.1.2-1_amd64.deb ...

2025-11-23T17:17:28.767406831Z [inf]  Unpacking xauth (1:1.1.2-1) ...

2025-11-23T17:17:28.784093363Z [inf]  Selecting previously unselected package xdg-user-dirs.

2025-11-23T17:17:28.785778721Z [inf]  Preparing to unpack .../245-xdg-user-dirs_0.18-1_amd64.deb ...

2025-11-23T17:17:28.789561693Z [inf]  Unpacking xdg-user-dirs (0.18-1) ...

2025-11-23T17:17:28.809479648Z [inf]  Selecting previously unselected package xdg-utils.

2025-11-23T17:17:28.811195511Z [inf]  Preparing to unpack .../246-xdg-utils_1.1.3-4.1_all.deb ...

2025-11-23T17:17:28.812227334Z [inf]  Unpacking xdg-utils (1.1.3-4.1) ...

2025-11-23T17:17:28.830135255Z [inf]  Selecting previously unselected package xfonts-encodings.

2025-11-23T17:17:28.831751629Z [inf]  Preparing to unpack .../247-xfonts-encodings_1%3a1.0.4-2.2_all.deb ...

2025-11-23T17:17:28.832828535Z [inf]  Unpacking xfonts-encodings (1:1.0.4-2.2) ...

2025-11-23T17:17:28.885503084Z [inf]  Selecting previously unselected package xfonts-utils.

2025-11-23T17:17:28.887223448Z [inf]  Preparing to unpack .../248-xfonts-utils_1%3a7.7+6_amd64.deb ...

2025-11-23T17:17:28.888368908Z [inf]  Unpacking xfonts-utils (1:7.7+6) ...

2025-11-23T17:17:28.910871987Z [inf]  Selecting previously unselected package xfonts-base.

2025-11-23T17:17:28.912584146Z [inf]  Preparing to unpack .../249-xfonts-base_1%3a1.0.5+nmu1_all.deb ...

2025-11-23T17:17:28.913658344Z [inf]  Unpacking xfonts-base (1:1.0.5+nmu1) ...

2025-11-23T17:17:29.184531913Z [inf]  Selecting previously unselected package xserver-common.

2025-11-23T17:17:29.186248506Z [inf]  Preparing to unpack .../250-xserver-common_2%3a21.1.7-3+deb12u11_all.deb ...

2025-11-23T17:17:29.187294266Z [inf]  Unpacking xserver-common (2:21.1.7-3+deb12u11) ...

2025-11-23T17:17:29.217595011Z [inf]  Selecting previously unselected package xvfb.

2025-11-23T17:17:29.219293891Z [inf]  Preparing to unpack .../251-xvfb_2%3a21.1.7-3+deb12u11_amd64.deb ...

2025-11-23T17:17:29.220422844Z [inf]  Unpacking xvfb (2:21.1.7-3+deb12u11) ...

2025-11-23T17:17:29.292145811Z [inf]  Selecting previously unselected package libegl1:amd64.

2025-11-23T17:17:29.293891287Z [inf]  Preparing to unpack .../252-libegl1_1.6.0-1_amd64.deb ...

2025-11-23T17:17:29.294909059Z [inf]  Unpacking libegl1:amd64 (1.6.0-1) ...

2025-11-23T17:17:29.310446287Z [inf]  Selecting previously unselected package zutty.

2025-11-23T17:17:29.312197833Z [inf]  Preparing to unpack .../253-zutty_0.14.0.20230218+dfsg1-1_amd64.deb ...

2025-11-23T17:17:29.313286931Z [inf]  Unpacking zutty (0.14.0.20230218+dfsg1-1) ...

2025-11-23T17:17:29.347708826Z [inf]  Setting up libexpat1:amd64 (2.5.0-1+deb12u2) ...

2025-11-23T17:17:29.350679027Z [inf]  Setting up libtext-iconv-perl:amd64 (1.7-8) ...

2025-11-23T17:17:29.353198515Z [inf]  Setting up libgraphite2-3:amd64 (1.3.14-1) ...

2025-11-23T17:17:29.356370307Z [inf]  Setting up liblcms2-2:amd64 (2.14-2) ...

2025-11-23T17:17:29.358843131Z [inf]  Setting up libpixman-1-0:amd64 (0.42.2-1) ...

2025-11-23T17:17:29.361396362Z [inf]  Setting up libwayland-server0:amd64 (1.21.0-1) ...

2025-11-23T17:17:29.363952593Z [inf]  Setting up libpciaccess0:amd64 (0.17-2) ...

2025-11-23T17:17:29.366535204Z [inf]  Setting up systemd-sysv (252.39-1~deb12u1) ...

2025-11-23T17:17:29.37050574Z [inf]  Setting up libxau6:amd64 (1:1.0.9-1) ...

2025-11-23T17:17:29.373019642Z [inf]  Setting up libkeyutils1:amd64 (1.6.3-2) ...

2025-11-23T17:17:29.375641415Z [inf]  Setting up libpsl5:amd64 (0.21.2-1) ...

2025-11-23T17:17:29.37827369Z [inf]  Setting up libgpm2:amd64 (1.20.7-10+b1) ...

2025-11-23T17:17:29.381091954Z [inf]  Setting up libicu72:amd64 (72.1-3+deb12u1) ...

2025-11-23T17:17:29.383986303Z [inf]  Setting up liblerc4:amd64 (4.0.0+ds-2) ...

2025-11-23T17:17:29.395328124Z [inf]  Setting up wget (1.21.3-1+deb12u1) ...

2025-11-23T17:17:29.404975441Z [inf]  Setting up hicolor-icon-theme (0.17-2) ...

2025-11-23T17:17:29.421579267Z [inf]  Setting up libdatrie1:amd64 (0.2.13-2+b1) ...

2025-11-23T17:17:29.424542598Z [inf]  Setting up xdg-user-dirs (0.18-1) ...

2025-11-23T17:17:29.432691652Z [inf]  Setting up psmisc (23.6-1) ...

2025-11-23T17:17:29.437026742Z [inf]  Setting up libglib2.0-0:amd64 (2.74.6-2+deb12u7) ...

2025-11-23T17:17:29.449618876Z [inf]  Setting up libglvnd0:amd64 (1.6.0-1) ...

2025-11-23T17:17:29.453900496Z [inf]  Setting up libdbusmenu-glib4:amd64 (18.10.20180917~bzr492+repack1-3) ...

2025-11-23T17:17:29.456741133Z [inf]  Setting up libbrotli1:amd64 (1.0.9-2+b6) ...

2025-11-23T17:17:29.459498786Z [inf]  Setting up libsqlite3-0:amd64 (3.40.1-2+deb12u2) ...

2025-11-23T17:17:29.462337384Z [inf]  Setting up libsasl2-modules:amd64 (2.1.28+dfsg-10) ...

2025-11-23T17:17:29.469098992Z [inf]  Setting up libgdk-pixbuf2.0-common (2.42.10+dfsg-1+deb12u2) ...

2025-11-23T17:17:29.472045373Z [inf]  Setting up x11-common (1:7.7+23) ...

2025-11-23T17:17:29.550117599Z [inf]  debconf: unable to initialize frontend: Dialog
debconf: (TERM is not set, so the dialog frontend is not usable.)
debconf: falling back to frontend: Readline

2025-11-23T17:17:29.555566766Z [inf]  debconf: unable to initialize frontend: Readline
debconf: (This frontend requires a controlling tty.)
debconf: falling back to frontend: Teletype

2025-11-23T17:17:29.57583658Z [inf]  invoke-rc.d: could not determine current runlevel

2025-11-23T17:17:29.578653597Z [inf]  invoke-rc.d: policy-rc.d denied execution of restart.

2025-11-23T17:17:29.582274317Z [inf]  Setting up libsensors-config (1:3.6.0-7.1) ...

2025-11-23T17:17:29.587130752Z [inf]  Setting up libdeflate0:amd64 (1.14-1) ...

2025-11-23T17:17:29.590370342Z [inf]  Setting up perl-openssl-defaults:amd64 (7+b1) ...

2025-11-23T17:17:29.593268432Z [inf]  Setting up libnss-systemd:amd64 (252.39-1~deb12u1) ...

2025-11-23T17:17:29.603111962Z [inf]  Setting up xkb-data (2.35.1-1) ...

2025-11-23T17:17:29.605916632Z [inf]  Setting up krb5-locales (1.20.1-2+deb12u4) ...

2025-11-23T17:17:29.608929488Z [inf]  Setting up libldap-common (2.5.13+dfsg-5) ...

2025-11-23T17:17:29.61291596Z [inf]  Setting up libunwind8:amd64 (1.6.2-3) ...

2025-11-23T17:17:29.615875443Z [inf]  Setting up libjbig0:amd64 (2.1-6.1) ...

2025-11-23T17:17:29.619060071Z [inf]  Setting up libcolord2:amd64 (1.4.6-2.2) ...

2025-11-23T17:17:29.622269073Z [inf]  Setting up libkrb5support0:amd64 (1.20.1-2+deb12u4) ...

2025-11-23T17:17:29.625822454Z [inf]  Setting up libsasl2-modules-db:amd64 (2.1.28+dfsg-10) ...

2025-11-23T17:17:29.629065126Z [inf]  Setting up libdconf1:amd64 (0.40.0-4) ...

2025-11-23T17:17:29.632585344Z [inf]  Setting up libasound2-data (1.2.8-1) ...

2025-11-23T17:17:29.635992487Z [inf]  Setting up libfontenc1:amd64 (1:1.1.4-1) ...

2025-11-23T17:17:29.639402693Z [inf]  Setting up perl-modules-5.36 (5.36.0-7+deb12u3) ...

2025-11-23T17:17:29.642884816Z [inf]  Setting up libz3-4:amd64 (4.8.12-3.1) ...

2025-11-23T17:17:29.646208999Z [inf]  Setting up libglib2.0-data (2.74.6-2+deb12u7) ...

2025-11-23T17:17:29.649608863Z [inf]  Setting up libgles2:amd64 (1.6.0-1) ...

2025-11-23T17:17:29.652998387Z [inf]  Setting up libjpeg62-turbo:amd64 (1:2.1.5-2) ...

2025-11-23T17:17:29.656812301Z [inf]  Setting up libx11-data (2:1.8.4-2+deb12u2) ...

2025-11-23T17:17:29.660086996Z [inf]  Setting up libepoxy0:amd64 (1.5.10-1) ...

2025-11-23T17:17:29.663402118Z [inf]  Setting up libmpfr6:amd64 (4.2.0-1) ...

2025-11-23T17:17:29.666983885Z [inf]  Setting up libnspr4:amd64 (2:4.35-1) ...

2025-11-23T17:17:29.670453851Z [inf]  Setting up libavahi-common-data:amd64 (0.8-10+deb12u1) ...

2025-11-23T17:17:29.673833271Z [inf]  Setting up libdbus-1-3:amd64 (1.14.10-1~deb12u1) ...

2025-11-23T17:17:29.677046733Z [inf]  Setting up xfonts-encodings (1:1.0.4-2.2) ...

2025-11-23T17:17:29.68008385Z [inf]  Setting up libfribidi0:amd64 (1.0.8-2.1) ...

2025-11-23T17:17:29.683687793Z [inf]  Setting up libproc2-0:amd64 (2:4.0.2-3) ...

2025-11-23T17:17:29.687298639Z [inf]  Setting up libpng16-16:amd64 (1.6.39-2) ...

2025-11-23T17:17:29.690674276Z [inf]  Setting up libmpc3:amd64 (1.3.1-1) ...

2025-11-23T17:17:29.694379398Z [inf]  Setting up systemd-timesyncd (252.39-1~deb12u1) ...

2025-11-23T17:17:29.704734297Z [inf]  Creating group 'systemd-timesync' with GID 997.

2025-11-23T17:17:29.704905585Z [inf]  Creating user 'systemd-timesync' (systemd Time Synchronization) with UID 997 and GID 997.

2025-11-23T17:17:29.805948283Z [inf]  Created symlink /etc/systemd/system/dbus-org.freedesktop.timesync1.service  /lib/systemd/system/systemd-timesyncd.service.
Created symlink /etc/systemd/system/sysinit.target.wants/systemd-timesyncd.service  /lib/systemd/system/systemd-timesyncd.service.

2025-11-23T17:17:29.809710136Z [inf]  Setting up libatomic1:amd64 (12.2.0-14+deb12u1) ...

2025-11-23T17:17:29.812458005Z [inf]  Setting up libsensors5:amd64 (1:3.6.0-7.1) ...

2025-11-23T17:17:29.815272571Z [inf]  Setting up libncursesw6:amd64 (6.4-4) ...

2025-11-23T17:17:29.81801081Z [inf]  Setting up libk5crypto3:amd64 (1.20.1-2+deb12u4) ...

2025-11-23T17:17:29.82055202Z [inf]  Setting up libglapi-mesa:amd64 (22.3.6-1+deb12u1) ...

2025-11-23T17:17:29.823125001Z [inf]  Setting up libsasl2-2:amd64 (2.1.28+dfsg-10) ...

2025-11-23T17:17:29.825709582Z [inf]  Setting up libwebp7:amd64 (1.2.4-0.2+deb12u1) ...

2025-11-23T17:17:29.828312237Z [inf]  Setting up alsa-topology-conf (1.2.5.1-2) ...

2025-11-23T17:17:29.83140351Z [inf]  Setting up sensible-utils (0.0.17+nmu1) ...

2025-11-23T17:17:29.83449082Z [inf]  Setting up libxshmfence1:amd64 (1.3-1) ...

2025-11-23T17:17:29.837422639Z [inf]  Setting up at-spi2-common (2.46.0-5) ...

2025-11-23T17:17:29.840353215Z [inf]  Setting up libtiff6:amd64 (4.5.0-6+deb12u3) ...

2025-11-23T17:17:29.843072979Z [inf]  Setting up dbus-session-bus-common (1.14.10-1~deb12u1) ...

2025-11-23T17:17:29.846012345Z [inf]  Setting up procps (2:4.0.2-3) ...

2025-11-23T17:17:29.867063113Z [inf]  Setting up libasound2:amd64 (1.2.8-1+b1) ...

2025-11-23T17:17:29.870356946Z [inf]  Setting up fonts-liberation (1:1.07.4-11) ...

2025-11-23T17:17:29.879798522Z [inf]  Setting up libthai-data (0.1.29-1) ...

2025-11-23T17:17:29.883114927Z [inf]  Setting up netbase (6.4) ...

2025-11-23T17:17:29.892446322Z [inf]  Setting up libgtk2.0-common (2.24.33-2+deb12u1) ...

2025-11-23T17:17:29.896961955Z [inf]  Setting up libatk1.0-0:amd64 (2.46.0-5) ...

2025-11-23T17:17:29.899884646Z [inf]  Setting up libkrb5-3:amd64 (1.20.1-2+deb12u4) ...

2025-11-23T17:17:29.902887276Z [inf]  Setting up libwayland-egl1:amd64 (1.21.0-1) ...

2025-11-23T17:17:29.905398583Z [inf]  Setting up lsb-release (12.0-1) ...

2025-11-23T17:17:29.907786261Z [inf]  Setting up dbus-system-bus-common (1.14.10-1~deb12u1) ...

2025-11-23T17:17:29.955877346Z [inf]  Setting up libisl23:amd64 (0.25-1.1) ...

2025-11-23T17:17:29.958709225Z [inf]  Setting up libbsd0:amd64 (0.11.7-2) ...

2025-11-23T17:17:29.961231878Z [inf]  Setting up libdrm-common (2.4.114-1) ...

2025-11-23T17:17:29.963762341Z [inf]  Setting up libelf1:amd64 (0.188-2.1) ...

2025-11-23T17:17:29.966493139Z [inf]  Setting up publicsuffix (20230209.2326-1) ...

2025-11-23T17:17:29.969194065Z [inf]  Setting up libxml2:amd64 (2.9.14+dfsg-1.3~deb12u4) ...

2025-11-23T17:17:29.971772262Z [inf]  Setting up xdg-utils (1.1.3-4.1) ...

2025-11-23T17:17:29.97565603Z [inf]  update-alternatives: using /usr/bin/xdg-open to provide /usr/bin/open (open) in auto mode

2025-11-23T17:17:29.975752949Z [inf]  update-alternatives: warning: skip creation of /usr/share/man/man1/open.1.gz because associated file /usr/share/man/man1/xdg-open.1.gz (of link group open) doesn't exist

2025-11-23T17:17:29.977698979Z [inf]  Setting up dbus-bin (1.14.10-1~deb12u1) ...

2025-11-23T17:17:29.980186084Z [inf]  Setting up libgdbm6:amd64 (1.23-3) ...

2025-11-23T17:17:29.982773134Z [inf]  Setting up libxkbcommon0:amd64 (1.5.0-1) ...

2025-11-23T17:17:29.985279804Z [inf]  Setting up libwayland-client0:amd64 (1.21.0-1) ...

2025-11-23T17:17:29.988227456Z [inf]  Setting up libice6:amd64 (2:1.0.10-1) ...

2025-11-23T17:17:29.990752589Z [inf]  Setting up libxdmcp6:amd64 (1:1.1.2-3) ...

2025-11-23T17:17:29.993911227Z [inf]  Setting up cpp-12 (12.2.0-14+deb12u1) ...

2025-11-23T17:17:29.996568402Z [inf]  Setting up libxcb1:amd64 (1.15-1) ...

2025-11-23T17:17:29.999475927Z [inf]  Setting up libxcb-xfixes0:amd64 (1.15-1) ...

2025-11-23T17:17:30.002476037Z [inf]  Setting up alsa-ucm-conf (1.2.8-1) ...

2025-11-23T17:17:30.005369294Z [inf]  Setting up libxcb-render0:amd64 (1.15-1) ...

2025-11-23T17:17:30.007965912Z [inf]  Setting up fontconfig-config (2.14.1-4) ...

2025-11-23T17:17:30.065309963Z [inf]  debconf: unable to initialize frontend: Dialog
debconf: (TERM is not set, so the dialog frontend is not usable.)
debconf: falling back to frontend: Readline

2025-11-23T17:17:30.070277538Z [inf]  debconf: unable to initialize frontend: Readline
debconf: (This frontend requires a controlling tty.)
debconf: falling back to frontend: Teletype

2025-11-23T17:17:30.178998027Z [inf]  Setting up libxcb-glx0:amd64 (1.15-1) ...

2025-11-23T17:17:30.181727353Z [inf]  Setting up libedit2:amd64 (3.1-20221030-2) ...

2025-11-23T17:17:30.184237833Z [inf]  Setting up libxcb-shape0:amd64 (1.15-1) ...

2025-11-23T17:17:30.186944086Z [inf]  Setting up libavahi-common3:amd64 (0.8-10+deb12u1) ...

2025-11-23T17:17:30.189837319Z [inf]  Setting up libnss3:amd64 (2:3.87.1-1+deb12u1) ...

2025-11-23T17:17:30.192463174Z [inf]  Setting up libxcb-shm0:amd64 (1.15-1) ...

2025-11-23T17:17:30.195223758Z [inf]  Setting up dbus-daemon (1.14.10-1~deb12u1) ...

2025-11-23T17:17:30.206710513Z [inf]  Setting up libldap-2.5-0:amd64 (2.5.13+dfsg-5) ...

2025-11-23T17:17:30.209529415Z [inf]  Setting up libxcb-present0:amd64 (1.15-1) ...

2025-11-23T17:17:30.212299806Z [inf]  Setting up libthai0:amd64 (0.1.29-1) ...

2025-11-23T17:17:30.215165409Z [inf]  Setting up libfreetype6:amd64 (2.12.1+dfsg-5+deb12u4) ...

2025-11-23T17:17:30.218002232Z [inf]  Setting up libxcb-sync1:amd64 (1.15-1) ...

2025-11-23T17:17:30.220941136Z [inf]  Setting up libdbus-glib-1-2:amd64 (0.112-3) ...

2025-11-23T17:17:30.223533906Z [inf]  Setting up dbus (1.14.10-1~deb12u1) ...

2025-11-23T17:17:30.242509337Z [inf]  invoke-rc.d: could not determine current runlevel

2025-11-23T17:17:30.245068139Z [inf]  invoke-rc.d: policy-rc.d denied execution of start.

2025-11-23T17:17:30.246651152Z [inf]  Setting up shared-mime-info (2.2-1) ...

2025-11-23T17:17:30.868782105Z [inf]  Setting up libgssapi-krb5-2:amd64 (1.20.1-2+deb12u4) ...

2025-11-23T17:17:30.873372219Z [inf]  Setting up libgdbm-compat4:amd64 (1.23-3) ...

2025-11-23T17:17:30.876494928Z [inf]  Setting up ucf (3.0043+nmu1+deb12u1) ...

2025-11-23T17:17:30.935792544Z [inf]  debconf: unable to initialize frontend: Dialog
debconf: (TERM is not set, so the dialog frontend is not usable.)
debconf: falling back to frontend: Readline

2025-11-23T17:17:30.940780814Z [inf]  debconf: unable to initialize frontend: Readline
debconf: (This frontend requires a controlling tty.)
debconf: falling back to frontend: Teletype

2025-11-23T17:17:30.958581424Z [inf]  Setting up libxcb-dri2-0:amd64 (1.15-1) ...

2025-11-23T17:17:30.961453512Z [inf]  Setting up libdrm2:amd64 (2.4.114-1+b1) ...

2025-11-23T17:17:30.964263266Z [inf]  Setting up libwayland-cursor0:amd64 (1.21.0-1) ...

2025-11-23T17:17:30.967090546Z [inf]  Setting up libxcb-randr0:amd64 (1.15-1) ...

2025-11-23T17:17:30.96986957Z [inf]  Setting up cpp (4:12.2.0-3) ...

2025-11-23T17:17:30.975410795Z [inf]  Setting up libllvm15:amd64 (1:15.0.6-4+b1) ...

2025-11-23T17:17:30.978382902Z [inf]  Setting up libpam-systemd:amd64 (252.39-1~deb12u1) ...

2025-11-23T17:17:31.039503155Z [inf]  debconf: unable to initialize frontend: Dialog
debconf: (TERM is not set, so the dialog frontend is not usable.)
debconf: falling back to frontend: Readline

2025-11-23T17:17:31.044667142Z [inf]  debconf: unable to initialize frontend: Readline
debconf: (This frontend requires a controlling tty.)
debconf: falling back to frontend: Teletype

2025-11-23T17:17:31.094136012Z [inf]  Setting up libx11-6:amd64 (2:1.8.4-2+deb12u2) ...

2025-11-23T17:17:31.097200762Z [inf]  Setting up libharfbuzz0b:amd64 (6.0.0+dfsg-3) ...

2025-11-23T17:17:31.100111864Z [inf]  Setting up libgdk-pixbuf-2.0-0:amd64 (2.42.10+dfsg-1+deb12u2) ...

2025-11-23T17:17:31.119187564Z [inf]  Setting up libfontconfig1:amd64 (2.14.1-4) ...

2025-11-23T17:17:31.122611442Z [inf]  Setting up libxkbfile1:amd64 (1:1.1.0-1) ...

2025-11-23T17:17:31.126279426Z [inf]  Setting up libxcomposite1:amd64 (1:0.4.5-1) ...

2025-11-23T17:17:31.129003414Z [inf]  Setting up libsm6:amd64 (2:1.2.3-1) ...

2025-11-23T17:17:31.132253747Z [inf]  Setting up libxfont2:amd64 (1:2.0.6-1) ...

2025-11-23T17:17:31.134856909Z [inf]  Setting up libavahi-client3:amd64 (0.8-10+deb12u1) ...

2025-11-23T17:17:31.137675124Z [inf]  Setting up libperl5.36:amd64 (5.36.0-7+deb12u3) ...

2025-11-23T17:17:31.140300158Z [inf]  Setting up libxmuu1:amd64 (2:1.1.3-3) ...

2025-11-23T17:17:31.142963013Z [inf]  Setting up libdrm-amdgpu1:amd64 (2.4.114-1+b1) ...

2025-11-23T17:17:31.145576107Z [inf]  Setting up libxcb-dri3-0:amd64 (1.15-1) ...

2025-11-23T17:17:31.148215755Z [inf]  Setting up gtk-update-icon-cache (3.24.38-2~deb12u3) ...

2025-11-23T17:17:31.150888811Z [inf]  Setting up libx11-xcb1:amd64 (2:1.8.4-2+deb12u2) ...

2025-11-23T17:17:31.153692846Z [inf]  Setting up fontconfig (2.14.1-4) ...

2025-11-23T17:17:31.157218339Z [inf]  Regenerating fonts cache... 
2025-11-23T17:17:33.602745822Z [inf]  done.

2025-11-23T17:17:33.604941164Z [inf]  Setting up libdrm-nouveau2:amd64 (2.4.114-1+b1) ...

2025-11-23T17:17:33.608050605Z [inf]  Setting up libxdamage1:amd64 (1:1.1.6-1) ...

2025-11-23T17:17:33.611265605Z [inf]  Setting up libgdk-pixbuf-xlib-2.0-0:amd64 (2.40.2-2) ...

2025-11-23T17:17:33.614492378Z [inf]  Setting up libxpm4:amd64 (1:3.5.12-1.1+deb12u1) ...

2025-11-23T17:17:33.618054042Z [inf]  Setting up libxrender1:amd64 (1:0.9.10-1.1) ...

2025-11-23T17:17:33.621382912Z [inf]  Setting up libgbm1:amd64 (22.3.6-1+deb12u1) ...

2025-11-23T17:17:33.62441411Z [inf]  Setting up libdrm-radeon1:amd64 (2.4.114-1+b1) ...

2025-11-23T17:17:33.627187941Z [inf]  Setting up libpango-1.0-0:amd64 (1.50.12+ds-1) ...

2025-11-23T17:17:33.630022253Z [inf]  Setting up libdrm-intel1:amd64 (2.4.114-1+b1) ...

2025-11-23T17:17:33.63285026Z [inf]  Setting up libgl1-mesa-dri:amd64 (22.3.6-1+deb12u1) ...

2025-11-23T17:17:33.6394381Z [inf]  Setting up libxext6:amd64 (2:1.3.4-1+b1) ...

2025-11-23T17:17:33.642359272Z [inf]  Setting up xfonts-utils (1:7.7+6) ...

2025-11-23T17:17:33.646876357Z [inf]  Setting up libcairo2:amd64 (1.16.0-7) ...

2025-11-23T17:17:33.655254743Z [inf]  Setting up libxxf86vm1:amd64 (1:1.1.4-1+b2) ...

2025-11-23T17:17:33.657857059Z [inf]  Setting up dbus-user-session (1.14.10-1~deb12u1) ...

2025-11-23T17:17:33.661279918Z [inf]  Setting up perl (5.36.0-7+deb12u3) ...

2025-11-23T17:17:33.669686206Z [inf]  Setting up xfonts-base (1:1.0.5+nmu1) ...

2025-11-23T17:17:33.711857699Z [inf]  Setting up libegl-mesa0:amd64 (22.3.6-1+deb12u1) ...

2025-11-23T17:17:33.714467022Z [inf]  Setting up gconf2-common (3.2.6-8) ...

2025-11-23T17:17:33.789123026Z [inf]  debconf: unable to initialize frontend: Dialog
debconf: (TERM is not set, so the dialog frontend is not usable.)
debconf: falling back to frontend: Readline

2025-11-23T17:17:33.79392196Z [inf]  debconf: unable to initialize frontend: Readline
debconf: (This frontend requires a controlling tty.)
debconf: falling back to frontend: Teletype

2025-11-23T17:17:33.82315824Z [inf]  
Creating config file /etc/gconf/2/path with new version

2025-11-23T17:17:33.838472704Z [inf]  Setting up adwaita-icon-theme (43-1) ...

2025-11-23T17:17:33.870141745Z [inf]  update-alternatives: using /usr/share/icons/Adwaita/cursor.theme to provide /usr/share/icons/default/index.theme (x-cursor-theme) in auto mode

2025-11-23T17:17:33.871980573Z [inf]  Setting up libdata-dump-perl (1.25-1) ...

2025-11-23T17:17:33.874651956Z [inf]  Setting up libxfixes3:amd64 (1:6.0.0-2) ...

2025-11-23T17:17:33.877222728Z [inf]  Setting up libipc-system-simple-perl (1.30-2) ...

2025-11-23T17:17:33.879789353Z [inf]  Setting up libxml-xpathengine-perl (0.14-2) ...

2025-11-23T17:17:33.882818033Z [inf]  Setting up libgdk-pixbuf2.0-0:amd64 (2.40.2-2) ...

2025-11-23T17:17:33.885435818Z [inf]  Setting up libxinerama1:amd64 (2:1.1.4-3) ...

2025-11-23T17:17:33.888100637Z [inf]  Setting up libxv1:amd64 (2:1.0.11-1.1) ...

2025-11-23T17:17:33.890564928Z [inf]  Setting up libio-html-perl (1.004-3) ...

2025-11-23T17:17:33.892966387Z [inf]  Setting up libxrandr2:amd64 (2:1.5.2-2+b1) ...

2025-11-23T17:17:33.895651081Z [inf]  Setting up libxt6:amd64 (1:1.2.1-1.1) ...

2025-11-23T17:17:33.898146146Z [inf]  Setting up libtimedate-perl (2.3300-2) ...

2025-11-23T17:17:33.900655179Z [inf]  Setting up libregexp-ipv6-perl (0.03-3) ...

2025-11-23T17:17:33.903189205Z [inf]  Setting up libcups2:amd64 (2.4.2-3+deb12u9) ...

2025-11-23T17:17:33.905678475Z [inf]  Setting up xauth (1:1.1.2-1) ...

2025-11-23T17:17:33.908264714Z [inf]  Setting up libgdk-pixbuf2.0-bin (2.42.10+dfsg-1+deb12u2) ...

2025-11-23T17:17:33.910855093Z [inf]  Setting up libegl1:amd64 (1.6.0-1) ...

2025-11-23T17:17:33.913515437Z [inf]  Setting up libcairo-gobject2:amd64 (1.16.0-7) ...

2025-11-23T17:17:33.916155663Z [inf]  Setting up libxss1:amd64 (1:1.2.3-1) ...

2025-11-23T17:17:33.918815123Z [inf]  Setting up libpangoft2-1.0-0:amd64 (1.50.12+ds-1) ...

2025-11-23T17:17:33.921354372Z [inf]  Setting up libdbusmenu-gtk4:amd64 (18.10.20180917~bzr492+repack1-3) ...

2025-11-23T17:17:33.923986757Z [inf]  Setting up liburi-perl (5.17-1) ...

2025-11-23T17:17:33.926708556Z [inf]  Setting up libx11-protocol-perl (0.56-9) ...

2025-11-23T17:17:33.929637836Z [inf]  Setting up libpangocairo-1.0-0:amd64 (1.50.12+ds-1) ...

2025-11-23T17:17:33.932371749Z [inf]  Setting up libnet-ssleay-perl:amd64 (1.92-2+b1) ...

2025-11-23T17:17:33.934997495Z [inf]  Setting up libhttp-date-perl (6.05-2) ...

2025-11-23T17:17:33.937608639Z [inf]  Setting up libxft2:amd64 (2.3.6-1) ...

2025-11-23T17:17:33.94046457Z [inf]  Setting up libxmu6:amd64 (2:1.1.3-3) ...

2025-11-23T17:17:33.943226329Z [inf]  Setting up libfile-basedir-perl (0.09-2) ...

2025-11-23T17:17:33.945961319Z [inf]  Setting up libtie-ixhash-perl (1.23-4) ...

2025-11-23T17:17:33.948564469Z [inf]  Setting up libglx-mesa0:amd64 (22.3.6-1+deb12u1) ...

2025-11-23T17:17:33.951379141Z [inf]  Setting up libfile-listing-perl (6.15-1) ...

2025-11-23T17:17:33.954076589Z [inf]  Setting up libxi6:amd64 (2:1.8-1+b1) ...

2025-11-23T17:17:33.956877134Z [inf]  Setting up libglx0:amd64 (1.6.0-1) ...

2025-11-23T17:17:33.959460602Z [inf]  Setting up libfont-afm-perl (1.20-4) ...

2025-11-23T17:17:33.962076361Z [inf]  Setting up libgconf-2-4:amd64 (3.2.6-8) ...

2025-11-23T17:17:33.964826903Z [inf]  Setting up libclone-perl:amd64 (0.46-1) ...

2025-11-23T17:17:33.967327832Z [inf]  Setting up libio-stringy-perl (2.111-3) ...

2025-11-23T17:17:33.969971664Z [inf]  Setting up libxtst6:amd64 (2:1.2.3-1.1) ...

2025-11-23T17:17:33.97263384Z [inf]  Setting up libhtml-tagset-perl (3.20-6) ...

2025-11-23T17:17:33.975306849Z [inf]  Setting up libauthen-sasl-perl (2.1600-3) ...

2025-11-23T17:17:33.977953291Z [inf]  Setting up libxcursor1:amd64 (1:1.2.1-1) ...

2025-11-23T17:17:33.980633748Z [inf]  Setting up liblwp-mediatypes-perl (6.04-2) ...

2025-11-23T17:17:33.983210193Z [inf]  Setting up libtry-tiny-perl (0.31-2) ...

2025-11-23T17:17:33.985774095Z [inf]  Setting up libxxf86dga1:amd64 (2:1.1.5-1) ...

2025-11-23T17:17:33.988415683Z [inf]  Setting up libnet-http-perl (6.22-1) ...

2025-11-23T17:17:33.99104538Z [inf]  Setting up libencode-locale-perl (1.05-3) ...

2025-11-23T17:17:33.993780586Z [inf]  Setting up dconf-service (0.40.0-4) ...

2025-11-23T17:17:33.996728756Z [inf]  Setting up libxaw7:amd64 (2:1.0.14-1) ...

2025-11-23T17:17:33.99959855Z [inf]  Setting up libatspi2.0-0:amd64 (2.46.0-5) ...

2025-11-23T17:17:34.00268651Z [inf]  Setting up x11-xserver-utils (7.7+9+b1) ...

2025-11-23T17:17:34.007831614Z [inf]  Setting up librsvg2-2:amd64 (2.54.7+dfsg-1~deb12u1) ...

2025-11-23T17:17:34.010624195Z [inf]  Setting up libatk-bridge2.0-0:amd64 (2.46.0-5) ...

2025-11-23T17:17:34.013361479Z [inf]  Setting up libgl1:amd64 (1.6.0-1) ...

2025-11-23T17:17:34.016092121Z [inf]  Setting up librsvg2-common:amd64 (2.54.7+dfsg-1~deb12u1) ...

2025-11-23T17:17:34.022419899Z [inf]  Setting up libfile-desktopentry-perl (0.22-3) ...

2025-11-23T17:17:34.025547798Z [inf]  Setting up libwww-robotrules-perl (6.02-1) ...

2025-11-23T17:17:34.028564394Z [inf]  Setting up zutty (0.14.0.20230218+dfsg1-1) ...

2025-11-23T17:17:34.032194394Z [inf]  update-alternatives: using /usr/bin/zutty to provide /usr/bin/x-terminal-emulator (x-terminal-emulator) in auto mode

2025-11-23T17:17:34.03224663Z [inf]  update-alternatives: warning: skip creation of /usr/share/man/man1/x-terminal-emulator.1.gz because associated file /usr/share/man/man1/zutty.1.gz (of link group x-terminal-emulator) doesn't exist

2025-11-23T17:17:34.034277099Z [inf]  Setting up gconf-service (3.2.6-8) ...

2025-11-23T17:17:34.037041041Z [inf]  Setting up libhtml-parser-perl:amd64 (3.81-1) ...

2025-11-23T17:17:34.039574589Z [inf]  Setting up x11-utils (7.7+5) ...

2025-11-23T17:17:34.051981608Z [inf]  Setting up libio-socket-ssl-perl (2.081-2) ...

2025-11-23T17:17:34.054947423Z [inf]  Setting up libhttp-message-perl (6.44-1) ...

2025-11-23T17:17:34.05785485Z [inf]  Setting up libhtml-form-perl (6.11-1) ...

2025-11-23T17:17:34.060741929Z [inf]  Setting up libfile-mimeinfo-perl (0.33-1) ...

2025-11-23T17:17:34.063566284Z [inf]  Setting up libhttp-negotiate-perl (6.01-2) ...

2025-11-23T17:17:34.066410561Z [inf]  Setting up dconf-gsettings-backend:amd64 (0.40.0-4) ...

2025-11-23T17:17:34.06930825Z [inf]  Setting up libhttp-cookies-perl (6.10-1) ...

2025-11-23T17:17:34.072115205Z [inf]  Setting up x11-xkb-utils (7.7+7) ...

2025-11-23T17:17:34.07491163Z [inf]  Setting up libgtk2.0-0:amd64 (2.24.33-2+deb12u1) ...

2025-11-23T17:17:34.085507969Z [inf]  Setting up libhtml-tree-perl (5.07-3) ...

2025-11-23T17:17:34.088335045Z [inf]  Setting up libhtml-format-perl (2.16-2) ...

2025-11-23T17:17:34.09129059Z [inf]  Setting up libnet-smtp-ssl-perl (1.04-2) ...

2025-11-23T17:17:34.099786329Z [inf]  Setting up libmailtools-perl (2.21-2) ...

2025-11-23T17:17:34.102627179Z [inf]  Setting up libgail18:amd64 (2.24.33-2+deb12u1) ...

2025-11-23T17:17:34.105437604Z [inf]  Setting up libhttp-daemon-perl (6.16-1) ...

2025-11-23T17:17:34.108240446Z [inf]  Setting up libgtk2.0-bin (2.24.33-2+deb12u1) ...

2025-11-23T17:17:34.111358917Z [inf]  Setting up xserver-common (2:21.1.7-3+deb12u11) ...

2025-11-23T17:17:34.114428731Z [inf]  Setting up libgtk-3-common (3.24.38-2~deb12u3) ...

2025-11-23T17:17:34.118586703Z [inf]  Setting up gsettings-desktop-schemas (43.0-1) ...

2025-11-23T17:17:34.121605214Z [inf]  Setting up libayatana-indicator7:amd64 (0.9.3-1) ...

2025-11-23T17:17:34.124507335Z [inf]  Setting up libgail-common:amd64 (2.24.33-2+deb12u1) ...

2025-11-23T17:17:34.127765337Z [inf]  Setting up libgtk-3-0:amd64 (3.24.38-2~deb12u3) ...

2025-11-23T17:17:34.142603409Z [inf]  Setting up xvfb (2:21.1.7-3+deb12u11) ...

2025-11-23T17:17:34.145551816Z [inf]  Setting up libayatana-appindicator1 (0.5.92-1) ...

2025-11-23T17:17:34.148487376Z [inf]  Setting up libgtk-3-bin (3.24.38-2~deb12u3) ...

2025-11-23T17:17:34.151335808Z [inf]  Setting up at-spi2-core (2.46.0-5) ...

2025-11-23T17:17:34.158825664Z [inf]  Setting up liblwp-protocol-https-perl (6.10-1) ...

2025-11-23T17:17:34.161895321Z [inf]  Setting up libwww-perl (6.68-1) ...

2025-11-23T17:17:34.165109839Z [inf]  Setting up libxml-parser-perl (2.46-4) ...

2025-11-23T17:17:34.168146479Z [inf]  Setting up libxml-twig-perl (1:3.52-2) ...

2025-11-23T17:17:34.17102947Z [inf]  Setting up libnet-dbus-perl (1.2.0-2) ...

2025-11-23T17:17:34.174251219Z [inf]  Processing triggers for libc-bin (2.36-9+deb12u13) ...

2025-11-23T17:17:34.197011435Z [inf]  Processing triggers for libgdk-pixbuf-2.0-0:amd64 (2.42.10+dfsg-1+deb12u2) ...

2025-11-23T17:17:34.293072473Z [inf]  install apt packages: ca-certificates fonts-liberation gconf-service libappindicator1 libasound2 libatk1.0-0 libatomic1 libc6 libcairo2 libcups2 libdbus-1-3 libexpat1 libfontconfig1 libgbm1 libgcc1 libgconf-2-4 libgdk-pixbuf2.0-0 libglib2.0-0 libgtk-3-0 libnspr4 libnss3 libpango-1.0-0 libpangocairo-1.0-0 libstdc++6 libx11-6 libx11-xcb1 libxcb1 libxcomposite1 libxcursor1 libxdamage1 libxext6 libxfixes3 libxi6 libxrandr2 libxrender1 libxss1 libxtst6 lsb-release wget xdg-utils xvfb
2025-11-23T17:17:39.685770464Z [inf]  npm warn deprecated inflight@1.0.6: This module is not supported, and leaks memory. Do not use it. Check out lru-cache if you want a good and tested way to coalesce async requests by a key value, which is much more comprehensive and powerful.

2025-11-23T17:17:39.76820146Z [inf]  npm warn deprecated rimraf@3.0.2: Rimraf versions prior to v4 are no longer supported

2025-11-23T17:17:39.81548141Z [inf]  npm warn deprecated glob@7.2.3: Glob versions prior to v9 are no longer supported

2025-11-23T17:17:51.380203185Z [inf]  
> design-web-pages@0.1.0 postinstall
> prisma generate


2025-11-23T17:17:52.234210928Z [inf]  Prisma schema loaded from prisma/schema.prisma

2025-11-23T17:17:52.463366966Z [inf]  
  Update available 6.19.0 -> 7.0.0                       
                                                         
  This is a major update - please follow the guide at    
  https://pris.ly/d/major-version-upgrade                
                                                         
  Run the following to update                            
    npm i --save-dev prisma@latest                       
    npm i @prisma/client@latest                          


2025-11-23T17:17:52.463451323Z [inf]  
 Generated Prisma Client (v6.19.0) to ./node_modules/@prisma/client in 76ms

Start by importing your Prisma Client (See: https://pris.ly/d/importing-client)

Tip: Want to turn off tips and other hints? https://pris.ly/tip-4-nohints


2025-11-23T17:17:52.482023698Z [inf]  
added 583 packages, and audited 584 packages in 37s

2025-11-23T17:17:52.509696405Z [inf]  
3 vulnerabilities (2 moderate, 1 high)

To address all issues (including breaking changes), run:
  npm audit fix --force

Run `npm audit` for details.

2025-11-23T17:17:52.687676210Z [inf]  npm install
2025-11-23T17:17:52.689003930Z [inf]  copy / /app
2025-11-23T17:17:52.848940315Z [inf]  copy / /app
2025-11-23T17:17:52.850390331Z [inf]  npm run build
2025-11-23T17:17:53.023562868Z [inf]  npm warn config production Use `--omit=dev` instead.

2025-11-23T17:17:53.037029921Z [inf]  
> design-web-pages@0.1.0 build
> bash railway-build.sh


2025-11-23T17:17:53.041411372Z [inf]   Starting Railway build process...
 Generating Prisma client...

2025-11-23T17:17:53.108635857Z [inf]  npm warn config production Use `--omit=dev` instead.

2025-11-23T17:17:54.117085177Z [inf]  Prisma schema loaded from prisma/schema.prisma

2025-11-23T17:17:54.356668234Z [inf]  
 Generated Prisma Client (v6.19.0) to ./node_modules/@prisma/client in 88ms

Start by importing your Prisma Client (See: https://pris.ly/d/importing-client)

Tip: Need your database queries to be 1000x faster? Accelerate offers you that and more: https://pris.ly/tip-2-accelerate


2025-11-23T17:17:54.3796427Z [inf]    Attempting database migrations...

2025-11-23T17:17:54.441982244Z [inf]  npm warn config production Use `--omit=dev` instead.

2025-11-23T17:17:55.408175882Z [inf]  Prisma schema loaded from prisma/schema.prisma

2025-11-23T17:17:55.410094011Z [inf]  Datasource "db": PostgreSQL database "railway", schema "public" at "postgres.railway.internal:5432"

2025-11-23T17:17:55.48154847Z [inf]  

2025-11-23T17:17:55.481740039Z [inf]  Error: P1001: Can't reach database server at `postgres.railway.internal:5432`

Please make sure your database server is running at `postgres.railway.internal:5432`.

2025-11-23T17:17:55.502888702Z [inf]    Database migration failed (database may not be available during build)
  Migrations will run automatically on first application start
  Continuing with build...

2025-11-23T17:17:55.502900622Z [inf]    Building Next.js application...

2025-11-23T17:17:55.566077897Z [inf]  npm warn config production Use `--omit=dev` instead.

2025-11-23T17:17:56.463018084Z [inf]    The config property `experimental.turbo` is deprecated. Move this setting to `config.turbopack` as Turbopack is now stable.

2025-11-23T17:17:56.467211306Z [inf]   No build cache found. Please configure build caching for faster rebuilds. Read more: https://nextjs.org/docs/messages/no-cache

2025-11-23T17:17:56.53548257Z [inf]      Next.js 15.4.6

2025-11-23T17:17:56.535497279Z [inf]  

2025-11-23T17:17:56.546669853Z [inf]     Creating an optimized production build ...

2025-11-23T17:18:01.336370456Z [inf]  Failed to compile.


2025-11-23T17:18:01.33668827Z [inf]  ./node_modules/clone-deep/utils.js
Cannot statically analyse 'require(, )' in line 11

Import trace for requested module:
./node_modules/clone-deep/utils.js
./node_modules/clone-deep/index.js
./node_modules/merge-deep/index.js
./node_modules/puppeteer-extra-plugin/dist/index.esm.js
./node_modules/puppeteer-extra-plugin-stealth/index.js
./lib/scraping/puppeteerService.ts
./app/api/scrape/route.ts

./node_modules/clone-deep/utils.js
Cannot statically analyse 'require(, )' in line 12

Import trace for requested module:
./node_modules/clone-deep/utils.js
./node_modules/clone-deep/index.js
./node_modules/merge-deep/index.js
./node_modules/puppeteer-extra-plugin/dist/index.esm.js
./node_modules/puppeteer-extra-plugin-stealth/index.js
./lib/scraping/puppeteerService.ts
./app/api/scrape/route.ts

./node_modules/clone-deep/utils.js
Cannot statically analyse 'require(, )' in line 13

Import trace for requested module:
./node_modules/clone-deep/utils.js
./node_modules/clone-deep/index.js
./node_modules/merge-deep/index.js
./node_modules/puppeteer-extra-plugin/dist/index.esm.js
./node_modules/puppeteer-extra-plugin-stealth/index.js
./lib/scraping/puppeteerService.ts
./app/api/scrape/route.ts


2025-11-23T17:18:01.339339Z [inf]  

2025-11-23T17:18:01.3394Z [inf]  > Build failed because of webpack errors

2025-11-23T17:18:01.419318893Z [err]  npm run build
2025-11-23T17:18:01.437773596Z [err]  ERROR: failed to build: failed to solve: process "npm run build" did not complete successfully: exit code: 1