2025-11-23T17:37:34.022360124Z [inf]  
2025-11-23T17:37:36.889378492Z [inf]  [35m[Region: europe-west4][0m
2025-11-23T17:37:36.959430804Z [inf]  
2025-11-23T17:37:36.959497598Z [inf]  [38;2;125;86;243mâ•­â”€â”€â”€â”€â”€â”€â”€â”€â”€â”€â”€â”€â”€â”€â”€â”€â”€â•®[0m
2025-11-23T17:37:36.959507084Z [inf]  [38;2;125;86;243mâ”‚[0m Railpack 0.13.0 [38;2;125;86;243mâ”‚[0m
2025-11-23T17:37:36.959511567Z [inf]  [38;2;125;86;243mâ•°â”€â”€â”€â”€â”€â”€â”€â”€â”€â”€â”€â”€â”€â”€â”€â”€â”€â•¯[0m
2025-11-23T17:37:36.959518825Z [inf]  
2025-11-23T17:37:36.959530848Z [inf]  [97mâ†³ Detected Node[0m
2025-11-23T17:37:36.959535172Z [inf]  [97mâ†³ Using npm package manager[0m
2025-11-23T17:37:36.959539202Z [inf]  [97mâ†³ Installing puppeteer dependencies[0m
2025-11-23T17:37:36.959543202Z [inf]  
2025-11-23T17:37:36.959547456Z [inf]  [1mPackages[0m
2025-11-23T17:37:36.959551671Z [inf]  [38;5;238mâ”€â”€â”€â”€â”€â”€â”€â”€â”€â”€[0m
2025-11-23T17:37:36.959555825Z [inf]  [95mnode[0m  [38;5;238mâ”‚[0m  [96m22.21.1[0m  [38;5;238mâ”‚[0m  railpack default (22)
2025-11-23T17:37:36.959560020Z [inf]  
2025-11-23T17:37:36.959564177Z [inf]  [1mSteps[0m
2025-11-23T17:37:36.959568292Z [inf]  [38;5;238mâ”€â”€â”€â”€â”€â”€â”€â”€â”€â”€[0m
2025-11-23T17:37:36.959572450Z [inf]  [95mâ–¸ install[0m
2025-11-23T17:37:36.959576230Z [inf]  [38;5;245m$[0m [1mnpm install[0m
2025-11-23T17:37:36.959580647Z [inf]  
2025-11-23T17:37:36.959584720Z [inf]  [95mâ–¸ build[0m
2025-11-23T17:37:36.959588610Z [inf]  [38;5;245m$[0m [1mnpm run build[0m
2025-11-23T17:37:36.959592493Z [inf]  
2025-11-23T17:37:36.959596674Z [inf]  [1mDeploy[0m
2025-11-23T17:37:36.959605683Z [inf]  [38;5;238mâ”€â”€â”€â”€â”€â”€â”€â”€â”€â”€[0m
2025-11-23T17:37:36.959609888Z [inf]  [38;5;245m$[0m [1mnpm run start[0m
2025-11-23T17:37:36.959614064Z [inf]  
2025-11-23T17:37:36.959618236Z [inf]  
2025-11-23T17:37:36.961203209Z [inf]  Successfully prepared Railpack plan for build
2025-11-23T17:37:36.961244590Z [inf]  
2025-11-23T17:37:36.961256866Z [inf]  
2025-11-23T17:37:36.961932616Z [inf]  context: nhlc-GsAi
2025-11-23T17:37:37.151243857Z [inf]  [internal] load build definition from railpack-plan.json
2025-11-23T17:37:37.151296680Z [inf]  [internal] load build definition from railpack-plan.json
2025-11-23T17:37:37.151528553Z [inf]  [internal] load build definition from railpack-plan.json
2025-11-23T17:37:37.180582159Z [inf]  [internal] load build definition from railpack-plan.json
2025-11-23T17:37:37.184453708Z [inf]  resolve image config for docker-image://ghcr.io/railwayapp/railpack-frontend:v0.13.0
2025-11-23T17:37:37.622198969Z [inf]  resolve image config for docker-image://ghcr.io/railwayapp/railpack-frontend:v0.13.0
2025-11-23T17:37:37.622301495Z [inf]  docker-image://ghcr.io/railwayapp/railpack-frontend:v0.13.0@sha256:6abf5c09474a5a6a6d2317725bf69c99708336e5ad0e6cbae7c5e746a586cc52
2025-11-23T17:37:37.622337917Z [inf]  docker-image://ghcr.io/railwayapp/railpack-frontend:v0.13.0@sha256:6abf5c09474a5a6a6d2317725bf69c99708336e5ad0e6cbae7c5e746a586cc52
2025-11-23T17:37:37.630119943Z [inf]  docker-image://ghcr.io/railwayapp/railpack-frontend:v0.13.0@sha256:6abf5c09474a5a6a6d2317725bf69c99708336e5ad0e6cbae7c5e746a586cc52
2025-11-23T17:37:37.630256604Z [inf]  docker-image://ghcr.io/railwayapp/railpack-frontend:v0.13.0@sha256:6abf5c09474a5a6a6d2317725bf69c99708336e5ad0e6cbae7c5e746a586cc52
2025-11-23T17:37:37.773569686Z [inf]  load build definition from railpack-plan.json
2025-11-23T17:37:37.773644948Z [inf]  load build definition from railpack-plan.json
2025-11-23T17:37:37.773752264Z [inf]  load build definition from railpack-plan.json
2025-11-23T17:37:37.790193877Z [inf]  load build definition from railpack-plan.json
2025-11-23T17:37:37.905167321Z [inf]  loading .
2025-11-23T17:37:37.905239809Z [inf]  copy /root/.local/state/mise
2025-11-23T17:37:37.905251417Z [inf]  copy /etc/mise/config.toml
2025-11-23T17:37:37.905260740Z [inf]  copy /mise/shims
2025-11-23T17:37:37.905275390Z [inf]  copy /mise/installs
2025-11-23T17:37:37.905289185Z [inf]  mkdir -p /app/node_modules/.cache
2025-11-23T17:37:37.905304952Z [inf]  copy / /app
2025-11-23T17:37:37.905317867Z [inf]  create mise config
2025-11-23T17:37:37.905329715Z [inf]  mkdir /etc/mise
2025-11-23T17:37:37.905341297Z [inf]  docker-image://ghcr.io/railwayapp/railpack-builder:latest
2025-11-23T17:37:37.905357985Z [inf]  install apt packages: ca-certificates fonts-liberation gconf-service libappindicator1 libasound2 libatk1.0-0 libatomic1 libc6 libcairo2 libcups2 libdbus-1-3 libexpat1 libfontconfig1 libgbm1 libgcc1 libgconf-2-4 libgdk-pixbuf2.0-0 libglib2.0-0 libgtk-3-0 libnspr4 libnss3 libpango-1.0-0 libpangocairo-1.0-0 libstdc++6 libx11-6 libx11-xcb1 libxcb1 libxcomposite1 libxcursor1 libxdamage1 libxext6 libxfixes3 libxi6 libxrandr2 libxrender1 libxss1 libxtst6 lsb-release wget xdg-utils xvfb
2025-11-23T17:37:37.905371937Z [inf]  copy / /app
2025-11-23T17:37:37.905383553Z [inf]  npm install
2025-11-23T17:37:37.905394879Z [inf]  install mise packages: node
2025-11-23T17:37:37.905406185Z [inf]  docker-image://ghcr.io/railwayapp/railpack-runtime:latest
2025-11-23T17:37:37.905421200Z [inf]  copy /usr/local/bin/mise
2025-11-23T17:37:37.905475972Z [inf]  [railpack] merge $packages:apt:runtime, $packages:mise, $build, $build
2025-11-23T17:37:37.905490302Z [inf]  copy /app
2025-11-23T17:37:37.905508927Z [inf]  copy /root/.cache
2025-11-23T17:37:37.905527770Z [inf]  copy /app/node_modules
2025-11-23T17:37:37.905536868Z [inf]  npm run build
2025-11-23T17:37:37.905550852Z [inf]  [railpack] secrets hash
2025-11-23T17:37:37.905573562Z [inf]  docker-image://ghcr.io/railwayapp/railpack-runtime:latest
2025-11-23T17:37:37.905593940Z [inf]  docker-image://ghcr.io/railwayapp/railpack-builder:latest
2025-11-23T17:37:37.905616825Z [inf]  [railpack] secrets hash
2025-11-23T17:37:37.905636120Z [inf]  loading .
2025-11-23T17:37:38.168939569Z [inf]  docker-image://ghcr.io/railwayapp/railpack-runtime:latest
2025-11-23T17:37:38.180971177Z [inf]  docker-image://ghcr.io/railwayapp/railpack-builder:latest
2025-11-23T17:37:38.183647797Z [inf]  loading .
2025-11-23T17:37:38.183710169Z [inf]  [railpack] secrets hash
2025-11-23T17:37:38.202356300Z [inf]  [railpack] secrets hash
2025-11-23T17:37:38.214073981Z [inf]  loading .
2025-11-23T17:37:38.218713616Z [inf]  mkdir /etc/mise
2025-11-23T17:37:38.218778493Z [inf]  create mise config
2025-11-23T17:37:38.218793220Z [inf]  install mise packages: node
2025-11-23T17:37:38.218809772Z [inf]  install mise packages: node
2025-11-23T17:37:38.218825352Z [inf]  copy / /app
2025-11-23T17:37:38.304045926Z [inf]  copy / /app
2025-11-23T17:37:38.306936064Z [inf]  mkdir -p /app/node_modules/.cache
2025-11-23T17:37:38.478369801Z [inf]  mkdir -p /app/node_modules/.cache
2025-11-23T17:37:38.480296294Z [inf]  npm install
2025-11-23T17:37:38.868205081Z [inf]  npm warn config production Use `--omit=dev` instead.

2025-11-23T17:38:04.980088528Z [inf]  npm warn deprecated inflight@1.0.6: This module is not supported, and leaks memory. Do not use it. Check out lru-cache if you want a good and tested way to coalesce async requests by a key value, which is much more comprehensive and powerful.

2025-11-23T17:38:05.123727069Z [inf]  npm warn deprecated rimraf@3.0.2: Rimraf versions prior to v4 are no longer supported

2025-11-23T17:38:05.206506742Z [inf]  npm warn deprecated glob@7.2.3: Glob versions prior to v9 are no longer supported

2025-11-23T17:38:21.489345567Z [inf]  
> design-web-pages@0.1.0 postinstall
> prisma generate


2025-11-23T17:38:22.61685595Z [inf]  Prisma schema loaded from prisma/schema.prisma

2025-11-23T17:38:22.918180608Z [inf]  â”Œâ”€â”€â”€â”€â”€â”€â”€â”€â”€â”€â”€â”€â”€â”€â”€â”€â”€â”€â”€â”€â”€â”€â”€â”€â”€â”€â”€â”€â”€â”€â”€â”€â”€â”€â”€â”€â”€â”€â”€â”€â”€â”€â”€â”€â”€â”€â”€â”€â”€â”€â”€â”€â”€â”€â”€â”€â”€â”
â”‚  Update available 6.19.0 -> 7.0.0                       â”‚
â”‚                                                         â”‚
â”‚  This is a major update - please follow the guide at    â”‚
â”‚  https://pris.ly/d/major-version-upgrade                â”‚
â”‚                                                         â”‚
â”‚  Run the following to update                            â”‚
â”‚    npm i --save-dev prisma@latest                       â”‚
â”‚    npm i @prisma/client@latest                          â”‚
â””â”€â”€â”€â”€â”€â”€â”€â”€â”€â”€â”€â”€â”€â”€â”€â”€â”€â”€â”€â”€â”€â”€â”€â”€â”€â”€â”€â”€â”€â”€â”€â”€â”€â”€â”€â”€â”€â”€â”€â”€â”€â”€â”€â”€â”€â”€â”€â”€â”€â”€â”€â”€â”€â”€â”€â”€â”€â”˜

2025-11-23T17:38:22.918254639Z [inf]  
âœ” Generated Prisma Client (v6.19.0) to ./node_modules/@prisma/client in 119ms

Start by importing your Prisma Client (See: https://pris.ly/d/importing-client)

Tip: Interested in query caching in just a few lines of code? Try Accelerate today! https://pris.ly/tip-3-accelerate


2025-11-23T17:38:22.952776682Z [inf]  
added 583 packages, and audited 584 packages in 44s

2025-11-23T17:38:22.994331785Z [inf]  
3 vulnerabilities (2 moderate, 1 high)

To address all issues (including breaking changes), run:
  npm audit fix --force

Run `npm audit` for details.

2025-11-23T17:38:23.466289035Z [inf]  npm install
2025-11-23T17:38:23.468462040Z [inf]  copy / /app
2025-11-23T17:38:23.743114306Z [inf]  copy / /app
2025-11-23T17:38:23.747278749Z [inf]  npm run build
2025-11-23T17:38:23.986488403Z [inf]  npm warn config production Use `--omit=dev` instead.

2025-11-23T17:38:24.004118976Z [inf]  
> design-web-pages@0.1.0 build
> bash railway-build.sh


2025-11-23T17:38:24.010514502Z [inf]  ðŸš€ Starting Railway build process...
ðŸ“¦ Generating Prisma client...

2025-11-23T17:38:24.110967929Z [inf]  npm warn config production Use `--omit=dev` instead.

2025-11-23T17:38:25.513248231Z [inf]  Prisma schema loaded from prisma/schema.prisma

2025-11-23T17:38:25.847244029Z [inf]  
âœ” Generated Prisma Client (v6.19.0) to ./node_modules/@prisma/client in 148ms

Start by importing your Prisma Client (See: https://pris.ly/d/importing-client)

Tip: Want to turn off tips and other hints? https://pris.ly/tip-4-nohints


2025-11-23T17:38:25.883936109Z [inf]  ðŸ—„ï¸  Attempting database migrations...

2025-11-23T17:38:25.978199067Z [inf]  npm warn config production Use `--omit=dev` instead.

2025-11-23T17:38:27.353481436Z [inf]  Prisma schema loaded from prisma/schema.prisma

2025-11-23T17:38:27.35658222Z [inf]  Datasource "db": PostgreSQL database "railway", schema "public" at "postgres.railway.internal:5432"

2025-11-23T17:38:27.457968818Z [inf]  

2025-11-23T17:38:27.45822511Z [inf]  Error: P1001: Can't reach database server at `postgres.railway.internal:5432`

Please make sure your database server is running at `postgres.railway.internal:5432`.

2025-11-23T17:38:27.487221229Z [inf]  âš ï¸  Database migration failed (database may not be available during build)
âš ï¸  Migrations will run automatically on first application start
âš ï¸  Continuing with build...
ðŸ—ï¸  Building Next.js application...

2025-11-23T17:38:27.578853241Z [inf]  npm warn config production Use `--omit=dev` instead.

2025-11-23T17:38:28.864449586Z [inf]  âš  No build cache found. Please configure build caching for faster rebuilds. Read more: https://nextjs.org/docs/messages/no-cache

2025-11-23T17:38:28.947212561Z [inf]     â–² Next.js 15.4.6

2025-11-23T17:38:28.947307824Z [inf]  

2025-11-23T17:38:28.963774101Z [inf]     Creating an optimized production build ...

2025-11-23T17:38:39.806832945Z [inf]   âœ“ Compiled successfully in 10.0s

2025-11-23T17:38:39.812116007Z [inf]     Linting and checking validity of types ...

2025-11-23T17:38:45.134336544Z [inf]  Failed to compile.


2025-11-23T17:38:45.13460141Z [inf]  ./app/api/competitors/research/route.ts:50:13
Type error: Object literal may only specify known properties, and 'url' does not exist in type 'CompetitorCacheWhereInput'.

[0m [90m 48 |[39m         [36mconst[39m cached [33m=[39m [36mawait[39m prisma[33m.[39mcompetitorCache[33m.[39mfindFirst({
 [90m 49 |[39m           where[33m:[39m {
[31m[1m>[22m[39m[90m 50 |[39m             url[33m,[39m
 [90m    |[39m             [31m[1m^[22m[39m
 [90m 51 |[39m             createdAt[33m:[39m {
 [90m 52 |[39m               gte[33m:[39m [36mnew[39m [33mDate[39m([33mDate[39m[33m.[39mnow() [33m-[39m [35m7[39m [33m*[39m [35m24[39m [33m*[39m [35m60[39m [33m*[39m [35m60[39m [33m*[39m [35m1000[39m)[33m,[39m
 [90m 53 |[39m             }[33m,[39m[0m

2025-11-23T17:38:45.185742599Z [inf]  Next.js build worker exited with code: 1 and signal: null

2025-11-23T17:38:45.484181662Z [err]  npm run build
2025-11-23T17:38:45.509070691Z [err]  ERROR: failed to build: failed to solve: process "npm run build" did not complete successfully: exit code: 1