2025-11-23T18:47:45.107763502Z [inf]  Preparing to unpack .../026-libgdk-pixbuf2.0-common_2.42.10+dfsg-1+deb12u2_all.deb ...

2025-11-23T18:47:45.109270044Z [inf]  Unpacking libgdk-pixbuf2.0-common (2.42.10+dfsg-1+deb12u2) ...

2025-11-23T18:47:45.151454755Z [inf]  Selecting previously unselected package libglib2.0-0:amd64.
Preparing to unpack .../027-libglib2.0-0_2.74.6-2+deb12u7_amd64.deb ...

2025-11-23T18:47:45.155544664Z [inf]  Unpacking libglib2.0-0:amd64 (2.74.6-2+deb12u7) ...

2025-11-23T18:47:45.256146646Z [inf]  Selecting previously unselected package libicu72:amd64.

2025-11-23T18:47:45.257605732Z [inf]  Preparing to unpack .../028-libicu72_72.1-3+deb12u1_amd64.deb ...

2025-11-23T18:47:45.258700486Z [inf]  Unpacking libicu72:amd64 (72.1-3+deb12u1) ...

2025-11-23T18:47:45.738835891Z [inf]  Selecting previously unselected package libxml2:amd64.

2025-11-23T18:47:45.740147416Z [inf]  Preparing to unpack .../029-libxml2_2.9.14+dfsg-1.3~deb12u4_amd64.deb ...

2025-11-23T18:47:45.741427757Z [inf]  Unpacking libxml2:amd64 (2.9.14+dfsg-1.3~deb12u4) ...

2025-11-23T18:47:45.800832484Z [inf]  Selecting previously unselected package shared-mime-info.

2025-11-23T18:47:45.802091806Z [inf]  Preparing to unpack .../030-shared-mime-info_2.2-1_amd64.deb ...

2025-11-23T18:47:45.803390434Z [inf]  Unpacking shared-mime-info (2.2-1) ...

2025-11-23T18:47:45.867287051Z [inf]  Selecting previously unselected package libjpeg62-turbo:amd64.

2025-11-23T18:47:45.868691521Z [inf]  Preparing to unpack .../031-libjpeg62-turbo_1%3a2.1.5-2_amd64.deb ...

2025-11-23T18:47:45.869875332Z [inf]  Unpacking libjpeg62-turbo:amd64 (1:2.1.5-2) ...

2025-11-23T18:47:45.895737905Z [inf]  Selecting previously unselected package libpng16-16:amd64.

2025-11-23T18:47:45.89722208Z [inf]  Preparing to unpack .../032-libpng16-16_1.6.39-2_amd64.deb ...

2025-11-23T18:47:45.898567467Z [inf]  Unpacking libpng16-16:amd64 (1.6.39-2) ...

2025-11-23T18:47:45.927425439Z [inf]  Selecting previously unselected package libdeflate0:amd64.

2025-11-23T18:47:45.928827911Z [inf]  Preparing to unpack .../033-libdeflate0_1.14-1_amd64.deb ...

2025-11-23T18:47:45.93004406Z [inf]  Unpacking libdeflate0:amd64 (1.14-1) ...

2025-11-23T18:47:45.950117406Z [inf]  Selecting previously unselected package libjbig0:amd64.

2025-11-23T18:47:45.951624467Z [inf]  Preparing to unpack .../034-libjbig0_2.1-6.1_amd64.deb ...

2025-11-23T18:47:45.953053765Z [inf]  Unpacking libjbig0:amd64 (2.1-6.1) ...

2025-11-23T18:47:45.97113406Z [inf]  Selecting previously unselected package liblerc4:amd64.

2025-11-23T18:47:45.972368573Z [inf]  Preparing to unpack .../035-liblerc4_4.0.0+ds-2_amd64.deb ...

2025-11-23T18:47:45.97398334Z [inf]  Unpacking liblerc4:amd64 (4.0.0+ds-2) ...

2025-11-23T18:47:46.000412656Z [inf]  Selecting previously unselected package libwebp7:amd64.

2025-11-23T18:47:46.0016647Z [inf]  Preparing to unpack .../036-libwebp7_1.2.4-0.2+deb12u1_amd64.deb ...

2025-11-23T18:47:46.002884346Z [inf]  Unpacking libwebp7:amd64 (1.2.4-0.2+deb12u1) ...

2025-11-23T18:47:46.044802242Z [inf]  Selecting previously unselected package libtiff6:amd64.

2025-11-23T18:47:46.046049579Z [inf]  Preparing to unpack .../037-libtiff6_4.5.0-6+deb12u3_amd64.deb ...

2025-11-23T18:47:46.048002664Z [inf]  Unpacking libtiff6:amd64 (4.5.0-6+deb12u3) ...

2025-11-23T18:47:46.080237199Z [inf]  Selecting previously unselected package libgdk-pixbuf-2.0-0:amd64.

2025-11-23T18:47:46.081485977Z [inf]  Preparing to unpack .../038-libgdk-pixbuf-2.0-0_2.42.10+dfsg-1+deb12u2_amd64.deb ...

2025-11-23T18:47:46.082883785Z [inf]  Unpacking libgdk-pixbuf-2.0-0:amd64 (2.42.10+dfsg-1+deb12u2) ...

2025-11-23T18:47:46.108039546Z [inf]  Selecting previously unselected package gtk-update-icon-cache.

2025-11-23T18:47:46.109288783Z [inf]  Preparing to unpack .../039-gtk-update-icon-cache_3.24.38-2~deb12u3_amd64.deb ...

2025-11-23T18:47:46.110645916Z [inf]  Unpacking gtk-update-icon-cache (3.24.38-2~deb12u3) ...

2025-11-23T18:47:46.13650407Z [inf]  Selecting previously unselected package adwaita-icon-theme.

2025-11-23T18:47:46.137712523Z [inf]  Preparing to unpack .../040-adwaita-icon-theme_43-1_all.deb ...

2025-11-23T18:47:46.139126244Z [inf]  Unpacking adwaita-icon-theme (43-1) ...

2025-11-23T18:47:46.689338771Z [inf]  Selecting previously unselected package alsa-topology-conf.

2025-11-23T18:47:46.692341507Z [inf]  Preparing to unpack .../041-alsa-topology-conf_1.2.5.1-2_all.deb ...

2025-11-23T18:47:46.6935332Z [inf]  Unpacking alsa-topology-conf (1.2.5.1-2) ...

2025-11-23T18:47:46.710854568Z [inf]  Selecting previously unselected package libasound2-data.

2025-11-23T18:47:46.712542104Z [inf]  Preparing to unpack .../042-libasound2-data_1.2.8-1_all.deb ...

2025-11-23T18:47:46.72175168Z [inf]  Unpacking libasound2-data (1.2.8-1) ...

2025-11-23T18:47:46.745366211Z [inf]  Selecting previously unselected package libasound2:amd64.

2025-11-23T18:47:46.747281791Z [inf]  Preparing to unpack .../043-libasound2_1.2.8-1+b1_amd64.deb ...

2025-11-23T18:47:46.748703077Z [inf]  Unpacking libasound2:amd64 (1.2.8-1+b1) ...

2025-11-23T18:47:46.787045804Z [inf]  Selecting previously unselected package alsa-ucm-conf.

2025-11-23T18:47:46.788751535Z [inf]  Preparing to unpack .../044-alsa-ucm-conf_1.2.8-1_all.deb ...

2025-11-23T18:47:46.7901296Z [inf]  Unpacking alsa-ucm-conf (1.2.8-1) ...

2025-11-23T18:47:46.840289825Z [inf]  Selecting previously unselected package at-spi2-common.

2025-11-23T18:47:46.842478767Z [inf]  Preparing to unpack .../045-at-spi2-common_2.46.0-5_all.deb ...

2025-11-23T18:47:46.843722202Z [inf]  Unpacking at-spi2-common (2.46.0-5) ...

2025-11-23T18:47:46.87078399Z [inf]  Selecting previously unselected package libxau6:amd64.

2025-11-23T18:47:46.87251891Z [inf]  Preparing to unpack .../046-libxau6_1%3a1.0.9-1_amd64.deb ...

2025-11-23T18:47:46.873663267Z [inf]  Unpacking libxau6:amd64 (1:1.0.9-1) ...

2025-11-23T18:47:46.88915625Z [inf]  Selecting previously unselected package libbsd0:amd64.

2025-11-23T18:47:46.890794803Z [inf]  Preparing to unpack .../047-libbsd0_0.11.7-2_amd64.deb ...

2025-11-23T18:47:46.891973536Z [inf]  Unpacking libbsd0:amd64 (0.11.7-2) ...

2025-11-23T18:47:46.915775788Z [inf]  Selecting previously unselected package libxdmcp6:amd64.

2025-11-23T18:47:46.917488461Z [inf]  Preparing to unpack .../048-libxdmcp6_1%3a1.1.2-3_amd64.deb ...

2025-11-23T18:47:46.918771228Z [inf]  Unpacking libxdmcp6:amd64 (1:1.1.2-3) ...

2025-11-23T18:47:46.934743817Z [inf]  Selecting previously unselected package libxcb1:amd64.

2025-11-23T18:47:46.936476306Z [inf]  Preparing to unpack .../049-libxcb1_1.15-1_amd64.deb ...

2025-11-23T18:47:46.937660189Z [inf]  Unpacking libxcb1:amd64 (1.15-1) ...

2025-11-23T18:47:46.957195403Z [inf]  Selecting previously unselected package libx11-data.

2025-11-23T18:47:46.959008293Z [inf]  Preparing to unpack .../050-libx11-data_2%3a1.8.4-2+deb12u2_all.deb ...

2025-11-23T18:47:46.96026541Z [inf]  Unpacking libx11-data (2:1.8.4-2+deb12u2) ...

2025-11-23T18:47:47.003023972Z [inf]  Selecting previously unselected package libx11-6:amd64.

2025-11-23T18:47:47.005474437Z [inf]  Preparing to unpack .../051-libx11-6_2%3a1.8.4-2+deb12u2_amd64.deb ...

2025-11-23T18:47:47.006881864Z [inf]  Unpacking libx11-6:amd64 (2:1.8.4-2+deb12u2) ...

2025-11-23T18:47:47.063667724Z [inf]  Selecting previously unselected package libxext6:amd64.

2025-11-23T18:47:47.065408603Z [inf]  Preparing to unpack .../052-libxext6_2%3a1.3.4-1+b1_amd64.deb ...

2025-11-23T18:47:47.066705144Z [inf]  Unpacking libxext6:amd64 (2:1.3.4-1+b1) ...

2025-11-23T18:47:47.085247641Z [inf]  Selecting previously unselected package libxi6:amd64.

2025-11-23T18:47:47.086953237Z [inf]  Preparing to unpack .../053-libxi6_2%3a1.8-1+b1_amd64.deb ...

2025-11-23T18:47:47.088338245Z [inf]  Unpacking libxi6:amd64 (2:1.8-1+b1) ...

2025-11-23T18:47:47.108475427Z [inf]  Selecting previously unselected package libatspi2.0-0:amd64.

2025-11-23T18:47:47.110350164Z [inf]  Preparing to unpack .../054-libatspi2.0-0_2.46.0-5_amd64.deb ...

2025-11-23T18:47:47.111657237Z [inf]  Unpacking libatspi2.0-0:amd64 (2.46.0-5) ...

2025-11-23T18:47:47.135508948Z [inf]  Selecting previously unselected package x11-common.

2025-11-23T18:47:47.137320677Z [inf]  Preparing to unpack .../055-x11-common_1%3a7.7+23_all.deb ...

2025-11-23T18:47:47.138961126Z [inf]  Unpacking x11-common (1:7.7+23) ...

2025-11-23T18:47:47.162240641Z [inf]  Selecting previously unselected package libxtst6:amd64.

2025-11-23T18:47:47.163908542Z [inf]  Preparing to unpack .../056-libxtst6_2%3a1.2.3-1.1_amd64.deb ...

2025-11-23T18:47:47.16499787Z [inf]  Unpacking libxtst6:amd64 (2:1.2.3-1.1) ...

2025-11-23T18:47:47.180795942Z [inf]  Selecting previously unselected package dbus-user-session.

2025-11-23T18:47:47.182671666Z [inf]  Preparing to unpack .../057-dbus-user-session_1.14.10-1~deb12u1_amd64.deb ...

2025-11-23T18:47:47.183951291Z [inf]  Unpacking dbus-user-session (1.14.10-1~deb12u1) ...

2025-11-23T18:47:47.203157786Z [inf]  Selecting previously unselected package libdconf1:amd64.

2025-11-23T18:47:47.204897115Z [inf]  Preparing to unpack .../058-libdconf1_0.40.0-4_amd64.deb ...

2025-11-23T18:47:47.206282525Z [inf]  Unpacking libdconf1:amd64 (0.40.0-4) ...

2025-11-23T18:47:47.222390802Z [inf]  Selecting previously unselected package dconf-service.

2025-11-23T18:47:47.22400681Z [inf]  Preparing to unpack .../059-dconf-service_0.40.0-4_amd64.deb ...

2025-11-23T18:47:47.225342977Z [inf]  Unpacking dconf-service (0.40.0-4) ...

2025-11-23T18:47:47.241548889Z [inf]  Selecting previously unselected package dconf-gsettings-backend:amd64.

2025-11-23T18:47:47.243492617Z [inf]  Preparing to unpack .../060-dconf-gsettings-backend_0.40.0-4_amd64.deb ...

2025-11-23T18:47:47.244891756Z [inf]  Unpacking dconf-gsettings-backend:amd64 (0.40.0-4) ...

2025-11-23T18:47:47.260651304Z [inf]  Selecting previously unselected package gsettings-desktop-schemas.

2025-11-23T18:47:47.262565233Z [inf]  Preparing to unpack .../061-gsettings-desktop-schemas_43.0-1_all.deb ...

2025-11-23T18:47:47.263825172Z [inf]  Unpacking gsettings-desktop-schemas (43.0-1) ...

2025-11-23T18:47:47.334100774Z [inf]  Selecting previously unselected package at-spi2-core.

2025-11-23T18:47:47.336158371Z [inf]  Preparing to unpack .../062-at-spi2-core_2.46.0-5_amd64.deb ...

2025-11-23T18:47:47.337574992Z [inf]  Unpacking at-spi2-core (2.46.0-5) ...

2025-11-23T18:47:47.359695223Z [inf]  Selecting previously unselected package libisl23:amd64.

2025-11-23T18:47:47.36159719Z [inf]  Preparing to unpack .../063-libisl23_0.25-1.1_amd64.deb ...

2025-11-23T18:47:47.362919125Z [inf]  Unpacking libisl23:amd64 (0.25-1.1) ...

2025-11-23T18:47:47.426149965Z [inf]  Selecting previously unselected package libmpfr6:amd64.

2025-11-23T18:47:47.428170816Z [inf]  Preparing to unpack .../064-libmpfr6_4.2.0-1_amd64.deb ...

2025-11-23T18:47:47.429420127Z [inf]  Unpacking libmpfr6:amd64 (4.2.0-1) ...

2025-11-23T18:47:47.471092009Z [inf]  Selecting previously unselected package libmpc3:amd64.

2025-11-23T18:47:47.473519987Z [inf]  Preparing to unpack .../065-libmpc3_1.3.1-1_amd64.deb ...

2025-11-23T18:47:47.47499822Z [inf]  Unpacking libmpc3:amd64 (1.3.1-1) ...

2025-11-23T18:47:47.49120893Z [inf]  Selecting previously unselected package cpp-12.

2025-11-23T18:47:47.492841656Z [inf]  Preparing to unpack .../066-cpp-12_12.2.0-14+deb12u1_amd64.deb ...

2025-11-23T18:47:47.494230209Z [inf]  Unpacking cpp-12 (12.2.0-14+deb12u1) ...

2025-11-23T18:47:48.04636777Z [inf]  Selecting previously unselected package cpp.

2025-11-23T18:47:48.048044987Z [inf]  Preparing to unpack .../067-cpp_4%3a12.2.0-3_amd64.deb ...

2025-11-23T18:47:48.049421217Z [inf]  Unpacking cpp (4:12.2.0-3) ...

2025-11-23T18:47:48.064717422Z [inf]  Selecting previously unselected package libbrotli1:amd64.

2025-11-23T18:47:48.066492123Z [inf]  Preparing to unpack .../068-libbrotli1_1.0.9-2+b6_amd64.deb ...

2025-11-23T18:47:48.067890566Z [inf]  Unpacking libbrotli1:amd64 (1.0.9-2+b6) ...

2025-11-23T18:47:48.102730305Z [inf]  Selecting previously unselected package libfreetype6:amd64.

2025-11-23T18:47:48.104365348Z [inf]  Preparing to unpack .../069-libfreetype6_2.12.1+dfsg-5+deb12u4_amd64.deb ...

2025-11-23T18:47:48.105729659Z [inf]  Unpacking libfreetype6:amd64 (2.12.1+dfsg-5+deb12u4) ...

2025-11-23T18:47:48.143691221Z [inf]  Selecting previously unselected package fonts-liberation.

2025-11-23T18:47:48.145280837Z [inf]  Preparing to unpack .../070-fonts-liberation_1%3a1.07.4-11_all.deb ...

2025-11-23T18:47:48.146490913Z [inf]  Unpacking fonts-liberation (1:1.07.4-11) ...

2025-11-23T18:47:48.21720046Z [inf]  Selecting previously unselected package fontconfig-config.

2025-11-23T18:47:48.218821835Z [inf]  Preparing to unpack .../071-fontconfig-config_2.14.1-4_amd64.deb ...

2025-11-23T18:47:48.306164157Z [inf]  Unpacking fontconfig-config (2.14.1-4) ...

2025-11-23T18:47:48.332387334Z [inf]  Selecting previously unselected package libfontconfig1:amd64.

2025-11-23T18:47:48.334370473Z [inf]  Preparing to unpack .../072-libfontconfig1_2.14.1-4_amd64.deb ...

2025-11-23T18:47:48.335865313Z [inf]  Unpacking libfontconfig1:amd64 (2.14.1-4) ...

2025-11-23T18:47:48.361524843Z [inf]  Selecting previously unselected package fontconfig.

2025-11-23T18:47:48.363446954Z [inf]  Preparing to unpack .../073-fontconfig_2.14.1-4_amd64.deb ...

2025-11-23T18:47:48.364745179Z [inf]  Unpacking fontconfig (2.14.1-4) ...

2025-11-23T18:47:48.390753908Z [inf]  Selecting previously unselected package libdbus-glib-1-2:amd64.

2025-11-23T18:47:48.392659925Z [inf]  Preparing to unpack .../074-libdbus-glib-1-2_0.112-3_amd64.deb ...

2025-11-23T18:47:48.393798045Z [inf]  Unpacking libdbus-glib-1-2:amd64 (0.112-3) ...

2025-11-23T18:47:48.413013654Z [inf]  Selecting previously unselected package gconf2-common.

2025-11-23T18:47:48.41489229Z [inf]  Preparing to unpack .../075-gconf2-common_3.2.6-8_all.deb ...

2025-11-23T18:47:48.416079155Z [inf]  Unpacking gconf2-common (3.2.6-8) ...

2025-11-23T18:47:48.486044549Z [inf]  Selecting previously unselected package libgconf-2-4:amd64.

2025-11-23T18:47:48.488042916Z [inf]  Preparing to unpack .../076-libgconf-2-4_3.2.6-8_amd64.deb ...

2025-11-23T18:47:48.489249062Z [inf]  Unpacking libgconf-2-4:amd64 (3.2.6-8) ...

2025-11-23T18:47:48.515427255Z [inf]  Selecting previously unselected package libsasl2-modules-db:amd64.

2025-11-23T18:47:48.517445744Z [inf]  Preparing to unpack .../077-libsasl2-modules-db_2.1.28+dfsg-10_amd64.deb ...

2025-11-23T18:47:48.518574708Z [inf]  Unpacking libsasl2-modules-db:amd64 (2.1.28+dfsg-10) ...

2025-11-23T18:47:48.534694234Z [inf]  Selecting previously unselected package libsasl2-2:amd64.

2025-11-23T18:47:48.536648334Z [inf]  Preparing to unpack .../078-libsasl2-2_2.1.28+dfsg-10_amd64.deb ...

2025-11-23T18:47:48.538209781Z [inf]  Unpacking libsasl2-2:amd64 (2.1.28+dfsg-10) ...

2025-11-23T18:47:48.558656002Z [inf]  Selecting previously unselected package libldap-2.5-0:amd64.

2025-11-23T18:47:48.560686169Z [inf]  Preparing to unpack .../079-libldap-2.5-0_2.5.13+dfsg-5_amd64.deb ...

2025-11-23T18:47:48.562167247Z [inf]  Unpacking libldap-2.5-0:amd64 (2.5.13+dfsg-5) ...

2025-11-23T18:47:48.589657039Z [inf]  Selecting previously unselected package gconf-service.

2025-11-23T18:47:48.591467371Z [inf]  Preparing to unpack .../080-gconf-service_3.2.6-8_amd64.deb ...

2025-11-23T18:47:48.592780614Z [inf]  Unpacking gconf-service (3.2.6-8) ...

2025-11-23T18:47:48.61977731Z [inf]  Selecting previously unselected package libatk1.0-0:amd64.

2025-11-23T18:47:48.621516235Z [inf]  Preparing to unpack .../081-libatk1.0-0_2.46.0-5_amd64.deb ...

2025-11-23T18:47:48.622799252Z [inf]  Unpacking libatk1.0-0:amd64 (2.46.0-5) ...

2025-11-23T18:47:48.642306633Z [inf]  Selecting previously unselected package libatk-bridge2.0-0:amd64.

2025-11-23T18:47:48.644855177Z [inf]  Preparing to unpack .../082-libatk-bridge2.0-0_2.46.0-5_amd64.deb ...

2025-11-23T18:47:48.64625045Z [inf]  Unpacking libatk-bridge2.0-0:amd64 (2.46.0-5) ...

2025-11-23T18:47:48.665853071Z [inf]  Selecting previously unselected package libatomic1:amd64.

2025-11-23T18:47:48.667793678Z [inf]  Preparing to unpack .../083-libatomic1_12.2.0-14+deb12u1_amd64.deb ...

2025-11-23T18:47:48.669098516Z [inf]  Unpacking libatomic1:amd64 (12.2.0-14+deb12u1) ...

2025-11-23T18:47:48.689605956Z [inf]  Selecting previously unselected package libauthen-sasl-perl.

2025-11-23T18:47:48.691583025Z [inf]  Preparing to unpack .../084-libauthen-sasl-perl_2.1600-3_all.deb ...

2025-11-23T18:47:48.692735079Z [inf]  Unpacking libauthen-sasl-perl (2.1600-3) ...

2025-11-23T18:47:48.710297493Z [inf]  Selecting previously unselected package libavahi-common-data:amd64.

2025-11-23T18:47:48.712253071Z [inf]  Preparing to unpack .../085-libavahi-common-data_0.8-10+deb12u1_amd64.deb ...

2025-11-23T18:47:48.713775516Z [inf]  Unpacking libavahi-common-data:amd64 (0.8-10+deb12u1) ...

2025-11-23T18:47:48.739073275Z [inf]  Selecting previously unselected package libavahi-common3:amd64.

2025-11-23T18:47:48.741051703Z [inf]  Preparing to unpack .../086-libavahi-common3_0.8-10+deb12u1_amd64.deb ...

2025-11-23T18:47:48.742414663Z [inf]  Unpacking libavahi-common3:amd64 (0.8-10+deb12u1) ...

2025-11-23T18:47:48.761956646Z [inf]  Selecting previously unselected package libavahi-client3:amd64.

2025-11-23T18:47:48.764914386Z [inf]  Preparing to unpack .../087-libavahi-client3_0.8-10+deb12u1_amd64.deb ...

2025-11-23T18:47:48.766380277Z [inf]  Unpacking libavahi-client3:amd64 (0.8-10+deb12u1) ...

2025-11-23T18:47:48.785066247Z [inf]  Selecting previously unselected package libgtk2.0-common.

2025-11-23T18:47:48.786838176Z [inf]  Preparing to unpack .../088-libgtk2.0-common_2.24.33-2+deb12u1_all.deb ...

2025-11-23T18:47:48.788135269Z [inf]  Unpacking libgtk2.0-common (2.24.33-2+deb12u1) ...

2025-11-23T18:47:48.988937Z [inf]  Selecting previously unselected package libpixman-1-0:amd64.

2025-11-23T18:47:48.991031099Z [inf]  Preparing to unpack .../089-libpixman-1-0_0.42.2-1_amd64.deb ...

2025-11-23T18:47:48.992464191Z [inf]  Unpacking libpixman-1-0:amd64 (0.42.2-1) ...

2025-11-23T18:47:49.029655319Z [inf]  Selecting previously unselected package libxcb-render0:amd64.

2025-11-23T18:47:49.032429275Z [inf]  Preparing to unpack .../090-libxcb-render0_1.15-1_amd64.deb ...

2025-11-23T18:47:49.033991992Z [inf]  Unpacking libxcb-render0:amd64 (1.15-1) ...

2025-11-23T18:47:49.056627206Z [inf]  Selecting previously unselected package libxcb-shm0:amd64.

2025-11-23T18:47:49.058349831Z [inf]  Preparing to unpack .../091-libxcb-shm0_1.15-1_amd64.deb ...

2025-11-23T18:47:49.059637027Z [inf]  Unpacking libxcb-shm0:amd64 (1.15-1) ...

2025-11-23T18:47:49.083417278Z [inf]  Selecting previously unselected package libxrender1:amd64.

2025-11-23T18:47:49.086358544Z [inf]  Preparing to unpack .../092-libxrender1_1%3a0.9.10-1.1_amd64.deb ...

2025-11-23T18:47:49.087748078Z [inf]  Unpacking libxrender1:amd64 (1:0.9.10-1.1) ...

2025-11-23T18:47:49.10788312Z [inf]  Selecting previously unselected package libcairo2:amd64.

2025-11-23T18:47:49.11077905Z [inf]  Preparing to unpack .../093-libcairo2_1.16.0-7_amd64.deb ...

2025-11-23T18:47:49.112094664Z [inf]  Unpacking libcairo2:amd64 (1.16.0-7) ...

2025-11-23T18:47:49.16075448Z [inf]  Selecting previously unselected package libkrb5support0:amd64.

2025-11-23T18:47:49.162528627Z [inf]  Preparing to unpack .../094-libkrb5support0_1.20.1-2+deb12u4_amd64.deb ...

2025-11-23T18:47:49.163940977Z [inf]  Unpacking libkrb5support0:amd64 (1.20.1-2+deb12u4) ...

2025-11-23T18:47:49.180871485Z [inf]  Selecting previously unselected package libk5crypto3:amd64.

2025-11-23T18:47:49.182561409Z [inf]  Preparing to unpack .../095-libk5crypto3_1.20.1-2+deb12u4_amd64.deb ...

2025-11-23T18:47:49.183789177Z [inf]  Unpacking libk5crypto3:amd64 (1.20.1-2+deb12u4) ...

2025-11-23T18:47:49.204975383Z [inf]  Selecting previously unselected package libkeyutils1:amd64.

2025-11-23T18:47:49.206676367Z [inf]  Preparing to unpack .../096-libkeyutils1_1.6.3-2_amd64.deb ...

2025-11-23T18:47:49.207934727Z [inf]  Unpacking libkeyutils1:amd64 (1.6.3-2) ...

2025-11-23T18:47:49.223905992Z [inf]  Selecting previously unselected package libkrb5-3:amd64.

2025-11-23T18:47:49.225645825Z [inf]  Preparing to unpack .../097-libkrb5-3_1.20.1-2+deb12u4_amd64.deb ...

2025-11-23T18:47:49.227025845Z [inf]  Unpacking libkrb5-3:amd64 (1.20.1-2+deb12u4) ...

2025-11-23T18:47:49.266411556Z [inf]  Selecting previously unselected package libgssapi-krb5-2:amd64.

2025-11-23T18:47:49.268115322Z [inf]  Preparing to unpack .../098-libgssapi-krb5-2_1.20.1-2+deb12u4_amd64.deb ...

2025-11-23T18:47:49.269270878Z [inf]  Unpacking libgssapi-krb5-2:amd64 (1.20.1-2+deb12u4) ...

2025-11-23T18:47:49.296098772Z [inf]  Selecting previously unselected package libcups2:amd64.

2025-11-23T18:47:49.299014749Z [inf]  Preparing to unpack .../099-libcups2_2.4.2-3+deb12u9_amd64.deb ...

2025-11-23T18:47:49.300400976Z [inf]  Unpacking libcups2:amd64 (2.4.2-3+deb12u9) ...

2025-11-23T18:47:49.332583222Z [inf]  Selecting previously unselected package libfribidi0:amd64.

2025-11-23T18:47:49.334381411Z [inf]  Preparing to unpack .../100-libfribidi0_1.0.8-2.1_amd64.deb ...

2025-11-23T18:47:49.33560408Z [inf]  Unpacking libfribidi0:amd64 (1.0.8-2.1) ...

2025-11-23T18:47:49.354853959Z [inf]  Selecting previously unselected package libgraphite2-3:amd64.

2025-11-23T18:47:49.356620612Z [inf]  Preparing to unpack .../101-libgraphite2-3_1.3.14-1_amd64.deb ...

2025-11-23T18:47:49.3578129Z [inf]  Unpacking libgraphite2-3:amd64 (1.3.14-1) ...

2025-11-23T18:47:49.378520801Z [inf]  Selecting previously unselected package libharfbuzz0b:amd64.

2025-11-23T18:47:49.380322518Z [inf]  Preparing to unpack .../102-libharfbuzz0b_6.0.0+dfsg-3_amd64.deb ...

2025-11-23T18:47:49.381479434Z [inf]  Unpacking libharfbuzz0b:amd64 (6.0.0+dfsg-3) ...

2025-11-23T18:47:49.432374909Z [inf]  Selecting previously unselected package libthai-data.

2025-11-23T18:47:49.434194668Z [inf]  Preparing to unpack .../103-libthai-data_0.1.29-1_all.deb ...

2025-11-23T18:47:49.435471366Z [inf]  Unpacking libthai-data (0.1.29-1) ...

2025-11-23T18:47:49.462880914Z [inf]  Selecting previously unselected package libdatrie1:amd64.

2025-11-23T18:47:49.464695742Z [inf]  Preparing to unpack .../104-libdatrie1_0.2.13-2+b1_amd64.deb ...

2025-11-23T18:47:49.465935287Z [inf]  Unpacking libdatrie1:amd64 (0.2.13-2+b1) ...

2025-11-23T18:47:49.483709422Z [inf]  Selecting previously unselected package libthai0:amd64.

2025-11-23T18:47:49.485464458Z [inf]  Preparing to unpack .../105-libthai0_0.1.29-1_amd64.deb ...

2025-11-23T18:47:49.4867743Z [inf]  Unpacking libthai0:amd64 (0.1.29-1) ...

2025-11-23T18:47:49.506132566Z [inf]  Selecting previously unselected package libpango-1.0-0:amd64.

2025-11-23T18:47:49.507875658Z [inf]  Preparing to unpack .../106-libpango-1.0-0_1.50.12+ds-1_amd64.deb ...

2025-11-23T18:47:49.509213473Z [inf]  Unpacking libpango-1.0-0:amd64 (1.50.12+ds-1) ...

2025-11-23T18:47:49.538476572Z [inf]  Selecting previously unselected package libpangoft2-1.0-0:amd64.

2025-11-23T18:47:49.54026723Z [inf]  Preparing to unpack .../107-libpangoft2-1.0-0_1.50.12+ds-1_amd64.deb ...

2025-11-23T18:47:49.541607034Z [inf]  Unpacking libpangoft2-1.0-0:amd64 (1.50.12+ds-1) ...

2025-11-23T18:47:49.560191576Z [inf]  Selecting previously unselected package libpangocairo-1.0-0:amd64.

2025-11-23T18:47:49.561945168Z [inf]  Preparing to unpack .../108-libpangocairo-1.0-0_1.50.12+ds-1_amd64.deb ...

2025-11-23T18:47:49.563456407Z [inf]  Unpacking libpangocairo-1.0-0:amd64 (1.50.12+ds-1) ...

2025-11-23T18:47:49.581576798Z [inf]  Selecting previously unselected package libxcomposite1:amd64.

2025-11-23T18:47:49.583323471Z [inf]  Preparing to unpack .../109-libxcomposite1_1%3a0.4.5-1_amd64.deb ...

2025-11-23T18:47:49.584535314Z [inf]  Unpacking libxcomposite1:amd64 (1:0.4.5-1) ...

2025-11-23T18:47:49.601203675Z [inf]  Selecting previously unselected package libxfixes3:amd64.

2025-11-23T18:47:49.602887637Z [inf]  Preparing to unpack .../110-libxfixes3_1%3a6.0.0-2_amd64.deb ...

2025-11-23T18:47:49.604050409Z [inf]  Unpacking libxfixes3:amd64 (1:6.0.0-2) ...

2025-11-23T18:47:49.619677331Z [inf]  Selecting previously unselected package libxcursor1:amd64.

2025-11-23T18:47:49.621410842Z [inf]  Preparing to unpack .../111-libxcursor1_1%3a1.2.1-1_amd64.deb ...

2025-11-23T18:47:49.622559934Z [inf]  Unpacking libxcursor1:amd64 (1:1.2.1-1) ...

2025-11-23T18:47:49.639722614Z [inf]  Selecting previously unselected package libxdamage1:amd64.

2025-11-23T18:47:49.641460799Z [inf]  Preparing to unpack .../112-libxdamage1_1%3a1.1.6-1_amd64.deb ...

2025-11-23T18:47:49.642600043Z [inf]  Unpacking libxdamage1:amd64 (1:1.1.6-1) ...

2025-11-23T18:47:49.65884732Z [inf]  Selecting previously unselected package libxinerama1:amd64.

2025-11-23T18:47:49.660848887Z [inf]  Preparing to unpack .../113-libxinerama1_2%3a1.1.4-3_amd64.deb ...

2025-11-23T18:47:49.662053919Z [inf]  Unpacking libxinerama1:amd64 (2:1.1.4-3) ...

2025-11-23T18:47:49.678806106Z [inf]  Selecting previously unselected package libxrandr2:amd64.

2025-11-23T18:47:49.680892953Z [inf]  Preparing to unpack .../114-libxrandr2_2%3a1.5.2-2+b1_amd64.deb ...

2025-11-23T18:47:49.682061436Z [inf]  Unpacking libxrandr2:amd64 (2:1.5.2-2+b1) ...

2025-11-23T18:47:49.703094125Z [inf]  Selecting previously unselected package libgtk2.0-0:amd64.

2025-11-23T18:47:49.705166923Z [inf]  Preparing to unpack .../115-libgtk2.0-0_2.24.33-2+deb12u1_amd64.deb ...

2025-11-23T18:47:49.706396927Z [inf]  Unpacking libgtk2.0-0:amd64 (2.24.33-2+deb12u1) ...

2025-11-23T18:47:49.83949195Z [inf]  Selecting previously unselected package libayatana-indicator7:amd64.

2025-11-23T18:47:49.8415198Z [inf]  Preparing to unpack .../116-libayatana-indicator7_0.9.3-1_amd64.deb ...

2025-11-23T18:47:49.842736813Z [inf]  Unpacking libayatana-indicator7:amd64 (0.9.3-1) ...

2025-11-23T18:47:49.860054015Z [inf]  Selecting previously unselected package libdbusmenu-glib4:amd64.

2025-11-23T18:47:49.861835195Z [inf]  Preparing to unpack .../117-libdbusmenu-glib4_18.10.20180917~bzr492+repack1-3_amd64.deb ...

2025-11-23T18:47:49.863088384Z [inf]  Unpacking libdbusmenu-glib4:amd64 (18.10.20180917~bzr492+repack1-3) ...

2025-11-23T18:47:49.880410453Z [inf]  Selecting previously unselected package libdbusmenu-gtk4:amd64.

2025-11-23T18:47:49.882148499Z [inf]  Preparing to unpack .../118-libdbusmenu-gtk4_18.10.20180917~bzr492+repack1-3_amd64.deb ...

2025-11-23T18:47:49.883238134Z [inf]  Unpacking libdbusmenu-gtk4:amd64 (18.10.20180917~bzr492+repack1-3) ...

2025-11-23T18:47:49.899637868Z [inf]  Selecting previously unselected package libayatana-appindicator1.

2025-11-23T18:47:49.90148747Z [inf]  Preparing to unpack .../119-libayatana-appindicator1_0.5.92-1_amd64.deb ...

2025-11-23T18:47:49.902610853Z [inf]  Unpacking libayatana-appindicator1 (0.5.92-1) ...

2025-11-23T18:47:49.918971254Z [inf]  Selecting previously unselected package libcairo-gobject2:amd64.

2025-11-23T18:47:49.920822935Z [inf]  Preparing to unpack .../120-libcairo-gobject2_1.16.0-7_amd64.deb ...

2025-11-23T18:47:49.922054191Z [inf]  Unpacking libcairo-gobject2:amd64 (1.16.0-7) ...

2025-11-23T18:47:49.943820447Z [inf]  Selecting previously unselected package libclone-perl:amd64.

2025-11-23T18:47:49.945690744Z [inf]  Preparing to unpack .../121-libclone-perl_0.46-1_amd64.deb ...

2025-11-23T18:47:49.946845337Z [inf]  Unpacking libclone-perl:amd64 (0.46-1) ...

2025-11-23T18:47:49.96352183Z [inf]  Selecting previously unselected package liblcms2-2:amd64.

2025-11-23T18:47:49.965577425Z [inf]  Preparing to unpack .../122-liblcms2-2_2.14-2_amd64.deb ...

2025-11-23T18:47:49.966719045Z [inf]  Unpacking liblcms2-2:amd64 (2.14-2) ...

2025-11-23T18:47:49.992446449Z [inf]  Selecting previously unselected package libcolord2:amd64.

2025-11-23T18:47:49.994435543Z [inf]  Preparing to unpack .../123-libcolord2_1.4.6-2.2_amd64.deb ...

2025-11-23T18:47:49.995502076Z [inf]  Unpacking libcolord2:amd64 (1.4.6-2.2) ...

2025-11-23T18:47:50.019174524Z [inf]  Selecting previously unselected package libdata-dump-perl.

2025-11-23T18:47:50.021165612Z [inf]  Preparing to unpack .../124-libdata-dump-perl_1.25-1_all.deb ...

2025-11-23T18:47:50.022284695Z [inf]  Unpacking libdata-dump-perl (1.25-1) ...

2025-11-23T18:47:50.03791949Z [inf]  Selecting previously unselected package libdrm-common.

2025-11-23T18:47:50.039880731Z [inf]  Preparing to unpack .../125-libdrm-common_2.4.114-1_all.deb ...

2025-11-23T18:47:50.041109555Z [inf]  Unpacking libdrm-common (2.4.114-1) ...

2025-11-23T18:47:50.055837631Z [inf]  Selecting previously unselected package libdrm2:amd64.

2025-11-23T18:47:50.057553273Z [inf]  Preparing to unpack .../126-libdrm2_2.4.114-1+b1_amd64.deb ...

2025-11-23T18:47:50.058794793Z [inf]  Unpacking libdrm2:amd64 (2.4.114-1+b1) ...

2025-11-23T18:47:50.075569154Z [inf]  Selecting previously unselected package libdrm-amdgpu1:amd64.

2025-11-23T18:47:50.077355Z [inf]  Preparing to unpack .../127-libdrm-amdgpu1_2.4.114-1+b1_amd64.deb ...

2025-11-23T18:47:50.078732705Z [inf]  Unpacking libdrm-amdgpu1:amd64 (2.4.114-1+b1) ...

2025-11-23T18:47:50.094973632Z [inf]  Selecting previously unselected package libpciaccess0:amd64.

2025-11-23T18:47:50.096670677Z [inf]  Preparing to unpack .../128-libpciaccess0_0.17-2_amd64.deb ...

2025-11-23T18:47:50.097932677Z [inf]  Unpacking libpciaccess0:amd64 (0.17-2) ...

2025-11-23T18:47:50.115873039Z [inf]  Selecting previously unselected package libdrm-intel1:amd64.

2025-11-23T18:47:50.117616451Z [inf]  Preparing to unpack .../129-libdrm-intel1_2.4.114-1+b1_amd64.deb ...

2025-11-23T18:47:50.11900581Z [inf]  Unpacking libdrm-intel1:amd64 (2.4.114-1+b1) ...

2025-11-23T18:47:50.13907326Z [inf]  Selecting previously unselected package libdrm-nouveau2:amd64.

2025-11-23T18:47:50.140831078Z [inf]  Preparing to unpack .../130-libdrm-nouveau2_2.4.114-1+b1_amd64.deb ...

2025-11-23T18:47:50.142005255Z [inf]  Unpacking libdrm-nouveau2:amd64 (2.4.114-1+b1) ...

2025-11-23T18:47:50.15833526Z [inf]  Selecting previously unselected package libdrm-radeon1:amd64.

2025-11-23T18:47:50.160116164Z [inf]  Preparing to unpack .../131-libdrm-radeon1_2.4.114-1+b1_amd64.deb ...

2025-11-23T18:47:50.161530321Z [inf]  Unpacking libdrm-radeon1:amd64 (2.4.114-1+b1) ...

2025-11-23T18:47:50.178280923Z [inf]  Selecting previously unselected package libedit2:amd64.

2025-11-23T18:47:50.180048123Z [inf]  Preparing to unpack .../132-libedit2_3.1-20221030-2_amd64.deb ...

2025-11-23T18:47:50.181165266Z [inf]  Unpacking libedit2:amd64 (3.1-20221030-2) ...

2025-11-23T18:47:50.203469724Z [inf]  Selecting previously unselected package libwayland-server0:amd64.

2025-11-23T18:47:50.205307342Z [inf]  Preparing to unpack .../133-libwayland-server0_1.21.0-1_amd64.deb ...

2025-11-23T18:47:50.207045629Z [inf]  Unpacking libwayland-server0:amd64 (1.21.0-1) ...

2025-11-23T18:47:50.22446023Z [inf]  Selecting previously unselected package libgbm1:amd64.

2025-11-23T18:47:50.226253636Z [inf]  Preparing to unpack .../134-libgbm1_22.3.6-1+deb12u1_amd64.deb ...

2025-11-23T18:47:50.227685287Z [inf]  Unpacking libgbm1:amd64 (22.3.6-1+deb12u1) ...

2025-11-23T18:47:50.244368594Z [inf]  Selecting previously unselected package libglapi-mesa:amd64.

2025-11-23T18:47:50.246227831Z [inf]  Preparing to unpack .../135-libglapi-mesa_22.3.6-1+deb12u1_amd64.deb ...

2025-11-23T18:47:50.247439258Z [inf]  Unpacking libglapi-mesa:amd64 (22.3.6-1+deb12u1) ...

2025-11-23T18:47:50.264523044Z [inf]  Selecting previously unselected package libwayland-client0:amd64.

2025-11-23T18:47:50.266325683Z [inf]  Preparing to unpack .../136-libwayland-client0_1.21.0-1_amd64.deb ...

2025-11-23T18:47:50.267405751Z [inf]  Unpacking libwayland-client0:amd64 (1.21.0-1) ...

2025-11-23T18:47:50.286107436Z [inf]  Selecting previously unselected package libx11-xcb1:amd64.

2025-11-23T18:47:50.288116068Z [inf]  Preparing to unpack .../137-libx11-xcb1_2%3a1.8.4-2+deb12u2_amd64.deb ...

2025-11-23T18:47:50.289488174Z [inf]  Unpacking libx11-xcb1:amd64 (2:1.8.4-2+deb12u2) ...

2025-11-23T18:47:50.310698042Z [inf]  Selecting previously unselected package libxcb-dri2-0:amd64.

2025-11-23T18:47:50.312518548Z [inf]  Preparing to unpack .../138-libxcb-dri2-0_1.15-1_amd64.deb ...

2025-11-23T18:47:50.313838921Z [inf]  Unpacking libxcb-dri2-0:amd64 (1.15-1) ...

2025-11-23T18:47:50.337601467Z [inf]  Selecting previously unselected package libxcb-dri3-0:amd64.

2025-11-23T18:47:50.339411888Z [inf]  Preparing to unpack .../139-libxcb-dri3-0_1.15-1_amd64.deb ...

2025-11-23T18:47:50.340700965Z [inf]  Unpacking libxcb-dri3-0:amd64 (1.15-1) ...

2025-11-23T18:47:50.363671282Z [inf]  Selecting previously unselected package libxcb-present0:amd64.

2025-11-23T18:47:50.365798232Z [inf]  Preparing to unpack .../140-libxcb-present0_1.15-1_amd64.deb ...

2025-11-23T18:47:50.367177041Z [inf]  Unpacking libxcb-present0:amd64 (1.15-1) ...

2025-11-23T18:47:50.390010801Z [inf]  Selecting previously unselected package libxcb-randr0:amd64.

2025-11-23T18:47:50.392054308Z [inf]  Preparing to unpack .../141-libxcb-randr0_1.15-1_amd64.deb ...

2025-11-23T18:47:50.393269665Z [inf]  Unpacking libxcb-randr0:amd64 (1.15-1) ...

2025-11-23T18:47:50.416700887Z [inf]  Selecting previously unselected package libxcb-sync1:amd64.

2025-11-23T18:47:50.418571317Z [inf]  Preparing to unpack .../142-libxcb-sync1_1.15-1_amd64.deb ...

2025-11-23T18:47:50.419988443Z [inf]  Unpacking libxcb-sync1:amd64 (1.15-1) ...

2025-11-23T18:47:50.442574389Z [inf]  Selecting previously unselected package libxcb-xfixes0:amd64.

2025-11-23T18:47:50.444358251Z [inf]  Preparing to unpack .../143-libxcb-xfixes0_1.15-1_amd64.deb ...

2025-11-23T18:47:50.445725489Z [inf]  Unpacking libxcb-xfixes0:amd64 (1.15-1) ...

2025-11-23T18:47:50.468444655Z [inf]  Selecting previously unselected package libxshmfence1:amd64.

2025-11-23T18:47:50.470322322Z [inf]  Preparing to unpack .../144-libxshmfence1_1.3-1_amd64.deb ...

2025-11-23T18:47:50.471769926Z [inf]  Unpacking libxshmfence1:amd64 (1.3-1) ...

2025-11-23T18:47:50.48927623Z [inf]  Selecting previously unselected package libegl-mesa0:amd64.

2025-11-23T18:47:50.491937933Z [inf]  Preparing to unpack .../145-libegl-mesa0_22.3.6-1+deb12u1_amd64.deb ...

2025-11-23T18:47:50.493468678Z [inf]  Unpacking libegl-mesa0:amd64 (22.3.6-1+deb12u1) ...

2025-11-23T18:47:50.518102373Z [inf]  Selecting previously unselected package libelf1:amd64.

2025-11-23T18:47:50.520089894Z [inf]  Preparing to unpack .../146-libelf1_0.188-2.1_amd64.deb ...

2025-11-23T18:47:50.521433622Z [inf]  Unpacking libelf1:amd64 (0.188-2.1) ...

2025-11-23T18:47:50.549955164Z [inf]  Selecting previously unselected package libencode-locale-perl.

2025-11-23T18:47:50.55204586Z [inf]  Preparing to unpack .../147-libencode-locale-perl_1.05-3_all.deb ...

2025-11-23T18:47:50.553448623Z [inf]  Unpacking libencode-locale-perl (1.05-3) ...

2025-11-23T18:47:50.571242647Z [inf]  Selecting previously unselected package libepoxy0:amd64.

2025-11-23T18:47:50.573448783Z [inf]  Preparing to unpack .../148-libepoxy0_1.5.10-1_amd64.deb ...

2025-11-23T18:47:50.574728538Z [inf]  Unpacking libepoxy0:amd64 (1.5.10-1) ...

2025-11-23T18:47:50.603678961Z [inf]  Selecting previously unselected package libipc-system-simple-perl.

2025-11-23T18:47:50.60548428Z [inf]  Preparing to unpack .../149-libipc-system-simple-perl_1.30-2_all.deb ...

2025-11-23T18:47:50.606982731Z [inf]  Unpacking libipc-system-simple-perl (1.30-2) ...

2025-11-23T18:47:50.623228382Z [inf]  Selecting previously unselected package libfile-basedir-perl.

2025-11-23T18:47:50.624981774Z [inf]  Preparing to unpack .../150-libfile-basedir-perl_0.09-2_all.deb ...

2025-11-23T18:47:50.626117962Z [inf]  Unpacking libfile-basedir-perl (0.09-2) ...

2025-11-23T18:47:50.643183181Z [inf]  Selecting previously unselected package libregexp-ipv6-perl.

2025-11-23T18:47:50.645747876Z [inf]  Preparing to unpack .../151-libregexp-ipv6-perl_0.03-3_all.deb ...

2025-11-23T18:47:50.647040301Z [inf]  Unpacking libregexp-ipv6-perl (0.03-3) ...

2025-11-23T18:47:50.662601652Z [inf]  Selecting previously unselected package liburi-perl.

2025-11-23T18:47:50.664689384Z [inf]  Preparing to unpack .../152-liburi-perl_5.17-1_all.deb ...

2025-11-23T18:47:50.66584961Z [inf]  Unpacking liburi-perl (5.17-1) ...

2025-11-23T18:47:50.687914445Z [inf]  Selecting previously unselected package libfile-desktopentry-perl.

2025-11-23T18:47:50.690005905Z [inf]  Preparing to unpack .../153-libfile-desktopentry-perl_0.22-3_all.deb ...

2025-11-23T18:47:50.691390201Z [inf]  Unpacking libfile-desktopentry-perl (0.22-3) ...

2025-11-23T18:47:50.706324845Z [inf]  Selecting previously unselected package libtimedate-perl.

2025-11-23T18:47:50.708178785Z [inf]  Preparing to unpack .../154-libtimedate-perl_2.3300-2_all.deb ...

2025-11-23T18:47:50.709468471Z [inf]  Unpacking libtimedate-perl (2.3300-2) ...

2025-11-23T18:47:50.728071798Z [inf]  Selecting previously unselected package libhttp-date-perl.

2025-11-23T18:47:50.729950811Z [inf]  Preparing to unpack .../155-libhttp-date-perl_6.05-2_all.deb ...

2025-11-23T18:47:50.731107763Z [inf]  Unpacking libhttp-date-perl (6.05-2) ...

2025-11-23T18:47:50.745874079Z [inf]  Selecting previously unselected package libfile-listing-perl.

2025-11-23T18:47:50.747553787Z [inf]  Preparing to unpack .../156-libfile-listing-perl_6.15-1_all.deb ...

2025-11-23T18:47:50.748834946Z [inf]  Unpacking libfile-listing-perl (6.15-1) ...

2025-11-23T18:47:50.763592736Z [inf]  Selecting previously unselected package libfile-mimeinfo-perl.

2025-11-23T18:47:50.765390803Z [inf]  Preparing to unpack .../157-libfile-mimeinfo-perl_0.33-1_all.deb ...

2025-11-23T18:47:50.766690918Z [inf]  Unpacking libfile-mimeinfo-perl (0.33-1) ...

2025-11-23T18:47:50.783276463Z [inf]  Selecting previously unselected package libfont-afm-perl.

2025-11-23T18:47:50.785052413Z [inf]  Preparing to unpack .../158-libfont-afm-perl_1.20-4_all.deb ...

2025-11-23T18:47:50.78633766Z [inf]  Unpacking libfont-afm-perl (1.20-4) ...

2025-11-23T18:47:50.803174926Z [inf]  Selecting previously unselected package libfontenc1:amd64.

2025-11-23T18:47:50.804985953Z [inf]  Preparing to unpack .../159-libfontenc1_1%3a1.1.4-1_amd64.deb ...

2025-11-23T18:47:50.806182631Z [inf]  Unpacking libfontenc1:amd64 (1:1.1.4-1) ...

2025-11-23T18:47:50.823370046Z [inf]  Selecting previously unselected package libgail18:amd64.

2025-11-23T18:47:50.825251897Z [inf]  Preparing to unpack .../160-libgail18_2.24.33-2+deb12u1_amd64.deb ...

2025-11-23T18:47:50.826639054Z [inf]  Unpacking libgail18:amd64 (2.24.33-2+deb12u1) ...

2025-11-23T18:47:50.842086546Z [inf]  Selecting previously unselected package libgail-common:amd64.

2025-11-23T18:47:50.843866924Z [inf]  Preparing to unpack .../161-libgail-common_2.24.33-2+deb12u1_amd64.deb ...

2025-11-23T18:47:50.845109321Z [inf]  Unpacking libgail-common:amd64 (2.24.33-2+deb12u1) ...

2025-11-23T18:47:50.868585384Z [inf]  Selecting previously unselected package libgdk-pixbuf-xlib-2.0-0:amd64.

2025-11-23T18:47:50.870359784Z [inf]  Preparing to unpack .../162-libgdk-pixbuf-xlib-2.0-0_2.40.2-2_amd64.deb ...

2025-11-23T18:47:50.87174037Z [inf]  Unpacking libgdk-pixbuf-xlib-2.0-0:amd64 (2.40.2-2) ...

2025-11-23T18:47:50.890393103Z [inf]  Selecting previously unselected package libgdk-pixbuf2.0-0:amd64.

2025-11-23T18:47:50.892392957Z [inf]  Preparing to unpack .../163-libgdk-pixbuf2.0-0_2.40.2-2_amd64.deb ...

2025-11-23T18:47:50.894118014Z [inf]  Unpacking libgdk-pixbuf2.0-0:amd64 (2.40.2-2) ...

2025-11-23T18:47:50.909392189Z [inf]  Selecting previously unselected package libgdk-pixbuf2.0-bin.

2025-11-23T18:47:50.911403187Z [inf]  Preparing to unpack .../164-libgdk-pixbuf2.0-bin_2.42.10+dfsg-1+deb12u2_amd64.deb ...

2025-11-23T18:47:50.912482707Z [inf]  Unpacking libgdk-pixbuf2.0-bin (2.42.10+dfsg-1+deb12u2) ...

2025-11-23T18:47:50.930175527Z [inf]  Selecting previously unselected package libglvnd0:amd64.

2025-11-23T18:47:50.932180876Z [inf]  Preparing to unpack .../165-libglvnd0_1.6.0-1_amd64.deb ...

2025-11-23T18:47:50.933672946Z [inf]  Unpacking libglvnd0:amd64 (1.6.0-1) ...

2025-11-23T18:47:50.954968764Z [inf]  Selecting previously unselected package libxcb-glx0:amd64.

2025-11-23T18:47:50.956885693Z [inf]  Preparing to unpack .../166-libxcb-glx0_1.15-1_amd64.deb ...

2025-11-23T18:47:50.958097932Z [inf]  Unpacking libxcb-glx0:amd64 (1.15-1) ...

2025-11-23T18:47:50.980872505Z [inf]  Selecting previously unselected package libxxf86vm1:amd64.

2025-11-23T18:47:50.982811329Z [inf]  Preparing to unpack .../167-libxxf86vm1_1%3a1.1.4-1+b2_amd64.deb ...

2025-11-23T18:47:50.990855947Z [inf]  Unpacking libxxf86vm1:amd64 (1:1.1.4-1+b2) ...

2025-11-23T18:47:51.006708797Z [inf]  Selecting previously unselected package libz3-4:amd64.

2025-11-23T18:47:51.008706436Z [inf]  Preparing to unpack .../168-libz3-4_4.8.12-3.1_amd64.deb ...

2025-11-23T18:47:51.009953297Z [inf]  Unpacking libz3-4:amd64 (4.8.12-3.1) ...

2025-11-23T18:47:51.484309664Z [inf]  Selecting previously unselected package libllvm15:amd64.

2025-11-23T18:47:51.486394934Z [inf]  Preparing to unpack .../169-libllvm15_1%3a15.0.6-4+b1_amd64.deb ...

2025-11-23T18:47:51.487780226Z [inf]  Unpacking libllvm15:amd64 (1:15.0.6-4+b1) ...

2025-11-23T18:47:52.16762104Z [inf]  Selecting previously unselected package libsensors-config.

2025-11-23T18:47:52.169428191Z [inf]  Preparing to unpack .../170-libsensors-config_1%3a3.6.0-7.1_all.deb ...

2025-11-23T18:47:52.170660731Z [inf]  Unpacking libsensors-config (1:3.6.0-7.1) ...

2025-11-23T18:47:52.187330959Z [inf]  Selecting previously unselected package libsensors5:amd64.

2025-11-23T18:47:52.189345516Z [inf]  Preparing to unpack .../171-libsensors5_1%3a3.6.0-7.1_amd64.deb ...

2025-11-23T18:47:52.212482623Z [inf]  Unpacking libsensors5:amd64 (1:3.6.0-7.1) ...

2025-11-23T18:47:52.229870896Z [inf]  Selecting previously unselected package libgl1-mesa-dri:amd64.

2025-11-23T18:47:52.231739539Z [inf]  Preparing to unpack .../172-libgl1-mesa-dri_22.3.6-1+deb12u1_amd64.deb ...

2025-11-23T18:47:52.236962331Z [inf]  Unpacking libgl1-mesa-dri:amd64 (22.3.6-1+deb12u1) ...

2025-11-23T18:47:52.69784819Z [inf]  Selecting previously unselected package libglx-mesa0:amd64.

2025-11-23T18:47:52.699898276Z [inf]  Preparing to unpack .../173-libglx-mesa0_22.3.6-1+deb12u1_amd64.deb ...

2025-11-23T18:47:52.701261447Z [inf]  Unpacking libglx-mesa0:amd64 (22.3.6-1+deb12u1) ...

2025-11-23T18:47:52.727405312Z [inf]  Selecting previously unselected package libglx0:amd64.

2025-11-23T18:47:52.729236782Z [inf]  Preparing to unpack .../174-libglx0_1.6.0-1_amd64.deb ...

2025-11-23T18:47:52.730524621Z [inf]  Unpacking libglx0:amd64 (1.6.0-1) ...

2025-11-23T18:47:52.749563672Z [inf]  Selecting previously unselected package libgl1:amd64.

2025-11-23T18:47:52.751594647Z [inf]  Preparing to unpack .../175-libgl1_1.6.0-1_amd64.deb ...

2025-11-23T18:47:52.752938588Z [inf]  Unpacking libgl1:amd64 (1.6.0-1) ...

2025-11-23T18:47:52.77629762Z [inf]  Selecting previously unselected package libgles2:amd64.

2025-11-23T18:47:52.778515169Z [inf]  Preparing to unpack .../176-libgles2_1.6.0-1_amd64.deb ...

2025-11-23T18:47:52.779755838Z [inf]  Unpacking libgles2:amd64 (1.6.0-1) ...

2025-11-23T18:47:52.795525215Z [inf]  Selecting previously unselected package libglib2.0-data.

2025-11-23T18:47:52.797760521Z [inf]  Preparing to unpack .../177-libglib2.0-data_2.74.6-2+deb12u7_all.deb ...

2025-11-23T18:47:52.799034755Z [inf]  Unpacking libglib2.0-data (2.74.6-2+deb12u7) ...

2025-11-23T18:47:52.901450501Z [inf]  Selecting previously unselected package libgpm2:amd64.

2025-11-23T18:47:52.903468982Z [inf]  Preparing to unpack .../178-libgpm2_1.20.7-10+b1_amd64.deb ...

2025-11-23T18:47:52.904800193Z [inf]  Unpacking libgpm2:amd64 (1.20.7-10+b1) ...

2025-11-23T18:47:52.922850775Z [inf]  Selecting previously unselected package libwayland-cursor0:amd64.

2025-11-23T18:47:52.924697145Z [inf]  Preparing to unpack .../179-libwayland-cursor0_1.21.0-1_amd64.deb ...

2025-11-23T18:47:52.925983143Z [inf]  Unpacking libwayland-cursor0:amd64 (1.21.0-1) ...

2025-11-23T18:47:52.942843052Z [inf]  Selecting previously unselected package libwayland-egl1:amd64.

2025-11-23T18:47:52.944588489Z [inf]  Preparing to unpack .../180-libwayland-egl1_1.21.0-1_amd64.deb ...

2025-11-23T18:47:52.945938318Z [inf]  Unpacking libwayland-egl1:amd64 (1.21.0-1) ...

2025-11-23T18:47:52.960820321Z [inf]  Selecting previously unselected package xkb-data.

2025-11-23T18:47:52.96282786Z [inf]  Preparing to unpack .../181-xkb-data_2.35.1-1_all.deb ...

2025-11-23T18:47:52.964269551Z [inf]  Unpacking xkb-data (2.35.1-1) ...

2025-11-23T18:47:53.039993029Z [inf]  Selecting previously unselected package libxkbcommon0:amd64.

2025-11-23T18:47:53.042083158Z [inf]  Preparing to unpack .../182-libxkbcommon0_1.5.0-1_amd64.deb ...

2025-11-23T18:47:53.043394524Z [inf]  Unpacking libxkbcommon0:amd64 (1.5.0-1) ...

2025-11-23T18:47:53.065591511Z [inf]  Selecting previously unselected package libgtk-3-common.

2025-11-23T18:47:53.067476422Z [inf]  Preparing to unpack .../183-libgtk-3-common_3.24.38-2~deb12u3_all.deb ...

2025-11-23T18:47:53.068545423Z [inf]  Unpacking libgtk-3-common (3.24.38-2~deb12u3) ...

2025-11-23T18:47:53.375275343Z [inf]  Selecting previously unselected package libgtk-3-0:amd64.

2025-11-23T18:47:53.377277706Z [inf]  Preparing to unpack .../184-libgtk-3-0_3.24.38-2~deb12u3_amd64.deb ...

2025-11-23T18:47:53.380296476Z [inf]  Unpacking libgtk-3-0:amd64 (3.24.38-2~deb12u3) ...

2025-11-23T18:47:53.574819004Z [inf]  Selecting previously unselected package libgtk-3-bin.

2025-11-23T18:47:53.576904182Z [inf]  Preparing to unpack .../185-libgtk-3-bin_3.24.38-2~deb12u3_amd64.deb ...

2025-11-23T18:47:53.578029043Z [inf]  Unpacking libgtk-3-bin (3.24.38-2~deb12u3) ...

2025-11-23T18:47:53.598125298Z [inf]  Selecting previously unselected package libgtk2.0-bin.

2025-11-23T18:47:53.600081939Z [inf]  Preparing to unpack .../186-libgtk2.0-bin_2.24.33-2+deb12u1_amd64.deb ...

2025-11-23T18:47:53.601574282Z [inf]  Unpacking libgtk2.0-bin (2.24.33-2+deb12u1) ...

2025-11-23T18:47:53.615758341Z [inf]  Selecting previously unselected package libhtml-tagset-perl.

2025-11-23T18:47:53.61777043Z [inf]  Preparing to unpack .../187-libhtml-tagset-perl_3.20-6_all.deb ...

2025-11-23T18:47:53.618858183Z [inf]  Unpacking libhtml-tagset-perl (3.20-6) ...

2025-11-23T18:47:53.632988804Z [inf]  Selecting previously unselected package libhtml-parser-perl:amd64.

2025-11-23T18:47:53.634979824Z [inf]  Preparing to unpack .../188-libhtml-parser-perl_3.81-1_amd64.deb ...

2025-11-23T18:47:53.636218937Z [inf]  Unpacking libhtml-parser-perl:amd64 (3.81-1) ...

2025-11-23T18:47:53.656002989Z [inf]  Selecting previously unselected package libio-html-perl.

2025-11-23T18:47:53.657941627Z [inf]  Preparing to unpack .../189-libio-html-perl_1.004-3_all.deb ...

2025-11-23T18:47:53.659451256Z [inf]  Unpacking libio-html-perl (1.004-3) ...

2025-11-23T18:47:53.674356794Z [inf]  Selecting previously unselected package liblwp-mediatypes-perl.

2025-11-23T18:47:53.676401293Z [inf]  Preparing to unpack .../190-liblwp-mediatypes-perl_6.04-2_all.deb ...

2025-11-23T18:47:53.677585766Z [inf]  Unpacking liblwp-mediatypes-perl (6.04-2) ...

2025-11-23T18:47:53.692946391Z [inf]  Selecting previously unselected package libhttp-message-perl.

2025-11-23T18:47:53.695016748Z [inf]  Preparing to unpack .../191-libhttp-message-perl_6.44-1_all.deb ...

2025-11-23T18:47:53.696157952Z [inf]  Unpacking libhttp-message-perl (6.44-1) ...

2025-11-23T18:47:53.715273962Z [inf]  Selecting previously unselected package libhtml-form-perl.

2025-11-23T18:47:53.717313642Z [inf]  Preparing to unpack .../192-libhtml-form-perl_6.11-1_all.deb ...

2025-11-23T18:47:53.718460564Z [inf]  Unpacking libhtml-form-perl (6.11-1) ...

2025-11-23T18:47:53.734724948Z [inf]  Selecting previously unselected package libhtml-tree-perl.

2025-11-23T18:47:53.736832999Z [inf]  Preparing to unpack .../193-libhtml-tree-perl_5.07-3_all.deb ...

2025-11-23T18:47:53.73801466Z [inf]  Unpacking libhtml-tree-perl (5.07-3) ...

2025-11-23T18:47:53.765487139Z [inf]  Selecting previously unselected package libhtml-format-perl.

2025-11-23T18:47:53.767526518Z [inf]  Preparing to unpack .../194-libhtml-format-perl_2.16-2_all.deb ...

2025-11-23T18:47:53.768917381Z [inf]  Unpacking libhtml-format-perl (2.16-2) ...

2025-11-23T18:47:53.786292293Z [inf]  Selecting previously unselected package libhttp-cookies-perl.

2025-11-23T18:47:53.788232634Z [inf]  Preparing to unpack .../195-libhttp-cookies-perl_6.10-1_all.deb ...

2025-11-23T18:47:53.789607795Z [inf]  Unpacking libhttp-cookies-perl (6.10-1) ...

2025-11-23T18:47:53.80441738Z [inf]  Selecting previously unselected package libhttp-daemon-perl.

2025-11-23T18:47:53.806395006Z [inf]  Preparing to unpack .../196-libhttp-daemon-perl_6.16-1_all.deb ...

2025-11-23T18:47:53.807910631Z [inf]  Unpacking libhttp-daemon-perl (6.16-1) ...

2025-11-23T18:47:53.823520804Z [inf]  Selecting previously unselected package libhttp-negotiate-perl.

2025-11-23T18:47:53.825586886Z [inf]  Preparing to unpack .../197-libhttp-negotiate-perl_6.01-2_all.deb ...

2025-11-23T18:47:53.826773678Z [inf]  Unpacking libhttp-negotiate-perl (6.01-2) ...

2025-11-23T18:47:53.842469808Z [inf]  Selecting previously unselected package libice6:amd64.

2025-11-23T18:47:53.844627597Z [inf]  Preparing to unpack .../198-libice6_2%3a1.0.10-1_amd64.deb ...

2025-11-23T18:47:53.845794716Z [inf]  Unpacking libice6:amd64 (2:1.0.10-1) ...

2025-11-23T18:47:53.862970255Z [inf]  Selecting previously unselected package perl-openssl-defaults:amd64.

2025-11-23T18:47:53.865002854Z [inf]  Preparing to unpack .../199-perl-openssl-defaults_7+b1_amd64.deb ...

2025-11-23T18:47:53.866131503Z [inf]  Unpacking perl-openssl-defaults:amd64 (7+b1) ...

2025-11-23T18:47:53.880822026Z [inf]  Selecting previously unselected package libnet-ssleay-perl:amd64.

2025-11-23T18:47:53.882873898Z [inf]  Preparing to unpack .../200-libnet-ssleay-perl_1.92-2+b1_amd64.deb ...

2025-11-23T18:47:53.884091142Z [inf]  Unpacking libnet-ssleay-perl:amd64 (1.92-2+b1) ...

2025-11-23T18:47:53.917743502Z [inf]  Selecting previously unselected package libio-socket-ssl-perl.

2025-11-23T18:47:53.919817388Z [inf]  Preparing to unpack .../201-libio-socket-ssl-perl_2.081-2_all.deb ...

2025-11-23T18:47:53.921073481Z [inf]  Unpacking libio-socket-ssl-perl (2.081-2) ...

2025-11-23T18:47:53.948874119Z [inf]  Selecting previously unselected package libio-stringy-perl.

2025-11-23T18:47:53.950859901Z [inf]  Preparing to unpack .../202-libio-stringy-perl_2.111-3_all.deb ...

2025-11-23T18:47:53.951944625Z [inf]  Unpacking libio-stringy-perl (2.111-3) ...

2025-11-23T18:47:53.969069003Z [inf]  Selecting previously unselected package libldap-common.

2025-11-23T18:47:53.971026807Z [inf]  Preparing to unpack .../203-libldap-common_2.5.13+dfsg-5_all.deb ...

2025-11-23T18:47:53.972197328Z [inf]  Unpacking libldap-common (2.5.13+dfsg-5) ...

2025-11-23T18:47:53.987373385Z [inf]  Selecting previously unselected package libnet-http-perl.

2025-11-23T18:47:53.989382538Z [inf]  Preparing to unpack .../204-libnet-http-perl_6.22-1_all.deb ...

2025-11-23T18:47:53.990492Z [inf]  Unpacking libnet-http-perl (6.22-1) ...

2025-11-23T18:47:54.006294514Z [inf]  Selecting previously unselected package libtry-tiny-perl.

2025-11-23T18:47:54.008273401Z [inf]  Preparing to unpack .../205-libtry-tiny-perl_0.31-2_all.deb ...

2025-11-23T18:47:54.009361501Z [inf]  Unpacking libtry-tiny-perl (0.31-2) ...

2025-11-23T18:47:54.024667712Z [inf]  Selecting previously unselected package libwww-robotrules-perl.

2025-11-23T18:47:54.026654855Z [inf]  Preparing to unpack .../206-libwww-robotrules-perl_6.02-1_all.deb ...

2025-11-23T18:47:54.027714475Z [inf]  Unpacking libwww-robotrules-perl (6.02-1) ...

2025-11-23T18:47:54.04247289Z [inf]  Selecting previously unselected package libwww-perl.

2025-11-23T18:47:54.044480465Z [inf]  Preparing to unpack .../207-libwww-perl_6.68-1_all.deb ...

2025-11-23T18:47:54.04577401Z [inf]  Unpacking libwww-perl (6.68-1) ...

2025-11-23T18:47:54.073000716Z [inf]  Selecting previously unselected package liblwp-protocol-https-perl.

2025-11-23T18:47:54.074999944Z [inf]  Preparing to unpack .../208-liblwp-protocol-https-perl_6.10-1_all.deb ...

2025-11-23T18:47:54.076128078Z [inf]  Unpacking liblwp-protocol-https-perl (6.10-1) ...

2025-11-23T18:47:54.090200566Z [inf]  Selecting previously unselected package libnet-smtp-ssl-perl.

2025-11-23T18:47:54.092136177Z [inf]  Preparing to unpack .../209-libnet-smtp-ssl-perl_1.04-2_all.deb ...

2025-11-23T18:47:54.093281434Z [inf]  Unpacking libnet-smtp-ssl-perl (1.04-2) ...

2025-11-23T18:47:54.108217357Z [inf]  Selecting previously unselected package libmailtools-perl.

2025-11-23T18:47:54.110297149Z [inf]  Preparing to unpack .../210-libmailtools-perl_2.21-2_all.deb ...

2025-11-23T18:47:54.111618667Z [inf]  Unpacking libmailtools-perl (2.21-2) ...

2025-11-23T18:47:54.133710038Z [inf]  Selecting previously unselected package libxml-parser-perl.

2025-11-23T18:47:54.135741408Z [inf]  Preparing to unpack .../211-libxml-parser-perl_2.46-4_amd64.deb ...

2025-11-23T18:47:54.136958648Z [inf]  Unpacking libxml-parser-perl (2.46-4) ...

2025-11-23T18:47:54.165136289Z [inf]  Selecting previously unselected package libxml-twig-perl.

2025-11-23T18:47:54.167037244Z [inf]  Preparing to unpack .../212-libxml-twig-perl_1%3a3.52-2_all.deb ...

2025-11-23T18:47:54.168332941Z [inf]  Unpacking libxml-twig-perl (1:3.52-2) ...

2025-11-23T18:47:54.194237166Z [inf]  Selecting previously unselected package libnet-dbus-perl.

2025-11-23T18:47:54.19605725Z [inf]  Preparing to unpack .../213-libnet-dbus-perl_1.2.0-2_amd64.deb ...

2025-11-23T18:47:54.197238927Z [inf]  Unpacking libnet-dbus-perl (1.2.0-2) ...

2025-11-23T18:47:54.22396362Z [inf]  Selecting previously unselected package libnspr4:amd64.

2025-11-23T18:47:54.225971415Z [inf]  Preparing to unpack .../214-libnspr4_2%3a4.35-1_amd64.deb ...

2025-11-23T18:47:54.227162013Z [inf]  Unpacking libnspr4:amd64 (2:4.35-1) ...

2025-11-23T18:47:54.251247311Z [inf]  Selecting previously unselected package libsqlite3-0:amd64.

2025-11-23T18:47:54.253139729Z [inf]  Preparing to unpack .../215-libsqlite3-0_3.40.1-2+deb12u2_amd64.deb ...

2025-11-23T18:47:54.254572533Z [inf]  Unpacking libsqlite3-0:amd64 (3.40.1-2+deb12u2) ...

2025-11-23T18:47:54.311349214Z [inf]  Selecting previously unselected package libnss3:amd64.

2025-11-23T18:47:54.313242479Z [inf]  Preparing to unpack .../216-libnss3_2%3a3.87.1-1+deb12u1_amd64.deb ...

2025-11-23T18:47:54.314589507Z [inf]  Unpacking libnss3:amd64 (2:3.87.1-1+deb12u1) ...

2025-11-23T18:47:54.416404516Z [inf]  Selecting previously unselected package librsvg2-2:amd64.

2025-11-23T18:47:54.418256164Z [inf]  Preparing to unpack .../217-librsvg2-2_2.54.7+dfsg-1~deb12u1_amd64.deb ...

2025-11-23T18:47:54.419643146Z [inf]  Unpacking librsvg2-2:amd64 (2.54.7+dfsg-1~deb12u1) ...

2025-11-23T18:47:54.616805978Z [inf]  Selecting previously unselected package librsvg2-common:amd64.

2025-11-23T18:47:54.618924501Z [inf]  Preparing to unpack .../218-librsvg2-common_2.54.7+dfsg-1~deb12u1_amd64.deb ...

2025-11-23T18:47:54.620353497Z [inf]  Unpacking librsvg2-common:amd64 (2.54.7+dfsg-1~deb12u1) ...

2025-11-23T18:47:54.638772104Z [inf]  Selecting previously unselected package libsasl2-modules:amd64.

2025-11-23T18:47:54.640662002Z [inf]  Preparing to unpack .../219-libsasl2-modules_2.1.28+dfsg-10_amd64.deb ...

2025-11-23T18:47:54.646355209Z [inf]  Unpacking libsasl2-modules:amd64 (2.1.28+dfsg-10) ...

2025-11-23T18:47:54.667183097Z [inf]  Selecting previously unselected package libsm6:amd64.

2025-11-23T18:47:54.669028043Z [inf]  Preparing to unpack .../220-libsm6_2%3a1.2.3-1_amd64.deb ...

2025-11-23T18:47:54.670322551Z [inf]  Unpacking libsm6:amd64 (2:1.2.3-1) ...

2025-11-23T18:47:54.686420645Z [inf]  Selecting previously unselected package libtext-iconv-perl:amd64.

2025-11-23T18:47:54.688243112Z [inf]  Preparing to unpack .../221-libtext-iconv-perl_1.7-8_amd64.deb ...

2025-11-23T18:47:54.689331194Z [inf]  Unpacking libtext-iconv-perl:amd64 (1.7-8) ...

2025-11-23T18:47:54.703856692Z [inf]  Selecting previously unselected package libtie-ixhash-perl.

2025-11-23T18:47:54.705710154Z [inf]  Preparing to unpack .../222-libtie-ixhash-perl_1.23-4_all.deb ...

2025-11-23T18:47:54.706891059Z [inf]  Unpacking libtie-ixhash-perl (1.23-4) ...

2025-11-23T18:47:54.721806794Z [inf]  Selecting previously unselected package libunwind8:amd64.

2025-11-23T18:47:54.723677647Z [inf]  Preparing to unpack .../223-libunwind8_1.6.2-3_amd64.deb ...

2025-11-23T18:47:54.725222738Z [inf]  Unpacking libunwind8:amd64 (1.6.2-3) ...

2025-11-23T18:47:54.742897949Z [inf]  Selecting previously unselected package libx11-protocol-perl.

2025-11-23T18:47:54.744887517Z [inf]  Preparing to unpack .../224-libx11-protocol-perl_0.56-9_all.deb ...

2025-11-23T18:47:54.746061335Z [inf]  Unpacking libx11-protocol-perl (0.56-9) ...

2025-11-23T18:47:54.769050522Z [inf]  Selecting previously unselected package libxt6:amd64.

2025-11-23T18:47:54.770936193Z [inf]  Preparing to unpack .../225-libxt6_1%3a1.2.1-1.1_amd64.deb ...

2025-11-23T18:47:54.772044209Z [inf]  Unpacking libxt6:amd64 (1:1.2.1-1.1) ...

2025-11-23T18:47:54.798713242Z [inf]  Selecting previously unselected package libxmu6:amd64.

2025-11-23T18:47:54.800541484Z [inf]  Preparing to unpack .../226-libxmu6_2%3a1.1.3-3_amd64.deb ...

2025-11-23T18:47:54.801743907Z [inf]  Unpacking libxmu6:amd64 (2:1.1.3-3) ...

2025-11-23T18:47:54.820869935Z [inf]  Selecting previously unselected package libxpm4:amd64.

2025-11-23T18:47:54.822772844Z [inf]  Preparing to unpack .../227-libxpm4_1%3a3.5.12-1.1+deb12u1_amd64.deb ...

2025-11-23T18:47:54.824165836Z [inf]  Unpacking libxpm4:amd64 (1:3.5.12-1.1+deb12u1) ...

2025-11-23T18:47:54.842044928Z [inf]  Selecting previously unselected package libxaw7:amd64.

2025-11-23T18:47:54.843937195Z [inf]  Preparing to unpack .../228-libxaw7_2%3a1.0.14-1_amd64.deb ...

2025-11-23T18:47:54.845341258Z [inf]  Unpacking libxaw7:amd64 (2:1.0.14-1) ...

2025-11-23T18:47:54.874434815Z [inf]  Selecting previously unselected package libxcb-shape0:amd64.

2025-11-23T18:47:54.876356117Z [inf]  Preparing to unpack .../229-libxcb-shape0_1.15-1_amd64.deb ...

2025-11-23T18:47:54.877703921Z [inf]  Unpacking libxcb-shape0:amd64 (1.15-1) ...

2025-11-23T18:47:54.8992732Z [inf]  Selecting previously unselected package libxfont2:amd64.

2025-11-23T18:47:54.901112011Z [inf]  Preparing to unpack .../230-libxfont2_1%3a2.0.6-1_amd64.deb ...

2025-11-23T18:47:54.902436872Z [inf]  Unpacking libxfont2:amd64 (1:2.0.6-1) ...

2025-11-23T18:47:54.925839053Z [inf]  Selecting previously unselected package libxft2:amd64.

2025-11-23T18:47:54.927699196Z [inf]  Preparing to unpack .../231-libxft2_2.3.6-1_amd64.deb ...

2025-11-23T18:47:54.928888725Z [inf]  Unpacking libxft2:amd64 (2.3.6-1) ...

2025-11-23T18:47:54.947606774Z [inf]  Selecting previously unselected package libxkbfile1:amd64.

2025-11-23T18:47:54.949567247Z [inf]  Preparing to unpack .../232-libxkbfile1_1%3a1.1.0-1_amd64.deb ...

2025-11-23T18:47:54.950880926Z [inf]  Unpacking libxkbfile1:amd64 (1:1.1.0-1) ...

2025-11-23T18:47:54.968671362Z [inf]  Selecting previously unselected package libxml-xpathengine-perl.

2025-11-23T18:47:54.970539973Z [inf]  Preparing to unpack .../233-libxml-xpathengine-perl_0.14-2_all.deb ...

2025-11-23T18:47:54.971726738Z [inf]  Unpacking libxml-xpathengine-perl (0.14-2) ...

2025-11-23T18:47:54.989983077Z [inf]  Selecting previously unselected package libxmuu1:amd64.

2025-11-23T18:47:54.991950464Z [inf]  Preparing to unpack .../234-libxmuu1_2%3a1.1.3-3_amd64.deb ...

2025-11-23T18:47:54.993300752Z [inf]  Unpacking libxmuu1:amd64 (2:1.1.3-3) ...

2025-11-23T18:47:55.012231232Z [inf]  Selecting previously unselected package libxss1:amd64.

2025-11-23T18:47:55.014661717Z [inf]  Preparing to unpack .../235-libxss1_1%3a1.2.3-1_amd64.deb ...

2025-11-23T18:47:55.015920538Z [inf]  Unpacking libxss1:amd64 (1:1.2.3-1) ...

2025-11-23T18:47:55.034100317Z [inf]  Selecting previously unselected package libxv1:amd64.

2025-11-23T18:47:55.036299277Z [inf]  Preparing to unpack .../236-libxv1_2%3a1.0.11-1.1_amd64.deb ...

2025-11-23T18:47:55.037546049Z [inf]  Unpacking libxv1:amd64 (2:1.0.11-1.1) ...

2025-11-23T18:47:55.053588869Z [inf]  Selecting previously unselected package libxxf86dga1:amd64.

2025-11-23T18:47:55.055512111Z [inf]  Preparing to unpack .../237-libxxf86dga1_2%3a1.1.5-1_amd64.deb ...

2025-11-23T18:47:55.05664538Z [inf]  Unpacking libxxf86dga1:amd64 (2:1.1.5-1) ...

2025-11-23T18:47:55.0708335Z [inf]  Selecting previously unselected package lsb-release.

2025-11-23T18:47:55.07265296Z [inf]  Preparing to unpack .../238-lsb-release_12.0-1_all.deb ...

2025-11-23T18:47:55.073836752Z [inf]  Unpacking lsb-release (12.0-1) ...

2025-11-23T18:47:55.088561514Z [inf]  Selecting previously unselected package psmisc.

2025-11-23T18:47:55.090399993Z [inf]  Preparing to unpack .../239-psmisc_23.6-1_amd64.deb ...

2025-11-23T18:47:55.091676794Z [inf]  Unpacking psmisc (23.6-1) ...

2025-11-23T18:47:55.126635189Z [inf]  Selecting previously unselected package publicsuffix.

2025-11-23T18:47:55.12868496Z [inf]  Preparing to unpack .../240-publicsuffix_20230209.2326-1_all.deb ...

2025-11-23T18:47:55.130091578Z [inf]  Unpacking publicsuffix (20230209.2326-1) ...

2025-11-23T18:47:55.155983692Z [inf]  Selecting previously unselected package x11-utils.

2025-11-23T18:47:55.158058152Z [inf]  Preparing to unpack .../241-x11-utils_7.7+5_amd64.deb ...

2025-11-23T18:47:55.159389714Z [inf]  Unpacking x11-utils (7.7+5) ...

2025-11-23T18:47:55.189820203Z [inf]  Selecting previously unselected package x11-xkb-utils.

2025-11-23T18:47:55.191903262Z [inf]  Preparing to unpack .../242-x11-xkb-utils_7.7+7_amd64.deb ...

2025-11-23T18:47:55.193126313Z [inf]  Unpacking x11-xkb-utils (7.7+7) ...

2025-11-23T18:47:55.222443358Z [inf]  Selecting previously unselected package x11-xserver-utils.

2025-11-23T18:47:55.224824323Z [inf]  Preparing to unpack .../243-x11-xserver-utils_7.7+9+b1_amd64.deb ...

2025-11-23T18:47:55.226255056Z [inf]  Unpacking x11-xserver-utils (7.7+9+b1) ...

2025-11-23T18:47:55.253829275Z [inf]  Selecting previously unselected package xauth.

2025-11-23T18:47:55.256047454Z [inf]  Preparing to unpack .../244-xauth_1%3a1.1.2-1_amd64.deb ...

2025-11-23T18:47:55.257414342Z [inf]  Unpacking xauth (1:1.1.2-1) ...

2025-11-23T18:47:55.279330706Z [inf]  Selecting previously unselected package xdg-user-dirs.

2025-11-23T18:47:55.281335968Z [inf]  Preparing to unpack .../245-xdg-user-dirs_0.18-1_amd64.deb ...

2025-11-23T18:47:55.286126251Z [inf]  Unpacking xdg-user-dirs (0.18-1) ...

2025-11-23T18:47:55.309282875Z [inf]  Selecting previously unselected package xdg-utils.

2025-11-23T18:47:55.311499485Z [inf]  Preparing to unpack .../246-xdg-utils_1.1.3-4.1_all.deb ...

2025-11-23T18:47:55.312771333Z [inf]  Unpacking xdg-utils (1.1.3-4.1) ...

2025-11-23T18:47:55.334616221Z [inf]  Selecting previously unselected package xfonts-encodings.

2025-11-23T18:47:55.336831351Z [inf]  Preparing to unpack .../247-xfonts-encodings_1%3a1.0.4-2.2_all.deb ...

2025-11-23T18:47:55.338321813Z [inf]  Unpacking xfonts-encodings (1:1.0.4-2.2) ...

2025-11-23T18:47:55.392653297Z [inf]  Selecting previously unselected package xfonts-utils.

2025-11-23T18:47:55.394741755Z [inf]  Preparing to unpack .../248-xfonts-utils_1%3a7.7+6_amd64.deb ...

2025-11-23T18:47:55.396320598Z [inf]  Unpacking xfonts-utils (1:7.7+6) ...

2025-11-23T18:47:55.420875709Z [inf]  Selecting previously unselected package xfonts-base.

2025-11-23T18:47:55.423132198Z [inf]  Preparing to unpack .../249-xfonts-base_1%3a1.0.5+nmu1_all.deb ...

2025-11-23T18:47:55.424522798Z [inf]  Unpacking xfonts-base (1:1.0.5+nmu1) ...

2025-11-23T18:47:55.69579494Z [inf]  Selecting previously unselected package xserver-common.

2025-11-23T18:47:55.698058339Z [inf]  Preparing to unpack .../250-xserver-common_2%3a21.1.7-3+deb12u11_all.deb ...

2025-11-23T18:47:55.699804942Z [inf]  Unpacking xserver-common (2:21.1.7-3+deb12u11) ...

2025-11-23T18:47:55.732506386Z [inf]  Selecting previously unselected package xvfb.

2025-11-23T18:47:55.734644725Z [inf]  Preparing to unpack .../251-xvfb_2%3a21.1.7-3+deb12u11_amd64.deb ...

2025-11-23T18:47:55.735837393Z [inf]  Unpacking xvfb (2:21.1.7-3+deb12u11) ...

2025-11-23T18:47:55.808429898Z [inf]  Selecting previously unselected package libegl1:amd64.

2025-11-23T18:47:55.810443908Z [inf]  Preparing to unpack .../252-libegl1_1.6.0-1_amd64.deb ...

2025-11-23T18:47:55.811759354Z [inf]  Unpacking libegl1:amd64 (1.6.0-1) ...

2025-11-23T18:47:55.830529946Z [inf]  Selecting previously unselected package zutty.

2025-11-23T18:47:55.832504427Z [inf]  Preparing to unpack .../253-zutty_0.14.0.20230218+dfsg1-1_amd64.deb ...

2025-11-23T18:47:55.833787935Z [inf]  Unpacking zutty (0.14.0.20230218+dfsg1-1) ...

2025-11-23T18:47:55.869472864Z [inf]  Setting up libexpat1:amd64 (2.5.0-1+deb12u2) ...

2025-11-23T18:47:55.872830852Z [inf]  Setting up libtext-iconv-perl:amd64 (1.7-8) ...

2025-11-23T18:47:55.875607966Z [inf]  Setting up libgraphite2-3:amd64 (1.3.14-1) ...

2025-11-23T18:47:55.878889397Z [inf]  Setting up liblcms2-2:amd64 (2.14-2) ...

2025-11-23T18:47:55.882264925Z [inf]  Setting up libpixman-1-0:amd64 (0.42.2-1) ...

2025-11-23T18:47:55.884900649Z [inf]  Setting up libwayland-server0:amd64 (1.21.0-1) ...

2025-11-23T18:47:55.88768043Z [inf]  Setting up libpciaccess0:amd64 (0.17-2) ...

2025-11-23T18:47:55.890913022Z [inf]  Setting up systemd-sysv (252.39-1~deb12u1) ...

2025-11-23T18:47:55.895015391Z [inf]  Setting up libxau6:amd64 (1:1.0.9-1) ...

2025-11-23T18:47:55.898092686Z [inf]  Setting up libkeyutils1:amd64 (1.6.3-2) ...

2025-11-23T18:47:55.901274932Z [inf]  Setting up libpsl5:amd64 (0.21.2-1) ...

2025-11-23T18:47:55.904159074Z [inf]  Setting up libgpm2:amd64 (1.20.7-10+b1) ...

2025-11-23T18:47:55.907276855Z [inf]  Setting up libicu72:amd64 (72.1-3+deb12u1) ...

2025-11-23T18:47:55.910411135Z [inf]  Setting up liblerc4:amd64 (4.0.0+ds-2) ...

2025-11-23T18:47:55.913408116Z [inf]  Setting up wget (1.21.3-1+deb12u1) ...

2025-11-23T18:47:55.917670727Z [inf]  Setting up hicolor-icon-theme (0.17-2) ...

2025-11-23T18:47:55.930438898Z [inf]  Setting up libdatrie1:amd64 (0.2.13-2+b1) ...

2025-11-23T18:47:55.933311064Z [inf]  Setting up xdg-user-dirs (0.18-1) ...

2025-11-23T18:47:55.94214845Z [inf]  Setting up psmisc (23.6-1) ...

2025-11-23T18:47:55.946665934Z [inf]  Setting up libglib2.0-0:amd64 (2.74.6-2+deb12u7) ...

2025-11-23T18:47:55.959771538Z [inf]  Setting up libglvnd0:amd64 (1.6.0-1) ...

2025-11-23T18:47:55.963627507Z [inf]  Setting up libdbusmenu-glib4:amd64 (18.10.20180917~bzr492+repack1-3) ...

2025-11-23T18:47:55.967053815Z [inf]  Setting up libbrotli1:amd64 (1.0.9-2+b6) ...

2025-11-23T18:47:55.969861814Z [inf]  Setting up libsqlite3-0:amd64 (3.40.1-2+deb12u2) ...

2025-11-23T18:47:55.973218086Z [inf]  Setting up libsasl2-modules:amd64 (2.1.28+dfsg-10) ...

2025-11-23T18:47:55.98014135Z [inf]  Setting up libgdk-pixbuf2.0-common (2.42.10+dfsg-1+deb12u2) ...

2025-11-23T18:47:55.983141918Z [inf]  Setting up x11-common (1:7.7+23) ...

2025-11-23T18:47:56.064569401Z [inf]  debconf: unable to initialize frontend: Dialog
debconf: (TERM is not set, so the dialog frontend is not usable.)
debconf: falling back to frontend: Readline

2025-11-23T18:47:56.070948346Z [inf]  debconf: unable to initialize frontend: Readline
debconf: (This frontend requires a controlling tty.)
debconf: falling back to frontend: Teletype

2025-11-23T18:47:56.090256677Z [inf]  invoke-rc.d: could not determine current runlevel

2025-11-23T18:47:56.093594007Z [inf]  invoke-rc.d: policy-rc.d denied execution of restart.

2025-11-23T18:47:56.098012772Z [inf]  Setting up libsensors-config (1:3.6.0-7.1) ...

2025-11-23T18:47:56.102741624Z [inf]  Setting up libdeflate0:amd64 (1.14-1) ...

2025-11-23T18:47:56.105534653Z [inf]  Setting up perl-openssl-defaults:amd64 (7+b1) ...

2025-11-23T18:47:56.108450657Z [inf]  Setting up libnss-systemd:amd64 (252.39-1~deb12u1) ...

2025-11-23T18:47:56.119366887Z [inf]  Setting up xkb-data (2.35.1-1) ...

2025-11-23T18:47:56.122115304Z [inf]  Setting up krb5-locales (1.20.1-2+deb12u4) ...

2025-11-23T18:47:56.125365236Z [inf]  Setting up libldap-common (2.5.13+dfsg-5) ...

2025-11-23T18:47:56.129724942Z [inf]  Setting up libunwind8:amd64 (1.6.2-3) ...

2025-11-23T18:47:56.132881954Z [inf]  Setting up libjbig0:amd64 (2.1-6.1) ...

2025-11-23T18:47:56.135896124Z [inf]  Setting up libcolord2:amd64 (1.4.6-2.2) ...

2025-11-23T18:47:56.138921841Z [inf]  Setting up libkrb5support0:amd64 (1.20.1-2+deb12u4) ...

2025-11-23T18:47:56.141757927Z [inf]  Setting up libsasl2-modules-db:amd64 (2.1.28+dfsg-10) ...

2025-11-23T18:47:56.144577426Z [inf]  Setting up libdconf1:amd64 (0.40.0-4) ...

2025-11-23T18:47:56.147744041Z [inf]  Setting up libasound2-data (1.2.8-1) ...

2025-11-23T18:47:56.15103452Z [inf]  Setting up libfontenc1:amd64 (1:1.1.4-1) ...

2025-11-23T18:47:56.154742517Z [inf]  Setting up perl-modules-5.36 (5.36.0-7+deb12u3) ...

2025-11-23T18:47:56.157856152Z [inf]  Setting up libz3-4:amd64 (4.8.12-3.1) ...

2025-11-23T18:47:56.160604181Z [inf]  Setting up libglib2.0-data (2.74.6-2+deb12u7) ...

2025-11-23T18:47:56.163313003Z [inf]  Setting up libgles2:amd64 (1.6.0-1) ...

2025-11-23T18:47:56.166179006Z [inf]  Setting up libjpeg62-turbo:amd64 (1:2.1.5-2) ...

2025-11-23T18:47:56.169367696Z [inf]  Setting up libx11-data (2:1.8.4-2+deb12u2) ...

2025-11-23T18:47:56.172455412Z [inf]  Setting up libepoxy0:amd64 (1.5.10-1) ...

2025-11-23T18:47:56.175906486Z [inf]  Setting up libmpfr6:amd64 (4.2.0-1) ...

2025-11-23T18:47:56.178915021Z [inf]  Setting up libnspr4:amd64 (2:4.35-1) ...

2025-11-23T18:47:56.181698301Z [inf]  Setting up libavahi-common-data:amd64 (0.8-10+deb12u1) ...

2025-11-23T18:47:56.184305045Z [inf]  Setting up libdbus-1-3:amd64 (1.14.10-1~deb12u1) ...

2025-11-23T18:47:56.187009014Z [inf]  Setting up xfonts-encodings (1:1.0.4-2.2) ...

2025-11-23T18:47:56.189630887Z [inf]  Setting up libfribidi0:amd64 (1.0.8-2.1) ...

2025-11-23T18:47:56.192405269Z [inf]  Setting up libproc2-0:amd64 (2:4.0.2-3) ...

2025-11-23T18:47:56.195331187Z [inf]  Setting up libpng16-16:amd64 (1.6.39-2) ...

2025-11-23T18:47:56.198309845Z [inf]  Setting up libmpc3:amd64 (1.3.1-1) ...

2025-11-23T18:47:56.201114884Z [inf]  Setting up systemd-timesyncd (252.39-1~deb12u1) ...

2025-11-23T18:47:56.210737177Z [inf]  Creating group 'systemd-timesync' with GID 997.

2025-11-23T18:47:56.210860441Z [inf]  Creating user 'systemd-timesync' (systemd Time Synchronization) with UID 997 and GID 997.

2025-11-23T18:47:56.318978027Z [inf]  Created symlink /etc/systemd/system/dbus-org.freedesktop.timesync1.service  /lib/systemd/system/systemd-timesyncd.service.
Created symlink /etc/systemd/system/sysinit.target.wants/systemd-timesyncd.service  /lib/systemd/system/systemd-timesyncd.service.

2025-11-23T18:47:56.323335766Z [inf]  Setting up libatomic1:amd64 (12.2.0-14+deb12u1) ...

2025-11-23T18:47:56.326522264Z [inf]  Setting up libsensors5:amd64 (1:3.6.0-7.1) ...

2025-11-23T18:47:56.329396966Z [inf]  Setting up libncursesw6:amd64 (6.4-4) ...

2025-11-23T18:47:56.332347592Z [inf]  Setting up libk5crypto3:amd64 (1.20.1-2+deb12u4) ...

2025-11-23T18:47:56.335200967Z [inf]  Setting up libglapi-mesa:amd64 (22.3.6-1+deb12u1) ...

2025-11-23T18:47:56.338110292Z [inf]  Setting up libsasl2-2:amd64 (2.1.28+dfsg-10) ...

2025-11-23T18:47:56.341091127Z [inf]  Setting up libwebp7:amd64 (1.2.4-0.2+deb12u1) ...

2025-11-23T18:47:56.344096235Z [inf]  Setting up alsa-topology-conf (1.2.5.1-2) ...

2025-11-23T18:47:56.347589123Z [inf]  Setting up sensible-utils (0.0.17+nmu1) ...

2025-11-23T18:47:56.350598796Z [inf]  Setting up libxshmfence1:amd64 (1.3-1) ...

2025-11-23T18:47:56.353635256Z [inf]  Setting up at-spi2-common (2.46.0-5) ...

2025-11-23T18:47:56.356513733Z [inf]  Setting up libtiff6:amd64 (4.5.0-6+deb12u3) ...

2025-11-23T18:47:56.359445625Z [inf]  Setting up dbus-session-bus-common (1.14.10-1~deb12u1) ...

2025-11-23T18:47:56.362487628Z [inf]  Setting up procps (2:4.0.2-3) ...

2025-11-23T18:47:56.385109967Z [inf]  Setting up libasound2:amd64 (1.2.8-1+b1) ...

2025-11-23T18:47:56.387986588Z [inf]  Setting up fonts-liberation (1:1.07.4-11) ...

2025-11-23T18:47:56.397264427Z [inf]  Setting up libthai-data (0.1.29-1) ...

2025-11-23T18:47:56.400081663Z [inf]  Setting up netbase (6.4) ...

2025-11-23T18:47:56.409293699Z [inf]  Setting up libgtk2.0-common (2.24.33-2+deb12u1) ...

2025-11-23T18:47:56.413061555Z [inf]  Setting up libatk1.0-0:amd64 (2.46.0-5) ...

2025-11-23T18:47:56.415807572Z [inf]  Setting up libkrb5-3:amd64 (1.20.1-2+deb12u4) ...

2025-11-23T18:47:56.418931437Z [inf]  Setting up libwayland-egl1:amd64 (1.21.0-1) ...

2025-11-23T18:47:56.42168422Z [inf]  Setting up lsb-release (12.0-1) ...

2025-11-23T18:47:56.424186465Z [inf]  Setting up dbus-system-bus-common (1.14.10-1~deb12u1) ...

2025-11-23T18:47:56.475632098Z [inf]  Setting up libisl23:amd64 (0.25-1.1) ...

2025-11-23T18:47:56.47851026Z [inf]  Setting up libbsd0:amd64 (0.11.7-2) ...

2025-11-23T18:47:56.4813347Z [inf]  Setting up libdrm-common (2.4.114-1) ...

2025-11-23T18:47:56.484483608Z [inf]  Setting up libelf1:amd64 (0.188-2.1) ...

2025-11-23T18:47:56.487590727Z [inf]  Setting up publicsuffix (20230209.2326-1) ...

2025-11-23T18:47:56.490276313Z [inf]  Setting up libxml2:amd64 (2.9.14+dfsg-1.3~deb12u4) ...

2025-11-23T18:47:56.492979469Z [inf]  Setting up xdg-utils (1.1.3-4.1) ...

2025-11-23T18:47:56.497657467Z [inf]  update-alternatives: using /usr/bin/xdg-open to provide /usr/bin/open (open) in auto mode

2025-11-23T18:47:56.497746691Z [inf]  update-alternatives: warning: skip creation of /usr/share/man/man1/open.1.gz because associated file /usr/share/man/man1/xdg-open.1.gz (of link group open) doesn't exist

2025-11-23T18:47:56.499825894Z [inf]  Setting up dbus-bin (1.14.10-1~deb12u1) ...

2025-11-23T18:47:56.502645914Z [inf]  Setting up libgdbm6:amd64 (1.23-3) ...

2025-11-23T18:47:56.505546939Z [inf]  Setting up libxkbcommon0:amd64 (1.5.0-1) ...

2025-11-23T18:47:56.508686506Z [inf]  Setting up libwayland-client0:amd64 (1.21.0-1) ...

2025-11-23T18:47:56.511739497Z [inf]  Setting up libice6:amd64 (2:1.0.10-1) ...

2025-11-23T18:47:56.514849513Z [inf]  Setting up libxdmcp6:amd64 (1:1.1.2-3) ...

2025-11-23T18:47:56.518858682Z [inf]  Setting up cpp-12 (12.2.0-14+deb12u1) ...

2025-11-23T18:47:56.521888238Z [inf]  Setting up libxcb1:amd64 (1.15-1) ...

2025-11-23T18:47:56.525053406Z [inf]  Setting up libxcb-xfixes0:amd64 (1.15-1) ...

2025-11-23T18:47:56.528272118Z [inf]  Setting up alsa-ucm-conf (1.2.8-1) ...

2025-11-23T18:47:56.531416878Z [inf]  Setting up libxcb-render0:amd64 (1.15-1) ...

2025-11-23T18:47:56.534508469Z [inf]  Setting up fontconfig-config (2.14.1-4) ...

2025-11-23T18:47:56.598226602Z [inf]  debconf: unable to initialize frontend: Dialog
debconf: (TERM is not set, so the dialog frontend is not usable.)
debconf: falling back to frontend: Readline

2025-11-23T18:47:56.604413848Z [inf]  debconf: unable to initialize frontend: Readline
debconf: (This frontend requires a controlling tty.)
debconf: falling back to frontend: Teletype

2025-11-23T18:47:56.720225689Z [inf]  Setting up libxcb-glx0:amd64 (1.15-1) ...

2025-11-23T18:47:56.723992991Z [inf]  Setting up libedit2:amd64 (3.1-20221030-2) ...

2025-11-23T18:47:56.727158473Z [inf]  Setting up libxcb-shape0:amd64 (1.15-1) ...

2025-11-23T18:47:56.730317838Z [inf]  Setting up libavahi-common3:amd64 (0.8-10+deb12u1) ...

2025-11-23T18:47:56.733531092Z [inf]  Setting up libnss3:amd64 (2:3.87.1-1+deb12u1) ...

2025-11-23T18:47:56.736565674Z [inf]  Setting up libxcb-shm0:amd64 (1.15-1) ...

2025-11-23T18:47:56.739567015Z [inf]  Setting up dbus-daemon (1.14.10-1~deb12u1) ...

2025-11-23T18:47:56.751925942Z [inf]  Setting up libldap-2.5-0:amd64 (2.5.13+dfsg-5) ...

2025-11-23T18:47:56.755139609Z [inf]  Setting up libxcb-present0:amd64 (1.15-1) ...

2025-11-23T18:47:56.758513722Z [inf]  Setting up libthai0:amd64 (0.1.29-1) ...

2025-11-23T18:47:56.761986796Z [inf]  Setting up libfreetype6:amd64 (2.12.1+dfsg-5+deb12u4) ...

2025-11-23T18:47:56.765261138Z [inf]  Setting up libxcb-sync1:amd64 (1.15-1) ...

2025-11-23T18:47:56.768446914Z [inf]  Setting up libdbus-glib-1-2:amd64 (0.112-3) ...

2025-11-23T18:47:56.771695894Z [inf]  Setting up dbus (1.14.10-1~deb12u1) ...

2025-11-23T18:47:56.792241502Z [inf]  invoke-rc.d: could not determine current runlevel

2025-11-23T18:47:56.795455943Z [inf]  invoke-rc.d: policy-rc.d denied execution of start.

2025-11-23T18:47:56.79762157Z [inf]  Setting up shared-mime-info (2.2-1) ...

2025-11-23T18:47:57.576654456Z [inf]  Setting up libgssapi-krb5-2:amd64 (1.20.1-2+deb12u4) ...

2025-11-23T18:47:57.581955536Z [inf]  Setting up libgdbm-compat4:amd64 (1.23-3) ...

2025-11-23T18:47:57.585397941Z [inf]  Setting up ucf (3.0043+nmu1+deb12u1) ...

2025-11-23T18:47:57.64697964Z [inf]  debconf: unable to initialize frontend: Dialog
debconf: (TERM is not set, so the dialog frontend is not usable.)
debconf: falling back to frontend: Readline

2025-11-23T18:47:57.652307Z [inf]  debconf: unable to initialize frontend: Readline
debconf: (This frontend requires a controlling tty.)
debconf: falling back to frontend: Teletype

2025-11-23T18:47:57.672274926Z [inf]  Setting up libxcb-dri2-0:amd64 (1.15-1) ...

2025-11-23T18:47:57.675589124Z [inf]  Setting up libdrm2:amd64 (2.4.114-1+b1) ...

2025-11-23T18:47:57.678831877Z [inf]  Setting up libwayland-cursor0:amd64 (1.21.0-1) ...

2025-11-23T18:47:57.682051779Z [inf]  Setting up libxcb-randr0:amd64 (1.15-1) ...

2025-11-23T18:47:57.685204626Z [inf]  Setting up cpp (4:12.2.0-3) ...

2025-11-23T18:47:57.69158057Z [inf]  Setting up libllvm15:amd64 (1:15.0.6-4+b1) ...

2025-11-23T18:47:57.695534105Z [inf]  Setting up libpam-systemd:amd64 (252.39-1~deb12u1) ...

2025-11-23T18:47:57.75826787Z [inf]  debconf: unable to initialize frontend: Dialog
debconf: (TERM is not set, so the dialog frontend is not usable.)
debconf: falling back to frontend: Readline

2025-11-23T18:47:57.763697748Z [inf]  debconf: unable to initialize frontend: Readline
debconf: (This frontend requires a controlling tty.)
debconf: falling back to frontend: Teletype

2025-11-23T18:47:57.811459928Z [inf]  Setting up libx11-6:amd64 (2:1.8.4-2+deb12u2) ...

2025-11-23T18:47:57.814580092Z [inf]  Setting up libharfbuzz0b:amd64 (6.0.0+dfsg-3) ...

2025-11-23T18:47:57.817652528Z [inf]  Setting up libgdk-pixbuf-2.0-0:amd64 (2.42.10+dfsg-1+deb12u2) ...

2025-11-23T18:47:57.837399496Z [inf]  Setting up libfontconfig1:amd64 (2.14.1-4) ...

2025-11-23T18:47:57.840644464Z [inf]  Setting up libxkbfile1:amd64 (1:1.1.0-1) ...

2025-11-23T18:47:57.843784382Z [inf]  Setting up libxcomposite1:amd64 (1:0.4.5-1) ...

2025-11-23T18:47:57.846876227Z [inf]  Setting up libsm6:amd64 (2:1.2.3-1) ...

2025-11-23T18:47:57.850171982Z [inf]  Setting up libxfont2:amd64 (1:2.0.6-1) ...

2025-11-23T18:47:57.853399245Z [inf]  Setting up libavahi-client3:amd64 (0.8-10+deb12u1) ...

2025-11-23T18:47:57.856363853Z [inf]  Setting up libperl5.36:amd64 (5.36.0-7+deb12u3) ...

2025-11-23T18:47:57.859447523Z [inf]  Setting up libxmuu1:amd64 (2:1.1.3-3) ...

2025-11-23T18:47:57.862553945Z [inf]  Setting up libdrm-amdgpu1:amd64 (2.4.114-1+b1) ...

2025-11-23T18:47:57.865799643Z [inf]  Setting up libxcb-dri3-0:amd64 (1.15-1) ...

2025-11-23T18:47:57.868997399Z [inf]  Setting up gtk-update-icon-cache (3.24.38-2~deb12u3) ...

2025-11-23T18:47:57.872167296Z [inf]  Setting up libx11-xcb1:amd64 (2:1.8.4-2+deb12u2) ...

2025-11-23T18:47:57.875484226Z [inf]  Setting up fontconfig (2.14.1-4) ...

2025-11-23T18:47:57.879543485Z [inf]  Regenerating fonts cache... 
2025-11-23T18:48:00.32942534Z [inf]  done.

2025-11-23T18:48:00.332377518Z [inf]  Setting up libdrm-nouveau2:amd64 (2.4.114-1+b1) ...

2025-11-23T18:48:00.335642405Z [inf]  Setting up libxdamage1:amd64 (1:1.1.6-1) ...

2025-11-23T18:48:00.338698192Z [inf]  Setting up libgdk-pixbuf-xlib-2.0-0:amd64 (2.40.2-2) ...

2025-11-23T18:48:00.342065064Z [inf]  Setting up libxpm4:amd64 (1:3.5.12-1.1+deb12u1) ...

2025-11-23T18:48:00.345349271Z [inf]  Setting up libxrender1:amd64 (1:0.9.10-1.1) ...

2025-11-23T18:48:00.348572347Z [inf]  Setting up libgbm1:amd64 (22.3.6-1+deb12u1) ...

2025-11-23T18:48:00.351962501Z [inf]  Setting up libdrm-radeon1:amd64 (2.4.114-1+b1) ...

2025-11-23T18:48:00.355040085Z [inf]  Setting up libpango-1.0-0:amd64 (1.50.12+ds-1) ...

2025-11-23T18:48:00.358106206Z [inf]  Setting up libdrm-intel1:amd64 (2.4.114-1+b1) ...

2025-11-23T18:48:00.361450011Z [inf]  Setting up libgl1-mesa-dri:amd64 (22.3.6-1+deb12u1) ...

2025-11-23T18:48:00.368731994Z [inf]  Setting up libxext6:amd64 (2:1.3.4-1+b1) ...

2025-11-23T18:48:00.371760042Z [inf]  Setting up xfonts-utils (1:7.7+6) ...

2025-11-23T18:48:00.376707535Z [inf]  Setting up libcairo2:amd64 (1.16.0-7) ...

2025-11-23T18:48:00.386033908Z [inf]  Setting up libxxf86vm1:amd64 (1:1.1.4-1+b2) ...

2025-11-23T18:48:00.389066516Z [inf]  Setting up dbus-user-session (1.14.10-1~deb12u1) ...

2025-11-23T18:48:00.392896524Z [inf]  Setting up perl (5.36.0-7+deb12u3) ...

2025-11-23T18:48:00.40226244Z [inf]  Setting up xfonts-base (1:1.0.5+nmu1) ...

2025-11-23T18:48:00.446601012Z [inf]  Setting up libegl-mesa0:amd64 (22.3.6-1+deb12u1) ...

2025-11-23T18:48:00.449794961Z [inf]  Setting up gconf2-common (3.2.6-8) ...

2025-11-23T18:48:00.52850371Z [inf]  debconf: unable to initialize frontend: Dialog
debconf: (TERM is not set, so the dialog frontend is not usable.)
debconf: falling back to frontend: Readline

2025-11-23T18:48:00.533913794Z [inf]  debconf: unable to initialize frontend: Readline
debconf: (This frontend requires a controlling tty.)
debconf: falling back to frontend: Teletype

2025-11-23T18:48:00.565768405Z [inf]  
Creating config file /etc/gconf/2/path with new version

2025-11-23T18:48:00.583252255Z [inf]  Setting up adwaita-icon-theme (43-1) ...

2025-11-23T18:48:00.616045062Z [inf]  update-alternatives: using /usr/share/icons/Adwaita/cursor.theme to provide /usr/share/icons/default/index.theme (x-cursor-theme) in auto mode

2025-11-23T18:48:00.618550823Z [inf]  Setting up libdata-dump-perl (1.25-1) ...

2025-11-23T18:48:00.621757499Z [inf]  Setting up libxfixes3:amd64 (1:6.0.0-2) ...

2025-11-23T18:48:00.625182661Z [inf]  Setting up libipc-system-simple-perl (1.30-2) ...

2025-11-23T18:48:00.628353335Z [inf]  Setting up libxml-xpathengine-perl (0.14-2) ...

2025-11-23T18:48:00.631516928Z [inf]  Setting up libgdk-pixbuf2.0-0:amd64 (2.40.2-2) ...

2025-11-23T18:48:00.634636386Z [inf]  Setting up libxinerama1:amd64 (2:1.1.4-3) ...

2025-11-23T18:48:00.637935117Z [inf]  Setting up libxv1:amd64 (2:1.0.11-1.1) ...

2025-11-23T18:48:00.641653314Z [inf]  Setting up libio-html-perl (1.004-3) ...

2025-11-23T18:48:00.654305303Z [inf]  Setting up libxrandr2:amd64 (2:1.5.2-2+b1) ...

2025-11-23T18:48:00.665224807Z [inf]  Setting up libxt6:amd64 (1:1.2.1-1.1) ...

2025-11-23T18:48:00.725386374Z [inf]  Setting up libtimedate-perl (2.3300-2) ...

2025-11-23T18:48:00.728648383Z [inf]  Setting up libregexp-ipv6-perl (0.03-3) ...

2025-11-23T18:48:00.731712742Z [inf]  Setting up libcups2:amd64 (2.4.2-3+deb12u9) ...

2025-11-23T18:48:00.734780375Z [inf]  Setting up xauth (1:1.1.2-1) ...

2025-11-23T18:48:00.738202495Z [inf]  Setting up libgdk-pixbuf2.0-bin (2.42.10+dfsg-1+deb12u2) ...

2025-11-23T18:48:00.741399586Z [inf]  Setting up libegl1:amd64 (1.6.0-1) ...

2025-11-23T18:48:00.744371822Z [inf]  Setting up libcairo-gobject2:amd64 (1.16.0-7) ...

2025-11-23T18:48:00.747277526Z [inf]  Setting up libxss1:amd64 (1:1.2.3-1) ...

2025-11-23T18:48:00.75017602Z [inf]  Setting up libpangoft2-1.0-0:amd64 (1.50.12+ds-1) ...

2025-11-23T18:48:00.753122988Z [inf]  Setting up libdbusmenu-gtk4:amd64 (18.10.20180917~bzr492+repack1-3) ...

2025-11-23T18:48:00.755847425Z [inf]  Setting up liburi-perl (5.17-1) ...

2025-11-23T18:48:00.759074341Z [inf]  Setting up libx11-protocol-perl (0.56-9) ...

2025-11-23T18:48:00.762026501Z [inf]  Setting up libpangocairo-1.0-0:amd64 (1.50.12+ds-1) ...

2025-11-23T18:48:00.765341994Z [inf]  Setting up libnet-ssleay-perl:amd64 (1.92-2+b1) ...

2025-11-23T18:48:00.76808689Z [inf]  Setting up libhttp-date-perl (6.05-2) ...

2025-11-23T18:48:00.770885344Z [inf]  Setting up libxft2:amd64 (2.3.6-1) ...

2025-11-23T18:48:00.773825964Z [inf]  Setting up libxmu6:amd64 (2:1.1.3-3) ...

2025-11-23T18:48:00.776633844Z [inf]  Setting up libfile-basedir-perl (0.09-2) ...

2025-11-23T18:48:00.779440362Z [inf]  Setting up libtie-ixhash-perl (1.23-4) ...

2025-11-23T18:48:00.782132614Z [inf]  Setting up libglx-mesa0:amd64 (22.3.6-1+deb12u1) ...

2025-11-23T18:48:00.785010818Z [inf]  Setting up libfile-listing-perl (6.15-1) ...

2025-11-23T18:48:00.788288418Z [inf]  Setting up libxi6:amd64 (2:1.8-1+b1) ...

2025-11-23T18:48:00.791347121Z [inf]  Setting up libglx0:amd64 (1.6.0-1) ...

2025-11-23T18:48:00.794305086Z [inf]  Setting up libfont-afm-perl (1.20-4) ...

2025-11-23T18:48:00.797531078Z [inf]  Setting up libgconf-2-4:amd64 (3.2.6-8) ...

2025-11-23T18:48:00.800325352Z [inf]  Setting up libclone-perl:amd64 (0.46-1) ...

2025-11-23T18:48:00.803214504Z [inf]  Setting up libio-stringy-perl (2.111-3) ...

2025-11-23T18:48:00.806094503Z [inf]  Setting up libxtst6:amd64 (2:1.2.3-1.1) ...

2025-11-23T18:48:00.808971115Z [inf]  Setting up libhtml-tagset-perl (3.20-6) ...

2025-11-23T18:48:00.811791887Z [inf]  Setting up libauthen-sasl-perl (2.1600-3) ...

2025-11-23T18:48:00.81463802Z [inf]  Setting up libxcursor1:amd64 (1:1.2.1-1) ...

2025-11-23T18:48:00.817442164Z [inf]  Setting up liblwp-mediatypes-perl (6.04-2) ...

2025-11-23T18:48:00.820808455Z [inf]  Setting up libtry-tiny-perl (0.31-2) ...

2025-11-23T18:48:00.824344183Z [inf]  Setting up libxxf86dga1:amd64 (2:1.1.5-1) ...

2025-11-23T18:48:00.827864135Z [inf]  Setting up libnet-http-perl (6.22-1) ...

2025-11-23T18:48:00.831201627Z [inf]  Setting up libencode-locale-perl (1.05-3) ...

2025-11-23T18:48:00.834142614Z [inf]  Setting up dconf-service (0.40.0-4) ...

2025-11-23T18:48:00.837408682Z [inf]  Setting up libxaw7:amd64 (2:1.0.14-1) ...

2025-11-23T18:48:00.840470696Z [inf]  Setting up libatspi2.0-0:amd64 (2.46.0-5) ...

2025-11-23T18:48:00.843662356Z [inf]  Setting up x11-xserver-utils (7.7+9+b1) ...

2025-11-23T18:48:00.849703647Z [inf]  Setting up librsvg2-2:amd64 (2.54.7+dfsg-1~deb12u1) ...

2025-11-23T18:48:00.853090315Z [inf]  Setting up libatk-bridge2.0-0:amd64 (2.46.0-5) ...

2025-11-23T18:48:00.85596543Z [inf]  Setting up libgl1:amd64 (1.6.0-1) ...

2025-11-23T18:48:00.858802203Z [inf]  Setting up librsvg2-common:amd64 (2.54.7+dfsg-1~deb12u1) ...

2025-11-23T18:48:00.865423145Z [inf]  Setting up libfile-desktopentry-perl (0.22-3) ...

2025-11-23T18:48:00.868112362Z [inf]  Setting up libwww-robotrules-perl (6.02-1) ...

2025-11-23T18:48:00.870845724Z [inf]  Setting up zutty (0.14.0.20230218+dfsg1-1) ...

2025-11-23T18:48:00.874335231Z [inf]  update-alternatives: using /usr/bin/zutty to provide /usr/bin/x-terminal-emulator (x-terminal-emulator) in auto mode

2025-11-23T18:48:00.874411862Z [inf]  update-alternatives: warning: skip creation of /usr/share/man/man1/x-terminal-emulator.1.gz because associated file /usr/share/man/man1/zutty.1.gz (of link group x-terminal-emulator) doesn't exist

2025-11-23T18:48:00.876404019Z [inf]  Setting up gconf-service (3.2.6-8) ...

2025-11-23T18:48:00.879151453Z [inf]  Setting up libhtml-parser-perl:amd64 (3.81-1) ...

2025-11-23T18:48:00.881903271Z [inf]  Setting up x11-utils (7.7+5) ...

2025-11-23T18:48:00.894082638Z [inf]  Setting up libio-socket-ssl-perl (2.081-2) ...

2025-11-23T18:48:00.897147016Z [inf]  Setting up libhttp-message-perl (6.44-1) ...

2025-11-23T18:48:00.899954618Z [inf]  Setting up libhtml-form-perl (6.11-1) ...

2025-11-23T18:48:00.903370258Z [inf]  Setting up libfile-mimeinfo-perl (0.33-1) ...

2025-11-23T18:48:00.906436546Z [inf]  Setting up libhttp-negotiate-perl (6.01-2) ...

2025-11-23T18:48:00.909459867Z [inf]  Setting up dconf-gsettings-backend:amd64 (0.40.0-4) ...

2025-11-23T18:48:00.912156402Z [inf]  Setting up libhttp-cookies-perl (6.10-1) ...

2025-11-23T18:48:00.915084161Z [inf]  Setting up x11-xkb-utils (7.7+7) ...

2025-11-23T18:48:00.91849089Z [inf]  Setting up libgtk2.0-0:amd64 (2.24.33-2+deb12u1) ...

2025-11-23T18:48:00.930343586Z [inf]  Setting up libhtml-tree-perl (5.07-3) ...

2025-11-23T18:48:00.933928838Z [inf]  Setting up libhtml-format-perl (2.16-2) ...

2025-11-23T18:48:00.937177743Z [inf]  Setting up libnet-smtp-ssl-perl (1.04-2) ...

2025-11-23T18:48:00.946445998Z [inf]  Setting up libmailtools-perl (2.21-2) ...

2025-11-23T18:48:00.949576553Z [inf]  Setting up libgail18:amd64 (2.24.33-2+deb12u1) ...

2025-11-23T18:48:00.952556404Z [inf]  Setting up libhttp-daemon-perl (6.16-1) ...

2025-11-23T18:48:00.955513739Z [inf]  Setting up libgtk2.0-bin (2.24.33-2+deb12u1) ...

2025-11-23T18:48:00.958373717Z [inf]  Setting up xserver-common (2:21.1.7-3+deb12u11) ...

2025-11-23T18:48:00.961512946Z [inf]  Setting up libgtk-3-common (3.24.38-2~deb12u3) ...

2025-11-23T18:48:00.965807293Z [inf]  Setting up gsettings-desktop-schemas (43.0-1) ...

2025-11-23T18:48:00.968753111Z [inf]  Setting up libayatana-indicator7:amd64 (0.9.3-1) ...

2025-11-23T18:48:00.971601016Z [inf]  Setting up libgail-common:amd64 (2.24.33-2+deb12u1) ...

2025-11-23T18:48:00.974389189Z [inf]  Setting up libgtk-3-0:amd64 (3.24.38-2~deb12u3) ...

2025-11-23T18:48:00.990625419Z [inf]  Setting up xvfb (2:21.1.7-3+deb12u11) ...

2025-11-23T18:48:00.993611012Z [inf]  Setting up libayatana-appindicator1 (0.5.92-1) ...

2025-11-23T18:48:00.996692284Z [inf]  Setting up libgtk-3-bin (3.24.38-2~deb12u3) ...

2025-11-23T18:48:00.999756353Z [inf]  Setting up at-spi2-core (2.46.0-5) ...

2025-11-23T18:48:01.007708588Z [inf]  Setting up liblwp-protocol-https-perl (6.10-1) ...

2025-11-23T18:48:01.011277279Z [inf]  Setting up libwww-perl (6.68-1) ...

2025-11-23T18:48:01.014487296Z [inf]  Setting up libxml-parser-perl (2.46-4) ...

2025-11-23T18:48:01.0176153Z [inf]  Setting up libxml-twig-perl (1:3.52-2) ...

2025-11-23T18:48:01.020509577Z [inf]  Setting up libnet-dbus-perl (1.2.0-2) ...

2025-11-23T18:48:01.023542548Z [inf]  Processing triggers for libc-bin (2.36-9+deb12u13) ...

2025-11-23T18:48:01.040552723Z [inf]  Processing triggers for libgdk-pixbuf-2.0-0:amd64 (2.42.10+dfsg-1+deb12u2) ...

2025-11-23T18:48:01.154673852Z [inf]  install apt packages: ca-certificates fonts-liberation gconf-service libappindicator1 libasound2 libatk1.0-0 libatomic1 libc6 libcairo2 libcups2 libdbus-1-3 libexpat1 libfontconfig1 libgbm1 libgcc1 libgconf-2-4 libgdk-pixbuf2.0-0 libglib2.0-0 libgtk-3-0 libnspr4 libnss3 libpango-1.0-0 libpangocairo-1.0-0 libstdc++6 libx11-6 libx11-xcb1 libxcb1 libxcomposite1 libxcursor1 libxdamage1 libxext6 libxfixes3 libxi6 libxrandr2 libxrender1 libxss1 libxtst6 lsb-release wget xdg-utils xvfb
2025-11-23T18:48:06.575340446Z [inf]  npm warn deprecated inflight@1.0.6: This module is not supported, and leaks memory. Do not use it. Check out lru-cache if you want a good and tested way to coalesce async requests by a key value, which is much more comprehensive and powerful.

2025-11-23T18:48:06.598246526Z [inf]  npm warn deprecated glob@7.2.3: Glob versions prior to v9 are no longer supported

2025-11-23T18:48:06.62226801Z [inf]  npm warn deprecated rimraf@3.0.2: Rimraf versions prior to v4 are no longer supported

2025-11-23T18:48:25.511722532Z [inf]  
> design-web-pages@0.1.0 postinstall
> prisma generate


2025-11-23T18:48:26.412637338Z [inf]  Prisma schema loaded from prisma/schema.prisma

2025-11-23T18:48:26.66422295Z [inf]  
  Update available 6.19.0 -> 7.0.0                       
                                                         
  This is a major update - please follow the guide at    
  https://pris.ly/d/major-version-upgrade                
                                                         
  Run the following to update                            
    npm i --save-dev prisma@latest                       
    npm i @prisma/client@latest                          


2025-11-23T18:48:26.664301619Z [inf]  
 Generated Prisma Client (v6.19.0) to ./node_modules/@prisma/client in 88ms

Start by importing your Prisma Client (See: https://pris.ly/d/importing-client)

Tip: Need your database queries to be 1000x faster? Accelerate offers you that and more: https://pris.ly/tip-2-accelerate


2025-11-23T18:48:26.684307506Z [inf]  
added 583 packages, and audited 584 packages in 46s

2025-11-23T18:48:26.710353926Z [inf]  
3 vulnerabilities (2 moderate, 1 high)

To address all issues (including breaking changes), run:
  npm audit fix --force

Run `npm audit` for details.

2025-11-23T18:48:26.911152762Z [inf]  npm install
2025-11-23T18:48:26.912170623Z [inf]  copy / /app
2025-11-23T18:48:27.092628774Z [inf]  copy / /app
2025-11-23T18:48:27.093430552Z [inf]  npm run build
2025-11-23T18:48:27.309404952Z [inf]  npm warn config production Use `--omit=dev` instead.

2025-11-23T18:48:27.323378175Z [inf]  
> design-web-pages@0.1.0 build
> bash railway-build.sh


2025-11-23T18:48:27.327718866Z [inf]   Starting Railway build process...
 Generating Prisma client...

2025-11-23T18:48:27.396482538Z [inf]  npm warn config production Use `--omit=dev` instead.

2025-11-23T18:48:28.465939642Z [inf]  Prisma schema loaded from prisma/schema.prisma

2025-11-23T18:48:28.722805781Z [inf]  
 Generated Prisma Client (v6.19.0) to ./node_modules/@prisma/client in 93ms

Start by importing your Prisma Client (See: https://pris.ly/d/importing-client)

Tip: Want to turn off tips and other hints? https://pris.ly/tip-4-nohints


2025-11-23T18:48:28.746817383Z [inf]    Attempting database migrations...

2025-11-23T18:48:28.814194414Z [inf]  npm warn config production Use `--omit=dev` instead.

2025-11-23T18:48:29.824937316Z [inf]  Prisma schema loaded from prisma/schema.prisma

2025-11-23T18:48:29.826758735Z [inf]  Datasource "db": PostgreSQL database "railway", schema "public" at "postgres.railway.internal:5432"

2025-11-23T18:48:29.897003256Z [inf]  

2025-11-23T18:48:29.89718085Z [inf]  Error: P1001: Can't reach database server at `postgres.railway.internal:5432`

Please make sure your database server is running at `postgres.railway.internal:5432`.

2025-11-23T18:48:29.9131606Z [inf]    Database migration failed (database may not be available during build)
  Migrations will run automatically on first application start
  Continuing with build...
  Building Next.js application...

2025-11-23T18:48:29.97812591Z [inf]  npm warn config production Use `--omit=dev` instead.

2025-11-23T18:48:30.824899443Z [inf]   No build cache found. Please configure build caching for faster rebuilds. Read more: https://nextjs.org/docs/messages/no-cache

2025-11-23T18:48:30.881740535Z [inf]      Next.js 15.4.6


2025-11-23T18:48:30.894649159Z [inf]     Creating an optimized production build ...

2025-11-23T18:48:39.609832131Z [inf]    Compiled successfully in 8.0s

2025-11-23T18:48:39.617678108Z [inf]     Linting and checking validity of types ...

2025-11-23T18:48:43.386535952Z [inf]  Failed to compile.


2025-11-23T18:48:43.38677779Z [inf]  ./lib/export/elementorExporter.ts:151:9
Type error: Object literal may only specify known properties, and 'widgetType' does not exist in type 'ElementorElement'.

[0m [90m 149 |[39m           align[33m:[39m widget[33m.[39mposition [33m||[39m [32m"left"[39m[33m,[39m
 [90m 150 |[39m         }[33m,[39m
[31m[1m>[22m[39m[90m 151 |[39m         widgetType[33m:[39m [32m"heading"[39m[33m,[39m
 [90m     |[39m         [31m[1m^[22m[39m
 [90m 152 |[39m       }[33m;[39m
 [90m 153 |[39m
 [90m 154 |[39m     [36mcase[39m [32m"text-editor"[39m[33m:[39m[0m

2025-11-23T18:48:43.425760928Z [inf]  Next.js build worker exited with code: 1 and signal: null

2025-11-23T18:48:43.519943720Z [err]  npm run build
2025-11-23T18:48:43.538050374Z [err]  ERROR: failed to build: failed to solve: process "npm run build" did not complete successfully: exit code: 1