2025-11-25T09:27:29.11069226Z [inf]  Preparing to unpack .../027-libglib2.0-0_2.74.6-2+deb12u7_amd64.deb ...

2025-11-25T09:27:29.11191736Z [inf]  Unpacking libglib2.0-0:amd64 (2.74.6-2+deb12u7) ...

2025-11-25T09:27:29.208988636Z [inf]  Selecting previously unselected package libicu72:amd64.

2025-11-25T09:27:29.21006245Z [inf]  Preparing to unpack .../028-libicu72_72.1-3+deb12u1_amd64.deb ...

2025-11-25T09:27:29.211290958Z [inf]  Unpacking libicu72:amd64 (72.1-3+deb12u1) ...

2025-11-25T09:27:29.676927152Z [inf]  Selecting previously unselected package libxml2:amd64.

2025-11-25T09:27:29.677982998Z [inf]  Preparing to unpack .../029-libxml2_2.9.14+dfsg-1.3~deb12u4_amd64.deb ...

2025-11-25T09:27:29.67902013Z [inf]  Unpacking libxml2:amd64 (2.9.14+dfsg-1.3~deb12u4) ...

2025-11-25T09:27:29.734112131Z [inf]  Selecting previously unselected package shared-mime-info.

2025-11-25T09:27:29.735184336Z [inf]  Preparing to unpack .../030-shared-mime-info_2.2-1_amd64.deb ...

2025-11-25T09:27:29.736191994Z [inf]  Unpacking shared-mime-info (2.2-1) ...

2025-11-25T09:27:29.79693122Z [inf]  Selecting previously unselected package libjpeg62-turbo:amd64.

2025-11-25T09:27:29.798046583Z [inf]  Preparing to unpack .../031-libjpeg62-turbo_1%3a2.1.5-2_amd64.deb ...

2025-11-25T09:27:29.799109873Z [inf]  Unpacking libjpeg62-turbo:amd64 (1:2.1.5-2) ...

2025-11-25T09:27:29.823265334Z [inf]  Selecting previously unselected package libpng16-16:amd64.

2025-11-25T09:27:29.824363334Z [inf]  Preparing to unpack .../032-libpng16-16_1.6.39-2_amd64.deb ...

2025-11-25T09:27:29.825514779Z [inf]  Unpacking libpng16-16:amd64 (1.6.39-2) ...

2025-11-25T09:27:29.851356822Z [inf]  Selecting previously unselected package libdeflate0:amd64.

2025-11-25T09:27:29.852425549Z [inf]  Preparing to unpack .../033-libdeflate0_1.14-1_amd64.deb ...

2025-11-25T09:27:29.853399204Z [inf]  Unpacking libdeflate0:amd64 (1.14-1) ...

2025-11-25T09:27:29.869607231Z [inf]  Selecting previously unselected package libjbig0:amd64.

2025-11-25T09:27:29.870850502Z [inf]  Preparing to unpack .../034-libjbig0_2.1-6.1_amd64.deb ...

2025-11-25T09:27:29.871908654Z [inf]  Unpacking libjbig0:amd64 (2.1-6.1) ...

2025-11-25T09:27:29.886327809Z [inf]  Selecting previously unselected package liblerc4:amd64.

2025-11-25T09:27:29.887287485Z [inf]  Preparing to unpack .../035-liblerc4_4.0.0+ds-2_amd64.deb ...

2025-11-25T09:27:29.888914592Z [inf]  Unpacking liblerc4:amd64 (4.0.0+ds-2) ...

2025-11-25T09:27:29.914170504Z [inf]  Selecting previously unselected package libwebp7:amd64.

2025-11-25T09:27:29.915190922Z [inf]  Preparing to unpack .../036-libwebp7_1.2.4-0.2+deb12u1_amd64.deb ...

2025-11-25T09:27:29.916413195Z [inf]  Unpacking libwebp7:amd64 (1.2.4-0.2+deb12u1) ...

2025-11-25T09:27:29.951569787Z [inf]  Selecting previously unselected package libtiff6:amd64.

2025-11-25T09:27:29.952592614Z [inf]  Preparing to unpack .../037-libtiff6_4.5.0-6+deb12u3_amd64.deb ...

2025-11-25T09:27:29.955479762Z [inf]  Unpacking libtiff6:amd64 (4.5.0-6+deb12u3) ...

2025-11-25T09:27:29.989781868Z [inf]  Selecting previously unselected package libgdk-pixbuf-2.0-0:amd64.

2025-11-25T09:27:29.990792159Z [inf]  Preparing to unpack .../038-libgdk-pixbuf-2.0-0_2.42.10+dfsg-1+deb12u2_amd64.deb ...

2025-11-25T09:27:29.992242588Z [inf]  Unpacking libgdk-pixbuf-2.0-0:amd64 (2.42.10+dfsg-1+deb12u2) ...

2025-11-25T09:27:30.016700616Z [inf]  Selecting previously unselected package gtk-update-icon-cache.

2025-11-25T09:27:30.017693099Z [inf]  Preparing to unpack .../039-gtk-update-icon-cache_3.24.38-2~deb12u3_amd64.deb ...

2025-11-25T09:27:30.019087345Z [inf]  Unpacking gtk-update-icon-cache (3.24.38-2~deb12u3) ...

2025-11-25T09:27:30.04486166Z [inf]  Selecting previously unselected package adwaita-icon-theme.

2025-11-25T09:27:30.04588683Z [inf]  Preparing to unpack .../040-adwaita-icon-theme_43-1_all.deb ...

2025-11-25T09:27:30.047177131Z [inf]  Unpacking adwaita-icon-theme (43-1) ...

2025-11-25T09:27:30.570920154Z [inf]  Selecting previously unselected package alsa-topology-conf.

2025-11-25T09:27:30.573701868Z [inf]  Preparing to unpack .../041-alsa-topology-conf_1.2.5.1-2_all.deb ...

2025-11-25T09:27:30.575138615Z [inf]  Unpacking alsa-topology-conf (1.2.5.1-2) ...

2025-11-25T09:27:30.591765126Z [inf]  Selecting previously unselected package libasound2-data.

2025-11-25T09:27:30.593088007Z [inf]  Preparing to unpack .../042-libasound2-data_1.2.8-1_all.deb ...

2025-11-25T09:27:30.594406814Z [inf]  Unpacking libasound2-data (1.2.8-1) ...

2025-11-25T09:27:30.616933874Z [inf]  Selecting previously unselected package libasound2:amd64.

2025-11-25T09:27:30.618346811Z [inf]  Preparing to unpack .../043-libasound2_1.2.8-1+b1_amd64.deb ...

2025-11-25T09:27:30.619786882Z [inf]  Unpacking libasound2:amd64 (1.2.8-1+b1) ...

2025-11-25T09:27:30.659147636Z [inf]  Selecting previously unselected package alsa-ucm-conf.

2025-11-25T09:27:30.660552812Z [inf]  Preparing to unpack .../044-alsa-ucm-conf_1.2.8-1_all.deb ...

2025-11-25T09:27:30.662017342Z [inf]  Unpacking alsa-ucm-conf (1.2.8-1) ...

2025-11-25T09:27:30.710912655Z [inf]  Selecting previously unselected package at-spi2-common.

2025-11-25T09:27:30.712409569Z [inf]  Preparing to unpack .../045-at-spi2-common_2.46.0-5_all.deb ...

2025-11-25T09:27:30.715781633Z [inf]  Unpacking at-spi2-common (2.46.0-5) ...

2025-11-25T09:27:30.747283683Z [inf]  Selecting previously unselected package libxau6:amd64.

2025-11-25T09:27:30.748853023Z [inf]  Preparing to unpack .../046-libxau6_1%3a1.0.9-1_amd64.deb ...

2025-11-25T09:27:30.750223656Z [inf]  Unpacking libxau6:amd64 (1:1.0.9-1) ...

2025-11-25T09:27:30.765012511Z [inf]  Selecting previously unselected package libbsd0:amd64.

2025-11-25T09:27:30.766476472Z [inf]  Preparing to unpack .../047-libbsd0_0.11.7-2_amd64.deb ...

2025-11-25T09:27:30.767536991Z [inf]  Unpacking libbsd0:amd64 (0.11.7-2) ...

2025-11-25T09:27:30.787497642Z [inf]  Selecting previously unselected package libxdmcp6:amd64.

2025-11-25T09:27:30.788884064Z [inf]  Preparing to unpack .../048-libxdmcp6_1%3a1.1.2-3_amd64.deb ...

2025-11-25T09:27:30.790227673Z [inf]  Unpacking libxdmcp6:amd64 (1:1.1.2-3) ...

2025-11-25T09:27:30.810447072Z [inf]  Selecting previously unselected package libxcb1:amd64.

2025-11-25T09:27:30.811856372Z [inf]  Preparing to unpack .../049-libxcb1_1.15-1_amd64.deb ...

2025-11-25T09:27:30.813754994Z [inf]  Unpacking libxcb1:amd64 (1.15-1) ...

2025-11-25T09:27:30.834973944Z [inf]  Selecting previously unselected package libx11-data.

2025-11-25T09:27:30.836392013Z [inf]  Preparing to unpack .../050-libx11-data_2%3a1.8.4-2+deb12u2_all.deb ...

2025-11-25T09:27:30.838335423Z [inf]  Unpacking libx11-data (2:1.8.4-2+deb12u2) ...

2025-11-25T09:27:30.881871606Z [inf]  Selecting previously unselected package libx11-6:amd64.

2025-11-25T09:27:30.883502515Z [inf]  Preparing to unpack .../051-libx11-6_2%3a1.8.4-2+deb12u2_amd64.deb ...

2025-11-25T09:27:30.88544227Z [inf]  Unpacking libx11-6:amd64 (2:1.8.4-2+deb12u2) ...

2025-11-25T09:27:30.956768062Z [inf]  Selecting previously unselected package libxext6:amd64.

2025-11-25T09:27:30.958224172Z [inf]  Preparing to unpack .../052-libxext6_2%3a1.3.4-1+b1_amd64.deb ...

2025-11-25T09:27:30.960293358Z [inf]  Unpacking libxext6:amd64 (2:1.3.4-1+b1) ...

2025-11-25T09:27:30.9818228Z [inf]  Selecting previously unselected package libxi6:amd64.

2025-11-25T09:27:30.983307654Z [inf]  Preparing to unpack .../053-libxi6_2%3a1.8-1+b1_amd64.deb ...

2025-11-25T09:27:30.985407212Z [inf]  Unpacking libxi6:amd64 (2:1.8-1+b1) ...

2025-11-25T09:27:31.007811149Z [inf]  Selecting previously unselected package libatspi2.0-0:amd64.

2025-11-25T09:27:31.009292386Z [inf]  Preparing to unpack .../054-libatspi2.0-0_2.46.0-5_amd64.deb ...

2025-11-25T09:27:31.01130163Z [inf]  Unpacking libatspi2.0-0:amd64 (2.46.0-5) ...

2025-11-25T09:27:31.03556417Z [inf]  Selecting previously unselected package x11-common.

2025-11-25T09:27:31.037135961Z [inf]  Preparing to unpack .../055-x11-common_1%3a7.7+23_all.deb ...

2025-11-25T09:27:31.038661825Z [inf]  Unpacking x11-common (1:7.7+23) ...

2025-11-25T09:27:31.06667317Z [inf]  Selecting previously unselected package libxtst6:amd64.

2025-11-25T09:27:31.068180872Z [inf]  Preparing to unpack .../056-libxtst6_2%3a1.2.3-1.1_amd64.deb ...

2025-11-25T09:27:31.070132451Z [inf]  Unpacking libxtst6:amd64 (2:1.2.3-1.1) ...

2025-11-25T09:27:31.087459114Z [inf]  Selecting previously unselected package dbus-user-session.

2025-11-25T09:27:31.088956848Z [inf]  Preparing to unpack .../057-dbus-user-session_1.14.10-1~deb12u1_amd64.deb ...

2025-11-25T09:27:31.090716545Z [inf]  Unpacking dbus-user-session (1.14.10-1~deb12u1) ...

2025-11-25T09:27:31.113647962Z [inf]  Selecting previously unselected package libdconf1:amd64.

2025-11-25T09:27:31.115099738Z [inf]  Preparing to unpack .../058-libdconf1_0.40.0-4_amd64.deb ...

2025-11-25T09:27:31.117037488Z [inf]  Unpacking libdconf1:amd64 (0.40.0-4) ...

2025-11-25T09:27:31.135000812Z [inf]  Selecting previously unselected package dconf-service.

2025-11-25T09:27:31.136443554Z [inf]  Preparing to unpack .../059-dconf-service_0.40.0-4_amd64.deb ...

2025-11-25T09:27:31.138153068Z [inf]  Unpacking dconf-service (0.40.0-4) ...

2025-11-25T09:27:31.156002898Z [inf]  Selecting previously unselected package dconf-gsettings-backend:amd64.

2025-11-25T09:27:31.157456958Z [inf]  Preparing to unpack .../060-dconf-gsettings-backend_0.40.0-4_amd64.deb ...

2025-11-25T09:27:31.159530581Z [inf]  Unpacking dconf-gsettings-backend:amd64 (0.40.0-4) ...

2025-11-25T09:27:31.177287572Z [inf]  Selecting previously unselected package gsettings-desktop-schemas.

2025-11-25T09:27:31.178711632Z [inf]  Preparing to unpack .../061-gsettings-desktop-schemas_43.0-1_all.deb ...

2025-11-25T09:27:31.18062143Z [inf]  Unpacking gsettings-desktop-schemas (43.0-1) ...

2025-11-25T09:27:31.247313136Z [inf]  Selecting previously unselected package at-spi2-core.

2025-11-25T09:27:31.248808287Z [inf]  Preparing to unpack .../062-at-spi2-core_2.46.0-5_amd64.deb ...

2025-11-25T09:27:31.250693166Z [inf]  Unpacking at-spi2-core (2.46.0-5) ...

2025-11-25T09:27:31.275209907Z [inf]  Selecting previously unselected package libisl23:amd64.

2025-11-25T09:27:31.276705592Z [inf]  Preparing to unpack .../063-libisl23_0.25-1.1_amd64.deb ...

2025-11-25T09:27:31.278723023Z [inf]  Unpacking libisl23:amd64 (0.25-1.1) ...

2025-11-25T09:27:31.348216175Z [inf]  Selecting previously unselected package libmpfr6:amd64.

2025-11-25T09:27:31.349693649Z [inf]  Preparing to unpack .../064-libmpfr6_4.2.0-1_amd64.deb ...

2025-11-25T09:27:31.351592317Z [inf]  Unpacking libmpfr6:amd64 (4.2.0-1) ...

2025-11-25T09:27:31.398366554Z [inf]  Selecting previously unselected package libmpc3:amd64.

2025-11-25T09:27:31.399851176Z [inf]  Preparing to unpack .../065-libmpc3_1.3.1-1_amd64.deb ...

2025-11-25T09:27:31.401922113Z [inf]  Unpacking libmpc3:amd64 (1.3.1-1) ...

2025-11-25T09:27:31.420274912Z [inf]  Selecting previously unselected package cpp-12.

2025-11-25T09:27:31.421659179Z [inf]  Preparing to unpack .../066-cpp-12_12.2.0-14+deb12u1_amd64.deb ...

2025-11-25T09:27:31.423488906Z [inf]  Unpacking cpp-12 (12.2.0-14+deb12u1) ...

2025-11-25T09:27:31.999855355Z [inf]  Selecting previously unselected package cpp.

2025-11-25T09:27:32.001502697Z [inf]  Preparing to unpack .../067-cpp_4%3a12.2.0-3_amd64.deb ...

2025-11-25T09:27:32.002632838Z [inf]  Unpacking cpp (4:12.2.0-3) ...

2025-11-25T09:27:32.017830118Z [inf]  Selecting previously unselected package libbrotli1:amd64.

2025-11-25T09:27:32.01973644Z [inf]  Preparing to unpack .../068-libbrotli1_1.0.9-2+b6_amd64.deb ...

2025-11-25T09:27:32.028985409Z [inf]  Unpacking libbrotli1:amd64 (1.0.9-2+b6) ...

2025-11-25T09:27:32.07291593Z [inf]  Selecting previously unselected package libfreetype6:amd64.

2025-11-25T09:27:32.074505836Z [inf]  Preparing to unpack .../069-libfreetype6_2.12.1+dfsg-5+deb12u4_amd64.deb ...

2025-11-25T09:27:32.076222215Z [inf]  Unpacking libfreetype6:amd64 (2.12.1+dfsg-5+deb12u4) ...

2025-11-25T09:27:32.120667227Z [inf]  Selecting previously unselected package fonts-liberation.

2025-11-25T09:27:32.122103019Z [inf]  Preparing to unpack .../070-fonts-liberation_1%3a1.07.4-11_all.deb ...

2025-11-25T09:27:32.123106891Z [inf]  Unpacking fonts-liberation (1:1.07.4-11) ...

2025-11-25T09:27:32.193434155Z [inf]  Selecting previously unselected package fontconfig-config.

2025-11-25T09:27:32.19488223Z [inf]  Preparing to unpack .../071-fontconfig-config_2.14.1-4_amd64.deb ...

2025-11-25T09:27:32.278970094Z [inf]  Unpacking fontconfig-config (2.14.1-4) ...

2025-11-25T09:27:32.302739169Z [inf]  Selecting previously unselected package libfontconfig1:amd64.

2025-11-25T09:27:32.304249738Z [inf]  Preparing to unpack .../072-libfontconfig1_2.14.1-4_amd64.deb ...

2025-11-25T09:27:32.305527132Z [inf]  Unpacking libfontconfig1:amd64 (2.14.1-4) ...

2025-11-25T09:27:32.328939466Z [inf]  Selecting previously unselected package fontconfig.

2025-11-25T09:27:32.330451611Z [inf]  Preparing to unpack .../073-fontconfig_2.14.1-4_amd64.deb ...

2025-11-25T09:27:32.331619443Z [inf]  Unpacking fontconfig (2.14.1-4) ...

2025-11-25T09:27:32.355176515Z [inf]  Selecting previously unselected package libdbus-glib-1-2:amd64.

2025-11-25T09:27:32.356646769Z [inf]  Preparing to unpack .../074-libdbus-glib-1-2_0.112-3_amd64.deb ...

2025-11-25T09:27:32.357719254Z [inf]  Unpacking libdbus-glib-1-2:amd64 (0.112-3) ...

2025-11-25T09:27:32.374905008Z [inf]  Selecting previously unselected package gconf2-common.

2025-11-25T09:27:32.376353021Z [inf]  Preparing to unpack .../075-gconf2-common_3.2.6-8_all.deb ...

2025-11-25T09:27:32.37734173Z [inf]  Unpacking gconf2-common (3.2.6-8) ...

2025-11-25T09:27:32.458967786Z [inf]  Selecting previously unselected package libgconf-2-4:amd64.

2025-11-25T09:27:32.460558867Z [inf]  Preparing to unpack .../076-libgconf-2-4_3.2.6-8_amd64.deb ...

2025-11-25T09:27:32.461896058Z [inf]  Unpacking libgconf-2-4:amd64 (3.2.6-8) ...

2025-11-25T09:27:32.485560629Z [inf]  Selecting previously unselected package libsasl2-modules-db:amd64.

2025-11-25T09:27:32.487367784Z [inf]  Preparing to unpack .../077-libsasl2-modules-db_2.1.28+dfsg-10_amd64.deb ...

2025-11-25T09:27:32.488585634Z [inf]  Unpacking libsasl2-modules-db:amd64 (2.1.28+dfsg-10) ...

2025-11-25T09:27:32.503049589Z [inf]  Selecting previously unselected package libsasl2-2:amd64.

2025-11-25T09:27:32.504524556Z [inf]  Preparing to unpack .../078-libsasl2-2_2.1.28+dfsg-10_amd64.deb ...

2025-11-25T09:27:32.50567838Z [inf]  Unpacking libsasl2-2:amd64 (2.1.28+dfsg-10) ...

2025-11-25T09:27:32.522760635Z [inf]  Selecting previously unselected package libldap-2.5-0:amd64.

2025-11-25T09:27:32.524304273Z [inf]  Preparing to unpack .../079-libldap-2.5-0_2.5.13+dfsg-5_amd64.deb ...

2025-11-25T09:27:32.525505115Z [inf]  Unpacking libldap-2.5-0:amd64 (2.5.13+dfsg-5) ...

2025-11-25T09:27:32.550824819Z [inf]  Selecting previously unselected package gconf-service.

2025-11-25T09:27:32.552967679Z [inf]  Preparing to unpack .../080-gconf-service_3.2.6-8_amd64.deb ...

2025-11-25T09:27:32.554111359Z [inf]  Unpacking gconf-service (3.2.6-8) ...

2025-11-25T09:27:32.577045122Z [inf]  Selecting previously unselected package libatk1.0-0:amd64.

2025-11-25T09:27:32.578508206Z [inf]  Preparing to unpack .../081-libatk1.0-0_2.46.0-5_amd64.deb ...

2025-11-25T09:27:32.579726649Z [inf]  Unpacking libatk1.0-0:amd64 (2.46.0-5) ...

2025-11-25T09:27:32.595477165Z [inf]  Selecting previously unselected package libatk-bridge2.0-0:amd64.

2025-11-25T09:27:32.59682985Z [inf]  Preparing to unpack .../082-libatk-bridge2.0-0_2.46.0-5_amd64.deb ...

2025-11-25T09:27:32.59785492Z [inf]  Unpacking libatk-bridge2.0-0:amd64 (2.46.0-5) ...

2025-11-25T09:27:32.614747274Z [inf]  Selecting previously unselected package libatomic1:amd64.

2025-11-25T09:27:32.615999374Z [inf]  Preparing to unpack .../083-libatomic1_12.2.0-14+deb12u1_amd64.deb ...

2025-11-25T09:27:32.617008892Z [inf]  Unpacking libatomic1:amd64 (12.2.0-14+deb12u1) ...

2025-11-25T09:27:32.633774676Z [inf]  Selecting previously unselected package libauthen-sasl-perl.

2025-11-25T09:27:32.635083664Z [inf]  Preparing to unpack .../084-libauthen-sasl-perl_2.1600-3_all.deb ...

2025-11-25T09:27:32.636118931Z [inf]  Unpacking libauthen-sasl-perl (2.1600-3) ...

2025-11-25T09:27:32.650417868Z [inf]  Selecting previously unselected package libavahi-common-data:amd64.

2025-11-25T09:27:32.651620371Z [inf]  Preparing to unpack .../085-libavahi-common-data_0.8-10+deb12u1_amd64.deb ...

2025-11-25T09:27:32.652606277Z [inf]  Unpacking libavahi-common-data:amd64 (0.8-10+deb12u1) ...

2025-11-25T09:27:32.673604733Z [inf]  Selecting previously unselected package libavahi-common3:amd64.

2025-11-25T09:27:32.674864756Z [inf]  Preparing to unpack .../086-libavahi-common3_0.8-10+deb12u1_amd64.deb ...

2025-11-25T09:27:32.675883648Z [inf]  Unpacking libavahi-common3:amd64 (0.8-10+deb12u1) ...

2025-11-25T09:27:32.69095248Z [inf]  Selecting previously unselected package libavahi-client3:amd64.

2025-11-25T09:27:32.69234046Z [inf]  Preparing to unpack .../087-libavahi-client3_0.8-10+deb12u1_amd64.deb ...

2025-11-25T09:27:32.693430148Z [inf]  Unpacking libavahi-client3:amd64 (0.8-10+deb12u1) ...

2025-11-25T09:27:32.70884844Z [inf]  Selecting previously unselected package libgtk2.0-common.

2025-11-25T09:27:32.71013502Z [inf]  Preparing to unpack .../088-libgtk2.0-common_2.24.33-2+deb12u1_all.deb ...

2025-11-25T09:27:32.711198037Z [inf]  Unpacking libgtk2.0-common (2.24.33-2+deb12u1) ...

2025-11-25T09:27:32.905439787Z [inf]  Selecting previously unselected package libpixman-1-0:amd64.

2025-11-25T09:27:32.907020265Z [inf]  Preparing to unpack .../089-libpixman-1-0_0.42.2-1_amd64.deb ...

2025-11-25T09:27:32.908069722Z [inf]  Unpacking libpixman-1-0:amd64 (0.42.2-1) ...

2025-11-25T09:27:32.941327955Z [inf]  Selecting previously unselected package libxcb-render0:amd64.

2025-11-25T09:27:32.942882826Z [inf]  Preparing to unpack .../090-libxcb-render0_1.15-1_amd64.deb ...

2025-11-25T09:27:32.944053002Z [inf]  Unpacking libxcb-render0:amd64 (1.15-1) ...

2025-11-25T09:27:32.96409997Z [inf]  Selecting previously unselected package libxcb-shm0:amd64.

2025-11-25T09:27:32.965615231Z [inf]  Preparing to unpack .../091-libxcb-shm0_1.15-1_amd64.deb ...

2025-11-25T09:27:32.966729786Z [inf]  Unpacking libxcb-shm0:amd64 (1.15-1) ...

2025-11-25T09:27:32.985964732Z [inf]  Selecting previously unselected package libxrender1:amd64.

2025-11-25T09:27:32.987350258Z [inf]  Preparing to unpack .../092-libxrender1_1%3a0.9.10-1.1_amd64.deb ...

2025-11-25T09:27:32.988424736Z [inf]  Unpacking libxrender1:amd64 (1:0.9.10-1.1) ...

2025-11-25T09:27:33.003452121Z [inf]  Selecting previously unselected package libcairo2:amd64.

2025-11-25T09:27:33.004917376Z [inf]  Preparing to unpack .../093-libcairo2_1.16.0-7_amd64.deb ...

2025-11-25T09:27:33.005939041Z [inf]  Unpacking libcairo2:amd64 (1.16.0-7) ...

2025-11-25T09:27:33.051350113Z [inf]  Selecting previously unselected package libkrb5support0:amd64.

2025-11-25T09:27:33.052868401Z [inf]  Preparing to unpack .../094-libkrb5support0_1.20.1-2+deb12u4_amd64.deb ...

2025-11-25T09:27:33.05383007Z [inf]  Unpacking libkrb5support0:amd64 (1.20.1-2+deb12u4) ...

2025-11-25T09:27:33.070167403Z [inf]  Selecting previously unselected package libk5crypto3:amd64.

2025-11-25T09:27:33.071707978Z [inf]  Preparing to unpack .../095-libk5crypto3_1.20.1-2+deb12u4_amd64.deb ...

2025-11-25T09:27:33.072826915Z [inf]  Unpacking libk5crypto3:amd64 (1.20.1-2+deb12u4) ...

2025-11-25T09:27:33.091238562Z [inf]  Selecting previously unselected package libkeyutils1:amd64.

2025-11-25T09:27:33.092735828Z [inf]  Preparing to unpack .../096-libkeyutils1_1.6.3-2_amd64.deb ...

2025-11-25T09:27:33.093664122Z [inf]  Unpacking libkeyutils1:amd64 (1.6.3-2) ...

2025-11-25T09:27:33.107276607Z [inf]  Selecting previously unselected package libkrb5-3:amd64.

2025-11-25T09:27:33.108779517Z [inf]  Preparing to unpack .../097-libkrb5-3_1.20.1-2+deb12u4_amd64.deb ...

2025-11-25T09:27:33.109784274Z [inf]  Unpacking libkrb5-3:amd64 (1.20.1-2+deb12u4) ...

2025-11-25T09:27:33.147350663Z [inf]  Selecting previously unselected package libgssapi-krb5-2:amd64.

2025-11-25T09:27:33.148856676Z [inf]  Preparing to unpack .../098-libgssapi-krb5-2_1.20.1-2+deb12u4_amd64.deb ...

2025-11-25T09:27:33.149863047Z [inf]  Unpacking libgssapi-krb5-2:amd64 (1.20.1-2+deb12u4) ...

2025-11-25T09:27:33.172787909Z [inf]  Selecting previously unselected package libcups2:amd64.

2025-11-25T09:27:33.174354577Z [inf]  Preparing to unpack .../099-libcups2_2.4.2-3+deb12u9_amd64.deb ...

2025-11-25T09:27:33.175350929Z [inf]  Unpacking libcups2:amd64 (2.4.2-3+deb12u9) ...

2025-11-25T09:27:33.204610865Z [inf]  Selecting previously unselected package libfribidi0:amd64.

2025-11-25T09:27:33.206179965Z [inf]  Preparing to unpack .../100-libfribidi0_1.0.8-2.1_amd64.deb ...

2025-11-25T09:27:33.207158748Z [inf]  Unpacking libfribidi0:amd64 (1.0.8-2.1) ...

2025-11-25T09:27:33.223542738Z [inf]  Selecting previously unselected package libgraphite2-3:amd64.

2025-11-25T09:27:33.225098505Z [inf]  Preparing to unpack .../101-libgraphite2-3_1.3.14-1_amd64.deb ...

2025-11-25T09:27:33.226095176Z [inf]  Unpacking libgraphite2-3:amd64 (1.3.14-1) ...

2025-11-25T09:27:33.245034661Z [inf]  Selecting previously unselected package libharfbuzz0b:amd64.

2025-11-25T09:27:33.246494769Z [inf]  Preparing to unpack .../102-libharfbuzz0b_6.0.0+dfsg-3_amd64.deb ...

2025-11-25T09:27:33.247468878Z [inf]  Unpacking libharfbuzz0b:amd64 (6.0.0+dfsg-3) ...

2025-11-25T09:27:33.295831982Z [inf]  Selecting previously unselected package libthai-data.

2025-11-25T09:27:33.297326935Z [inf]  Preparing to unpack .../103-libthai-data_0.1.29-1_all.deb ...

2025-11-25T09:27:33.298402511Z [inf]  Unpacking libthai-data (0.1.29-1) ...

2025-11-25T09:27:33.325821725Z [inf]  Selecting previously unselected package libdatrie1:amd64.

2025-11-25T09:27:33.328046535Z [inf]  Preparing to unpack .../104-libdatrie1_0.2.13-2+b1_amd64.deb ...

2025-11-25T09:27:33.329167884Z [inf]  Unpacking libdatrie1:amd64 (0.2.13-2+b1) ...

2025-11-25T09:27:33.344520206Z [inf]  Selecting previously unselected package libthai0:amd64.

2025-11-25T09:27:33.346010263Z [inf]  Preparing to unpack .../105-libthai0_0.1.29-1_amd64.deb ...

2025-11-25T09:27:33.347005586Z [inf]  Unpacking libthai0:amd64 (0.1.29-1) ...

2025-11-25T09:27:33.362995143Z [inf]  Selecting previously unselected package libpango-1.0-0:amd64.

2025-11-25T09:27:33.364516412Z [inf]  Preparing to unpack .../106-libpango-1.0-0_1.50.12+ds-1_amd64.deb ...

2025-11-25T09:27:33.365550733Z [inf]  Unpacking libpango-1.0-0:amd64 (1.50.12+ds-1) ...

2025-11-25T09:27:33.392612475Z [inf]  Selecting previously unselected package libpangoft2-1.0-0:amd64.

2025-11-25T09:27:33.394088258Z [inf]  Preparing to unpack .../107-libpangoft2-1.0-0_1.50.12+ds-1_amd64.deb ...

2025-11-25T09:27:33.395106965Z [inf]  Unpacking libpangoft2-1.0-0:amd64 (1.50.12+ds-1) ...

2025-11-25T09:27:33.411132609Z [inf]  Selecting previously unselected package libpangocairo-1.0-0:amd64.

2025-11-25T09:27:33.412516147Z [inf]  Preparing to unpack .../108-libpangocairo-1.0-0_1.50.12+ds-1_amd64.deb ...

2025-11-25T09:27:33.413570402Z [inf]  Unpacking libpangocairo-1.0-0:amd64 (1.50.12+ds-1) ...

2025-11-25T09:27:33.428329307Z [inf]  Selecting previously unselected package libxcomposite1:amd64.

2025-11-25T09:27:33.429738919Z [inf]  Preparing to unpack .../109-libxcomposite1_1%3a0.4.5-1_amd64.deb ...

2025-11-25T09:27:33.430991145Z [inf]  Unpacking libxcomposite1:amd64 (1:0.4.5-1) ...

2025-11-25T09:27:33.445733039Z [inf]  Selecting previously unselected package libxfixes3:amd64.

2025-11-25T09:27:33.447160583Z [inf]  Preparing to unpack .../110-libxfixes3_1%3a6.0.0-2_amd64.deb ...

2025-11-25T09:27:33.448271963Z [inf]  Unpacking libxfixes3:amd64 (1:6.0.0-2) ...

2025-11-25T09:27:33.462172176Z [inf]  Selecting previously unselected package libxcursor1:amd64.

2025-11-25T09:27:33.463601393Z [inf]  Preparing to unpack .../111-libxcursor1_1%3a1.2.1-1_amd64.deb ...

2025-11-25T09:27:33.46468346Z [inf]  Unpacking libxcursor1:amd64 (1:1.2.1-1) ...

2025-11-25T09:27:33.479681533Z [inf]  Selecting previously unselected package libxdamage1:amd64.

2025-11-25T09:27:33.481226548Z [inf]  Preparing to unpack .../112-libxdamage1_1%3a1.1.6-1_amd64.deb ...

2025-11-25T09:27:33.48294307Z [inf]  Unpacking libxdamage1:amd64 (1:1.1.6-1) ...

2025-11-25T09:27:33.498642606Z [inf]  Selecting previously unselected package libxinerama1:amd64.

2025-11-25T09:27:33.500055047Z [inf]  Preparing to unpack .../113-libxinerama1_2%3a1.1.4-3_amd64.deb ...

2025-11-25T09:27:33.501066335Z [inf]  Unpacking libxinerama1:amd64 (2:1.1.4-3) ...

2025-11-25T09:27:33.515742707Z [inf]  Selecting previously unselected package libxrandr2:amd64.

2025-11-25T09:27:33.517112069Z [inf]  Preparing to unpack .../114-libxrandr2_2%3a1.5.2-2+b1_amd64.deb ...

2025-11-25T09:27:33.518240712Z [inf]  Unpacking libxrandr2:amd64 (2:1.5.2-2+b1) ...

2025-11-25T09:27:33.536178156Z [inf]  Selecting previously unselected package libgtk2.0-0:amd64.

2025-11-25T09:27:33.537614917Z [inf]  Preparing to unpack .../115-libgtk2.0-0_2.24.33-2+deb12u1_amd64.deb ...

2025-11-25T09:27:33.538726917Z [inf]  Unpacking libgtk2.0-0:amd64 (2.24.33-2+deb12u1) ...

2025-11-25T09:27:33.669135709Z [inf]  Selecting previously unselected package libayatana-indicator7:amd64.

2025-11-25T09:27:33.670643563Z [inf]  Preparing to unpack .../116-libayatana-indicator7_0.9.3-1_amd64.deb ...

2025-11-25T09:27:33.671666007Z [inf]  Unpacking libayatana-indicator7:amd64 (0.9.3-1) ...

2025-11-25T09:27:33.686050149Z [inf]  Selecting previously unselected package libdbusmenu-glib4:amd64.

2025-11-25T09:27:33.687620974Z [inf]  Preparing to unpack .../117-libdbusmenu-glib4_18.10.20180917~bzr492+repack1-3_amd64.deb ...

2025-11-25T09:27:33.688555999Z [inf]  Unpacking libdbusmenu-glib4:amd64 (18.10.20180917~bzr492+repack1-3) ...

2025-11-25T09:27:33.70348506Z [inf]  Selecting previously unselected package libdbusmenu-gtk4:amd64.

2025-11-25T09:27:33.704918364Z [inf]  Preparing to unpack .../118-libdbusmenu-gtk4_18.10.20180917~bzr492+repack1-3_amd64.deb ...

2025-11-25T09:27:33.705872998Z [inf]  Unpacking libdbusmenu-gtk4:amd64 (18.10.20180917~bzr492+repack1-3) ...

2025-11-25T09:27:33.720132593Z [inf]  Selecting previously unselected package libayatana-appindicator1.

2025-11-25T09:27:33.721567187Z [inf]  Preparing to unpack .../119-libayatana-appindicator1_0.5.92-1_amd64.deb ...

2025-11-25T09:27:33.722506296Z [inf]  Unpacking libayatana-appindicator1 (0.5.92-1) ...

2025-11-25T09:27:33.737568132Z [inf]  Selecting previously unselected package libcairo-gobject2:amd64.

2025-11-25T09:27:33.739004991Z [inf]  Preparing to unpack .../120-libcairo-gobject2_1.16.0-7_amd64.deb ...

2025-11-25T09:27:33.74006282Z [inf]  Unpacking libcairo-gobject2:amd64 (1.16.0-7) ...

2025-11-25T09:27:33.75793886Z [inf]  Selecting previously unselected package libclone-perl:amd64.

2025-11-25T09:27:33.759315854Z [inf]  Preparing to unpack .../121-libclone-perl_0.46-1_amd64.deb ...

2025-11-25T09:27:33.760975795Z [inf]  Unpacking libclone-perl:amd64 (0.46-1) ...

2025-11-25T09:27:33.774698917Z [inf]  Selecting previously unselected package liblcms2-2:amd64.

2025-11-25T09:27:33.776110628Z [inf]  Preparing to unpack .../122-liblcms2-2_2.14-2_amd64.deb ...

2025-11-25T09:27:33.777080815Z [inf]  Unpacking liblcms2-2:amd64 (2.14-2) ...

2025-11-25T09:27:33.800918952Z [inf]  Selecting previously unselected package libcolord2:amd64.

2025-11-25T09:27:33.802316684Z [inf]  Preparing to unpack .../123-libcolord2_1.4.6-2.2_amd64.deb ...

2025-11-25T09:27:33.80337385Z [inf]  Unpacking libcolord2:amd64 (1.4.6-2.2) ...

2025-11-25T09:27:33.824533766Z [inf]  Selecting previously unselected package libdata-dump-perl.

2025-11-25T09:27:33.826040798Z [inf]  Preparing to unpack .../124-libdata-dump-perl_1.25-1_all.deb ...

2025-11-25T09:27:33.827116658Z [inf]  Unpacking libdata-dump-perl (1.25-1) ...

2025-11-25T09:27:33.84156415Z [inf]  Selecting previously unselected package libdrm-common.

2025-11-25T09:27:33.843041484Z [inf]  Preparing to unpack .../125-libdrm-common_2.4.114-1_all.deb ...

2025-11-25T09:27:33.844076377Z [inf]  Unpacking libdrm-common (2.4.114-1) ...

2025-11-25T09:27:33.857740282Z [inf]  Selecting previously unselected package libdrm2:amd64.

2025-11-25T09:27:33.859258231Z [inf]  Preparing to unpack .../126-libdrm2_2.4.114-1+b1_amd64.deb ...

2025-11-25T09:27:33.860487731Z [inf]  Unpacking libdrm2:amd64 (2.4.114-1+b1) ...

2025-11-25T09:27:33.876466278Z [inf]  Selecting previously unselected package libdrm-amdgpu1:amd64.

2025-11-25T09:27:33.877995361Z [inf]  Preparing to unpack .../127-libdrm-amdgpu1_2.4.114-1+b1_amd64.deb ...

2025-11-25T09:27:33.879149663Z [inf]  Unpacking libdrm-amdgpu1:amd64 (2.4.114-1+b1) ...

2025-11-25T09:27:33.894819125Z [inf]  Selecting previously unselected package libpciaccess0:amd64.

2025-11-25T09:27:33.89633616Z [inf]  Preparing to unpack .../128-libpciaccess0_0.17-2_amd64.deb ...

2025-11-25T09:27:33.897508773Z [inf]  Unpacking libpciaccess0:amd64 (0.17-2) ...

2025-11-25T09:27:33.914160052Z [inf]  Selecting previously unselected package libdrm-intel1:amd64.

2025-11-25T09:27:33.915705585Z [inf]  Preparing to unpack .../129-libdrm-intel1_2.4.114-1+b1_amd64.deb ...

2025-11-25T09:27:33.916811234Z [inf]  Unpacking libdrm-intel1:amd64 (2.4.114-1+b1) ...

2025-11-25T09:27:33.935001527Z [inf]  Selecting previously unselected package libdrm-nouveau2:amd64.

2025-11-25T09:27:33.936531775Z [inf]  Preparing to unpack .../130-libdrm-nouveau2_2.4.114-1+b1_amd64.deb ...

2025-11-25T09:27:33.9376271Z [inf]  Unpacking libdrm-nouveau2:amd64 (2.4.114-1+b1) ...

2025-11-25T09:27:33.952261799Z [inf]  Selecting previously unselected package libdrm-radeon1:amd64.

2025-11-25T09:27:33.95376327Z [inf]  Preparing to unpack .../131-libdrm-radeon1_2.4.114-1+b1_amd64.deb ...

2025-11-25T09:27:33.954879994Z [inf]  Unpacking libdrm-radeon1:amd64 (2.4.114-1+b1) ...

2025-11-25T09:27:33.969508479Z [inf]  Selecting previously unselected package libedit2:amd64.

2025-11-25T09:27:33.971026961Z [inf]  Preparing to unpack .../132-libedit2_3.1-20221030-2_amd64.deb ...

2025-11-25T09:27:33.972094439Z [inf]  Unpacking libedit2:amd64 (3.1-20221030-2) ...

2025-11-25T09:27:33.991880326Z [inf]  Selecting previously unselected package libwayland-server0:amd64.

2025-11-25T09:27:33.99336594Z [inf]  Preparing to unpack .../133-libwayland-server0_1.21.0-1_amd64.deb ...

2025-11-25T09:27:33.994476111Z [inf]  Unpacking libwayland-server0:amd64 (1.21.0-1) ...

2025-11-25T09:27:34.009919164Z [inf]  Selecting previously unselected package libgbm1:amd64.

2025-11-25T09:27:34.011428996Z [inf]  Preparing to unpack .../134-libgbm1_22.3.6-1+deb12u1_amd64.deb ...

2025-11-25T09:27:34.01264247Z [inf]  Unpacking libgbm1:amd64 (22.3.6-1+deb12u1) ...

2025-11-25T09:27:34.028017495Z [inf]  Selecting previously unselected package libglapi-mesa:amd64.

2025-11-25T09:27:34.029529825Z [inf]  Preparing to unpack .../135-libglapi-mesa_22.3.6-1+deb12u1_amd64.deb ...

2025-11-25T09:27:34.030550248Z [inf]  Unpacking libglapi-mesa:amd64 (22.3.6-1+deb12u1) ...

2025-11-25T09:27:34.046838282Z [inf]  Selecting previously unselected package libwayland-client0:amd64.

2025-11-25T09:27:34.048434413Z [inf]  Preparing to unpack .../136-libwayland-client0_1.21.0-1_amd64.deb ...

2025-11-25T09:27:34.049578131Z [inf]  Unpacking libwayland-client0:amd64 (1.21.0-1) ...

2025-11-25T09:27:34.064462669Z [inf]  Selecting previously unselected package libx11-xcb1:amd64.

2025-11-25T09:27:34.066020196Z [inf]  Preparing to unpack .../137-libx11-xcb1_2%3a1.8.4-2+deb12u2_amd64.deb ...

2025-11-25T09:27:34.067265329Z [inf]  Unpacking libx11-xcb1:amd64 (2:1.8.4-2+deb12u2) ...

2025-11-25T09:27:34.08551897Z [inf]  Selecting previously unselected package libxcb-dri2-0:amd64.

2025-11-25T09:27:34.087060184Z [inf]  Preparing to unpack .../138-libxcb-dri2-0_1.15-1_amd64.deb ...

2025-11-25T09:27:34.088268996Z [inf]  Unpacking libxcb-dri2-0:amd64 (1.15-1) ...

2025-11-25T09:27:34.108752465Z [inf]  Selecting previously unselected package libxcb-dri3-0:amd64.

2025-11-25T09:27:34.110491512Z [inf]  Preparing to unpack .../139-libxcb-dri3-0_1.15-1_amd64.deb ...

2025-11-25T09:27:34.111775776Z [inf]  Unpacking libxcb-dri3-0:amd64 (1.15-1) ...

2025-11-25T09:27:34.132565693Z [inf]  Selecting previously unselected package libxcb-present0:amd64.

2025-11-25T09:27:34.134131757Z [inf]  Preparing to unpack .../140-libxcb-present0_1.15-1_amd64.deb ...

2025-11-25T09:27:34.135151799Z [inf]  Unpacking libxcb-present0:amd64 (1.15-1) ...

2025-11-25T09:27:34.155046666Z [inf]  Selecting previously unselected package libxcb-randr0:amd64.

2025-11-25T09:27:34.15662631Z [inf]  Preparing to unpack .../141-libxcb-randr0_1.15-1_amd64.deb ...

2025-11-25T09:27:34.157722185Z [inf]  Unpacking libxcb-randr0:amd64 (1.15-1) ...

2025-11-25T09:27:34.178631471Z [inf]  Selecting previously unselected package libxcb-sync1:amd64.

2025-11-25T09:27:34.180115965Z [inf]  Preparing to unpack .../142-libxcb-sync1_1.15-1_amd64.deb ...

2025-11-25T09:27:34.181370326Z [inf]  Unpacking libxcb-sync1:amd64 (1.15-1) ...

2025-11-25T09:27:34.207539618Z [inf]  Selecting previously unselected package libxcb-xfixes0:amd64.

2025-11-25T09:27:34.21010321Z [inf]  Preparing to unpack .../143-libxcb-xfixes0_1.15-1_amd64.deb ...

2025-11-25T09:27:34.211779914Z [inf]  Unpacking libxcb-xfixes0:amd64 (1.15-1) ...

2025-11-25T09:27:34.232933559Z [inf]  Selecting previously unselected package libxshmfence1:amd64.

2025-11-25T09:27:34.234494489Z [inf]  Preparing to unpack .../144-libxshmfence1_1.3-1_amd64.deb ...

2025-11-25T09:27:34.235574963Z [inf]  Unpacking libxshmfence1:amd64 (1.3-1) ...

2025-11-25T09:27:34.249368842Z [inf]  Selecting previously unselected package libegl-mesa0:amd64.

2025-11-25T09:27:34.25139703Z [inf]  Preparing to unpack .../145-libegl-mesa0_22.3.6-1+deb12u1_amd64.deb ...

2025-11-25T09:27:34.252488886Z [inf]  Unpacking libegl-mesa0:amd64 (22.3.6-1+deb12u1) ...

2025-11-25T09:27:34.274651979Z [inf]  Selecting previously unselected package libelf1:amd64.

2025-11-25T09:27:34.276216819Z [inf]  Preparing to unpack .../146-libelf1_0.188-2.1_amd64.deb ...

2025-11-25T09:27:34.27726637Z [inf]  Unpacking libelf1:amd64 (0.188-2.1) ...

2025-11-25T09:27:34.30196938Z [inf]  Selecting previously unselected package libencode-locale-perl.

2025-11-25T09:27:34.303457982Z [inf]  Preparing to unpack .../147-libencode-locale-perl_1.05-3_all.deb ...

2025-11-25T09:27:34.304795124Z [inf]  Unpacking libencode-locale-perl (1.05-3) ...

2025-11-25T09:27:34.319329173Z [inf]  Selecting previously unselected package libepoxy0:amd64.

2025-11-25T09:27:34.320897291Z [inf]  Preparing to unpack .../148-libepoxy0_1.5.10-1_amd64.deb ...

2025-11-25T09:27:34.321985883Z [inf]  Unpacking libepoxy0:amd64 (1.5.10-1) ...

2025-11-25T09:27:34.347667331Z [inf]  Selecting previously unselected package libipc-system-simple-perl.

2025-11-25T09:27:34.349127546Z [inf]  Preparing to unpack .../149-libipc-system-simple-perl_1.30-2_all.deb ...

2025-11-25T09:27:34.350306862Z [inf]  Unpacking libipc-system-simple-perl (1.30-2) ...

2025-11-25T09:27:34.364152021Z [inf]  Selecting previously unselected package libfile-basedir-perl.

2025-11-25T09:27:34.365608616Z [inf]  Preparing to unpack .../150-libfile-basedir-perl_0.09-2_all.deb ...

2025-11-25T09:27:34.366617339Z [inf]  Unpacking libfile-basedir-perl (0.09-2) ...

2025-11-25T09:27:34.381474239Z [inf]  Selecting previously unselected package libregexp-ipv6-perl.

2025-11-25T09:27:34.383092065Z [inf]  Preparing to unpack .../151-libregexp-ipv6-perl_0.03-3_all.deb ...

2025-11-25T09:27:34.384231906Z [inf]  Unpacking libregexp-ipv6-perl (0.03-3) ...

2025-11-25T09:27:34.396532363Z [inf]  Selecting previously unselected package liburi-perl.

2025-11-25T09:27:34.398132124Z [inf]  Preparing to unpack .../152-liburi-perl_5.17-1_all.deb ...

2025-11-25T09:27:34.399305935Z [inf]  Unpacking liburi-perl (5.17-1) ...

2025-11-25T09:27:34.420188071Z [inf]  Selecting previously unselected package libfile-desktopentry-perl.

2025-11-25T09:27:34.421712567Z [inf]  Preparing to unpack .../153-libfile-desktopentry-perl_0.22-3_all.deb ...

2025-11-25T09:27:34.422959793Z [inf]  Unpacking libfile-desktopentry-perl (0.22-3) ...

2025-11-25T09:27:34.436222889Z [inf]  Selecting previously unselected package libtimedate-perl.

2025-11-25T09:27:34.437748069Z [inf]  Preparing to unpack .../154-libtimedate-perl_2.3300-2_all.deb ...

2025-11-25T09:27:34.43890676Z [inf]  Unpacking libtimedate-perl (2.3300-2) ...

2025-11-25T09:27:34.45583857Z [inf]  Selecting previously unselected package libhttp-date-perl.

2025-11-25T09:27:34.457301711Z [inf]  Preparing to unpack .../155-libhttp-date-perl_6.05-2_all.deb ...

2025-11-25T09:27:34.458392927Z [inf]  Unpacking libhttp-date-perl (6.05-2) ...

2025-11-25T09:27:34.471299144Z [inf]  Selecting previously unselected package libfile-listing-perl.

2025-11-25T09:27:34.472761739Z [inf]  Preparing to unpack .../156-libfile-listing-perl_6.15-1_all.deb ...

2025-11-25T09:27:34.473948231Z [inf]  Unpacking libfile-listing-perl (6.15-1) ...

2025-11-25T09:27:34.487133976Z [inf]  Selecting previously unselected package libfile-mimeinfo-perl.

2025-11-25T09:27:34.488538664Z [inf]  Preparing to unpack .../157-libfile-mimeinfo-perl_0.33-1_all.deb ...

2025-11-25T09:27:34.48983329Z [inf]  Unpacking libfile-mimeinfo-perl (0.33-1) ...

2025-11-25T09:27:34.505000801Z [inf]  Selecting previously unselected package libfont-afm-perl.

2025-11-25T09:27:34.506398368Z [inf]  Preparing to unpack .../158-libfont-afm-perl_1.20-4_all.deb ...

2025-11-25T09:27:34.507435947Z [inf]  Unpacking libfont-afm-perl (1.20-4) ...

2025-11-25T09:27:34.522156952Z [inf]  Selecting previously unselected package libfontenc1:amd64.

2025-11-25T09:27:34.523665768Z [inf]  Preparing to unpack .../159-libfontenc1_1%3a1.1.4-1_amd64.deb ...

2025-11-25T09:27:34.524734935Z [inf]  Unpacking libfontenc1:amd64 (1:1.1.4-1) ...

2025-11-25T09:27:34.540607143Z [inf]  Selecting previously unselected package libgail18:amd64.

2025-11-25T09:27:34.542133009Z [inf]  Preparing to unpack .../160-libgail18_2.24.33-2+deb12u1_amd64.deb ...

2025-11-25T09:27:34.543318514Z [inf]  Unpacking libgail18:amd64 (2.24.33-2+deb12u1) ...

2025-11-25T09:27:34.556985589Z [inf]  Selecting previously unselected package libgail-common:amd64.

2025-11-25T09:27:34.55854735Z [inf]  Preparing to unpack .../161-libgail-common_2.24.33-2+deb12u1_amd64.deb ...

2025-11-25T09:27:34.5597262Z [inf]  Unpacking libgail-common:amd64 (2.24.33-2+deb12u1) ...

2025-11-25T09:27:34.583762315Z [inf]  Selecting previously unselected package libgdk-pixbuf-xlib-2.0-0:amd64.

2025-11-25T09:27:34.585434429Z [inf]  Preparing to unpack .../162-libgdk-pixbuf-xlib-2.0-0_2.40.2-2_amd64.deb ...

2025-11-25T09:27:34.586640547Z [inf]  Unpacking libgdk-pixbuf-xlib-2.0-0:amd64 (2.40.2-2) ...

2025-11-25T09:27:34.603726128Z [inf]  Selecting previously unselected package libgdk-pixbuf2.0-0:amd64.

2025-11-25T09:27:34.605241659Z [inf]  Preparing to unpack .../163-libgdk-pixbuf2.0-0_2.40.2-2_amd64.deb ...

2025-11-25T09:27:34.606392231Z [inf]  Unpacking libgdk-pixbuf2.0-0:amd64 (2.40.2-2) ...

2025-11-25T09:27:34.619072331Z [inf]  Selecting previously unselected package libgdk-pixbuf2.0-bin.

2025-11-25T09:27:34.620681384Z [inf]  Preparing to unpack .../164-libgdk-pixbuf2.0-bin_2.42.10+dfsg-1+deb12u2_amd64.deb ...

2025-11-25T09:27:34.621772327Z [inf]  Unpacking libgdk-pixbuf2.0-bin (2.42.10+dfsg-1+deb12u2) ...

2025-11-25T09:27:34.6377937Z [inf]  Selecting previously unselected package libglvnd0:amd64.

2025-11-25T09:27:34.639264688Z [inf]  Preparing to unpack .../165-libglvnd0_1.6.0-1_amd64.deb ...

2025-11-25T09:27:34.640416361Z [inf]  Unpacking libglvnd0:amd64 (1.6.0-1) ...

2025-11-25T09:27:34.658489013Z [inf]  Selecting previously unselected package libxcb-glx0:amd64.

2025-11-25T09:27:34.659911504Z [inf]  Preparing to unpack .../166-libxcb-glx0_1.15-1_amd64.deb ...

2025-11-25T09:27:34.660871966Z [inf]  Unpacking libxcb-glx0:amd64 (1.15-1) ...

2025-11-25T09:27:34.681947541Z [inf]  Selecting previously unselected package libxxf86vm1:amd64.

2025-11-25T09:27:34.683386751Z [inf]  Preparing to unpack .../167-libxxf86vm1_1%3a1.1.4-1+b2_amd64.deb ...

2025-11-25T09:27:34.690074762Z [inf]  Unpacking libxxf86vm1:amd64 (1:1.1.4-1+b2) ...

2025-11-25T09:27:34.706710237Z [inf]  Selecting previously unselected package libz3-4:amd64.

2025-11-25T09:27:34.70817458Z [inf]  Preparing to unpack .../168-libz3-4_4.8.12-3.1_amd64.deb ...

2025-11-25T09:27:34.709371704Z [inf]  Unpacking libz3-4:amd64 (4.8.12-3.1) ...

2025-11-25T09:27:35.195425763Z [inf]  Selecting previously unselected package libllvm15:amd64.

2025-11-25T09:27:35.196982566Z [inf]  Preparing to unpack .../169-libllvm15_1%3a15.0.6-4+b1_amd64.deb ...

2025-11-25T09:27:35.19828717Z [inf]  Unpacking libllvm15:amd64 (1:15.0.6-4+b1) ...

2025-11-25T09:27:35.831040597Z [inf]  Selecting previously unselected package libsensors-config.

2025-11-25T09:27:35.832569552Z [inf]  Preparing to unpack .../170-libsensors-config_1%3a3.6.0-7.1_all.deb ...

2025-11-25T09:27:35.833677999Z [inf]  Unpacking libsensors-config (1:3.6.0-7.1) ...

2025-11-25T09:27:35.847811918Z [inf]  Selecting previously unselected package libsensors5:amd64.

2025-11-25T09:27:35.849333478Z [inf]  Preparing to unpack .../171-libsensors5_1%3a3.6.0-7.1_amd64.deb ...

2025-11-25T09:27:35.869638765Z [inf]  Unpacking libsensors5:amd64 (1:3.6.0-7.1) ...

2025-11-25T09:27:35.884874315Z [inf]  Selecting previously unselected package libgl1-mesa-dri:amd64.

2025-11-25T09:27:35.886347992Z [inf]  Preparing to unpack .../172-libgl1-mesa-dri_22.3.6-1+deb12u1_amd64.deb ...

2025-11-25T09:27:35.890754506Z [inf]  Unpacking libgl1-mesa-dri:amd64 (22.3.6-1+deb12u1) ...

2025-11-25T09:27:36.336472667Z [inf]  Selecting previously unselected package libglx-mesa0:amd64.

2025-11-25T09:27:36.338062099Z [inf]  Preparing to unpack .../173-libglx-mesa0_22.3.6-1+deb12u1_amd64.deb ...

2025-11-25T09:27:36.339197476Z [inf]  Unpacking libglx-mesa0:amd64 (22.3.6-1+deb12u1) ...

2025-11-25T09:27:36.362083541Z [inf]  Selecting previously unselected package libglx0:amd64.

2025-11-25T09:27:36.363596007Z [inf]  Preparing to unpack .../174-libglx0_1.6.0-1_amd64.deb ...

2025-11-25T09:27:36.36476219Z [inf]  Unpacking libglx0:amd64 (1.6.0-1) ...

2025-11-25T09:27:36.381533912Z [inf]  Selecting previously unselected package libgl1:amd64.

2025-11-25T09:27:36.382807421Z [inf]  Preparing to unpack .../175-libgl1_1.6.0-1_amd64.deb ...

2025-11-25T09:27:36.383859661Z [inf]  Unpacking libgl1:amd64 (1.6.0-1) ...

2025-11-25T09:27:36.40307916Z [inf]  Selecting previously unselected package libgles2:amd64.

2025-11-25T09:27:36.404313305Z [inf]  Preparing to unpack .../176-libgles2_1.6.0-1_amd64.deb ...

2025-11-25T09:27:36.405373868Z [inf]  Unpacking libgles2:amd64 (1.6.0-1) ...

2025-11-25T09:27:36.418459418Z [inf]  Selecting previously unselected package libglib2.0-data.

2025-11-25T09:27:36.419637547Z [inf]  Preparing to unpack .../177-libglib2.0-data_2.74.6-2+deb12u7_all.deb ...

2025-11-25T09:27:36.420774877Z [inf]  Unpacking libglib2.0-data (2.74.6-2+deb12u7) ...

2025-11-25T09:27:36.517623059Z [inf]  Selecting previously unselected package libgpm2:amd64.

2025-11-25T09:27:36.519167519Z [inf]  Preparing to unpack .../178-libgpm2_1.20.7-10+b1_amd64.deb ...

2025-11-25T09:27:36.520266629Z [inf]  Unpacking libgpm2:amd64 (1.20.7-10+b1) ...

2025-11-25T09:27:36.534190077Z [inf]  Selecting previously unselected package libwayland-cursor0:amd64.

2025-11-25T09:27:36.535623441Z [inf]  Preparing to unpack .../179-libwayland-cursor0_1.21.0-1_amd64.deb ...

2025-11-25T09:27:36.536725767Z [inf]  Unpacking libwayland-cursor0:amd64 (1.21.0-1) ...

2025-11-25T09:27:36.550093303Z [inf]  Selecting previously unselected package libwayland-egl1:amd64.

2025-11-25T09:27:36.551425252Z [inf]  Preparing to unpack .../180-libwayland-egl1_1.21.0-1_amd64.deb ...

2025-11-25T09:27:36.552577085Z [inf]  Unpacking libwayland-egl1:amd64 (1.21.0-1) ...

2025-11-25T09:27:36.564677717Z [inf]  Selecting previously unselected package xkb-data.

2025-11-25T09:27:36.5660713Z [inf]  Preparing to unpack .../181-xkb-data_2.35.1-1_all.deb ...

2025-11-25T09:27:36.567094607Z [inf]  Unpacking xkb-data (2.35.1-1) ...

2025-11-25T09:27:36.638344804Z [inf]  Selecting previously unselected package libxkbcommon0:amd64.

2025-11-25T09:27:36.639931703Z [inf]  Preparing to unpack .../182-libxkbcommon0_1.5.0-1_amd64.deb ...

2025-11-25T09:27:36.640996778Z [inf]  Unpacking libxkbcommon0:amd64 (1.5.0-1) ...

2025-11-25T09:27:36.660928185Z [inf]  Selecting previously unselected package libgtk-3-common.

2025-11-25T09:27:36.66245295Z [inf]  Preparing to unpack .../183-libgtk-3-common_3.24.38-2~deb12u3_all.deb ...

2025-11-25T09:27:36.663511278Z [inf]  Unpacking libgtk-3-common (3.24.38-2~deb12u3) ...

2025-11-25T09:27:36.922741856Z [inf]  Selecting previously unselected package libgtk-3-0:amd64.

2025-11-25T09:27:36.925152888Z [inf]  Preparing to unpack .../184-libgtk-3-0_3.24.38-2~deb12u3_amd64.deb ...

2025-11-25T09:27:36.926535404Z [inf]  Unpacking libgtk-3-0:amd64 (3.24.38-2~deb12u3) ...

2025-11-25T09:27:37.118450134Z [inf]  Selecting previously unselected package libgtk-3-bin.

2025-11-25T09:27:37.119998638Z [inf]  Preparing to unpack .../185-libgtk-3-bin_3.24.38-2~deb12u3_amd64.deb ...

2025-11-25T09:27:37.121129409Z [inf]  Unpacking libgtk-3-bin (3.24.38-2~deb12u3) ...

2025-11-25T09:27:37.139477072Z [inf]  Selecting previously unselected package libgtk2.0-bin.

2025-11-25T09:27:37.141021861Z [inf]  Preparing to unpack .../186-libgtk2.0-bin_2.24.33-2+deb12u1_amd64.deb ...

2025-11-25T09:27:37.142126182Z [inf]  Unpacking libgtk2.0-bin (2.24.33-2+deb12u1) ...

2025-11-25T09:27:37.15521933Z [inf]  Selecting previously unselected package libhtml-tagset-perl.

2025-11-25T09:27:37.156798975Z [inf]  Preparing to unpack .../187-libhtml-tagset-perl_3.20-6_all.deb ...

2025-11-25T09:27:37.157877411Z [inf]  Unpacking libhtml-tagset-perl (3.20-6) ...

2025-11-25T09:27:37.17052775Z [inf]  Selecting previously unselected package libhtml-parser-perl:amd64.

2025-11-25T09:27:37.171878763Z [inf]  Preparing to unpack .../188-libhtml-parser-perl_3.81-1_amd64.deb ...

2025-11-25T09:27:37.172969043Z [inf]  Unpacking libhtml-parser-perl:amd64 (3.81-1) ...

2025-11-25T09:27:37.190941651Z [inf]  Selecting previously unselected package libio-html-perl.

2025-11-25T09:27:37.192267555Z [inf]  Preparing to unpack .../189-libio-html-perl_1.004-3_all.deb ...

2025-11-25T09:27:37.193282143Z [inf]  Unpacking libio-html-perl (1.004-3) ...

2025-11-25T09:27:37.205988401Z [inf]  Selecting previously unselected package liblwp-mediatypes-perl.

2025-11-25T09:27:37.207209356Z [inf]  Preparing to unpack .../190-liblwp-mediatypes-perl_6.04-2_all.deb ...

2025-11-25T09:27:37.208478293Z [inf]  Unpacking liblwp-mediatypes-perl (6.04-2) ...

2025-11-25T09:27:37.222165145Z [inf]  Selecting previously unselected package libhttp-message-perl.

2025-11-25T09:27:37.223371718Z [inf]  Preparing to unpack .../191-libhttp-message-perl_6.44-1_all.deb ...

2025-11-25T09:27:37.224397465Z [inf]  Unpacking libhttp-message-perl (6.44-1) ...

2025-11-25T09:27:37.241444682Z [inf]  Selecting previously unselected package libhtml-form-perl.

2025-11-25T09:27:37.242675647Z [inf]  Preparing to unpack .../192-libhtml-form-perl_6.11-1_all.deb ...

2025-11-25T09:27:37.243765885Z [inf]  Unpacking libhtml-form-perl (6.11-1) ...

2025-11-25T09:27:37.257894345Z [inf]  Selecting previously unselected package libhtml-tree-perl.

2025-11-25T09:27:37.259113412Z [inf]  Preparing to unpack .../193-libhtml-tree-perl_5.07-3_all.deb ...

2025-11-25T09:27:37.260236769Z [inf]  Unpacking libhtml-tree-perl (5.07-3) ...

2025-11-25T09:27:37.284694649Z [inf]  Selecting previously unselected package libhtml-format-perl.

2025-11-25T09:27:37.285947541Z [inf]  Preparing to unpack .../194-libhtml-format-perl_2.16-2_all.deb ...

2025-11-25T09:27:37.287010105Z [inf]  Unpacking libhtml-format-perl (2.16-2) ...

2025-11-25T09:27:37.301472058Z [inf]  Selecting previously unselected package libhttp-cookies-perl.

2025-11-25T09:27:37.302733586Z [inf]  Preparing to unpack .../195-libhttp-cookies-perl_6.10-1_all.deb ...

2025-11-25T09:27:37.303830639Z [inf]  Unpacking libhttp-cookies-perl (6.10-1) ...

2025-11-25T09:27:37.316715721Z [inf]  Selecting previously unselected package libhttp-daemon-perl.

2025-11-25T09:27:37.318015178Z [inf]  Preparing to unpack .../196-libhttp-daemon-perl_6.16-1_all.deb ...

2025-11-25T09:27:37.31903247Z [inf]  Unpacking libhttp-daemon-perl (6.16-1) ...

2025-11-25T09:27:37.331869296Z [inf]  Selecting previously unselected package libhttp-negotiate-perl.

2025-11-25T09:27:37.333142023Z [inf]  Preparing to unpack .../197-libhttp-negotiate-perl_6.01-2_all.deb ...

2025-11-25T09:27:37.334185443Z [inf]  Unpacking libhttp-negotiate-perl (6.01-2) ...

2025-11-25T09:27:37.348351755Z [inf]  Selecting previously unselected package libice6:amd64.

2025-11-25T09:27:37.349679627Z [inf]  Preparing to unpack .../198-libice6_2%3a1.0.10-1_amd64.deb ...

2025-11-25T09:27:37.350823036Z [inf]  Unpacking libice6:amd64 (2:1.0.10-1) ...

2025-11-25T09:27:37.366684335Z [inf]  Selecting previously unselected package perl-openssl-defaults:amd64.

2025-11-25T09:27:37.36814041Z [inf]  Preparing to unpack .../199-perl-openssl-defaults_7+b1_amd64.deb ...

2025-11-25T09:27:37.369315581Z [inf]  Unpacking perl-openssl-defaults:amd64 (7+b1) ...

2025-11-25T09:27:37.382454464Z [inf]  Selecting previously unselected package libnet-ssleay-perl:amd64.

2025-11-25T09:27:37.38387038Z [inf]  Preparing to unpack .../200-libnet-ssleay-perl_1.92-2+b1_amd64.deb ...

2025-11-25T09:27:37.384993885Z [inf]  Unpacking libnet-ssleay-perl:amd64 (1.92-2+b1) ...

2025-11-25T09:27:37.415951466Z [inf]  Selecting previously unselected package libio-socket-ssl-perl.

2025-11-25T09:27:37.417413322Z [inf]  Preparing to unpack .../201-libio-socket-ssl-perl_2.081-2_all.deb ...

2025-11-25T09:27:37.418507031Z [inf]  Unpacking libio-socket-ssl-perl (2.081-2) ...

2025-11-25T09:27:37.444541068Z [inf]  Selecting previously unselected package libio-stringy-perl.

2025-11-25T09:27:37.446027239Z [inf]  Preparing to unpack .../202-libio-stringy-perl_2.111-3_all.deb ...

2025-11-25T09:27:37.447151187Z [inf]  Unpacking libio-stringy-perl (2.111-3) ...

2025-11-25T09:27:37.46278648Z [inf]  Selecting previously unselected package libldap-common.

2025-11-25T09:27:37.464307601Z [inf]  Preparing to unpack .../203-libldap-common_2.5.13+dfsg-5_all.deb ...

2025-11-25T09:27:37.465358722Z [inf]  Unpacking libldap-common (2.5.13+dfsg-5) ...

2025-11-25T09:27:37.478858348Z [inf]  Selecting previously unselected package libnet-http-perl.

2025-11-25T09:27:37.480271627Z [inf]  Preparing to unpack .../204-libnet-http-perl_6.22-1_all.deb ...

2025-11-25T09:27:37.481293383Z [inf]  Unpacking libnet-http-perl (6.22-1) ...

2025-11-25T09:27:37.494769175Z [inf]  Selecting previously unselected package libtry-tiny-perl.

2025-11-25T09:27:37.496386069Z [inf]  Preparing to unpack .../205-libtry-tiny-perl_0.31-2_all.deb ...

2025-11-25T09:27:37.497519632Z [inf]  Unpacking libtry-tiny-perl (0.31-2) ...

2025-11-25T09:27:37.510567596Z [inf]  Selecting previously unselected package libwww-robotrules-perl.

2025-11-25T09:27:37.512050421Z [inf]  Preparing to unpack .../206-libwww-robotrules-perl_6.02-1_all.deb ...

2025-11-25T09:27:37.513177174Z [inf]  Unpacking libwww-robotrules-perl (6.02-1) ...

2025-11-25T09:27:37.525662301Z [inf]  Selecting previously unselected package libwww-perl.

2025-11-25T09:27:37.527002557Z [inf]  Preparing to unpack .../207-libwww-perl_6.68-1_all.deb ...

2025-11-25T09:27:37.528107405Z [inf]  Unpacking libwww-perl (6.68-1) ...

2025-11-25T09:27:37.553295132Z [inf]  Selecting previously unselected package liblwp-protocol-https-perl.

2025-11-25T09:27:37.554827624Z [inf]  Preparing to unpack .../208-liblwp-protocol-https-perl_6.10-1_all.deb ...

2025-11-25T09:27:37.556063177Z [inf]  Unpacking liblwp-protocol-https-perl (6.10-1) ...

2025-11-25T09:27:37.569057762Z [inf]  Selecting previously unselected package libnet-smtp-ssl-perl.

2025-11-25T09:27:37.570531794Z [inf]  Preparing to unpack .../209-libnet-smtp-ssl-perl_1.04-2_all.deb ...

2025-11-25T09:27:37.571573826Z [inf]  Unpacking libnet-smtp-ssl-perl (1.04-2) ...

2025-11-25T09:27:37.583848688Z [inf]  Selecting previously unselected package libmailtools-perl.

2025-11-25T09:27:37.585403099Z [inf]  Preparing to unpack .../210-libmailtools-perl_2.21-2_all.deb ...

2025-11-25T09:27:37.586569517Z [inf]  Unpacking libmailtools-perl (2.21-2) ...

2025-11-25T09:27:37.605756239Z [inf]  Selecting previously unselected package libxml-parser-perl.

2025-11-25T09:27:37.60725289Z [inf]  Preparing to unpack .../211-libxml-parser-perl_2.46-4_amd64.deb ...

2025-11-25T09:27:37.608351163Z [inf]  Unpacking libxml-parser-perl (2.46-4) ...

2025-11-25T09:27:37.633527088Z [inf]  Selecting previously unselected package libxml-twig-perl.

2025-11-25T09:27:37.635050972Z [inf]  Preparing to unpack .../212-libxml-twig-perl_1%3a3.52-2_all.deb ...

2025-11-25T09:27:37.63629553Z [inf]  Unpacking libxml-twig-perl (1:3.52-2) ...

2025-11-25T09:27:37.659282238Z [inf]  Selecting previously unselected package libnet-dbus-perl.

2025-11-25T09:27:37.660915662Z [inf]  Preparing to unpack .../213-libnet-dbus-perl_1.2.0-2_amd64.deb ...

2025-11-25T09:27:37.661983231Z [inf]  Unpacking libnet-dbus-perl (1.2.0-2) ...

2025-11-25T09:27:37.686201101Z [inf]  Selecting previously unselected package libnspr4:amd64.

2025-11-25T09:27:37.687769323Z [inf]  Preparing to unpack .../214-libnspr4_2%3a4.35-1_amd64.deb ...

2025-11-25T09:27:37.688781847Z [inf]  Unpacking libnspr4:amd64 (2:4.35-1) ...

2025-11-25T09:27:37.710027165Z [inf]  Selecting previously unselected package libsqlite3-0:amd64.

2025-11-25T09:27:37.711657094Z [inf]  Preparing to unpack .../215-libsqlite3-0_3.40.1-2+deb12u2_amd64.deb ...

2025-11-25T09:27:37.712778755Z [inf]  Unpacking libsqlite3-0:amd64 (3.40.1-2+deb12u2) ...

2025-11-25T09:27:37.766309377Z [inf]  Selecting previously unselected package libnss3:amd64.

2025-11-25T09:27:37.767985734Z [inf]  Preparing to unpack .../216-libnss3_2%3a3.87.1-1+deb12u1_amd64.deb ...

2025-11-25T09:27:37.769167445Z [inf]  Unpacking libnss3:amd64 (2:3.87.1-1+deb12u1) ...

2025-11-25T09:27:37.867500006Z [inf]  Selecting previously unselected package librsvg2-2:amd64.

2025-11-25T09:27:37.869176346Z [inf]  Preparing to unpack .../217-librsvg2-2_2.54.7+dfsg-1~deb12u1_amd64.deb ...

2025-11-25T09:27:37.870253377Z [inf]  Unpacking librsvg2-2:amd64 (2.54.7+dfsg-1~deb12u1) ...

2025-11-25T09:27:38.061882285Z [inf]  Selecting previously unselected package librsvg2-common:amd64.

2025-11-25T09:27:38.06351678Z [inf]  Preparing to unpack .../218-librsvg2-common_2.54.7+dfsg-1~deb12u1_amd64.deb ...

2025-11-25T09:27:38.06463706Z [inf]  Unpacking librsvg2-common:amd64 (2.54.7+dfsg-1~deb12u1) ...

2025-11-25T09:27:38.080454658Z [inf]  Selecting previously unselected package libsasl2-modules:amd64.

2025-11-25T09:27:38.082065184Z [inf]  Preparing to unpack .../219-libsasl2-modules_2.1.28+dfsg-10_amd64.deb ...

2025-11-25T09:27:38.087135182Z [inf]  Unpacking libsasl2-modules:amd64 (2.1.28+dfsg-10) ...

2025-11-25T09:27:38.104900572Z [inf]  Selecting previously unselected package libsm6:amd64.

2025-11-25T09:27:38.106532256Z [inf]  Preparing to unpack .../220-libsm6_2%3a1.2.3-1_amd64.deb ...

2025-11-25T09:27:38.107515655Z [inf]  Unpacking libsm6:amd64 (2:1.2.3-1) ...

2025-11-25T09:27:38.12138176Z [inf]  Selecting previously unselected package libtext-iconv-perl:amd64.

2025-11-25T09:27:38.122939639Z [inf]  Preparing to unpack .../221-libtext-iconv-perl_1.7-8_amd64.deb ...

2025-11-25T09:27:38.123894757Z [inf]  Unpacking libtext-iconv-perl:amd64 (1.7-8) ...

2025-11-25T09:27:38.137152058Z [inf]  Selecting previously unselected package libtie-ixhash-perl.

2025-11-25T09:27:38.138629618Z [inf]  Preparing to unpack .../222-libtie-ixhash-perl_1.23-4_all.deb ...

2025-11-25T09:27:38.139684069Z [inf]  Unpacking libtie-ixhash-perl (1.23-4) ...

2025-11-25T09:27:38.152783249Z [inf]  Selecting previously unselected package libunwind8:amd64.

2025-11-25T09:27:38.154233337Z [inf]  Preparing to unpack .../223-libunwind8_1.6.2-3_amd64.deb ...

2025-11-25T09:27:38.155295899Z [inf]  Unpacking libunwind8:amd64 (1.6.2-3) ...

2025-11-25T09:27:38.17060716Z [inf]  Selecting previously unselected package libx11-protocol-perl.

2025-11-25T09:27:38.172059387Z [inf]  Preparing to unpack .../224-libx11-protocol-perl_0.56-9_all.deb ...

2025-11-25T09:27:38.173114553Z [inf]  Unpacking libx11-protocol-perl (0.56-9) ...

2025-11-25T09:27:38.193377123Z [inf]  Selecting previously unselected package libxt6:amd64.

2025-11-25T09:27:38.194796668Z [inf]  Preparing to unpack .../225-libxt6_1%3a1.2.1-1.1_amd64.deb ...

2025-11-25T09:27:38.195961453Z [inf]  Unpacking libxt6:amd64 (1:1.2.1-1.1) ...

2025-11-25T09:27:38.220237233Z [inf]  Selecting previously unselected package libxmu6:amd64.

2025-11-25T09:27:38.221660007Z [inf]  Preparing to unpack .../226-libxmu6_2%3a1.1.3-3_amd64.deb ...

2025-11-25T09:27:38.222620297Z [inf]  Unpacking libxmu6:amd64 (2:1.1.3-3) ...

2025-11-25T09:27:38.238421709Z [inf]  Selecting previously unselected package libxpm4:amd64.

2025-11-25T09:27:38.239772099Z [inf]  Preparing to unpack .../227-libxpm4_1%3a3.5.12-1.1+deb12u1_amd64.deb ...

2025-11-25T09:27:38.24075439Z [inf]  Unpacking libxpm4:amd64 (1:3.5.12-1.1+deb12u1) ...

2025-11-25T09:27:38.255649522Z [inf]  Selecting previously unselected package libxaw7:amd64.

2025-11-25T09:27:38.256947148Z [inf]  Preparing to unpack .../228-libxaw7_2%3a1.0.14-1_amd64.deb ...

2025-11-25T09:27:38.257899305Z [inf]  Unpacking libxaw7:amd64 (2:1.0.14-1) ...

2025-11-25T09:27:38.28360774Z [inf]  Selecting previously unselected package libxcb-shape0:amd64.

2025-11-25T09:27:38.284987855Z [inf]  Preparing to unpack .../229-libxcb-shape0_1.15-1_amd64.deb ...

2025-11-25T09:27:38.286013773Z [inf]  Unpacking libxcb-shape0:amd64 (1.15-1) ...

2025-11-25T09:27:38.305061214Z [inf]  Selecting previously unselected package libxfont2:amd64.

2025-11-25T09:27:38.306408363Z [inf]  Preparing to unpack .../230-libxfont2_1%3a2.0.6-1_amd64.deb ...

2025-11-25T09:27:38.307481698Z [inf]  Unpacking libxfont2:amd64 (1:2.0.6-1) ...

2025-11-25T09:27:38.329133136Z [inf]  Selecting previously unselected package libxft2:amd64.

2025-11-25T09:27:38.330499091Z [inf]  Preparing to unpack .../231-libxft2_2.3.6-1_amd64.deb ...

2025-11-25T09:27:38.331403497Z [inf]  Unpacking libxft2:amd64 (2.3.6-1) ...

2025-11-25T09:27:38.347293938Z [inf]  Selecting previously unselected package libxkbfile1:amd64.

2025-11-25T09:27:38.348674648Z [inf]  Preparing to unpack .../232-libxkbfile1_1%3a1.1.0-1_amd64.deb ...

2025-11-25T09:27:38.349669684Z [inf]  Unpacking libxkbfile1:amd64 (1:1.1.0-1) ...

2025-11-25T09:27:38.36584686Z [inf]  Selecting previously unselected package libxml-xpathengine-perl.

2025-11-25T09:27:38.367183918Z [inf]  Preparing to unpack .../233-libxml-xpathengine-perl_0.14-2_all.deb ...

2025-11-25T09:27:38.368123822Z [inf]  Unpacking libxml-xpathengine-perl (0.14-2) ...

2025-11-25T09:27:38.382658308Z [inf]  Selecting previously unselected package libxmuu1:amd64.

2025-11-25T09:27:38.384007939Z [inf]  Preparing to unpack .../234-libxmuu1_2%3a1.1.3-3_amd64.deb ...

2025-11-25T09:27:38.384994629Z [inf]  Unpacking libxmuu1:amd64 (2:1.1.3-3) ...

2025-11-25T09:27:38.398614257Z [inf]  Selecting previously unselected package libxss1:amd64.

2025-11-25T09:27:38.399878853Z [inf]  Preparing to unpack .../235-libxss1_1%3a1.2.3-1_amd64.deb ...

2025-11-25T09:27:38.400907752Z [inf]  Unpacking libxss1:amd64 (1:1.2.3-1) ...

2025-11-25T09:27:38.414228Z [inf]  Selecting previously unselected package libxv1:amd64.

2025-11-25T09:27:38.415518922Z [inf]  Preparing to unpack .../236-libxv1_2%3a1.0.11-1.1_amd64.deb ...

2025-11-25T09:27:38.416892463Z [inf]  Unpacking libxv1:amd64 (2:1.0.11-1.1) ...

2025-11-25T09:27:38.430266415Z [inf]  Selecting previously unselected package libxxf86dga1:amd64.

2025-11-25T09:27:38.431561385Z [inf]  Preparing to unpack .../237-libxxf86dga1_2%3a1.1.5-1_amd64.deb ...

2025-11-25T09:27:38.432558305Z [inf]  Unpacking libxxf86dga1:amd64 (2:1.1.5-1) ...

2025-11-25T09:27:38.444846269Z [inf]  Selecting previously unselected package lsb-release.

2025-11-25T09:27:38.446133022Z [inf]  Preparing to unpack .../238-lsb-release_12.0-1_all.deb ...

2025-11-25T09:27:38.447051681Z [inf]  Unpacking lsb-release (12.0-1) ...

2025-11-25T09:27:38.459508958Z [inf]  Selecting previously unselected package psmisc.

2025-11-25T09:27:38.460834351Z [inf]  Preparing to unpack .../239-psmisc_23.6-1_amd64.deb ...

2025-11-25T09:27:38.461740896Z [inf]  Unpacking psmisc (23.6-1) ...

2025-11-25T09:27:38.491279318Z [inf]  Selecting previously unselected package publicsuffix.

2025-11-25T09:27:38.492724273Z [inf]  Preparing to unpack .../240-publicsuffix_20230209.2326-1_all.deb ...

2025-11-25T09:27:38.493634986Z [inf]  Unpacking publicsuffix (20230209.2326-1) ...

2025-11-25T09:27:38.514370889Z [inf]  Selecting previously unselected package x11-utils.

2025-11-25T09:27:38.515789025Z [inf]  Preparing to unpack .../241-x11-utils_7.7+5_amd64.deb ...

2025-11-25T09:27:38.516770332Z [inf]  Unpacking x11-utils (7.7+5) ...

2025-11-25T09:27:38.541515787Z [inf]  Selecting previously unselected package x11-xkb-utils.

2025-11-25T09:27:38.542859595Z [inf]  Preparing to unpack .../242-x11-xkb-utils_7.7+7_amd64.deb ...

2025-11-25T09:27:38.543876403Z [inf]  Unpacking x11-xkb-utils (7.7+7) ...

2025-11-25T09:27:38.568376799Z [inf]  Selecting previously unselected package x11-xserver-utils.

2025-11-25T09:27:38.569707821Z [inf]  Preparing to unpack .../243-x11-xserver-utils_7.7+9+b1_amd64.deb ...

2025-11-25T09:27:38.570719823Z [inf]  Unpacking x11-xserver-utils (7.7+9+b1) ...

2025-11-25T09:27:38.593959539Z [inf]  Selecting previously unselected package xauth.

2025-11-25T09:27:38.595178598Z [inf]  Preparing to unpack .../244-xauth_1%3a1.1.2-1_amd64.deb ...

2025-11-25T09:27:38.596387999Z [inf]  Unpacking xauth (1:1.1.2-1) ...

2025-11-25T09:27:38.61334112Z [inf]  Selecting previously unselected package xdg-user-dirs.

2025-11-25T09:27:38.614610557Z [inf]  Preparing to unpack .../245-xdg-user-dirs_0.18-1_amd64.deb ...

2025-11-25T09:27:38.618318936Z [inf]  Unpacking xdg-user-dirs (0.18-1) ...

2025-11-25T09:27:38.637755744Z [inf]  Selecting previously unselected package xdg-utils.

2025-11-25T09:27:38.639055432Z [inf]  Preparing to unpack .../246-xdg-utils_1.1.3-4.1_all.deb ...

2025-11-25T09:27:38.640144272Z [inf]  Unpacking xdg-utils (1.1.3-4.1) ...

2025-11-25T09:27:38.656824608Z [inf]  Selecting previously unselected package xfonts-encodings.

2025-11-25T09:27:38.658079154Z [inf]  Preparing to unpack .../247-xfonts-encodings_1%3a1.0.4-2.2_all.deb ...

2025-11-25T09:27:38.659069918Z [inf]  Unpacking xfonts-encodings (1:1.0.4-2.2) ...

2025-11-25T09:27:38.709637686Z [inf]  Selecting previously unselected package xfonts-utils.

2025-11-25T09:27:38.711031175Z [inf]  Preparing to unpack .../248-xfonts-utils_1%3a7.7+6_amd64.deb ...

2025-11-25T09:27:38.712266623Z [inf]  Unpacking xfonts-utils (1:7.7+6) ...

2025-11-25T09:27:38.733909054Z [inf]  Selecting previously unselected package xfonts-base.

2025-11-25T09:27:38.735461827Z [inf]  Preparing to unpack .../249-xfonts-base_1%3a1.0.5+nmu1_all.deb ...

2025-11-25T09:27:38.736688488Z [inf]  Unpacking xfonts-base (1:1.0.5+nmu1) ...

2025-11-25T09:27:39.001986331Z [inf]  Selecting previously unselected package xserver-common.

2025-11-25T09:27:39.003682086Z [inf]  Preparing to unpack .../250-xserver-common_2%3a21.1.7-3+deb12u11_all.deb ...

2025-11-25T09:27:39.004645059Z [inf]  Unpacking xserver-common (2:21.1.7-3+deb12u11) ...

2025-11-25T09:27:39.033226642Z [inf]  Selecting previously unselected package xvfb.

2025-11-25T09:27:39.034812667Z [inf]  Preparing to unpack .../251-xvfb_2%3a21.1.7-3+deb12u11_amd64.deb ...

2025-11-25T09:27:39.035904892Z [inf]  Unpacking xvfb (2:21.1.7-3+deb12u11) ...

2025-11-25T09:27:39.104402642Z [inf]  Selecting previously unselected package libegl1:amd64.

2025-11-25T09:27:39.106200243Z [inf]  Preparing to unpack .../252-libegl1_1.6.0-1_amd64.deb ...

2025-11-25T09:27:39.107455265Z [inf]  Unpacking libegl1:amd64 (1.6.0-1) ...

2025-11-25T09:27:39.123271412Z [inf]  Selecting previously unselected package zutty.

2025-11-25T09:27:39.124904553Z [inf]  Preparing to unpack .../253-zutty_0.14.0.20230218+dfsg1-1_amd64.deb ...

2025-11-25T09:27:39.126076972Z [inf]  Unpacking zutty (0.14.0.20230218+dfsg1-1) ...

2025-11-25T09:27:39.157215364Z [inf]  Setting up libexpat1:amd64 (2.5.0-1+deb12u2) ...

2025-11-25T09:27:39.160156788Z [inf]  Setting up libtext-iconv-perl:amd64 (1.7-8) ...

2025-11-25T09:27:39.162970926Z [inf]  Setting up libgraphite2-3:amd64 (1.3.14-1) ...

2025-11-25T09:27:39.16571471Z [inf]  Setting up liblcms2-2:amd64 (2.14-2) ...

2025-11-25T09:27:39.168497415Z [inf]  Setting up libpixman-1-0:amd64 (0.42.2-1) ...

2025-11-25T09:27:39.171496279Z [inf]  Setting up libwayland-server0:amd64 (1.21.0-1) ...

2025-11-25T09:27:39.174236613Z [inf]  Setting up libpciaccess0:amd64 (0.17-2) ...

2025-11-25T09:27:39.176959928Z [inf]  Setting up systemd-sysv (252.39-1~deb12u1) ...

2025-11-25T09:27:39.18098165Z [inf]  Setting up libxau6:amd64 (1:1.0.9-1) ...

2025-11-25T09:27:39.183907033Z [inf]  Setting up libkeyutils1:amd64 (1.6.3-2) ...

2025-11-25T09:27:39.186797064Z [inf]  Setting up libpsl5:amd64 (0.21.2-1) ...

2025-11-25T09:27:39.18975567Z [inf]  Setting up libgpm2:amd64 (1.20.7-10+b1) ...

2025-11-25T09:27:39.192596705Z [inf]  Setting up libicu72:amd64 (72.1-3+deb12u1) ...

2025-11-25T09:27:39.195459035Z [inf]  Setting up liblerc4:amd64 (4.0.0+ds-2) ...

2025-11-25T09:27:39.19835014Z [inf]  Setting up wget (1.21.3-1+deb12u1) ...

2025-11-25T09:27:39.202095509Z [inf]  Setting up hicolor-icon-theme (0.17-2) ...

2025-11-25T09:27:39.213043992Z [inf]  Setting up libdatrie1:amd64 (0.2.13-2+b1) ...

2025-11-25T09:27:39.216279305Z [inf]  Setting up xdg-user-dirs (0.18-1) ...

2025-11-25T09:27:39.224257202Z [inf]  Setting up psmisc (23.6-1) ...

2025-11-25T09:27:39.227780791Z [inf]  Setting up libglib2.0-0:amd64 (2.74.6-2+deb12u7) ...

2025-11-25T09:27:39.239345888Z [inf]  Setting up libglvnd0:amd64 (1.6.0-1) ...

2025-11-25T09:27:39.242009174Z [inf]  Setting up libdbusmenu-glib4:amd64 (18.10.20180917~bzr492+repack1-3) ...

2025-11-25T09:27:39.244586478Z [inf]  Setting up libbrotli1:amd64 (1.0.9-2+b6) ...

2025-11-25T09:27:39.247205534Z [inf]  Setting up libsqlite3-0:amd64 (3.40.1-2+deb12u2) ...

2025-11-25T09:27:39.250134099Z [inf]  Setting up libsasl2-modules:amd64 (2.1.28+dfsg-10) ...

2025-11-25T09:27:39.256248798Z [inf]  Setting up libgdk-pixbuf2.0-common (2.42.10+dfsg-1+deb12u2) ...

2025-11-25T09:27:39.258857036Z [inf]  Setting up x11-common (1:7.7+23) ...

2025-11-25T09:27:39.334222169Z [inf]  debconf: unable to initialize frontend: Dialog
debconf: (TERM is not set, so the dialog frontend is not usable.)
debconf: falling back to frontend: Readline

2025-11-25T09:27:39.339455896Z [inf]  debconf: unable to initialize frontend: Readline
debconf: (This frontend requires a controlling tty.)
debconf: falling back to frontend: Teletype

2025-11-25T09:27:39.357254481Z [inf]  invoke-rc.d: could not determine current runlevel

2025-11-25T09:27:39.360115344Z [inf]  invoke-rc.d: policy-rc.d denied execution of restart.

2025-11-25T09:27:39.363493123Z [inf]  Setting up libsensors-config (1:3.6.0-7.1) ...

2025-11-25T09:27:39.368305783Z [inf]  Setting up libdeflate0:amd64 (1.14-1) ...

2025-11-25T09:27:39.371119289Z [inf]  Setting up perl-openssl-defaults:amd64 (7+b1) ...

2025-11-25T09:27:39.373784767Z [inf]  Setting up libnss-systemd:amd64 (252.39-1~deb12u1) ...

2025-11-25T09:27:39.382986675Z [inf]  Setting up xkb-data (2.35.1-1) ...

2025-11-25T09:27:39.38596824Z [inf]  Setting up krb5-locales (1.20.1-2+deb12u4) ...

2025-11-25T09:27:39.388755671Z [inf]  Setting up libldap-common (2.5.13+dfsg-5) ...

2025-11-25T09:27:39.392391593Z [inf]  Setting up libunwind8:amd64 (1.6.2-3) ...

2025-11-25T09:27:39.395052736Z [inf]  Setting up libjbig0:amd64 (2.1-6.1) ...

2025-11-25T09:27:39.397606562Z [inf]  Setting up libcolord2:amd64 (1.4.6-2.2) ...

2025-11-25T09:27:39.400203765Z [inf]  Setting up libkrb5support0:amd64 (1.20.1-2+deb12u4) ...

2025-11-25T09:27:39.402818352Z [inf]  Setting up libsasl2-modules-db:amd64 (2.1.28+dfsg-10) ...

2025-11-25T09:27:39.405775859Z [inf]  Setting up libdconf1:amd64 (0.40.0-4) ...

2025-11-25T09:27:39.408613716Z [inf]  Setting up libasound2-data (1.2.8-1) ...

2025-11-25T09:27:39.411309296Z [inf]  Setting up libfontenc1:amd64 (1:1.1.4-1) ...

2025-11-25T09:27:39.414013332Z [inf]  Setting up perl-modules-5.36 (5.36.0-7+deb12u3) ...

2025-11-25T09:27:39.416916655Z [inf]  Setting up libz3-4:amd64 (4.8.12-3.1) ...

2025-11-25T09:27:39.419729784Z [inf]  Setting up libglib2.0-data (2.74.6-2+deb12u7) ...

2025-11-25T09:27:39.422303132Z [inf]  Setting up libgles2:amd64 (1.6.0-1) ...

2025-11-25T09:27:39.425014893Z [inf]  Setting up libjpeg62-turbo:amd64 (1:2.1.5-2) ...

2025-11-25T09:27:39.427790324Z [inf]  Setting up libx11-data (2:1.8.4-2+deb12u2) ...

2025-11-25T09:27:39.430329197Z [inf]  Setting up libepoxy0:amd64 (1.5.10-1) ...

2025-11-25T09:27:39.4333184Z [inf]  Setting up libmpfr6:amd64 (4.2.0-1) ...

2025-11-25T09:27:39.436141347Z [inf]  Setting up libnspr4:amd64 (2:4.35-1) ...

2025-11-25T09:27:39.438749343Z [inf]  Setting up libavahi-common-data:amd64 (0.8-10+deb12u1) ...

2025-11-25T09:27:39.441522239Z [inf]  Setting up libdbus-1-3:amd64 (1.14.10-1~deb12u1) ...

2025-11-25T09:27:39.444264661Z [inf]  Setting up xfonts-encodings (1:1.0.4-2.2) ...

2025-11-25T09:27:39.446891092Z [inf]  Setting up libfribidi0:amd64 (1.0.8-2.1) ...

2025-11-25T09:27:39.449480435Z [inf]  Setting up libproc2-0:amd64 (2:4.0.2-3) ...

2025-11-25T09:27:39.452493895Z [inf]  Setting up libpng16-16:amd64 (1.6.39-2) ...

2025-11-25T09:27:39.45507682Z [inf]  Setting up libmpc3:amd64 (1.3.1-1) ...

2025-11-25T09:27:39.457760555Z [inf]  Setting up systemd-timesyncd (252.39-1~deb12u1) ...

2025-11-25T09:27:39.466034082Z [inf]  Creating group 'systemd-timesync' with GID 997.

2025-11-25T09:27:39.466169413Z [inf]  Creating user 'systemd-timesync' (systemd Time Synchronization) with UID 997 and GID 997.

2025-11-25T09:27:39.56231198Z [inf]  Created symlink /etc/systemd/system/dbus-org.freedesktop.timesync1.service  /lib/systemd/system/systemd-timesyncd.service.
Created symlink /etc/systemd/system/sysinit.target.wants/systemd-timesyncd.service  /lib/systemd/system/systemd-timesyncd.service.

2025-11-25T09:27:39.565308187Z [inf]  Setting up libatomic1:amd64 (12.2.0-14+deb12u1) ...

2025-11-25T09:27:39.568025604Z [inf]  Setting up libsensors5:amd64 (1:3.6.0-7.1) ...

2025-11-25T09:27:39.570774241Z [inf]  Setting up libncursesw6:amd64 (6.4-4) ...

2025-11-25T09:27:39.573570059Z [inf]  Setting up libk5crypto3:amd64 (1.20.1-2+deb12u4) ...

2025-11-25T09:27:39.576210502Z [inf]  Setting up libglapi-mesa:amd64 (22.3.6-1+deb12u1) ...

2025-11-25T09:27:39.579149945Z [inf]  Setting up libsasl2-2:amd64 (2.1.28+dfsg-10) ...

2025-11-25T09:27:39.581816399Z [inf]  Setting up libwebp7:amd64 (1.2.4-0.2+deb12u1) ...

2025-11-25T09:27:39.584712684Z [inf]  Setting up alsa-topology-conf (1.2.5.1-2) ...

2025-11-25T09:27:39.587536914Z [inf]  Setting up sensible-utils (0.0.17+nmu1) ...

2025-11-25T09:27:39.590167149Z [inf]  Setting up libxshmfence1:amd64 (1.3-1) ...

2025-11-25T09:27:39.592825489Z [inf]  Setting up at-spi2-common (2.46.0-5) ...

2025-11-25T09:27:39.595816903Z [inf]  Setting up libtiff6:amd64 (4.5.0-6+deb12u3) ...

2025-11-25T09:27:39.59886187Z [inf]  Setting up dbus-session-bus-common (1.14.10-1~deb12u1) ...

2025-11-25T09:27:39.601863005Z [inf]  Setting up procps (2:4.0.2-3) ...

2025-11-25T09:27:39.62244249Z [inf]  Setting up libasound2:amd64 (1.2.8-1+b1) ...

2025-11-25T09:27:39.62540717Z [inf]  Setting up fonts-liberation (1:1.07.4-11) ...

2025-11-25T09:27:39.633994655Z [inf]  Setting up libthai-data (0.1.29-1) ...

2025-11-25T09:27:39.636902782Z [inf]  Setting up netbase (6.4) ...

2025-11-25T09:27:39.644952752Z [inf]  Setting up libgtk2.0-common (2.24.33-2+deb12u1) ...

2025-11-25T09:27:39.648260531Z [inf]  Setting up libatk1.0-0:amd64 (2.46.0-5) ...

2025-11-25T09:27:39.650715094Z [inf]  Setting up libkrb5-3:amd64 (1.20.1-2+deb12u4) ...

2025-11-25T09:27:39.653153602Z [inf]  Setting up libwayland-egl1:amd64 (1.21.0-1) ...

2025-11-25T09:27:39.655816881Z [inf]  Setting up lsb-release (12.0-1) ...

2025-11-25T09:27:39.658128915Z [inf]  Setting up dbus-system-bus-common (1.14.10-1~deb12u1) ...

2025-11-25T09:27:39.704312003Z [inf]  Setting up libisl23:amd64 (0.25-1.1) ...

2025-11-25T09:27:39.707159221Z [inf]  Setting up libbsd0:amd64 (0.11.7-2) ...

2025-11-25T09:27:39.709688661Z [inf]  Setting up libdrm-common (2.4.114-1) ...

2025-11-25T09:27:39.712031735Z [inf]  Setting up libelf1:amd64 (0.188-2.1) ...

2025-11-25T09:27:39.714435547Z [inf]  Setting up publicsuffix (20230209.2326-1) ...

2025-11-25T09:27:39.716724081Z [inf]  Setting up libxml2:amd64 (2.9.14+dfsg-1.3~deb12u4) ...

2025-11-25T09:27:39.719163231Z [inf]  Setting up xdg-utils (1.1.3-4.1) ...

2025-11-25T09:27:39.723055524Z [inf]  update-alternatives: using /usr/bin/xdg-open to provide /usr/bin/open (open) in auto mode

2025-11-25T09:27:39.723167972Z [inf]  update-alternatives: warning: skip creation of /usr/share/man/man1/open.1.gz because associated file /usr/share/man/man1/xdg-open.1.gz (of link group open) doesn't exist

2025-11-25T09:27:39.725080957Z [inf]  Setting up dbus-bin (1.14.10-1~deb12u1) ...

2025-11-25T09:27:39.727897621Z [inf]  Setting up libgdbm6:amd64 (1.23-3) ...

2025-11-25T09:27:39.73045486Z [inf]  Setting up libxkbcommon0:amd64 (1.5.0-1) ...

2025-11-25T09:27:39.733258177Z [inf]  Setting up libwayland-client0:amd64 (1.21.0-1) ...

2025-11-25T09:27:39.736626553Z [inf]  Setting up libice6:amd64 (2:1.0.10-1) ...

2025-11-25T09:27:39.739598643Z [inf]  Setting up libxdmcp6:amd64 (1:1.1.2-3) ...

2025-11-25T09:27:39.742656201Z [inf]  Setting up cpp-12 (12.2.0-14+deb12u1) ...

2025-11-25T09:27:39.745808924Z [inf]  Setting up libxcb1:amd64 (1.15-1) ...

2025-11-25T09:27:39.749045872Z [inf]  Setting up libxcb-xfixes0:amd64 (1.15-1) ...

2025-11-25T09:27:39.752053941Z [inf]  Setting up alsa-ucm-conf (1.2.8-1) ...

2025-11-25T09:27:39.755087678Z [inf]  Setting up libxcb-render0:amd64 (1.15-1) ...

2025-11-25T09:27:39.757730245Z [inf]  Setting up fontconfig-config (2.14.1-4) ...

2025-11-25T09:27:39.815249931Z [inf]  debconf: unable to initialize frontend: Dialog
debconf: (TERM is not set, so the dialog frontend is not usable.)
debconf: falling back to frontend: Readline

2025-11-25T09:27:39.820156292Z [inf]  debconf: unable to initialize frontend: Readline
debconf: (This frontend requires a controlling tty.)
debconf: falling back to frontend: Teletype

2025-11-25T09:27:39.926188234Z [inf]  Setting up libxcb-glx0:amd64 (1.15-1) ...

2025-11-25T09:27:39.929232291Z [inf]  Setting up libedit2:amd64 (3.1-20221030-2) ...

2025-11-25T09:27:39.932190268Z [inf]  Setting up libxcb-shape0:amd64 (1.15-1) ...

2025-11-25T09:27:39.935038585Z [inf]  Setting up libavahi-common3:amd64 (0.8-10+deb12u1) ...

2025-11-25T09:27:39.937890654Z [inf]  Setting up libnss3:amd64 (2:3.87.1-1+deb12u1) ...

2025-11-25T09:27:39.940925277Z [inf]  Setting up libxcb-shm0:amd64 (1.15-1) ...

2025-11-25T09:27:39.944079375Z [inf]  Setting up dbus-daemon (1.14.10-1~deb12u1) ...

2025-11-25T09:27:39.954219413Z [inf]  Setting up libldap-2.5-0:amd64 (2.5.13+dfsg-5) ...

2025-11-25T09:27:39.957072591Z [inf]  Setting up libxcb-present0:amd64 (1.15-1) ...

2025-11-25T09:27:39.95996875Z [inf]  Setting up libthai0:amd64 (0.1.29-1) ...

2025-11-25T09:27:39.962890074Z [inf]  Setting up libfreetype6:amd64 (2.12.1+dfsg-5+deb12u4) ...

2025-11-25T09:27:39.965617345Z [inf]  Setting up libxcb-sync1:amd64 (1.15-1) ...

2025-11-25T09:27:39.968451339Z [inf]  Setting up libdbus-glib-1-2:amd64 (0.112-3) ...

2025-11-25T09:27:39.97141188Z [inf]  Setting up dbus (1.14.10-1~deb12u1) ...

2025-11-25T09:27:39.989935922Z [inf]  invoke-rc.d: could not determine current runlevel

2025-11-25T09:27:39.9924899Z [inf]  invoke-rc.d: policy-rc.d denied execution of start.

2025-11-25T09:27:39.993941863Z [inf]  Setting up shared-mime-info (2.2-1) ...

2025-11-25T09:27:40.61750562Z [inf]  Setting up libgssapi-krb5-2:amd64 (1.20.1-2+deb12u4) ...

2025-11-25T09:27:40.621831317Z [inf]  Setting up libgdbm-compat4:amd64 (1.23-3) ...

2025-11-25T09:27:40.624989935Z [inf]  Setting up ucf (3.0043+nmu1+deb12u1) ...

2025-11-25T09:27:40.684432552Z [inf]  debconf: unable to initialize frontend: Dialog
debconf: (TERM is not set, so the dialog frontend is not usable.)
debconf: falling back to frontend: Readline

2025-11-25T09:27:40.689350624Z [inf]  debconf: unable to initialize frontend: Readline
debconf: (This frontend requires a controlling tty.)
debconf: falling back to frontend: Teletype

2025-11-25T09:27:40.706483892Z [inf]  Setting up libxcb-dri2-0:amd64 (1.15-1) ...

2025-11-25T09:27:40.709440818Z [inf]  Setting up libdrm2:amd64 (2.4.114-1+b1) ...

2025-11-25T09:27:40.712466995Z [inf]  Setting up libwayland-cursor0:amd64 (1.21.0-1) ...

2025-11-25T09:27:40.715344794Z [inf]  Setting up libxcb-randr0:amd64 (1.15-1) ...

2025-11-25T09:27:40.718241002Z [inf]  Setting up cpp (4:12.2.0-3) ...

2025-11-25T09:27:40.723482025Z [inf]  Setting up libllvm15:amd64 (1:15.0.6-4+b1) ...

2025-11-25T09:27:40.726347237Z [inf]  Setting up libpam-systemd:amd64 (252.39-1~deb12u1) ...

2025-11-25T09:27:40.786372568Z [inf]  debconf: unable to initialize frontend: Dialog
debconf: (TERM is not set, so the dialog frontend is not usable.)
debconf: falling back to frontend: Readline

2025-11-25T09:27:40.791450575Z [inf]  debconf: unable to initialize frontend: Readline
debconf: (This frontend requires a controlling tty.)
debconf: falling back to frontend: Teletype

2025-11-25T09:27:40.837298165Z [inf]  Setting up libx11-6:amd64 (2:1.8.4-2+deb12u2) ...

2025-11-25T09:27:40.840093542Z [inf]  Setting up libharfbuzz0b:amd64 (6.0.0+dfsg-3) ...

2025-11-25T09:27:40.842885519Z [inf]  Setting up libgdk-pixbuf-2.0-0:amd64 (2.42.10+dfsg-1+deb12u2) ...

2025-11-25T09:27:40.862319735Z [inf]  Setting up libfontconfig1:amd64 (2.14.1-4) ...

2025-11-25T09:27:40.865298322Z [inf]  Setting up libxkbfile1:amd64 (1:1.1.0-1) ...

2025-11-25T09:27:40.867979718Z [inf]  Setting up libxcomposite1:amd64 (1:0.4.5-1) ...

2025-11-25T09:27:40.870783301Z [inf]  Setting up libsm6:amd64 (2:1.2.3-1) ...

2025-11-25T09:27:40.873420886Z [inf]  Setting up libxfont2:amd64 (1:2.0.6-1) ...

2025-11-25T09:27:40.876441324Z [inf]  Setting up libavahi-client3:amd64 (0.8-10+deb12u1) ...

2025-11-25T09:27:40.87902217Z [inf]  Setting up libperl5.36:amd64 (5.36.0-7+deb12u3) ...

2025-11-25T09:27:40.881568372Z [inf]  Setting up libxmuu1:amd64 (2:1.1.3-3) ...

2025-11-25T09:27:40.884229878Z [inf]  Setting up libdrm-amdgpu1:amd64 (2.4.114-1+b1) ...

2025-11-25T09:27:40.886937826Z [inf]  Setting up libxcb-dri3-0:amd64 (1.15-1) ...

2025-11-25T09:27:40.889748813Z [inf]  Setting up gtk-update-icon-cache (3.24.38-2~deb12u3) ...

2025-11-25T09:27:40.892299801Z [inf]  Setting up libx11-xcb1:amd64 (2:1.8.4-2+deb12u2) ...

2025-11-25T09:27:40.895044036Z [inf]  Setting up fontconfig (2.14.1-4) ...

2025-11-25T09:27:40.898367276Z [inf]  Regenerating fonts cache... 
2025-11-25T09:27:43.34114607Z [inf]  done.

2025-11-25T09:27:43.342412511Z [inf]  Setting up libdrm-nouveau2:amd64 (2.4.114-1+b1) ...

2025-11-25T09:27:43.345163491Z [inf]  Setting up libxdamage1:amd64 (1:1.1.6-1) ...

2025-11-25T09:27:43.348054375Z [inf]  Setting up libgdk-pixbuf-xlib-2.0-0:amd64 (2.40.2-2) ...

2025-11-25T09:27:43.350724571Z [inf]  Setting up libxpm4:amd64 (1:3.5.12-1.1+deb12u1) ...

2025-11-25T09:27:43.353584752Z [inf]  Setting up libxrender1:amd64 (1:0.9.10-1.1) ...

2025-11-25T09:27:43.356347246Z [inf]  Setting up libgbm1:amd64 (22.3.6-1+deb12u1) ...

2025-11-25T09:27:43.359010212Z [inf]  Setting up libdrm-radeon1:amd64 (2.4.114-1+b1) ...

2025-11-25T09:27:43.361712756Z [inf]  Setting up libpango-1.0-0:amd64 (1.50.12+ds-1) ...

2025-11-25T09:27:43.364433598Z [inf]  Setting up libdrm-intel1:amd64 (2.4.114-1+b1) ...

2025-11-25T09:27:43.367079826Z [inf]  Setting up libgl1-mesa-dri:amd64 (22.3.6-1+deb12u1) ...

2025-11-25T09:27:43.373809954Z [inf]  Setting up libxext6:amd64 (2:1.3.4-1+b1) ...

2025-11-25T09:27:43.376651997Z [inf]  Setting up xfonts-utils (1:7.7+6) ...

2025-11-25T09:27:43.381227935Z [inf]  Setting up libcairo2:amd64 (1.16.0-7) ...

2025-11-25T09:27:43.389571604Z [inf]  Setting up libxxf86vm1:amd64 (1:1.1.4-1+b2) ...

2025-11-25T09:27:43.392392706Z [inf]  Setting up dbus-user-session (1.14.10-1~deb12u1) ...

2025-11-25T09:27:43.396377797Z [inf]  Setting up perl (5.36.0-7+deb12u3) ...

2025-11-25T09:27:43.405011433Z [inf]  Setting up xfonts-base (1:1.0.5+nmu1) ...

2025-11-25T09:27:43.445806727Z [inf]  Setting up libegl-mesa0:amd64 (22.3.6-1+deb12u1) ...

2025-11-25T09:27:43.4485681Z [inf]  Setting up gconf2-common (3.2.6-8) ...

2025-11-25T09:27:43.522911182Z [inf]  debconf: unable to initialize frontend: Dialog
debconf: (TERM is not set, so the dialog frontend is not usable.)
debconf: falling back to frontend: Readline

2025-11-25T09:27:43.527806384Z [inf]  debconf: unable to initialize frontend: Readline
debconf: (This frontend requires a controlling tty.)
debconf: falling back to frontend: Teletype

2025-11-25T09:27:43.556535093Z [inf]  
Creating config file /etc/gconf/2/path with new version

2025-11-25T09:27:43.571976038Z [inf]  Setting up adwaita-icon-theme (43-1) ...

2025-11-25T09:27:43.602568362Z [inf]  update-alternatives: using /usr/share/icons/Adwaita/cursor.theme to provide /usr/share/icons/default/index.theme (x-cursor-theme) in auto mode

2025-11-25T09:27:43.604457733Z [inf]  Setting up libdata-dump-perl (1.25-1) ...

2025-11-25T09:27:43.607184772Z [inf]  Setting up libxfixes3:amd64 (1:6.0.0-2) ...

2025-11-25T09:27:43.60968895Z [inf]  Setting up libipc-system-simple-perl (1.30-2) ...

2025-11-25T09:27:43.612832801Z [inf]  Setting up libxml-xpathengine-perl (0.14-2) ...

2025-11-25T09:27:43.615722699Z [inf]  Setting up libgdk-pixbuf2.0-0:amd64 (2.40.2-2) ...

2025-11-25T09:27:43.618501483Z [inf]  Setting up libxinerama1:amd64 (2:1.1.4-3) ...

2025-11-25T09:27:43.621247981Z [inf]  Setting up libxv1:amd64 (2:1.0.11-1.1) ...

2025-11-25T09:27:43.624002693Z [inf]  Setting up libio-html-perl (1.004-3) ...

2025-11-25T09:27:43.626797195Z [inf]  Setting up libxrandr2:amd64 (2:1.5.2-2+b1) ...

2025-11-25T09:27:43.629589273Z [inf]  Setting up libxt6:amd64 (1:1.2.1-1.1) ...

2025-11-25T09:27:43.632220978Z [inf]  Setting up libtimedate-perl (2.3300-2) ...

2025-11-25T09:27:43.634806441Z [inf]  Setting up libregexp-ipv6-perl (0.03-3) ...

2025-11-25T09:27:43.63732063Z [inf]  Setting up libcups2:amd64 (2.4.2-3+deb12u9) ...

2025-11-25T09:27:43.639777255Z [inf]  Setting up xauth (1:1.1.2-1) ...

2025-11-25T09:27:43.642409023Z [inf]  Setting up libgdk-pixbuf2.0-bin (2.42.10+dfsg-1+deb12u2) ...

2025-11-25T09:27:43.644897625Z [inf]  Setting up libegl1:amd64 (1.6.0-1) ...

2025-11-25T09:27:43.647470932Z [inf]  Setting up libcairo-gobject2:amd64 (1.16.0-7) ...

2025-11-25T09:27:43.650574895Z [inf]  Setting up libxss1:amd64 (1:1.2.3-1) ...

2025-11-25T09:27:43.653462417Z [inf]  Setting up libpangoft2-1.0-0:amd64 (1.50.12+ds-1) ...

2025-11-25T09:27:43.656225161Z [inf]  Setting up libdbusmenu-gtk4:amd64 (18.10.20180917~bzr492+repack1-3) ...

2025-11-25T09:27:43.65878511Z [inf]  Setting up liburi-perl (5.17-1) ...

2025-11-25T09:27:43.661568709Z [inf]  Setting up libx11-protocol-perl (0.56-9) ...

2025-11-25T09:27:43.663963275Z [inf]  Setting up libpangocairo-1.0-0:amd64 (1.50.12+ds-1) ...

2025-11-25T09:27:43.666335258Z [inf]  Setting up libnet-ssleay-perl:amd64 (1.92-2+b1) ...

2025-11-25T09:27:43.668889508Z [inf]  Setting up libhttp-date-perl (6.05-2) ...

2025-11-25T09:27:43.671393648Z [inf]  Setting up libxft2:amd64 (2.3.6-1) ...

2025-11-25T09:27:43.674155346Z [inf]  Setting up libxmu6:amd64 (2:1.1.3-3) ...

2025-11-25T09:27:43.676698763Z [inf]  Setting up libfile-basedir-perl (0.09-2) ...

2025-11-25T09:27:43.679216045Z [inf]  Setting up libtie-ixhash-perl (1.23-4) ...

2025-11-25T09:27:43.681888347Z [inf]  Setting up libglx-mesa0:amd64 (22.3.6-1+deb12u1) ...

2025-11-25T09:27:43.684702785Z [inf]  Setting up libfile-listing-perl (6.15-1) ...

2025-11-25T09:27:43.687333982Z [inf]  Setting up libxi6:amd64 (2:1.8-1+b1) ...

2025-11-25T09:27:43.690101892Z [inf]  Setting up libglx0:amd64 (1.6.0-1) ...

2025-11-25T09:27:43.692868546Z [inf]  Setting up libfont-afm-perl (1.20-4) ...

2025-11-25T09:27:43.695750551Z [inf]  Setting up libgconf-2-4:amd64 (3.2.6-8) ...

2025-11-25T09:27:43.698405438Z [inf]  Setting up libclone-perl:amd64 (0.46-1) ...

2025-11-25T09:27:43.701201618Z [inf]  Setting up libio-stringy-perl (2.111-3) ...

2025-11-25T09:27:43.703914039Z [inf]  Setting up libxtst6:amd64 (2:1.2.3-1.1) ...

2025-11-25T09:27:43.70656462Z [inf]  Setting up libhtml-tagset-perl (3.20-6) ...

2025-11-25T09:27:43.709118641Z [inf]  Setting up libauthen-sasl-perl (2.1600-3) ...

2025-11-25T09:27:43.711649986Z [inf]  Setting up libxcursor1:amd64 (1:1.2.1-1) ...

2025-11-25T09:27:43.714200425Z [inf]  Setting up liblwp-mediatypes-perl (6.04-2) ...

2025-11-25T09:27:43.716639702Z [inf]  Setting up libtry-tiny-perl (0.31-2) ...

2025-11-25T09:27:43.719177832Z [inf]  Setting up libxxf86dga1:amd64 (2:1.1.5-1) ...

2025-11-25T09:27:43.721762011Z [inf]  Setting up libnet-http-perl (6.22-1) ...

2025-11-25T09:27:43.72439826Z [inf]  Setting up libencode-locale-perl (1.05-3) ...

2025-11-25T09:27:43.727013567Z [inf]  Setting up dconf-service (0.40.0-4) ...

2025-11-25T09:27:43.729762832Z [inf]  Setting up libxaw7:amd64 (2:1.0.14-1) ...

2025-11-25T09:27:43.732711253Z [inf]  Setting up libatspi2.0-0:amd64 (2.46.0-5) ...

2025-11-25T09:27:43.735559963Z [inf]  Setting up x11-xserver-utils (7.7+9+b1) ...

2025-11-25T09:27:43.740646963Z [inf]  Setting up librsvg2-2:amd64 (2.54.7+dfsg-1~deb12u1) ...

2025-11-25T09:27:43.743398807Z [inf]  Setting up libatk-bridge2.0-0:amd64 (2.46.0-5) ...

2025-11-25T09:27:43.745852342Z [inf]  Setting up libgl1:amd64 (1.6.0-1) ...

2025-11-25T09:27:43.748435804Z [inf]  Setting up librsvg2-common:amd64 (2.54.7+dfsg-1~deb12u1) ...

2025-11-25T09:27:43.754282263Z [inf]  Setting up libfile-desktopentry-perl (0.22-3) ...

2025-11-25T09:27:43.75711639Z [inf]  Setting up libwww-robotrules-perl (6.02-1) ...

2025-11-25T09:27:43.759685844Z [inf]  Setting up zutty (0.14.0.20230218+dfsg1-1) ...

2025-11-25T09:27:43.762704971Z [inf]  update-alternatives: using /usr/bin/zutty to provide /usr/bin/x-terminal-emulator (x-terminal-emulator) in auto mode

2025-11-25T09:27:43.76277091Z [inf]  update-alternatives: warning: skip creation of /usr/share/man/man1/x-terminal-emulator.1.gz because associated file /usr/share/man/man1/zutty.1.gz (of link group x-terminal-emulator) doesn't exist

2025-11-25T09:27:43.764428396Z [inf]  Setting up gconf-service (3.2.6-8) ...

2025-11-25T09:27:43.766919576Z [inf]  Setting up libhtml-parser-perl:amd64 (3.81-1) ...

2025-11-25T09:27:43.771506585Z [inf]  Setting up x11-utils (7.7+5) ...

2025-11-25T09:27:43.783042307Z [inf]  Setting up libio-socket-ssl-perl (2.081-2) ...

2025-11-25T09:27:43.785731376Z [inf]  Setting up libhttp-message-perl (6.44-1) ...

2025-11-25T09:27:43.788481958Z [inf]  Setting up libhtml-form-perl (6.11-1) ...

2025-11-25T09:27:43.791454711Z [inf]  Setting up libfile-mimeinfo-perl (0.33-1) ...

2025-11-25T09:27:43.795007262Z [inf]  Setting up libhttp-negotiate-perl (6.01-2) ...

2025-11-25T09:27:43.797870557Z [inf]  Setting up dconf-gsettings-backend:amd64 (0.40.0-4) ...

2025-11-25T09:27:43.800505212Z [inf]  Setting up libhttp-cookies-perl (6.10-1) ...

2025-11-25T09:27:43.80316297Z [inf]  Setting up x11-xkb-utils (7.7+7) ...

2025-11-25T09:27:43.805822685Z [inf]  Setting up libgtk2.0-0:amd64 (2.24.33-2+deb12u1) ...

2025-11-25T09:27:43.815525247Z [inf]  Setting up libhtml-tree-perl (5.07-3) ...

2025-11-25T09:27:43.81837547Z [inf]  Setting up libhtml-format-perl (2.16-2) ...

2025-11-25T09:27:43.821603707Z [inf]  Setting up libnet-smtp-ssl-perl (1.04-2) ...

2025-11-25T09:27:43.830278715Z [inf]  Setting up libmailtools-perl (2.21-2) ...

2025-11-25T09:27:43.833226477Z [inf]  Setting up libgail18:amd64 (2.24.33-2+deb12u1) ...

2025-11-25T09:27:43.836029526Z [inf]  Setting up libhttp-daemon-perl (6.16-1) ...

2025-11-25T09:27:43.83891144Z [inf]  Setting up libgtk2.0-bin (2.24.33-2+deb12u1) ...

2025-11-25T09:27:43.841709715Z [inf]  Setting up xserver-common (2:21.1.7-3+deb12u11) ...

2025-11-25T09:27:43.84481286Z [inf]  Setting up libgtk-3-common (3.24.38-2~deb12u3) ...

2025-11-25T09:27:43.848702853Z [inf]  Setting up gsettings-desktop-schemas (43.0-1) ...

2025-11-25T09:27:43.851504596Z [inf]  Setting up libayatana-indicator7:amd64 (0.9.3-1) ...

2025-11-25T09:27:43.854319826Z [inf]  Setting up libgail-common:amd64 (2.24.33-2+deb12u1) ...

2025-11-25T09:27:43.857201035Z [inf]  Setting up libgtk-3-0:amd64 (3.24.38-2~deb12u3) ...

2025-11-25T09:27:43.871851181Z [inf]  Setting up xvfb (2:21.1.7-3+deb12u11) ...

2025-11-25T09:27:43.874770381Z [inf]  Setting up libayatana-appindicator1 (0.5.92-1) ...

2025-11-25T09:27:43.877714961Z [inf]  Setting up libgtk-3-bin (3.24.38-2~deb12u3) ...

2025-11-25T09:27:43.880780436Z [inf]  Setting up at-spi2-core (2.46.0-5) ...

2025-11-25T09:27:43.888483919Z [inf]  Setting up liblwp-protocol-https-perl (6.10-1) ...

2025-11-25T09:27:43.891708004Z [inf]  Setting up libwww-perl (6.68-1) ...

2025-11-25T09:27:43.894917052Z [inf]  Setting up libxml-parser-perl (2.46-4) ...

2025-11-25T09:27:43.897930943Z [inf]  Setting up libxml-twig-perl (1:3.52-2) ...

2025-11-25T09:27:43.900932831Z [inf]  Setting up libnet-dbus-perl (1.2.0-2) ...

2025-11-25T09:27:43.904003804Z [inf]  Processing triggers for libc-bin (2.36-9+deb12u13) ...

2025-11-25T09:27:43.917814968Z [inf]  Processing triggers for libgdk-pixbuf-2.0-0:amd64 (2.42.10+dfsg-1+deb12u2) ...

2025-11-25T09:27:44.141917370Z [inf]  install apt packages: ca-certificates fonts-liberation gconf-service libappindicator1 libasound2 libatk1.0-0 libatomic1 libc6 libcairo2 libcups2 libdbus-1-3 libexpat1 libfontconfig1 libgbm1 libgcc1 libgconf-2-4 libgdk-pixbuf2.0-0 libglib2.0-0 libgtk-3-0 libnspr4 libnss3 libpango-1.0-0 libpangocairo-1.0-0 libstdc++6 libx11-6 libx11-xcb1 libxcb1 libxcomposite1 libxcursor1 libxdamage1 libxext6 libxfixes3 libxi6 libxrandr2 libxrender1 libxss1 libxtst6 lsb-release wget xdg-utils xvfb
2025-11-25T09:27:45.300207951Z [inf]  npm warn deprecated inflight@1.0.6: This module is not supported, and leaks memory. Do not use it. Check out lru-cache if you want a good and tested way to coalesce async requests by a key value, which is much more comprehensive and powerful.

2025-11-25T09:27:45.324710468Z [inf]  npm warn deprecated glob@7.2.3: Glob versions prior to v9 are no longer supported

2025-11-25T09:27:45.344810863Z [inf]  npm warn deprecated rimraf@3.0.2: Rimraf versions prior to v4 are no longer supported

2025-11-25T09:28:00.812087311Z [inf]  
> design-web-pages@0.1.0 postinstall
> prisma generate


2025-11-25T09:28:01.649309104Z [inf]  Prisma schema loaded from prisma/schema.prisma

2025-11-25T09:28:01.878401568Z [inf]  
  Update available 6.19.0 -> 7.0.0                       
                                                         
  This is a major update - please follow the guide at    
  https://pris.ly/d/major-version-upgrade                
                                                         
  Run the following to update                            
    npm i --save-dev prisma@latest                       
    npm i @prisma/client@latest                          


2025-11-25T09:28:01.878508961Z [inf]  
 Generated Prisma Client (v6.19.0) to ./node_modules/@prisma/client in 76ms

Start by importing your Prisma Client (See: https://pris.ly/d/importing-client)

Tip: Need your database queries to be 1000x faster? Accelerate offers you that and more: https://pris.ly/tip-2-accelerate


2025-11-25T09:28:01.896449109Z [inf]  
added 581 packages, and audited 582 packages in 37s

2025-11-25T09:28:01.922046533Z [inf]  
3 vulnerabilities (2 moderate, 1 high)

To address all issues (including breaking changes), run:
  npm audit fix --force

Run `npm audit` for details.

2025-11-25T09:28:02.425833661Z [inf]  npm install
2025-11-25T09:28:02.426815448Z [inf]  copy / /app
2025-11-25T09:28:02.630833449Z [inf]  copy / /app
2025-11-25T09:28:02.631617464Z [inf]  npm run build
2025-11-25T09:28:02.804029482Z [inf]  npm warn config production Use `--omit=dev` instead.

2025-11-25T09:28:02.815802852Z [inf]  
> design-web-pages@0.1.0 build
> bash railway-build.sh


2025-11-25T09:28:02.819840756Z [inf]   Starting Railway build process...
 Generating Prisma client...

2025-11-25T09:28:02.882278035Z [inf]  npm warn config production Use `--omit=dev` instead.

2025-11-25T09:28:03.857620813Z [inf]  Prisma schema loaded from prisma/schema.prisma

2025-11-25T09:28:04.087918823Z [inf]  
 Generated Prisma Client (v6.19.0) to ./node_modules/@prisma/client in 79ms

Start by importing your Prisma Client (See: https://pris.ly/d/importing-client)

Tip: Need your database queries to be 1000x faster? Accelerate offers you that and more: https://pris.ly/tip-2-accelerate


2025-11-25T09:28:04.105628286Z [inf]    Attempting database migrations...

2025-11-25T09:28:04.168019462Z [inf]  npm warn config production Use `--omit=dev` instead.

2025-11-25T09:28:05.134815814Z [inf]  Prisma schema loaded from prisma/schema.prisma

2025-11-25T09:28:05.136943005Z [inf]  Datasource "db": PostgreSQL database "railway", schema "public" at "postgres.railway.internal:5432"

2025-11-25T09:28:05.21008484Z [inf]  

2025-11-25T09:28:05.210231674Z [inf]  Error: P1001: Can't reach database server at `postgres.railway.internal:5432`

Please make sure your database server is running at `postgres.railway.internal:5432`.

2025-11-25T09:28:05.224883573Z [inf]    Database migration failed (database may not be available during build)
  Migrations will run automatically on first application start
  Continuing with build...

2025-11-25T09:28:05.224896201Z [inf]    Building Next.js application...

2025-11-25T09:28:05.287887056Z [inf]  npm warn config production Use `--omit=dev` instead.

2025-11-25T09:28:06.089866483Z [inf]   No build cache found. Please configure build caching for faster rebuilds. Read more: https://nextjs.org/docs/messages/no-cache

2025-11-25T09:28:06.142974651Z [inf]      Next.js 15.4.6

2025-11-25T09:28:06.143041563Z [inf]  

2025-11-25T09:28:06.1552451Z [inf]     Creating an optimized production build ...

2025-11-25T09:28:14.008830419Z [inf]    Compiled successfully in 7.0s

2025-11-25T09:28:14.010265886Z [inf]     Linting and checking validity of types ...

2025-11-25T09:28:17.615631427Z [inf]  Failed to compile.


2025-11-25T09:28:17.615830104Z [inf]  ./lib/scraping/puppeteerService.ts:130:16
Type error: Property 'waitForTimeout' does not exist on type 'Page'.

[0m [90m 128 |[39m
 [90m 129 |[39m     [90m// Wait a bit to let JavaScript and any protection mechanisms settle[39m
[31m[1m>[22m[39m[90m 130 |[39m     [36mawait[39m page[33m.[39mwaitForTimeout([35m2000[39m)[33m;[39m
 [90m     |[39m                [31m[1m^[22m[39m
 [90m 131 |[39m
 [90m 132 |[39m     [90m// Simulate human-like mouse movement[39m
 [90m 133 |[39m     [36mtry[39m {[0m

2025-11-25T09:28:17.644928735Z [inf]  Next.js build worker exited with code: 1 and signal: null

2025-11-25T09:28:17.786821807Z [err]  npm run build
2025-11-25T09:28:17.803231946Z [err]  ERROR: failed to build: failed to solve: process "npm run build" did not complete successfully: exit code: 1