2025-11-23T18:42:57.338260324Z [inf]  Selecting previously unselected package libglib2.0-0:amd64.

2025-11-23T18:42:57.339825699Z [inf]  Preparing to unpack .../027-libglib2.0-0_2.74.6-2+deb12u7_amd64.deb ...

2025-11-23T18:42:57.341029386Z [inf]  Unpacking libglib2.0-0:amd64 (2.74.6-2+deb12u7) ...

2025-11-23T18:42:57.451660041Z [inf]  Selecting previously unselected package libicu72:amd64.

2025-11-23T18:42:57.453067168Z [inf]  Preparing to unpack .../028-libicu72_72.1-3+deb12u1_amd64.deb ...

2025-11-23T18:42:57.454344712Z [inf]  Unpacking libicu72:amd64 (72.1-3+deb12u1) ...

2025-11-23T18:42:57.996013934Z [inf]  Selecting previously unselected package libxml2:amd64.

2025-11-23T18:42:57.997303484Z [inf]  Preparing to unpack .../029-libxml2_2.9.14+dfsg-1.3~deb12u4_amd64.deb ...

2025-11-23T18:42:57.998513187Z [inf]  Unpacking libxml2:amd64 (2.9.14+dfsg-1.3~deb12u4) ...

2025-11-23T18:42:58.064330459Z [inf]  Selecting previously unselected package shared-mime-info.

2025-11-23T18:42:58.065584126Z [inf]  Preparing to unpack .../030-shared-mime-info_2.2-1_amd64.deb ...

2025-11-23T18:42:58.0668653Z [inf]  Unpacking shared-mime-info (2.2-1) ...

2025-11-23T18:42:58.140512399Z [inf]  Selecting previously unselected package libjpeg62-turbo:amd64.

2025-11-23T18:42:58.141949399Z [inf]  Preparing to unpack .../031-libjpeg62-turbo_1%3a2.1.5-2_amd64.deb ...

2025-11-23T18:42:58.143361046Z [inf]  Unpacking libjpeg62-turbo:amd64 (1:2.1.5-2) ...

2025-11-23T18:42:58.172359105Z [inf]  Selecting previously unselected package libpng16-16:amd64.

2025-11-23T18:42:58.173711641Z [inf]  Preparing to unpack .../032-libpng16-16_1.6.39-2_amd64.deb ...

2025-11-23T18:42:58.175061095Z [inf]  Unpacking libpng16-16:amd64 (1.6.39-2) ...

2025-11-23T18:42:58.207149725Z [inf]  Selecting previously unselected package libdeflate0:amd64.

2025-11-23T18:42:58.208600307Z [inf]  Preparing to unpack .../033-libdeflate0_1.14-1_amd64.deb ...

2025-11-23T18:42:58.209928438Z [inf]  Unpacking libdeflate0:amd64 (1.14-1) ...

2025-11-23T18:42:58.231044019Z [inf]  Selecting previously unselected package libjbig0:amd64.

2025-11-23T18:42:58.232545065Z [inf]  Preparing to unpack .../034-libjbig0_2.1-6.1_amd64.deb ...

2025-11-23T18:42:58.23389734Z [inf]  Unpacking libjbig0:amd64 (2.1-6.1) ...

2025-11-23T18:42:58.252625321Z [inf]  Selecting previously unselected package liblerc4:amd64.

2025-11-23T18:42:58.253915804Z [inf]  Preparing to unpack .../035-liblerc4_4.0.0+ds-2_amd64.deb ...

2025-11-23T18:42:58.255257584Z [inf]  Unpacking liblerc4:amd64 (4.0.0+ds-2) ...

2025-11-23T18:42:58.284419115Z [inf]  Selecting previously unselected package libwebp7:amd64.

2025-11-23T18:42:58.28579449Z [inf]  Preparing to unpack .../036-libwebp7_1.2.4-0.2+deb12u1_amd64.deb ...

2025-11-23T18:42:58.287122095Z [inf]  Unpacking libwebp7:amd64 (1.2.4-0.2+deb12u1) ...

2025-11-23T18:42:58.324359696Z [inf]  Selecting previously unselected package libtiff6:amd64.

2025-11-23T18:42:58.325667203Z [inf]  Preparing to unpack .../037-libtiff6_4.5.0-6+deb12u3_amd64.deb ...

2025-11-23T18:42:58.326963777Z [inf]  Unpacking libtiff6:amd64 (4.5.0-6+deb12u3) ...

2025-11-23T18:42:58.35965267Z [inf]  Selecting previously unselected package libgdk-pixbuf-2.0-0:amd64.

2025-11-23T18:42:58.361092392Z [inf]  Preparing to unpack .../038-libgdk-pixbuf-2.0-0_2.42.10+dfsg-1+deb12u2_amd64.deb ...

2025-11-23T18:42:58.362433395Z [inf]  Unpacking libgdk-pixbuf-2.0-0:amd64 (2.42.10+dfsg-1+deb12u2) ...

2025-11-23T18:42:58.389882296Z [inf]  Selecting previously unselected package gtk-update-icon-cache.

2025-11-23T18:42:58.391218704Z [inf]  Preparing to unpack .../039-gtk-update-icon-cache_3.24.38-2~deb12u3_amd64.deb ...

2025-11-23T18:42:58.392594891Z [inf]  Unpacking gtk-update-icon-cache (3.24.38-2~deb12u3) ...

2025-11-23T18:42:58.420767234Z [inf]  Selecting previously unselected package adwaita-icon-theme.

2025-11-23T18:42:58.422166208Z [inf]  Preparing to unpack .../040-adwaita-icon-theme_43-1_all.deb ...

2025-11-23T18:42:58.423500842Z [inf]  Unpacking adwaita-icon-theme (43-1) ...

2025-11-23T18:42:59.028985248Z [inf]  Selecting previously unselected package alsa-topology-conf.

2025-11-23T18:42:59.032728684Z [inf]  Preparing to unpack .../041-alsa-topology-conf_1.2.5.1-2_all.deb ...

2025-11-23T18:42:59.03454876Z [inf]  Unpacking alsa-topology-conf (1.2.5.1-2) ...

2025-11-23T18:42:59.054128648Z [inf]  Selecting previously unselected package libasound2-data.

2025-11-23T18:42:59.056850309Z [inf]  Preparing to unpack .../042-libasound2-data_1.2.8-1_all.deb ...

2025-11-23T18:42:59.058223303Z [inf]  Unpacking libasound2-data (1.2.8-1) ...

2025-11-23T18:42:59.082768833Z [inf]  Selecting previously unselected package libasound2:amd64.

2025-11-23T18:42:59.085151331Z [inf]  Preparing to unpack .../043-libasound2_1.2.8-1+b1_amd64.deb ...

2025-11-23T18:42:59.086484448Z [inf]  Unpacking libasound2:amd64 (1.2.8-1+b1) ...

2025-11-23T18:42:59.128681719Z [inf]  Selecting previously unselected package alsa-ucm-conf.

2025-11-23T18:42:59.130528069Z [inf]  Preparing to unpack .../044-alsa-ucm-conf_1.2.8-1_all.deb ...

2025-11-23T18:42:59.131910933Z [inf]  Unpacking alsa-ucm-conf (1.2.8-1) ...

2025-11-23T18:42:59.190487003Z [inf]  Selecting previously unselected package at-spi2-common.

2025-11-23T18:42:59.192593922Z [inf]  Preparing to unpack .../045-at-spi2-common_2.46.0-5_all.deb ...

2025-11-23T18:42:59.194092508Z [inf]  Unpacking at-spi2-common (2.46.0-5) ...

2025-11-23T18:42:59.227330704Z [inf]  Selecting previously unselected package libxau6:amd64.

2025-11-23T18:42:59.22932567Z [inf]  Preparing to unpack .../046-libxau6_1%3a1.0.9-1_amd64.deb ...

2025-11-23T18:42:59.230778314Z [inf]  Unpacking libxau6:amd64 (1:1.0.9-1) ...

2025-11-23T18:42:59.249101833Z [inf]  Selecting previously unselected package libbsd0:amd64.

2025-11-23T18:42:59.250906395Z [inf]  Preparing to unpack .../047-libbsd0_0.11.7-2_amd64.deb ...

2025-11-23T18:42:59.252133851Z [inf]  Unpacking libbsd0:amd64 (0.11.7-2) ...

2025-11-23T18:42:59.276058677Z [inf]  Selecting previously unselected package libxdmcp6:amd64.

2025-11-23T18:42:59.277867648Z [inf]  Preparing to unpack .../048-libxdmcp6_1%3a1.1.2-3_amd64.deb ...

2025-11-23T18:42:59.279041282Z [inf]  Unpacking libxdmcp6:amd64 (1:1.1.2-3) ...

2025-11-23T18:42:59.297279928Z [inf]  Selecting previously unselected package libxcb1:amd64.

2025-11-23T18:42:59.299220282Z [inf]  Preparing to unpack .../049-libxcb1_1.15-1_amd64.deb ...

2025-11-23T18:42:59.300518253Z [inf]  Unpacking libxcb1:amd64 (1.15-1) ...

2025-11-23T18:42:59.32072823Z [inf]  Selecting previously unselected package libx11-data.

2025-11-23T18:42:59.322579287Z [inf]  Preparing to unpack .../050-libx11-data_2%3a1.8.4-2+deb12u2_all.deb ...

2025-11-23T18:42:59.323817052Z [inf]  Unpacking libx11-data (2:1.8.4-2+deb12u2) ...

2025-11-23T18:42:59.367070854Z [inf]  Selecting previously unselected package libx11-6:amd64.

2025-11-23T18:42:59.369059399Z [inf]  Preparing to unpack .../051-libx11-6_2%3a1.8.4-2+deb12u2_amd64.deb ...

2025-11-23T18:42:59.370406976Z [inf]  Unpacking libx11-6:amd64 (2:1.8.4-2+deb12u2) ...

2025-11-23T18:42:59.432843175Z [inf]  Selecting previously unselected package libxext6:amd64.

2025-11-23T18:42:59.4347652Z [inf]  Preparing to unpack .../052-libxext6_2%3a1.3.4-1+b1_amd64.deb ...

2025-11-23T18:42:59.436189018Z [inf]  Unpacking libxext6:amd64 (2:1.3.4-1+b1) ...

2025-11-23T18:42:59.457545366Z [inf]  Selecting previously unselected package libxi6:amd64.

2025-11-23T18:42:59.459400867Z [inf]  Preparing to unpack .../053-libxi6_2%3a1.8-1+b1_amd64.deb ...

2025-11-23T18:42:59.460631864Z [inf]  Unpacking libxi6:amd64 (2:1.8-1+b1) ...

2025-11-23T18:42:59.481690181Z [inf]  Selecting previously unselected package libatspi2.0-0:amd64.

2025-11-23T18:42:59.483666088Z [inf]  Preparing to unpack .../054-libatspi2.0-0_2.46.0-5_amd64.deb ...

2025-11-23T18:42:59.485074575Z [inf]  Unpacking libatspi2.0-0:amd64 (2.46.0-5) ...

2025-11-23T18:42:59.508087918Z [inf]  Selecting previously unselected package x11-common.

2025-11-23T18:42:59.510111836Z [inf]  Preparing to unpack .../055-x11-common_1%3a7.7+23_all.deb ...

2025-11-23T18:42:59.511543508Z [inf]  Unpacking x11-common (1:7.7+23) ...

2025-11-23T18:42:59.536210962Z [inf]  Selecting previously unselected package libxtst6:amd64.

2025-11-23T18:42:59.538211031Z [inf]  Preparing to unpack .../056-libxtst6_2%3a1.2.3-1.1_amd64.deb ...

2025-11-23T18:42:59.539431366Z [inf]  Unpacking libxtst6:amd64 (2:1.2.3-1.1) ...

2025-11-23T18:42:59.555618899Z [inf]  Selecting previously unselected package dbus-user-session.

2025-11-23T18:42:59.557502408Z [inf]  Preparing to unpack .../057-dbus-user-session_1.14.10-1~deb12u1_amd64.deb ...

2025-11-23T18:42:59.558939324Z [inf]  Unpacking dbus-user-session (1.14.10-1~deb12u1) ...

2025-11-23T18:42:59.581266059Z [inf]  Selecting previously unselected package libdconf1:amd64.

2025-11-23T18:42:59.583172632Z [inf]  Preparing to unpack .../058-libdconf1_0.40.0-4_amd64.deb ...

2025-11-23T18:42:59.584502354Z [inf]  Unpacking libdconf1:amd64 (0.40.0-4) ...

2025-11-23T18:42:59.602538781Z [inf]  Selecting previously unselected package dconf-service.

2025-11-23T18:42:59.604440491Z [inf]  Preparing to unpack .../059-dconf-service_0.40.0-4_amd64.deb ...

2025-11-23T18:42:59.605925652Z [inf]  Unpacking dconf-service (0.40.0-4) ...

2025-11-23T18:42:59.623157881Z [inf]  Selecting previously unselected package dconf-gsettings-backend:amd64.

2025-11-23T18:42:59.625105243Z [inf]  Preparing to unpack .../060-dconf-gsettings-backend_0.40.0-4_amd64.deb ...

2025-11-23T18:42:59.626434798Z [inf]  Unpacking dconf-gsettings-backend:amd64 (0.40.0-4) ...

2025-11-23T18:42:59.64298597Z [inf]  Selecting previously unselected package gsettings-desktop-schemas.

2025-11-23T18:42:59.645358951Z [inf]  Preparing to unpack .../061-gsettings-desktop-schemas_43.0-1_all.deb ...

2025-11-23T18:42:59.646712289Z [inf]  Unpacking gsettings-desktop-schemas (43.0-1) ...

2025-11-23T18:42:59.713150394Z [inf]  Selecting previously unselected package at-spi2-core.

2025-11-23T18:42:59.715069524Z [inf]  Preparing to unpack .../062-at-spi2-core_2.46.0-5_amd64.deb ...

2025-11-23T18:42:59.716486905Z [inf]  Unpacking at-spi2-core (2.46.0-5) ...

2025-11-23T18:42:59.740580384Z [inf]  Selecting previously unselected package libisl23:amd64.

2025-11-23T18:42:59.742462693Z [inf]  Preparing to unpack .../063-libisl23_0.25-1.1_amd64.deb ...

2025-11-23T18:42:59.744049311Z [inf]  Unpacking libisl23:amd64 (0.25-1.1) ...

2025-11-23T18:42:59.812437818Z [inf]  Selecting previously unselected package libmpfr6:amd64.

2025-11-23T18:42:59.814462986Z [inf]  Preparing to unpack .../064-libmpfr6_4.2.0-1_amd64.deb ...

2025-11-23T18:42:59.815972261Z [inf]  Unpacking libmpfr6:amd64 (4.2.0-1) ...

2025-11-23T18:42:59.861263914Z [inf]  Selecting previously unselected package libmpc3:amd64.

2025-11-23T18:42:59.863109195Z [inf]  Preparing to unpack .../065-libmpc3_1.3.1-1_amd64.deb ...

2025-11-23T18:42:59.864394728Z [inf]  Unpacking libmpc3:amd64 (1.3.1-1) ...

2025-11-23T18:42:59.882848453Z [inf]  Selecting previously unselected package cpp-12.

2025-11-23T18:42:59.884770116Z [inf]  Preparing to unpack .../066-cpp-12_12.2.0-14+deb12u1_amd64.deb ...

2025-11-23T18:42:59.885999521Z [inf]  Unpacking cpp-12 (12.2.0-14+deb12u1) ...

2025-11-23T18:43:00.522253503Z [inf]  Selecting previously unselected package cpp.

2025-11-23T18:43:00.524952805Z [inf]  Preparing to unpack .../067-cpp_4%3a12.2.0-3_amd64.deb ...

2025-11-23T18:43:00.52639475Z [inf]  Unpacking cpp (4:12.2.0-3) ...

2025-11-23T18:43:00.544739855Z [inf]  Selecting previously unselected package libbrotli1:amd64.

2025-11-23T18:43:00.546719328Z [inf]  Preparing to unpack .../068-libbrotli1_1.0.9-2+b6_amd64.deb ...

2025-11-23T18:43:00.548161186Z [inf]  Unpacking libbrotli1:amd64 (1.0.9-2+b6) ...

2025-11-23T18:43:00.587377268Z [inf]  Selecting previously unselected package libfreetype6:amd64.

2025-11-23T18:43:00.589337591Z [inf]  Preparing to unpack .../069-libfreetype6_2.12.1+dfsg-5+deb12u4_amd64.deb ...

2025-11-23T18:43:00.590968539Z [inf]  Unpacking libfreetype6:amd64 (2.12.1+dfsg-5+deb12u4) ...

2025-11-23T18:43:00.63629038Z [inf]  Selecting previously unselected package fonts-liberation.

2025-11-23T18:43:00.638261435Z [inf]  Preparing to unpack .../070-fonts-liberation_1%3a1.07.4-11_all.deb ...

2025-11-23T18:43:00.63981492Z [inf]  Unpacking fonts-liberation (1:1.07.4-11) ...

2025-11-23T18:43:00.720957436Z [inf]  Selecting previously unselected package fontconfig-config.

2025-11-23T18:43:00.72294452Z [inf]  Preparing to unpack .../071-fontconfig-config_2.14.1-4_amd64.deb ...

2025-11-23T18:43:00.824084919Z [inf]  Unpacking fontconfig-config (2.14.1-4) ...

2025-11-23T18:43:00.854913885Z [inf]  Selecting previously unselected package libfontconfig1:amd64.

2025-11-23T18:43:00.857607439Z [inf]  Preparing to unpack .../072-libfontconfig1_2.14.1-4_amd64.deb ...

2025-11-23T18:43:00.8593668Z [inf]  Unpacking libfontconfig1:amd64 (2.14.1-4) ...

2025-11-23T18:43:00.888912507Z [inf]  Selecting previously unselected package fontconfig.

2025-11-23T18:43:00.890879014Z [inf]  Preparing to unpack .../073-fontconfig_2.14.1-4_amd64.deb ...

2025-11-23T18:43:00.892469315Z [inf]  Unpacking fontconfig (2.14.1-4) ...

2025-11-23T18:43:00.923526621Z [inf]  Selecting previously unselected package libdbus-glib-1-2:amd64.

2025-11-23T18:43:00.925528835Z [inf]  Preparing to unpack .../074-libdbus-glib-1-2_0.112-3_amd64.deb ...

2025-11-23T18:43:00.927067628Z [inf]  Unpacking libdbus-glib-1-2:amd64 (0.112-3) ...

2025-11-23T18:43:01.015242017Z [inf]  Selecting previously unselected package gconf2-common.

2025-11-23T18:43:01.017370125Z [inf]  Preparing to unpack .../075-gconf2-common_3.2.6-8_all.deb ...

2025-11-23T18:43:01.056235803Z [inf]  Unpacking gconf2-common (3.2.6-8) ...

2025-11-23T18:43:01.146930225Z [inf]  Selecting previously unselected package libgconf-2-4:amd64.

2025-11-23T18:43:01.149206482Z [inf]  Preparing to unpack .../076-libgconf-2-4_3.2.6-8_amd64.deb ...

2025-11-23T18:43:01.150759044Z [inf]  Unpacking libgconf-2-4:amd64 (3.2.6-8) ...

2025-11-23T18:43:01.179737908Z [inf]  Selecting previously unselected package libsasl2-modules-db:amd64.

2025-11-23T18:43:01.181832411Z [inf]  Preparing to unpack .../077-libsasl2-modules-db_2.1.28+dfsg-10_amd64.deb ...

2025-11-23T18:43:01.183322228Z [inf]  Unpacking libsasl2-modules-db:amd64 (2.1.28+dfsg-10) ...

2025-11-23T18:43:01.202006655Z [inf]  Selecting previously unselected package libsasl2-2:amd64.

2025-11-23T18:43:01.204556898Z [inf]  Preparing to unpack .../078-libsasl2-2_2.1.28+dfsg-10_amd64.deb ...

2025-11-23T18:43:01.20615828Z [inf]  Unpacking libsasl2-2:amd64 (2.1.28+dfsg-10) ...

2025-11-23T18:43:01.229637178Z [inf]  Selecting previously unselected package libldap-2.5-0:amd64.

2025-11-23T18:43:01.231733096Z [inf]  Preparing to unpack .../079-libldap-2.5-0_2.5.13+dfsg-5_amd64.deb ...

2025-11-23T18:43:01.233281113Z [inf]  Unpacking libldap-2.5-0:amd64 (2.5.13+dfsg-5) ...

2025-11-23T18:43:01.263150911Z [inf]  Selecting previously unselected package gconf-service.

2025-11-23T18:43:01.265083879Z [inf]  Preparing to unpack .../080-gconf-service_3.2.6-8_amd64.deb ...

2025-11-23T18:43:01.266532942Z [inf]  Unpacking gconf-service (3.2.6-8) ...

2025-11-23T18:43:01.296537209Z [inf]  Selecting previously unselected package libatk1.0-0:amd64.

2025-11-23T18:43:01.298619792Z [inf]  Preparing to unpack .../081-libatk1.0-0_2.46.0-5_amd64.deb ...

2025-11-23T18:43:01.299999253Z [inf]  Unpacking libatk1.0-0:amd64 (2.46.0-5) ...

2025-11-23T18:43:01.321076613Z [inf]  Selecting previously unselected package libatk-bridge2.0-0:amd64.

2025-11-23T18:43:01.323452047Z [inf]  Preparing to unpack .../082-libatk-bridge2.0-0_2.46.0-5_amd64.deb ...

2025-11-23T18:43:01.32524863Z [inf]  Unpacking libatk-bridge2.0-0:amd64 (2.46.0-5) ...

2025-11-23T18:43:01.35028992Z [inf]  Selecting previously unselected package libatomic1:amd64.

2025-11-23T18:43:01.353294651Z [inf]  Preparing to unpack .../083-libatomic1_12.2.0-14+deb12u1_amd64.deb ...

2025-11-23T18:43:01.354887809Z [inf]  Unpacking libatomic1:amd64 (12.2.0-14+deb12u1) ...

2025-11-23T18:43:01.402320164Z [inf]  Selecting previously unselected package libauthen-sasl-perl.

2025-11-23T18:43:01.405095016Z [inf]  Preparing to unpack .../084-libauthen-sasl-perl_2.1600-3_all.deb ...

2025-11-23T18:43:01.408768223Z [inf]  Unpacking libauthen-sasl-perl (2.1600-3) ...

2025-11-23T18:43:01.435021473Z [inf]  Selecting previously unselected package libavahi-common-data:amd64.

2025-11-23T18:43:01.4377278Z [inf]  Preparing to unpack .../085-libavahi-common-data_0.8-10+deb12u1_amd64.deb ...

2025-11-23T18:43:01.439182865Z [inf]  Unpacking libavahi-common-data:amd64 (0.8-10+deb12u1) ...

2025-11-23T18:43:01.474211879Z [inf]  Selecting previously unselected package libavahi-common3:amd64.

2025-11-23T18:43:01.476381198Z [inf]  Preparing to unpack .../086-libavahi-common3_0.8-10+deb12u1_amd64.deb ...

2025-11-23T18:43:01.477946342Z [inf]  Unpacking libavahi-common3:amd64 (0.8-10+deb12u1) ...

2025-11-23T18:43:01.497448832Z [inf]  Selecting previously unselected package libavahi-client3:amd64.

2025-11-23T18:43:01.49962364Z [inf]  Preparing to unpack .../087-libavahi-client3_0.8-10+deb12u1_amd64.deb ...

2025-11-23T18:43:01.500879499Z [inf]  Unpacking libavahi-client3:amd64 (0.8-10+deb12u1) ...

2025-11-23T18:43:01.529041107Z [inf]  Selecting previously unselected package libgtk2.0-common.

2025-11-23T18:43:01.531072317Z [inf]  Preparing to unpack .../088-libgtk2.0-common_2.24.33-2+deb12u1_all.deb ...

2025-11-23T18:43:01.532537147Z [inf]  Unpacking libgtk2.0-common (2.24.33-2+deb12u1) ...

2025-11-23T18:43:01.766422605Z [inf]  Selecting previously unselected package libpixman-1-0:amd64.

2025-11-23T18:43:01.768991314Z [inf]  Preparing to unpack .../089-libpixman-1-0_0.42.2-1_amd64.deb ...

2025-11-23T18:43:01.770580805Z [inf]  Unpacking libpixman-1-0:amd64 (0.42.2-1) ...

2025-11-23T18:43:01.812331133Z [inf]  Selecting previously unselected package libxcb-render0:amd64.

2025-11-23T18:43:01.814469352Z [inf]  Preparing to unpack .../090-libxcb-render0_1.15-1_amd64.deb ...

2025-11-23T18:43:01.816168774Z [inf]  Unpacking libxcb-render0:amd64 (1.15-1) ...

2025-11-23T18:43:01.842566102Z [inf]  Selecting previously unselected package libxcb-shm0:amd64.

2025-11-23T18:43:01.844919706Z [inf]  Preparing to unpack .../091-libxcb-shm0_1.15-1_amd64.deb ...

2025-11-23T18:43:01.846454425Z [inf]  Unpacking libxcb-shm0:amd64 (1.15-1) ...

2025-11-23T18:43:01.894440658Z [inf]  Selecting previously unselected package libxrender1:amd64.

2025-11-23T18:43:01.89647806Z [inf]  Preparing to unpack .../092-libxrender1_1%3a0.9.10-1.1_amd64.deb ...

2025-11-23T18:43:01.898181456Z [inf]  Unpacking libxrender1:amd64 (1:0.9.10-1.1) ...

2025-11-23T18:43:01.919175511Z [inf]  Selecting previously unselected package libcairo2:amd64.

2025-11-23T18:43:01.921280699Z [inf]  Preparing to unpack .../093-libcairo2_1.16.0-7_amd64.deb ...

2025-11-23T18:43:01.922991103Z [inf]  Unpacking libcairo2:amd64 (1.16.0-7) ...

2025-11-23T18:43:01.982780607Z [inf]  Selecting previously unselected package libkrb5support0:amd64.

2025-11-23T18:43:01.984971141Z [inf]  Preparing to unpack .../094-libkrb5support0_1.20.1-2+deb12u4_amd64.deb ...

2025-11-23T18:43:01.986675263Z [inf]  Unpacking libkrb5support0:amd64 (1.20.1-2+deb12u4) ...

2025-11-23T18:43:02.008926695Z [inf]  Selecting previously unselected package libk5crypto3:amd64.

2025-11-23T18:43:02.011042282Z [inf]  Preparing to unpack .../095-libk5crypto3_1.20.1-2+deb12u4_amd64.deb ...

2025-11-23T18:43:02.012641383Z [inf]  Unpacking libk5crypto3:amd64 (1.20.1-2+deb12u4) ...

2025-11-23T18:43:02.039306977Z [inf]  Selecting previously unselected package libkeyutils1:amd64.

2025-11-23T18:43:02.041351408Z [inf]  Preparing to unpack .../096-libkeyutils1_1.6.3-2_amd64.deb ...

2025-11-23T18:43:02.042946407Z [inf]  Unpacking libkeyutils1:amd64 (1.6.3-2) ...

2025-11-23T18:43:02.065502666Z [inf]  Selecting previously unselected package libkrb5-3:amd64.

2025-11-23T18:43:02.067539234Z [inf]  Preparing to unpack .../097-libkrb5-3_1.20.1-2+deb12u4_amd64.deb ...

2025-11-23T18:43:02.069337004Z [inf]  Unpacking libkrb5-3:amd64 (1.20.1-2+deb12u4) ...

2025-11-23T18:43:02.117370652Z [inf]  Selecting previously unselected package libgssapi-krb5-2:amd64.

2025-11-23T18:43:02.119431933Z [inf]  Preparing to unpack .../098-libgssapi-krb5-2_1.20.1-2+deb12u4_amd64.deb ...

2025-11-23T18:43:02.121048419Z [inf]  Unpacking libgssapi-krb5-2:amd64 (1.20.1-2+deb12u4) ...

2025-11-23T18:43:02.149981748Z [inf]  Selecting previously unselected package libcups2:amd64.

2025-11-23T18:43:02.152052695Z [inf]  Preparing to unpack .../099-libcups2_2.4.2-3+deb12u9_amd64.deb ...

2025-11-23T18:43:02.153590009Z [inf]  Unpacking libcups2:amd64 (2.4.2-3+deb12u9) ...

2025-11-23T18:43:02.190595397Z [inf]  Selecting previously unselected package libfribidi0:amd64.

2025-11-23T18:43:02.192617959Z [inf]  Preparing to unpack .../100-libfribidi0_1.0.8-2.1_amd64.deb ...

2025-11-23T18:43:02.19442001Z [inf]  Unpacking libfribidi0:amd64 (1.0.8-2.1) ...

2025-11-23T18:43:02.219265046Z [inf]  Selecting previously unselected package libgraphite2-3:amd64.

2025-11-23T18:43:02.221311582Z [inf]  Preparing to unpack .../101-libgraphite2-3_1.3.14-1_amd64.deb ...

2025-11-23T18:43:02.222909949Z [inf]  Unpacking libgraphite2-3:amd64 (1.3.14-1) ...

2025-11-23T18:43:02.249315024Z [inf]  Selecting previously unselected package libharfbuzz0b:amd64.

2025-11-23T18:43:02.25187362Z [inf]  Preparing to unpack .../102-libharfbuzz0b_6.0.0+dfsg-3_amd64.deb ...

2025-11-23T18:43:02.253664962Z [inf]  Unpacking libharfbuzz0b:amd64 (6.0.0+dfsg-3) ...

2025-11-23T18:43:02.325444247Z [inf]  Selecting previously unselected package libthai-data.

2025-11-23T18:43:02.328212125Z [inf]  Preparing to unpack .../103-libthai-data_0.1.29-1_all.deb ...

2025-11-23T18:43:02.341053017Z [inf]  Unpacking libthai-data (0.1.29-1) ...

2025-11-23T18:43:02.380463351Z [inf]  Selecting previously unselected package libdatrie1:amd64.

2025-11-23T18:43:02.382426154Z [inf]  Preparing to unpack .../104-libdatrie1_0.2.13-2+b1_amd64.deb ...

2025-11-23T18:43:02.384460076Z [inf]  Unpacking libdatrie1:amd64 (0.2.13-2+b1) ...

2025-11-23T18:43:02.407611339Z [inf]  Selecting previously unselected package libthai0:amd64.

2025-11-23T18:43:02.409740015Z [inf]  Preparing to unpack .../105-libthai0_0.1.29-1_amd64.deb ...

2025-11-23T18:43:02.411431885Z [inf]  Unpacking libthai0:amd64 (0.1.29-1) ...

2025-11-23T18:43:02.435219948Z [inf]  Selecting previously unselected package libpango-1.0-0:amd64.

2025-11-23T18:43:02.437316711Z [inf]  Preparing to unpack .../106-libpango-1.0-0_1.50.12+ds-1_amd64.deb ...

2025-11-23T18:43:02.438754922Z [inf]  Unpacking libpango-1.0-0:amd64 (1.50.12+ds-1) ...

2025-11-23T18:43:02.473595892Z [inf]  Selecting previously unselected package libpangoft2-1.0-0:amd64.

2025-11-23T18:43:02.475636627Z [inf]  Preparing to unpack .../107-libpangoft2-1.0-0_1.50.12+ds-1_amd64.deb ...

2025-11-23T18:43:02.477170868Z [inf]  Unpacking libpangoft2-1.0-0:amd64 (1.50.12+ds-1) ...

2025-11-23T18:43:02.497459637Z [inf]  Selecting previously unselected package libpangocairo-1.0-0:amd64.

2025-11-23T18:43:02.499510027Z [inf]  Preparing to unpack .../108-libpangocairo-1.0-0_1.50.12+ds-1_amd64.deb ...

2025-11-23T18:43:02.501037418Z [inf]  Unpacking libpangocairo-1.0-0:amd64 (1.50.12+ds-1) ...

2025-11-23T18:43:02.522032311Z [inf]  Selecting previously unselected package libxcomposite1:amd64.

2025-11-23T18:43:02.524147215Z [inf]  Preparing to unpack .../109-libxcomposite1_1%3a0.4.5-1_amd64.deb ...

2025-11-23T18:43:02.525959939Z [inf]  Unpacking libxcomposite1:amd64 (1:0.4.5-1) ...

2025-11-23T18:43:02.546736219Z [inf]  Selecting previously unselected package libxfixes3:amd64.

2025-11-23T18:43:02.548758383Z [inf]  Preparing to unpack .../110-libxfixes3_1%3a6.0.0-2_amd64.deb ...

2025-11-23T18:43:02.550335777Z [inf]  Unpacking libxfixes3:amd64 (1:6.0.0-2) ...

2025-11-23T18:43:02.569276313Z [inf]  Selecting previously unselected package libxcursor1:amd64.

2025-11-23T18:43:02.571368682Z [inf]  Preparing to unpack .../111-libxcursor1_1%3a1.2.1-1_amd64.deb ...

2025-11-23T18:43:02.573042945Z [inf]  Unpacking libxcursor1:amd64 (1:1.2.1-1) ...

2025-11-23T18:43:02.592934493Z [inf]  Selecting previously unselected package libxdamage1:amd64.

2025-11-23T18:43:02.595584547Z [inf]  Preparing to unpack .../112-libxdamage1_1%3a1.1.6-1_amd64.deb ...

2025-11-23T18:43:02.597441614Z [inf]  Unpacking libxdamage1:amd64 (1:1.1.6-1) ...

2025-11-23T18:43:02.637154152Z [inf]  Selecting previously unselected package libxinerama1:amd64.

2025-11-23T18:43:02.639239081Z [inf]  Preparing to unpack .../113-libxinerama1_2%3a1.1.4-3_amd64.deb ...

2025-11-23T18:43:02.64512868Z [inf]  Unpacking libxinerama1:amd64 (2:1.1.4-3) ...

2025-11-23T18:43:02.664889222Z [inf]  Selecting previously unselected package libxrandr2:amd64.

2025-11-23T18:43:02.666894749Z [inf]  Preparing to unpack .../114-libxrandr2_2%3a1.5.2-2+b1_amd64.deb ...

2025-11-23T18:43:02.668308555Z [inf]  Unpacking libxrandr2:amd64 (2:1.5.2-2+b1) ...

2025-11-23T18:43:02.691697081Z [inf]  Selecting previously unselected package libgtk2.0-0:amd64.

2025-11-23T18:43:02.693715877Z [inf]  Preparing to unpack .../115-libgtk2.0-0_2.24.33-2+deb12u1_amd64.deb ...

2025-11-23T18:43:02.695513599Z [inf]  Unpacking libgtk2.0-0:amd64 (2.24.33-2+deb12u1) ...

2025-11-23T18:43:02.850681822Z [inf]  Selecting previously unselected package libayatana-indicator7:amd64.

2025-11-23T18:43:02.853611223Z [inf]  Preparing to unpack .../116-libayatana-indicator7_0.9.3-1_amd64.deb ...

2025-11-23T18:43:02.855064487Z [inf]  Unpacking libayatana-indicator7:amd64 (0.9.3-1) ...

2025-11-23T18:43:02.874666867Z [inf]  Selecting previously unselected package libdbusmenu-glib4:amd64.

2025-11-23T18:43:02.876707313Z [inf]  Preparing to unpack .../117-libdbusmenu-glib4_18.10.20180917~bzr492+repack1-3_amd64.deb ...

2025-11-23T18:43:02.878023972Z [inf]  Unpacking libdbusmenu-glib4:amd64 (18.10.20180917~bzr492+repack1-3) ...

2025-11-23T18:43:02.898086147Z [inf]  Selecting previously unselected package libdbusmenu-gtk4:amd64.

2025-11-23T18:43:02.900227947Z [inf]  Preparing to unpack .../118-libdbusmenu-gtk4_18.10.20180917~bzr492+repack1-3_amd64.deb ...

2025-11-23T18:43:02.901695334Z [inf]  Unpacking libdbusmenu-gtk4:amd64 (18.10.20180917~bzr492+repack1-3) ...

2025-11-23T18:43:02.926079808Z [inf]  Selecting previously unselected package libayatana-appindicator1.

2025-11-23T18:43:02.928326484Z [inf]  Preparing to unpack .../119-libayatana-appindicator1_0.5.92-1_amd64.deb ...

2025-11-23T18:43:02.931838515Z [inf]  Unpacking libayatana-appindicator1 (0.5.92-1) ...

2025-11-23T18:43:02.951803683Z [inf]  Selecting previously unselected package libcairo-gobject2:amd64.

2025-11-23T18:43:02.95383097Z [inf]  Preparing to unpack .../120-libcairo-gobject2_1.16.0-7_amd64.deb ...

2025-11-23T18:43:02.955169781Z [inf]  Unpacking libcairo-gobject2:amd64 (1.16.0-7) ...

2025-11-23T18:43:02.978507879Z [inf]  Selecting previously unselected package libclone-perl:amd64.

2025-11-23T18:43:02.980575048Z [inf]  Preparing to unpack .../121-libclone-perl_0.46-1_amd64.deb ...

2025-11-23T18:43:02.981658978Z [inf]  Unpacking libclone-perl:amd64 (0.46-1) ...

2025-11-23T18:43:03.001784461Z [inf]  Selecting previously unselected package liblcms2-2:amd64.

2025-11-23T18:43:03.00532036Z [inf]  Preparing to unpack .../122-liblcms2-2_2.14-2_amd64.deb ...

2025-11-23T18:43:03.008395875Z [inf]  Unpacking liblcms2-2:amd64 (2.14-2) ...

2025-11-23T18:43:03.038805992Z [inf]  Selecting previously unselected package libcolord2:amd64.

2025-11-23T18:43:03.041024912Z [inf]  Preparing to unpack .../123-libcolord2_1.4.6-2.2_amd64.deb ...

2025-11-23T18:43:03.048205594Z [inf]  Unpacking libcolord2:amd64 (1.4.6-2.2) ...

2025-11-23T18:43:03.0752393Z [inf]  Selecting previously unselected package libdata-dump-perl.

2025-11-23T18:43:03.077326996Z [inf]  Preparing to unpack .../124-libdata-dump-perl_1.25-1_all.deb ...

2025-11-23T18:43:03.078752756Z [inf]  Unpacking libdata-dump-perl (1.25-1) ...

2025-11-23T18:43:03.097266019Z [inf]  Selecting previously unselected package libdrm-common.

2025-11-23T18:43:03.099900316Z [inf]  Preparing to unpack .../125-libdrm-common_2.4.114-1_all.deb ...

2025-11-23T18:43:03.101480711Z [inf]  Unpacking libdrm-common (2.4.114-1) ...

2025-11-23T18:43:03.128712208Z [inf]  Selecting previously unselected package libdrm2:amd64.

2025-11-23T18:43:03.131104527Z [inf]  Preparing to unpack .../126-libdrm2_2.4.114-1+b1_amd64.deb ...

2025-11-23T18:43:03.132495083Z [inf]  Unpacking libdrm2:amd64 (2.4.114-1+b1) ...

2025-11-23T18:43:03.153097923Z [inf]  Selecting previously unselected package libdrm-amdgpu1:amd64.

2025-11-23T18:43:03.155082651Z [inf]  Preparing to unpack .../127-libdrm-amdgpu1_2.4.114-1+b1_amd64.deb ...

2025-11-23T18:43:03.156457984Z [inf]  Unpacking libdrm-amdgpu1:amd64 (2.4.114-1+b1) ...

2025-11-23T18:43:03.175519138Z [inf]  Selecting previously unselected package libpciaccess0:amd64.

2025-11-23T18:43:03.177579045Z [inf]  Preparing to unpack .../128-libpciaccess0_0.17-2_amd64.deb ...

2025-11-23T18:43:03.179125686Z [inf]  Unpacking libpciaccess0:amd64 (0.17-2) ...

2025-11-23T18:43:03.201025743Z [inf]  Selecting previously unselected package libdrm-intel1:amd64.

2025-11-23T18:43:03.2029958Z [inf]  Preparing to unpack .../129-libdrm-intel1_2.4.114-1+b1_amd64.deb ...

2025-11-23T18:43:03.20427994Z [inf]  Unpacking libdrm-intel1:amd64 (2.4.114-1+b1) ...

2025-11-23T18:43:03.227005591Z [inf]  Selecting previously unselected package libdrm-nouveau2:amd64.

2025-11-23T18:43:03.229050026Z [inf]  Preparing to unpack .../130-libdrm-nouveau2_2.4.114-1+b1_amd64.deb ...

2025-11-23T18:43:03.230510998Z [inf]  Unpacking libdrm-nouveau2:amd64 (2.4.114-1+b1) ...

2025-11-23T18:43:03.248790737Z [inf]  Selecting previously unselected package libdrm-radeon1:amd64.

2025-11-23T18:43:03.250892591Z [inf]  Preparing to unpack .../131-libdrm-radeon1_2.4.114-1+b1_amd64.deb ...

2025-11-23T18:43:03.252316753Z [inf]  Unpacking libdrm-radeon1:amd64 (2.4.114-1+b1) ...

2025-11-23T18:43:03.273756734Z [inf]  Selecting previously unselected package libedit2:amd64.

2025-11-23T18:43:03.275949356Z [inf]  Preparing to unpack .../132-libedit2_3.1-20221030-2_amd64.deb ...

2025-11-23T18:43:03.27735722Z [inf]  Unpacking libedit2:amd64 (3.1-20221030-2) ...

2025-11-23T18:43:03.308375935Z [inf]  Selecting previously unselected package libwayland-server0:amd64.

2025-11-23T18:43:03.31053374Z [inf]  Preparing to unpack .../133-libwayland-server0_1.21.0-1_amd64.deb ...

2025-11-23T18:43:03.312044707Z [inf]  Unpacking libwayland-server0:amd64 (1.21.0-1) ...

2025-11-23T18:43:03.333570318Z [inf]  Selecting previously unselected package libgbm1:amd64.

2025-11-23T18:43:03.335765735Z [inf]  Preparing to unpack .../134-libgbm1_22.3.6-1+deb12u1_amd64.deb ...

2025-11-23T18:43:03.337354541Z [inf]  Unpacking libgbm1:amd64 (22.3.6-1+deb12u1) ...

2025-11-23T18:43:03.359502932Z [inf]  Selecting previously unselected package libglapi-mesa:amd64.

2025-11-23T18:43:03.361525746Z [inf]  Preparing to unpack .../135-libglapi-mesa_22.3.6-1+deb12u1_amd64.deb ...

2025-11-23T18:43:03.362909018Z [inf]  Unpacking libglapi-mesa:amd64 (22.3.6-1+deb12u1) ...

2025-11-23T18:43:03.38586021Z [inf]  Selecting previously unselected package libwayland-client0:amd64.

2025-11-23T18:43:03.387948697Z [inf]  Preparing to unpack .../136-libwayland-client0_1.21.0-1_amd64.deb ...

2025-11-23T18:43:03.389541044Z [inf]  Unpacking libwayland-client0:amd64 (1.21.0-1) ...

2025-11-23T18:43:03.411922962Z [inf]  Selecting previously unselected package libx11-xcb1:amd64.

2025-11-23T18:43:03.414955157Z [inf]  Preparing to unpack .../137-libx11-xcb1_2%3a1.8.4-2+deb12u2_amd64.deb ...

2025-11-23T18:43:03.416984559Z [inf]  Unpacking libx11-xcb1:amd64 (2:1.8.4-2+deb12u2) ...

2025-11-23T18:43:03.442424876Z [inf]  Selecting previously unselected package libxcb-dri2-0:amd64.

2025-11-23T18:43:03.44503687Z [inf]  Preparing to unpack .../138-libxcb-dri2-0_1.15-1_amd64.deb ...

2025-11-23T18:43:03.446662535Z [inf]  Unpacking libxcb-dri2-0:amd64 (1.15-1) ...

2025-11-23T18:43:03.473333029Z [inf]  Selecting previously unselected package libxcb-dri3-0:amd64.

2025-11-23T18:43:03.475309494Z [inf]  Preparing to unpack .../139-libxcb-dri3-0_1.15-1_amd64.deb ...

2025-11-23T18:43:03.476963273Z [inf]  Unpacking libxcb-dri3-0:amd64 (1.15-1) ...

2025-11-23T18:43:03.502939739Z [inf]  Selecting previously unselected package libxcb-present0:amd64.

2025-11-23T18:43:03.505535646Z [inf]  Preparing to unpack .../140-libxcb-present0_1.15-1_amd64.deb ...

2025-11-23T18:43:03.507383124Z [inf]  Unpacking libxcb-present0:amd64 (1.15-1) ...

2025-11-23T18:43:03.535442331Z [inf]  Selecting previously unselected package libxcb-randr0:amd64.

2025-11-23T18:43:03.537461028Z [inf]  Preparing to unpack .../141-libxcb-randr0_1.15-1_amd64.deb ...

2025-11-23T18:43:03.539165412Z [inf]  Unpacking libxcb-randr0:amd64 (1.15-1) ...

2025-11-23T18:43:03.56833765Z [inf]  Selecting previously unselected package libxcb-sync1:amd64.

2025-11-23T18:43:03.570661619Z [inf]  Preparing to unpack .../142-libxcb-sync1_1.15-1_amd64.deb ...

2025-11-23T18:43:03.572280625Z [inf]  Unpacking libxcb-sync1:amd64 (1.15-1) ...

2025-11-23T18:43:03.59865076Z [inf]  Selecting previously unselected package libxcb-xfixes0:amd64.

2025-11-23T18:43:03.600650209Z [inf]  Preparing to unpack .../143-libxcb-xfixes0_1.15-1_amd64.deb ...

2025-11-23T18:43:03.602154443Z [inf]  Unpacking libxcb-xfixes0:amd64 (1.15-1) ...

2025-11-23T18:43:03.660972693Z [inf]  Selecting previously unselected package libxshmfence1:amd64.

2025-11-23T18:43:03.663143235Z [inf]  Preparing to unpack .../144-libxshmfence1_1.3-1_amd64.deb ...

2025-11-23T18:43:03.665622794Z [inf]  Unpacking libxshmfence1:amd64 (1.3-1) ...

2025-11-23T18:43:03.686900426Z [inf]  Selecting previously unselected package libegl-mesa0:amd64.

2025-11-23T18:43:03.68889963Z [inf]  Preparing to unpack .../145-libegl-mesa0_22.3.6-1+deb12u1_amd64.deb ...

2025-11-23T18:43:03.690657994Z [inf]  Unpacking libegl-mesa0:amd64 (22.3.6-1+deb12u1) ...

2025-11-23T18:43:03.719569051Z [inf]  Selecting previously unselected package libelf1:amd64.

2025-11-23T18:43:03.721489734Z [inf]  Preparing to unpack .../146-libelf1_0.188-2.1_amd64.deb ...

2025-11-23T18:43:03.723067656Z [inf]  Unpacking libelf1:amd64 (0.188-2.1) ...

2025-11-23T18:43:03.754825954Z [inf]  Selecting previously unselected package libencode-locale-perl.

2025-11-23T18:43:03.756907456Z [inf]  Preparing to unpack .../147-libencode-locale-perl_1.05-3_all.deb ...

2025-11-23T18:43:03.758602647Z [inf]  Unpacking libencode-locale-perl (1.05-3) ...

2025-11-23T18:43:03.778995431Z [inf]  Selecting previously unselected package libepoxy0:amd64.

2025-11-23T18:43:03.781127273Z [inf]  Preparing to unpack .../148-libepoxy0_1.5.10-1_amd64.deb ...

2025-11-23T18:43:03.782596325Z [inf]  Unpacking libepoxy0:amd64 (1.5.10-1) ...

2025-11-23T18:43:03.816852184Z [inf]  Selecting previously unselected package libipc-system-simple-perl.

2025-11-23T18:43:03.818806824Z [inf]  Preparing to unpack .../149-libipc-system-simple-perl_1.30-2_all.deb ...

2025-11-23T18:43:03.820435749Z [inf]  Unpacking libipc-system-simple-perl (1.30-2) ...

2025-11-23T18:43:03.839525023Z [inf]  Selecting previously unselected package libfile-basedir-perl.

2025-11-23T18:43:03.841673816Z [inf]  Preparing to unpack .../150-libfile-basedir-perl_0.09-2_all.deb ...

2025-11-23T18:43:03.843192484Z [inf]  Unpacking libfile-basedir-perl (0.09-2) ...

2025-11-23T18:43:03.860942496Z [inf]  Selecting previously unselected package libregexp-ipv6-perl.

2025-11-23T18:43:03.862991487Z [inf]  Preparing to unpack .../151-libregexp-ipv6-perl_0.03-3_all.deb ...

2025-11-23T18:43:03.864489001Z [inf]  Unpacking libregexp-ipv6-perl (0.03-3) ...

2025-11-23T18:43:03.880983927Z [inf]  Selecting previously unselected package liburi-perl.

2025-11-23T18:43:03.882985782Z [inf]  Preparing to unpack .../152-liburi-perl_5.17-1_all.deb ...

2025-11-23T18:43:03.884552574Z [inf]  Unpacking liburi-perl (5.17-1) ...

2025-11-23T18:43:03.911819475Z [inf]  Selecting previously unselected package libfile-desktopentry-perl.

2025-11-23T18:43:03.914233859Z [inf]  Preparing to unpack .../153-libfile-desktopentry-perl_0.22-3_all.deb ...

2025-11-23T18:43:03.916046719Z [inf]  Unpacking libfile-desktopentry-perl (0.22-3) ...

2025-11-23T18:43:03.934810702Z [inf]  Selecting previously unselected package libtimedate-perl.

2025-11-23T18:43:03.936863846Z [inf]  Preparing to unpack .../154-libtimedate-perl_2.3300-2_all.deb ...

2025-11-23T18:43:03.938531866Z [inf]  Unpacking libtimedate-perl (2.3300-2) ...

2025-11-23T18:43:03.962521351Z [inf]  Selecting previously unselected package libhttp-date-perl.

2025-11-23T18:43:03.964723207Z [inf]  Preparing to unpack .../155-libhttp-date-perl_6.05-2_all.deb ...

2025-11-23T18:43:03.966375301Z [inf]  Unpacking libhttp-date-perl (6.05-2) ...

2025-11-23T18:43:03.985398859Z [inf]  Selecting previously unselected package libfile-listing-perl.

2025-11-23T18:43:03.987433099Z [inf]  Preparing to unpack .../156-libfile-listing-perl_6.15-1_all.deb ...

2025-11-23T18:43:03.989938783Z [inf]  Unpacking libfile-listing-perl (6.15-1) ...

2025-11-23T18:43:04.010052875Z [inf]  Selecting previously unselected package libfile-mimeinfo-perl.

2025-11-23T18:43:04.012298501Z [inf]  Preparing to unpack .../157-libfile-mimeinfo-perl_0.33-1_all.deb ...

2025-11-23T18:43:04.014049754Z [inf]  Unpacking libfile-mimeinfo-perl (0.33-1) ...

2025-11-23T18:43:04.037500494Z [inf]  Selecting previously unselected package libfont-afm-perl.

2025-11-23T18:43:04.039639567Z [inf]  Preparing to unpack .../158-libfont-afm-perl_1.20-4_all.deb ...

2025-11-23T18:43:04.041389304Z [inf]  Unpacking libfont-afm-perl (1.20-4) ...

2025-11-23T18:43:04.062680176Z [inf]  Selecting previously unselected package libfontenc1:amd64.

2025-11-23T18:43:04.064762403Z [inf]  Preparing to unpack .../159-libfontenc1_1%3a1.1.4-1_amd64.deb ...

2025-11-23T18:43:04.066473157Z [inf]  Unpacking libfontenc1:amd64 (1:1.1.4-1) ...

2025-11-23T18:43:04.08903871Z [inf]  Selecting previously unselected package libgail18:amd64.

2025-11-23T18:43:04.091177285Z [inf]  Preparing to unpack .../160-libgail18_2.24.33-2+deb12u1_amd64.deb ...

2025-11-23T18:43:04.093241831Z [inf]  Unpacking libgail18:amd64 (2.24.33-2+deb12u1) ...

2025-11-23T18:43:04.113962452Z [inf]  Selecting previously unselected package libgail-common:amd64.

2025-11-23T18:43:04.11603696Z [inf]  Preparing to unpack .../161-libgail-common_2.24.33-2+deb12u1_amd64.deb ...

2025-11-23T18:43:04.118002012Z [inf]  Unpacking libgail-common:amd64 (2.24.33-2+deb12u1) ...

2025-11-23T18:43:04.147220347Z [inf]  Selecting previously unselected package libgdk-pixbuf-xlib-2.0-0:amd64.

2025-11-23T18:43:04.149350678Z [inf]  Preparing to unpack .../162-libgdk-pixbuf-xlib-2.0-0_2.40.2-2_amd64.deb ...

2025-11-23T18:43:04.151068608Z [inf]  Unpacking libgdk-pixbuf-xlib-2.0-0:amd64 (2.40.2-2) ...

2025-11-23T18:43:04.172750133Z [inf]  Selecting previously unselected package libgdk-pixbuf2.0-0:amd64.

2025-11-23T18:43:04.174802444Z [inf]  Preparing to unpack .../163-libgdk-pixbuf2.0-0_2.40.2-2_amd64.deb ...

2025-11-23T18:43:04.176934143Z [inf]  Unpacking libgdk-pixbuf2.0-0:amd64 (2.40.2-2) ...

2025-11-23T18:43:04.19550449Z [inf]  Selecting previously unselected package libgdk-pixbuf2.0-bin.

2025-11-23T18:43:04.197672007Z [inf]  Preparing to unpack .../164-libgdk-pixbuf2.0-bin_2.42.10+dfsg-1+deb12u2_amd64.deb ...

2025-11-23T18:43:04.199528215Z [inf]  Unpacking libgdk-pixbuf2.0-bin (2.42.10+dfsg-1+deb12u2) ...

2025-11-23T18:43:04.221909945Z [inf]  Selecting previously unselected package libglvnd0:amd64.

2025-11-23T18:43:04.224038878Z [inf]  Preparing to unpack .../165-libglvnd0_1.6.0-1_amd64.deb ...

2025-11-23T18:43:04.226175285Z [inf]  Unpacking libglvnd0:amd64 (1.6.0-1) ...

2025-11-23T18:43:04.307706536Z [inf]  Selecting previously unselected package libxcb-glx0:amd64.

2025-11-23T18:43:04.309955375Z [inf]  Preparing to unpack .../166-libxcb-glx0_1.15-1_amd64.deb ...

2025-11-23T18:43:04.311740296Z [inf]  Unpacking libxcb-glx0:amd64 (1.15-1) ...

2025-11-23T18:43:04.342012952Z [inf]  Selecting previously unselected package libxxf86vm1:amd64.

2025-11-23T18:43:04.344058366Z [inf]  Preparing to unpack .../167-libxxf86vm1_1%3a1.1.4-1+b2_amd64.deb ...

2025-11-23T18:43:04.353566858Z [inf]  Unpacking libxxf86vm1:amd64 (1:1.1.4-1+b2) ...

2025-11-23T18:43:04.374272735Z [inf]  Selecting previously unselected package libz3-4:amd64.

2025-11-23T18:43:04.377453147Z [inf]  Preparing to unpack .../168-libz3-4_4.8.12-3.1_amd64.deb ...

2025-11-23T18:43:04.379589874Z [inf]  Unpacking libz3-4:amd64 (4.8.12-3.1) ...

2025-11-23T18:43:04.945237937Z [inf]  Selecting previously unselected package libllvm15:amd64.

2025-11-23T18:43:04.947217824Z [inf]  Preparing to unpack .../169-libllvm15_1%3a15.0.6-4+b1_amd64.deb ...

2025-11-23T18:43:04.948600376Z [inf]  Unpacking libllvm15:amd64 (1:15.0.6-4+b1) ...

2025-11-23T18:43:05.75094852Z [inf]  Selecting previously unselected package libsensors-config.

2025-11-23T18:43:05.753080514Z [inf]  Preparing to unpack .../170-libsensors-config_1%3a3.6.0-7.1_all.deb ...

2025-11-23T18:43:05.754714087Z [inf]  Unpacking libsensors-config (1:3.6.0-7.1) ...

2025-11-23T18:43:05.774209195Z [inf]  Selecting previously unselected package libsensors5:amd64.

2025-11-23T18:43:05.776258599Z [inf]  Preparing to unpack .../171-libsensors5_1%3a3.6.0-7.1_amd64.deb ...

2025-11-23T18:43:05.806332658Z [inf]  Unpacking libsensors5:amd64 (1:3.6.0-7.1) ...

2025-11-23T18:43:05.829042003Z [inf]  Selecting previously unselected package libgl1-mesa-dri:amd64.

2025-11-23T18:43:05.831604037Z [inf]  Preparing to unpack .../172-libgl1-mesa-dri_22.3.6-1+deb12u1_amd64.deb ...

2025-11-23T18:43:05.838054631Z [inf]  Unpacking libgl1-mesa-dri:amd64 (22.3.6-1+deb12u1) ...

2025-11-23T18:43:06.396792349Z [inf]  Selecting previously unselected package libglx-mesa0:amd64.

2025-11-23T18:43:06.39913949Z [inf]  Preparing to unpack .../173-libglx-mesa0_22.3.6-1+deb12u1_amd64.deb ...

2025-11-23T18:43:06.400779456Z [inf]  Unpacking libglx-mesa0:amd64 (22.3.6-1+deb12u1) ...

2025-11-23T18:43:06.431161489Z [inf]  Selecting previously unselected package libglx0:amd64.

2025-11-23T18:43:06.433536112Z [inf]  Preparing to unpack .../174-libglx0_1.6.0-1_amd64.deb ...

2025-11-23T18:43:06.434989352Z [inf]  Unpacking libglx0:amd64 (1.6.0-1) ...

2025-11-23T18:43:06.457086919Z [inf]  Selecting previously unselected package libgl1:amd64.

2025-11-23T18:43:06.459482835Z [inf]  Preparing to unpack .../175-libgl1_1.6.0-1_amd64.deb ...

2025-11-23T18:43:06.461270811Z [inf]  Unpacking libgl1:amd64 (1.6.0-1) ...

2025-11-23T18:43:06.488294136Z [inf]  Selecting previously unselected package libgles2:amd64.

2025-11-23T18:43:06.490408283Z [inf]  Preparing to unpack .../176-libgles2_1.6.0-1_amd64.deb ...

2025-11-23T18:43:06.492146573Z [inf]  Unpacking libgles2:amd64 (1.6.0-1) ...

2025-11-23T18:43:06.511475001Z [inf]  Selecting previously unselected package libglib2.0-data.

2025-11-23T18:43:06.513726265Z [inf]  Preparing to unpack .../177-libglib2.0-data_2.74.6-2+deb12u7_all.deb ...

2025-11-23T18:43:06.515179051Z [inf]  Unpacking libglib2.0-data (2.74.6-2+deb12u7) ...

2025-11-23T18:43:06.638658894Z [inf]  Selecting previously unselected package libgpm2:amd64.

2025-11-23T18:43:06.641071973Z [inf]  Preparing to unpack .../178-libgpm2_1.20.7-10+b1_amd64.deb ...

2025-11-23T18:43:06.642691971Z [inf]  Unpacking libgpm2:amd64 (1.20.7-10+b1) ...

2025-11-23T18:43:06.663860564Z [inf]  Selecting previously unselected package libwayland-cursor0:amd64.

2025-11-23T18:43:06.666040227Z [inf]  Preparing to unpack .../179-libwayland-cursor0_1.21.0-1_amd64.deb ...

2025-11-23T18:43:06.668262054Z [inf]  Unpacking libwayland-cursor0:amd64 (1.21.0-1) ...

2025-11-23T18:43:06.691703848Z [inf]  Selecting previously unselected package libwayland-egl1:amd64.

2025-11-23T18:43:06.693797336Z [inf]  Preparing to unpack .../180-libwayland-egl1_1.21.0-1_amd64.deb ...

2025-11-23T18:43:06.696016987Z [inf]  Unpacking libwayland-egl1:amd64 (1.21.0-1) ...

2025-11-23T18:43:06.718083585Z [inf]  Selecting previously unselected package xkb-data.

2025-11-23T18:43:06.720785956Z [inf]  Preparing to unpack .../181-xkb-data_2.35.1-1_all.deb ...

2025-11-23T18:43:06.723092926Z [inf]  Unpacking xkb-data (2.35.1-1) ...

2025-11-23T18:43:06.822493433Z [inf]  Selecting previously unselected package libxkbcommon0:amd64.

2025-11-23T18:43:06.825215103Z [inf]  Preparing to unpack .../182-libxkbcommon0_1.5.0-1_amd64.deb ...

2025-11-23T18:43:06.826630984Z [inf]  Unpacking libxkbcommon0:amd64 (1.5.0-1) ...

2025-11-23T18:43:06.85171182Z [inf]  Selecting previously unselected package libgtk-3-common.

2025-11-23T18:43:06.853910468Z [inf]  Preparing to unpack .../183-libgtk-3-common_3.24.38-2~deb12u3_all.deb ...

2025-11-23T18:43:06.856124856Z [inf]  Unpacking libgtk-3-common (3.24.38-2~deb12u3) ...

2025-11-23T18:43:07.172395431Z [inf]  Selecting previously unselected package libgtk-3-0:amd64.

2025-11-23T18:43:07.174634199Z [inf]  Preparing to unpack .../184-libgtk-3-0_3.24.38-2~deb12u3_amd64.deb ...

2025-11-23T18:43:07.176483642Z [inf]  Unpacking libgtk-3-0:amd64 (3.24.38-2~deb12u3) ...

2025-11-23T18:43:07.411077811Z [inf]  Selecting previously unselected package libgtk-3-bin.

2025-11-23T18:43:07.413282755Z [inf]  Preparing to unpack .../185-libgtk-3-bin_3.24.38-2~deb12u3_amd64.deb ...

2025-11-23T18:43:07.414983708Z [inf]  Unpacking libgtk-3-bin (3.24.38-2~deb12u3) ...

2025-11-23T18:43:07.440033342Z [inf]  Selecting previously unselected package libgtk2.0-bin.

2025-11-23T18:43:07.442180187Z [inf]  Preparing to unpack .../186-libgtk2.0-bin_2.24.33-2+deb12u1_amd64.deb ...

2025-11-23T18:43:07.443711471Z [inf]  Unpacking libgtk2.0-bin (2.24.33-2+deb12u1) ...

2025-11-23T18:43:07.461678914Z [inf]  Selecting previously unselected package libhtml-tagset-perl.

2025-11-23T18:43:07.463896567Z [inf]  Preparing to unpack .../187-libhtml-tagset-perl_3.20-6_all.deb ...

2025-11-23T18:43:07.465554158Z [inf]  Unpacking libhtml-tagset-perl (3.20-6) ...

2025-11-23T18:43:07.483184367Z [inf]  Selecting previously unselected package libhtml-parser-perl:amd64.

2025-11-23T18:43:07.485336534Z [inf]  Preparing to unpack .../188-libhtml-parser-perl_3.81-1_amd64.deb ...

2025-11-23T18:43:07.486904919Z [inf]  Unpacking libhtml-parser-perl:amd64 (3.81-1) ...

2025-11-23T18:43:07.512606158Z [inf]  Selecting previously unselected package libio-html-perl.

2025-11-23T18:43:07.51477655Z [inf]  Preparing to unpack .../189-libio-html-perl_1.004-3_all.deb ...

2025-11-23T18:43:07.51626469Z [inf]  Unpacking libio-html-perl (1.004-3) ...

2025-11-23T18:43:07.533910784Z [inf]  Selecting previously unselected package liblwp-mediatypes-perl.

2025-11-23T18:43:07.536044401Z [inf]  Preparing to unpack .../190-liblwp-mediatypes-perl_6.04-2_all.deb ...

2025-11-23T18:43:07.537484923Z [inf]  Unpacking liblwp-mediatypes-perl (6.04-2) ...

2025-11-23T18:43:07.555958938Z [inf]  Selecting previously unselected package libhttp-message-perl.

2025-11-23T18:43:07.558016733Z [inf]  Preparing to unpack .../191-libhttp-message-perl_6.44-1_all.deb ...

2025-11-23T18:43:07.559301489Z [inf]  Unpacking libhttp-message-perl (6.44-1) ...

2025-11-23T18:43:07.582852807Z [inf]  Selecting previously unselected package libhtml-form-perl.

2025-11-23T18:43:07.585056362Z [inf]  Preparing to unpack .../192-libhtml-form-perl_6.11-1_all.deb ...

2025-11-23T18:43:07.586733459Z [inf]  Unpacking libhtml-form-perl (6.11-1) ...

2025-11-23T18:43:07.608491111Z [inf]  Selecting previously unselected package libhtml-tree-perl.

2025-11-23T18:43:07.610625206Z [inf]  Preparing to unpack .../193-libhtml-tree-perl_5.07-3_all.deb ...

2025-11-23T18:43:07.612074709Z [inf]  Unpacking libhtml-tree-perl (5.07-3) ...

2025-11-23T18:43:07.643566809Z [inf]  Selecting previously unselected package libhtml-format-perl.

2025-11-23T18:43:07.645632488Z [inf]  Preparing to unpack .../194-libhtml-format-perl_2.16-2_all.deb ...

2025-11-23T18:43:07.647052779Z [inf]  Unpacking libhtml-format-perl (2.16-2) ...

2025-11-23T18:43:07.666367767Z [inf]  Selecting previously unselected package libhttp-cookies-perl.

2025-11-23T18:43:07.668619391Z [inf]  Preparing to unpack .../195-libhttp-cookies-perl_6.10-1_all.deb ...

2025-11-23T18:43:07.669786622Z [inf]  Unpacking libhttp-cookies-perl (6.10-1) ...

2025-11-23T18:43:07.686554284Z [inf]  Selecting previously unselected package libhttp-daemon-perl.

2025-11-23T18:43:07.688630034Z [inf]  Preparing to unpack .../196-libhttp-daemon-perl_6.16-1_all.deb ...

2025-11-23T18:43:07.689929592Z [inf]  Unpacking libhttp-daemon-perl (6.16-1) ...

2025-11-23T18:43:07.707015126Z [inf]  Selecting previously unselected package libhttp-negotiate-perl.

2025-11-23T18:43:07.709097652Z [inf]  Preparing to unpack .../197-libhttp-negotiate-perl_6.01-2_all.deb ...

2025-11-23T18:43:07.710585011Z [inf]  Unpacking libhttp-negotiate-perl (6.01-2) ...

2025-11-23T18:43:07.729128788Z [inf]  Selecting previously unselected package libice6:amd64.

2025-11-23T18:43:07.731155494Z [inf]  Preparing to unpack .../198-libice6_2%3a1.0.10-1_amd64.deb ...

2025-11-23T18:43:07.732650034Z [inf]  Unpacking libice6:amd64 (2:1.0.10-1) ...

2025-11-23T18:43:07.754473072Z [inf]  Selecting previously unselected package perl-openssl-defaults:amd64.

2025-11-23T18:43:07.756566692Z [inf]  Preparing to unpack .../199-perl-openssl-defaults_7+b1_amd64.deb ...

2025-11-23T18:43:07.758013722Z [inf]  Unpacking perl-openssl-defaults:amd64 (7+b1) ...

2025-11-23T18:43:07.776135001Z [inf]  Selecting previously unselected package libnet-ssleay-perl:amd64.

2025-11-23T18:43:07.778187107Z [inf]  Preparing to unpack .../200-libnet-ssleay-perl_1.92-2+b1_amd64.deb ...

2025-11-23T18:43:07.779614698Z [inf]  Unpacking libnet-ssleay-perl:amd64 (1.92-2+b1) ...

2025-11-23T18:43:07.820337385Z [inf]  Selecting previously unselected package libio-socket-ssl-perl.

2025-11-23T18:43:07.822425967Z [inf]  Preparing to unpack .../201-libio-socket-ssl-perl_2.081-2_all.deb ...

2025-11-23T18:43:07.823682393Z [inf]  Unpacking libio-socket-ssl-perl (2.081-2) ...

2025-11-23T18:43:07.856499345Z [inf]  Selecting previously unselected package libio-stringy-perl.

2025-11-23T18:43:07.858695787Z [inf]  Preparing to unpack .../202-libio-stringy-perl_2.111-3_all.deb ...

2025-11-23T18:43:07.860196462Z [inf]  Unpacking libio-stringy-perl (2.111-3) ...

2025-11-23T18:43:07.881873868Z [inf]  Selecting previously unselected package libldap-common.

2025-11-23T18:43:07.884082944Z [inf]  Preparing to unpack .../203-libldap-common_2.5.13+dfsg-5_all.deb ...

2025-11-23T18:43:07.885760358Z [inf]  Unpacking libldap-common (2.5.13+dfsg-5) ...

2025-11-23T18:43:07.904739572Z [inf]  Selecting previously unselected package libnet-http-perl.

2025-11-23T18:43:07.906972932Z [inf]  Preparing to unpack .../204-libnet-http-perl_6.22-1_all.deb ...

2025-11-23T18:43:07.90858836Z [inf]  Unpacking libnet-http-perl (6.22-1) ...

2025-11-23T18:43:07.927847184Z [inf]  Selecting previously unselected package libtry-tiny-perl.

2025-11-23T18:43:07.930016497Z [inf]  Preparing to unpack .../205-libtry-tiny-perl_0.31-2_all.deb ...

2025-11-23T18:43:07.931577386Z [inf]  Unpacking libtry-tiny-perl (0.31-2) ...

2025-11-23T18:43:07.950121666Z [inf]  Selecting previously unselected package libwww-robotrules-perl.

2025-11-23T18:43:07.952264197Z [inf]  Preparing to unpack .../206-libwww-robotrules-perl_6.02-1_all.deb ...

2025-11-23T18:43:07.953896976Z [inf]  Unpacking libwww-robotrules-perl (6.02-1) ...

2025-11-23T18:43:07.971614896Z [inf]  Selecting previously unselected package libwww-perl.

2025-11-23T18:43:07.973710328Z [inf]  Preparing to unpack .../207-libwww-perl_6.68-1_all.deb ...

2025-11-23T18:43:07.975149193Z [inf]  Unpacking libwww-perl (6.68-1) ...

2025-11-23T18:43:08.007236453Z [inf]  Selecting previously unselected package liblwp-protocol-https-perl.

2025-11-23T18:43:08.009322197Z [inf]  Preparing to unpack .../208-liblwp-protocol-https-perl_6.10-1_all.deb ...

2025-11-23T18:43:08.010656843Z [inf]  Unpacking liblwp-protocol-https-perl (6.10-1) ...

2025-11-23T18:43:08.027518338Z [inf]  Selecting previously unselected package libnet-smtp-ssl-perl.

2025-11-23T18:43:08.029637067Z [inf]  Preparing to unpack .../209-libnet-smtp-ssl-perl_1.04-2_all.deb ...

2025-11-23T18:43:08.030958401Z [inf]  Unpacking libnet-smtp-ssl-perl (1.04-2) ...

2025-11-23T18:43:08.04737525Z [inf]  Selecting previously unselected package libmailtools-perl.

2025-11-23T18:43:08.04941112Z [inf]  Preparing to unpack .../210-libmailtools-perl_2.21-2_all.deb ...

2025-11-23T18:43:08.051049214Z [inf]  Unpacking libmailtools-perl (2.21-2) ...

2025-11-23T18:43:08.077236965Z [inf]  Selecting previously unselected package libxml-parser-perl.

2025-11-23T18:43:08.079385557Z [inf]  Preparing to unpack .../211-libxml-parser-perl_2.46-4_amd64.deb ...

2025-11-23T18:43:08.080732464Z [inf]  Unpacking libxml-parser-perl (2.46-4) ...

2025-11-23T18:43:08.11480063Z [inf]  Selecting previously unselected package libxml-twig-perl.

2025-11-23T18:43:08.1170192Z [inf]  Preparing to unpack .../212-libxml-twig-perl_1%3a3.52-2_all.deb ...

2025-11-23T18:43:08.118617898Z [inf]  Unpacking libxml-twig-perl (1:3.52-2) ...

2025-11-23T18:43:08.149132103Z [inf]  Selecting previously unselected package libnet-dbus-perl.

2025-11-23T18:43:08.151175108Z [inf]  Preparing to unpack .../213-libnet-dbus-perl_1.2.0-2_amd64.deb ...

2025-11-23T18:43:08.152449083Z [inf]  Unpacking libnet-dbus-perl (1.2.0-2) ...

2025-11-23T18:43:08.183321419Z [inf]  Selecting previously unselected package libnspr4:amd64.

2025-11-23T18:43:08.185401583Z [inf]  Preparing to unpack .../214-libnspr4_2%3a4.35-1_amd64.deb ...

2025-11-23T18:43:08.187053873Z [inf]  Unpacking libnspr4:amd64 (2:4.35-1) ...

2025-11-23T18:43:08.215074289Z [inf]  Selecting previously unselected package libsqlite3-0:amd64.

2025-11-23T18:43:08.217243052Z [inf]  Preparing to unpack .../215-libsqlite3-0_3.40.1-2+deb12u2_amd64.deb ...

2025-11-23T18:43:08.218800725Z [inf]  Unpacking libsqlite3-0:amd64 (3.40.1-2+deb12u2) ...

2025-11-23T18:43:08.284264243Z [inf]  Selecting previously unselected package libnss3:amd64.

2025-11-23T18:43:08.286396566Z [inf]  Preparing to unpack .../216-libnss3_2%3a3.87.1-1+deb12u1_amd64.deb ...

2025-11-23T18:43:08.28798703Z [inf]  Unpacking libnss3:amd64 (2:3.87.1-1+deb12u1) ...

2025-11-23T18:43:08.404896622Z [inf]  Selecting previously unselected package librsvg2-2:amd64.

2025-11-23T18:43:08.407078227Z [inf]  Preparing to unpack .../217-librsvg2-2_2.54.7+dfsg-1~deb12u1_amd64.deb ...

2025-11-23T18:43:08.408632116Z [inf]  Unpacking librsvg2-2:amd64 (2.54.7+dfsg-1~deb12u1) ...

2025-11-23T18:43:08.638650998Z [inf]  Selecting previously unselected package librsvg2-common:amd64.

2025-11-23T18:43:08.640781107Z [inf]  Preparing to unpack .../218-librsvg2-common_2.54.7+dfsg-1~deb12u1_amd64.deb ...

2025-11-23T18:43:08.642656216Z [inf]  Unpacking librsvg2-common:amd64 (2.54.7+dfsg-1~deb12u1) ...

2025-11-23T18:43:08.664179796Z [inf]  Selecting previously unselected package libsasl2-modules:amd64.

2025-11-23T18:43:08.666350677Z [inf]  Preparing to unpack .../219-libsasl2-modules_2.1.28+dfsg-10_amd64.deb ...

2025-11-23T18:43:08.672763729Z [inf]  Unpacking libsasl2-modules:amd64 (2.1.28+dfsg-10) ...

2025-11-23T18:43:08.698498416Z [inf]  Selecting previously unselected package libsm6:amd64.

2025-11-23T18:43:08.700630984Z [inf]  Preparing to unpack .../220-libsm6_2%3a1.2.3-1_amd64.deb ...

2025-11-23T18:43:08.702403788Z [inf]  Unpacking libsm6:amd64 (2:1.2.3-1) ...

2025-11-23T18:43:08.72284902Z [inf]  Selecting previously unselected package libtext-iconv-perl:amd64.

2025-11-23T18:43:08.725153495Z [inf]  Preparing to unpack .../221-libtext-iconv-perl_1.7-8_amd64.deb ...

2025-11-23T18:43:08.72680238Z [inf]  Unpacking libtext-iconv-perl:amd64 (1.7-8) ...

2025-11-23T18:43:08.746020336Z [inf]  Selecting previously unselected package libtie-ixhash-perl.

2025-11-23T18:43:08.748198712Z [inf]  Preparing to unpack .../222-libtie-ixhash-perl_1.23-4_all.deb ...

2025-11-23T18:43:08.749758062Z [inf]  Unpacking libtie-ixhash-perl (1.23-4) ...

2025-11-23T18:43:08.768225263Z [inf]  Selecting previously unselected package libunwind8:amd64.

2025-11-23T18:43:08.77039267Z [inf]  Preparing to unpack .../223-libunwind8_1.6.2-3_amd64.deb ...

2025-11-23T18:43:08.771764315Z [inf]  Unpacking libunwind8:amd64 (1.6.2-3) ...

2025-11-23T18:43:08.793081692Z [inf]  Selecting previously unselected package libx11-protocol-perl.

2025-11-23T18:43:08.795180905Z [inf]  Preparing to unpack .../224-libx11-protocol-perl_0.56-9_all.deb ...

2025-11-23T18:43:08.796679249Z [inf]  Unpacking libx11-protocol-perl (0.56-9) ...

2025-11-23T18:43:08.825189364Z [inf]  Selecting previously unselected package libxt6:amd64.

2025-11-23T18:43:08.827338811Z [inf]  Preparing to unpack .../225-libxt6_1%3a1.2.1-1.1_amd64.deb ...

2025-11-23T18:43:08.829139639Z [inf]  Unpacking libxt6:amd64 (1:1.2.1-1.1) ...

2025-11-23T18:43:08.8613023Z [inf]  Selecting previously unselected package libxmu6:amd64.

2025-11-23T18:43:08.86336606Z [inf]  Preparing to unpack .../226-libxmu6_2%3a1.1.3-3_amd64.deb ...

2025-11-23T18:43:08.864942461Z [inf]  Unpacking libxmu6:amd64 (2:1.1.3-3) ...

2025-11-23T18:43:08.887538183Z [inf]  Selecting previously unselected package libxpm4:amd64.

2025-11-23T18:43:08.889621089Z [inf]  Preparing to unpack .../227-libxpm4_1%3a3.5.12-1.1+deb12u1_amd64.deb ...

2025-11-23T18:43:08.89114441Z [inf]  Unpacking libxpm4:amd64 (1:3.5.12-1.1+deb12u1) ...

2025-11-23T18:43:08.912083427Z [inf]  Selecting previously unselected package libxaw7:amd64.

2025-11-23T18:43:08.914176256Z [inf]  Preparing to unpack .../228-libxaw7_2%3a1.0.14-1_amd64.deb ...

2025-11-23T18:43:08.915533584Z [inf]  Unpacking libxaw7:amd64 (2:1.0.14-1) ...

2025-11-23T18:43:08.948994152Z [inf]  Selecting previously unselected package libxcb-shape0:amd64.

2025-11-23T18:43:08.951140263Z [inf]  Preparing to unpack .../229-libxcb-shape0_1.15-1_amd64.deb ...

2025-11-23T18:43:08.95252619Z [inf]  Unpacking libxcb-shape0:amd64 (1.15-1) ...

2025-11-23T18:43:08.978746081Z [inf]  Selecting previously unselected package libxfont2:amd64.

2025-11-23T18:43:08.980888484Z [inf]  Preparing to unpack .../230-libxfont2_1%3a2.0.6-1_amd64.deb ...

2025-11-23T18:43:08.982557779Z [inf]  Unpacking libxfont2:amd64 (1:2.0.6-1) ...

2025-11-23T18:43:09.010412239Z [inf]  Selecting previously unselected package libxft2:amd64.

2025-11-23T18:43:09.012587611Z [inf]  Preparing to unpack .../231-libxft2_2.3.6-1_amd64.deb ...

2025-11-23T18:43:09.014111393Z [inf]  Unpacking libxft2:amd64 (2.3.6-1) ...

2025-11-23T18:43:09.036768578Z [inf]  Selecting previously unselected package libxkbfile1:amd64.

2025-11-23T18:43:09.038831502Z [inf]  Preparing to unpack .../232-libxkbfile1_1%3a1.1.0-1_amd64.deb ...

2025-11-23T18:43:09.040333438Z [inf]  Unpacking libxkbfile1:amd64 (1:1.1.0-1) ...

2025-11-23T18:43:09.062336291Z [inf]  Selecting previously unselected package libxml-xpathengine-perl.

2025-11-23T18:43:09.064506909Z [inf]  Preparing to unpack .../233-libxml-xpathengine-perl_0.14-2_all.deb ...

2025-11-23T18:43:09.06600011Z [inf]  Unpacking libxml-xpathengine-perl (0.14-2) ...

2025-11-23T18:43:09.086700146Z [inf]  Selecting previously unselected package libxmuu1:amd64.

2025-11-23T18:43:09.088880285Z [inf]  Preparing to unpack .../234-libxmuu1_2%3a1.1.3-3_amd64.deb ...

2025-11-23T18:43:09.090378166Z [inf]  Unpacking libxmuu1:amd64 (2:1.1.3-3) ...

2025-11-23T18:43:09.110151465Z [inf]  Selecting previously unselected package libxss1:amd64.

2025-11-23T18:43:09.112484765Z [inf]  Preparing to unpack .../235-libxss1_1%3a1.2.3-1_amd64.deb ...

2025-11-23T18:43:09.114050996Z [inf]  Unpacking libxss1:amd64 (1:1.2.3-1) ...

2025-11-23T18:43:09.133863247Z [inf]  Selecting previously unselected package libxv1:amd64.

2025-11-23T18:43:09.136154363Z [inf]  Preparing to unpack .../236-libxv1_2%3a1.0.11-1.1_amd64.deb ...

2025-11-23T18:43:09.137721935Z [inf]  Unpacking libxv1:amd64 (2:1.0.11-1.1) ...

2025-11-23T18:43:09.157874943Z [inf]  Selecting previously unselected package libxxf86dga1:amd64.

2025-11-23T18:43:09.160700834Z [inf]  Preparing to unpack .../237-libxxf86dga1_2%3a1.1.5-1_amd64.deb ...

2025-11-23T18:43:09.162786799Z [inf]  Unpacking libxxf86dga1:amd64 (2:1.1.5-1) ...

2025-11-23T18:43:09.18240336Z [inf]  Selecting previously unselected package lsb-release.

2025-11-23T18:43:09.184632401Z [inf]  Preparing to unpack .../238-lsb-release_12.0-1_all.deb ...

2025-11-23T18:43:09.186212493Z [inf]  Unpacking lsb-release (12.0-1) ...

2025-11-23T18:43:09.205744387Z [inf]  Selecting previously unselected package psmisc.

2025-11-23T18:43:09.208174493Z [inf]  Preparing to unpack .../239-psmisc_23.6-1_amd64.deb ...

2025-11-23T18:43:09.209847581Z [inf]  Unpacking psmisc (23.6-1) ...

2025-11-23T18:43:09.248609236Z [inf]  Selecting previously unselected package publicsuffix.

2025-11-23T18:43:09.250847156Z [inf]  Preparing to unpack .../240-publicsuffix_20230209.2326-1_all.deb ...

2025-11-23T18:43:09.2522204Z [inf]  Unpacking publicsuffix (20230209.2326-1) ...

2025-11-23T18:43:09.281415644Z [inf]  Selecting previously unselected package x11-utils.

2025-11-23T18:43:09.283566972Z [inf]  Preparing to unpack .../241-x11-utils_7.7+5_amd64.deb ...

2025-11-23T18:43:09.28501951Z [inf]  Unpacking x11-utils (7.7+5) ...

2025-11-23T18:43:09.317621438Z [inf]  Selecting previously unselected package x11-xkb-utils.

2025-11-23T18:43:09.319823361Z [inf]  Preparing to unpack .../242-x11-xkb-utils_7.7+7_amd64.deb ...

2025-11-23T18:43:09.321440345Z [inf]  Unpacking x11-xkb-utils (7.7+7) ...

2025-11-23T18:43:09.35408821Z [inf]  Selecting previously unselected package x11-xserver-utils.

2025-11-23T18:43:09.356297251Z [inf]  Preparing to unpack .../243-x11-xserver-utils_7.7+9+b1_amd64.deb ...

2025-11-23T18:43:09.357653426Z [inf]  Unpacking x11-xserver-utils (7.7+9+b1) ...

2025-11-23T18:43:09.387674008Z [inf]  Selecting previously unselected package xauth.

2025-11-23T18:43:09.389852155Z [inf]  Preparing to unpack .../244-xauth_1%3a1.1.2-1_amd64.deb ...

2025-11-23T18:43:09.391210394Z [inf]  Unpacking xauth (1:1.1.2-1) ...

2025-11-23T18:43:09.412006077Z [inf]  Selecting previously unselected package xdg-user-dirs.

2025-11-23T18:43:09.414211311Z [inf]  Preparing to unpack .../245-xdg-user-dirs_0.18-1_amd64.deb ...

2025-11-23T18:43:09.419242106Z [inf]  Unpacking xdg-user-dirs (0.18-1) ...

2025-11-23T18:43:09.447036935Z [inf]  Selecting previously unselected package xdg-utils.

2025-11-23T18:43:09.449456756Z [inf]  Preparing to unpack .../246-xdg-utils_1.1.3-4.1_all.deb ...

2025-11-23T18:43:09.451004778Z [inf]  Unpacking xdg-utils (1.1.3-4.1) ...

2025-11-23T18:43:09.473641962Z [inf]  Selecting previously unselected package xfonts-encodings.

2025-11-23T18:43:09.475938491Z [inf]  Preparing to unpack .../247-xfonts-encodings_1%3a1.0.4-2.2_all.deb ...

2025-11-23T18:43:09.477598303Z [inf]  Unpacking xfonts-encodings (1:1.0.4-2.2) ...

2025-11-23T18:43:09.541617122Z [inf]  Selecting previously unselected package xfonts-utils.

2025-11-23T18:43:09.544185409Z [inf]  Preparing to unpack .../248-xfonts-utils_1%3a7.7+6_amd64.deb ...

2025-11-23T18:43:09.54574671Z [inf]  Unpacking xfonts-utils (1:7.7+6) ...

2025-11-23T18:43:09.574049487Z [inf]  Selecting previously unselected package xfonts-base.

2025-11-23T18:43:09.576557862Z [inf]  Preparing to unpack .../249-xfonts-base_1%3a1.0.5+nmu1_all.deb ...

2025-11-23T18:43:09.578244976Z [inf]  Unpacking xfonts-base (1:1.0.5+nmu1) ...

2025-11-23T18:43:09.93073725Z [inf]  Selecting previously unselected package xserver-common.

2025-11-23T18:43:09.933185878Z [inf]  Preparing to unpack .../250-xserver-common_2%3a21.1.7-3+deb12u11_all.deb ...

2025-11-23T18:43:09.93464607Z [inf]  Unpacking xserver-common (2:21.1.7-3+deb12u11) ...

2025-11-23T18:43:09.973909478Z [inf]  Selecting previously unselected package xvfb.

2025-11-23T18:43:09.976114429Z [inf]  Preparing to unpack .../251-xvfb_2%3a21.1.7-3+deb12u11_amd64.deb ...

2025-11-23T18:43:09.977713851Z [inf]  Unpacking xvfb (2:21.1.7-3+deb12u11) ...

2025-11-23T18:43:10.062694422Z [inf]  Selecting previously unselected package libegl1:amd64.

2025-11-23T18:43:10.064960539Z [inf]  Preparing to unpack .../252-libegl1_1.6.0-1_amd64.deb ...

2025-11-23T18:43:10.066527699Z [inf]  Unpacking libegl1:amd64 (1.6.0-1) ...

2025-11-23T18:43:10.087543623Z [inf]  Selecting previously unselected package zutty.

2025-11-23T18:43:10.089964335Z [inf]  Preparing to unpack .../253-zutty_0.14.0.20230218+dfsg1-1_amd64.deb ...

2025-11-23T18:43:10.091658192Z [inf]  Unpacking zutty (0.14.0.20230218+dfsg1-1) ...

2025-11-23T18:43:10.134320596Z [inf]  Setting up libexpat1:amd64 (2.5.0-1+deb12u2) ...

2025-11-23T18:43:10.138132909Z [inf]  Setting up libtext-iconv-perl:amd64 (1.7-8) ...

2025-11-23T18:43:10.141875902Z [inf]  Setting up libgraphite2-3:amd64 (1.3.14-1) ...

2025-11-23T18:43:10.145628001Z [inf]  Setting up liblcms2-2:amd64 (2.14-2) ...

2025-11-23T18:43:10.149187365Z [inf]  Setting up libpixman-1-0:amd64 (0.42.2-1) ...

2025-11-23T18:43:10.152859867Z [inf]  Setting up libwayland-server0:amd64 (1.21.0-1) ...

2025-11-23T18:43:10.15660101Z [inf]  Setting up libpciaccess0:amd64 (0.17-2) ...

2025-11-23T18:43:10.160431886Z [inf]  Setting up systemd-sysv (252.39-1~deb12u1) ...

2025-11-23T18:43:10.166148185Z [inf]  Setting up libxau6:amd64 (1:1.0.9-1) ...

2025-11-23T18:43:10.170229625Z [inf]  Setting up libkeyutils1:amd64 (1.6.3-2) ...

2025-11-23T18:43:10.174094428Z [inf]  Setting up libpsl5:amd64 (0.21.2-1) ...

2025-11-23T18:43:10.177727762Z [inf]  Setting up libgpm2:amd64 (1.20.7-10+b1) ...

2025-11-23T18:43:10.181454877Z [inf]  Setting up libicu72:amd64 (72.1-3+deb12u1) ...

2025-11-23T18:43:10.184718799Z [inf]  Setting up liblerc4:amd64 (4.0.0+ds-2) ...

2025-11-23T18:43:10.187918585Z [inf]  Setting up wget (1.21.3-1+deb12u1) ...

2025-11-23T18:43:10.191853717Z [inf]  Setting up hicolor-icon-theme (0.17-2) ...

2025-11-23T18:43:10.216085756Z [inf]  Setting up libdatrie1:amd64 (0.2.13-2+b1) ...

2025-11-23T18:43:10.221598998Z [inf]  Setting up xdg-user-dirs (0.18-1) ...

2025-11-23T18:43:10.231618295Z [inf]  Setting up psmisc (23.6-1) ...

2025-11-23T18:43:10.236498105Z [inf]  Setting up libglib2.0-0:amd64 (2.74.6-2+deb12u7) ...

2025-11-23T18:43:10.253013845Z [inf]  Setting up libglvnd0:amd64 (1.6.0-1) ...

2025-11-23T18:43:10.256595663Z [inf]  Setting up libdbusmenu-glib4:amd64 (18.10.20180917~bzr492+repack1-3) ...

2025-11-23T18:43:10.260297372Z [inf]  Setting up libbrotli1:amd64 (1.0.9-2+b6) ...

2025-11-23T18:43:10.264012692Z [inf]  Setting up libsqlite3-0:amd64 (3.40.1-2+deb12u2) ...

2025-11-23T18:43:10.267666827Z [inf]  Setting up libsasl2-modules:amd64 (2.1.28+dfsg-10) ...

2025-11-23T18:43:10.276622438Z [inf]  Setting up libgdk-pixbuf2.0-common (2.42.10+dfsg-1+deb12u2) ...

2025-11-23T18:43:10.280315278Z [inf]  Setting up x11-common (1:7.7+23) ...

2025-11-23T18:43:10.388971749Z [inf]  debconf: unable to initialize frontend: Dialog
debconf: (TERM is not set, so the dialog frontend is not usable.)
debconf: falling back to frontend: Readline

2025-11-23T18:43:10.396236855Z [inf]  debconf: unable to initialize frontend: Readline
debconf: (This frontend requires a controlling tty.)
debconf: falling back to frontend: Teletype

2025-11-23T18:43:10.423475209Z [inf]  invoke-rc.d: could not determine current runlevel

2025-11-23T18:43:10.427070268Z [inf]  invoke-rc.d: policy-rc.d denied execution of restart.

2025-11-23T18:43:10.433531017Z [inf]  Setting up libsensors-config (1:3.6.0-7.1) ...

2025-11-23T18:43:10.439784035Z [inf]  Setting up libdeflate0:amd64 (1.14-1) ...

2025-11-23T18:43:10.443335518Z [inf]  Setting up perl-openssl-defaults:amd64 (7+b1) ...

2025-11-23T18:43:10.446998719Z [inf]  Setting up libnss-systemd:amd64 (252.39-1~deb12u1) ...

2025-11-23T18:43:10.460085046Z [inf]  Setting up xkb-data (2.35.1-1) ...

2025-11-23T18:43:10.463555062Z [inf]  Setting up krb5-locales (1.20.1-2+deb12u4) ...

2025-11-23T18:43:10.466991775Z [inf]  Setting up libldap-common (2.5.13+dfsg-5) ...

2025-11-23T18:43:10.472091309Z [inf]  Setting up libunwind8:amd64 (1.6.2-3) ...

2025-11-23T18:43:10.475735349Z [inf]  Setting up libjbig0:amd64 (2.1-6.1) ...

2025-11-23T18:43:10.479403692Z [inf]  Setting up libcolord2:amd64 (1.4.6-2.2) ...

2025-11-23T18:43:10.483027044Z [inf]  Setting up libkrb5support0:amd64 (1.20.1-2+deb12u4) ...

2025-11-23T18:43:10.486328452Z [inf]  Setting up libsasl2-modules-db:amd64 (2.1.28+dfsg-10) ...

2025-11-23T18:43:10.489710154Z [inf]  Setting up libdconf1:amd64 (0.40.0-4) ...

2025-11-23T18:43:10.493185226Z [inf]  Setting up libasound2-data (1.2.8-1) ...

2025-11-23T18:43:10.496884081Z [inf]  Setting up libfontenc1:amd64 (1:1.1.4-1) ...

2025-11-23T18:43:10.500780936Z [inf]  Setting up perl-modules-5.36 (5.36.0-7+deb12u3) ...

2025-11-23T18:43:10.504302104Z [inf]  Setting up libz3-4:amd64 (4.8.12-3.1) ...

2025-11-23T18:43:10.50761426Z [inf]  Setting up libglib2.0-data (2.74.6-2+deb12u7) ...

2025-11-23T18:43:10.511781601Z [inf]  Setting up libgles2:amd64 (1.6.0-1) ...

2025-11-23T18:43:10.515357294Z [inf]  Setting up libjpeg62-turbo:amd64 (1:2.1.5-2) ...

2025-11-23T18:43:10.518697961Z [inf]  Setting up libx11-data (2:1.8.4-2+deb12u2) ...

2025-11-23T18:43:10.522427566Z [inf]  Setting up libepoxy0:amd64 (1.5.10-1) ...

2025-11-23T18:43:10.525785453Z [inf]  Setting up libmpfr6:amd64 (4.2.0-1) ...

2025-11-23T18:43:10.529043459Z [inf]  Setting up libnspr4:amd64 (2:4.35-1) ...

2025-11-23T18:43:10.532492165Z [inf]  Setting up libavahi-common-data:amd64 (0.8-10+deb12u1) ...

2025-11-23T18:43:10.535741293Z [inf]  Setting up libdbus-1-3:amd64 (1.14.10-1~deb12u1) ...

2025-11-23T18:43:10.53913384Z [inf]  Setting up xfonts-encodings (1:1.0.4-2.2) ...

2025-11-23T18:43:10.542364786Z [inf]  Setting up libfribidi0:amd64 (1.0.8-2.1) ...

2025-11-23T18:43:10.545604634Z [inf]  Setting up libproc2-0:amd64 (2:4.0.2-3) ...

2025-11-23T18:43:10.54917557Z [inf]  Setting up libpng16-16:amd64 (1.6.39-2) ...

2025-11-23T18:43:10.552631178Z [inf]  Setting up libmpc3:amd64 (1.3.1-1) ...

2025-11-23T18:43:10.555986042Z [inf]  Setting up systemd-timesyncd (252.39-1~deb12u1) ...

2025-11-23T18:43:10.570599352Z [inf]  Creating group 'systemd-timesync' with GID 997.

2025-11-23T18:43:10.57085234Z [inf]  Creating user 'systemd-timesync' (systemd Time Synchronization) with UID 997 and GID 997.

2025-11-23T18:43:10.698417664Z [inf]  Created symlink /etc/systemd/system/dbus-org.freedesktop.timesync1.service  /lib/systemd/system/systemd-timesyncd.service.
Created symlink /etc/systemd/system/sysinit.target.wants/systemd-timesyncd.service  /lib/systemd/system/systemd-timesyncd.service.

2025-11-23T18:43:10.707334074Z [inf]  Setting up libatomic1:amd64 (12.2.0-14+deb12u1) ...

2025-11-23T18:43:10.712119882Z [inf]  Setting up libsensors5:amd64 (1:3.6.0-7.1) ...

2025-11-23T18:43:10.716291006Z [inf]  Setting up libncursesw6:amd64 (6.4-4) ...

2025-11-23T18:43:10.720613281Z [inf]  Setting up libk5crypto3:amd64 (1.20.1-2+deb12u4) ...

2025-11-23T18:43:10.724746648Z [inf]  Setting up libglapi-mesa:amd64 (22.3.6-1+deb12u1) ...

2025-11-23T18:43:10.728970284Z [inf]  Setting up libsasl2-2:amd64 (2.1.28+dfsg-10) ...

2025-11-23T18:43:10.732962002Z [inf]  Setting up libwebp7:amd64 (1.2.4-0.2+deb12u1) ...

2025-11-23T18:43:10.736672194Z [inf]  Setting up alsa-topology-conf (1.2.5.1-2) ...

2025-11-23T18:43:10.740365044Z [inf]  Setting up sensible-utils (0.0.17+nmu1) ...

2025-11-23T18:43:10.744001755Z [inf]  Setting up libxshmfence1:amd64 (1.3-1) ...

2025-11-23T18:43:10.747571155Z [inf]  Setting up at-spi2-common (2.46.0-5) ...

2025-11-23T18:43:10.751138322Z [inf]  Setting up libtiff6:amd64 (4.5.0-6+deb12u3) ...

2025-11-23T18:43:10.754808567Z [inf]  Setting up dbus-session-bus-common (1.14.10-1~deb12u1) ...

2025-11-23T18:43:10.758545856Z [inf]  Setting up procps (2:4.0.2-3) ...

2025-11-23T18:43:10.786364239Z [inf]  Setting up libasound2:amd64 (1.2.8-1+b1) ...

2025-11-23T18:43:10.790478194Z [inf]  Setting up fonts-liberation (1:1.07.4-11) ...

2025-11-23T18:43:10.805124331Z [inf]  Setting up libthai-data (0.1.29-1) ...

2025-11-23T18:43:10.808887357Z [inf]  Setting up netbase (6.4) ...

2025-11-23T18:43:10.821416212Z [inf]  Setting up libgtk2.0-common (2.24.33-2+deb12u1) ...

2025-11-23T18:43:10.826134716Z [inf]  Setting up libatk1.0-0:amd64 (2.46.0-5) ...

2025-11-23T18:43:10.829528461Z [inf]  Setting up libkrb5-3:amd64 (1.20.1-2+deb12u4) ...

2025-11-23T18:43:10.833773714Z [inf]  Setting up libwayland-egl1:amd64 (1.21.0-1) ...

2025-11-23T18:43:10.837207271Z [inf]  Setting up lsb-release (12.0-1) ...

2025-11-23T18:43:10.840523546Z [inf]  Setting up dbus-system-bus-common (1.14.10-1~deb12u1) ...

2025-11-23T18:43:10.904996203Z [inf]  Setting up libisl23:amd64 (0.25-1.1) ...

2025-11-23T18:43:10.908588538Z [inf]  Setting up libbsd0:amd64 (0.11.7-2) ...

2025-11-23T18:43:10.912014235Z [inf]  Setting up libdrm-common (2.4.114-1) ...

2025-11-23T18:43:10.915107347Z [inf]  Setting up libelf1:amd64 (0.188-2.1) ...

2025-11-23T18:43:10.918257327Z [inf]  Setting up publicsuffix (20230209.2326-1) ...

2025-11-23T18:43:10.921424361Z [inf]  Setting up libxml2:amd64 (2.9.14+dfsg-1.3~deb12u4) ...

2025-11-23T18:43:10.925435956Z [inf]  Setting up xdg-utils (1.1.3-4.1) ...

2025-11-23T18:43:10.930950235Z [inf]  update-alternatives: using /usr/bin/xdg-open to provide /usr/bin/open (open) in auto mode

2025-11-23T18:43:10.93103809Z [inf]  update-alternatives: warning: skip creation of /usr/share/man/man1/open.1.gz because associated file /usr/share/man/man1/xdg-open.1.gz (of link group open) doesn't exist

2025-11-23T18:43:10.934244653Z [inf]  Setting up dbus-bin (1.14.10-1~deb12u1) ...

2025-11-23T18:43:10.938212762Z [inf]  Setting up libgdbm6:amd64 (1.23-3) ...

2025-11-23T18:43:10.941990385Z [inf]  Setting up libxkbcommon0:amd64 (1.5.0-1) ...

2025-11-23T18:43:10.945525147Z [inf]  Setting up libwayland-client0:amd64 (1.21.0-1) ...

2025-11-23T18:43:10.949105635Z [inf]  Setting up libice6:amd64 (2:1.0.10-1) ...

2025-11-23T18:43:10.953254784Z [inf]  Setting up libxdmcp6:amd64 (1:1.1.2-3) ...

2025-11-23T18:43:10.956750704Z [inf]  Setting up cpp-12 (12.2.0-14+deb12u1) ...

2025-11-23T18:43:10.960022962Z [inf]  Setting up libxcb1:amd64 (1.15-1) ...

2025-11-23T18:43:10.963281787Z [inf]  Setting up libxcb-xfixes0:amd64 (1.15-1) ...

2025-11-23T18:43:10.966948416Z [inf]  Setting up alsa-ucm-conf (1.2.8-1) ...

2025-11-23T18:43:10.970370584Z [inf]  Setting up libxcb-render0:amd64 (1.15-1) ...

2025-11-23T18:43:10.973661719Z [inf]  Setting up fontconfig-config (2.14.1-4) ...

2025-11-23T18:43:11.045970967Z [inf]  debconf: unable to initialize frontend: Dialog
debconf: (TERM is not set, so the dialog frontend is not usable.)
debconf: falling back to frontend: Readline

2025-11-23T18:43:11.052235747Z [inf]  debconf: unable to initialize frontend: Readline
debconf: (This frontend requires a controlling tty.)
debconf: falling back to frontend: Teletype

2025-11-23T18:43:11.191226953Z [inf]  Setting up libxcb-glx0:amd64 (1.15-1) ...

2025-11-23T18:43:11.1949346Z [inf]  Setting up libedit2:amd64 (3.1-20221030-2) ...

2025-11-23T18:43:11.198697547Z [inf]  Setting up libxcb-shape0:amd64 (1.15-1) ...

2025-11-23T18:43:11.202434853Z [inf]  Setting up libavahi-common3:amd64 (0.8-10+deb12u1) ...

2025-11-23T18:43:11.20588938Z [inf]  Setting up libnss3:amd64 (2:3.87.1-1+deb12u1) ...

2025-11-23T18:43:11.209471912Z [inf]  Setting up libxcb-shm0:amd64 (1.15-1) ...

2025-11-23T18:43:11.213063776Z [inf]  Setting up dbus-daemon (1.14.10-1~deb12u1) ...

2025-11-23T18:43:11.230726167Z [inf]  Setting up libldap-2.5-0:amd64 (2.5.13+dfsg-5) ...

2025-11-23T18:43:11.234075476Z [inf]  Setting up libxcb-present0:amd64 (1.15-1) ...

2025-11-23T18:43:11.237269777Z [inf]  Setting up libthai0:amd64 (0.1.29-1) ...

2025-11-23T18:43:11.24061538Z [inf]  Setting up libfreetype6:amd64 (2.12.1+dfsg-5+deb12u4) ...

2025-11-23T18:43:11.24446095Z [inf]  Setting up libxcb-sync1:amd64 (1.15-1) ...

2025-11-23T18:43:11.248262477Z [inf]  Setting up libdbus-glib-1-2:amd64 (0.112-3) ...

2025-11-23T18:43:11.252002604Z [inf]  Setting up dbus (1.14.10-1~deb12u1) ...

2025-11-23T18:43:11.276741152Z [inf]  invoke-rc.d: could not determine current runlevel

2025-11-23T18:43:11.280131062Z [inf]  invoke-rc.d: policy-rc.d denied execution of start.

2025-11-23T18:43:11.28313413Z [inf]  Setting up shared-mime-info (2.2-1) ...

2025-11-23T18:43:12.064088986Z [inf]  Setting up libgssapi-krb5-2:amd64 (1.20.1-2+deb12u4) ...

2025-11-23T18:43:12.06934371Z [inf]  Setting up libgdbm-compat4:amd64 (1.23-3) ...

2025-11-23T18:43:12.072852016Z [inf]  Setting up ucf (3.0043+nmu1+deb12u1) ...

2025-11-23T18:43:12.14696123Z [inf]  debconf: unable to initialize frontend: Dialog
debconf: (TERM is not set, so the dialog frontend is not usable.)
debconf: falling back to frontend: Readline

2025-11-23T18:43:12.153109016Z [inf]  debconf: unable to initialize frontend: Readline
debconf: (This frontend requires a controlling tty.)
debconf: falling back to frontend: Teletype

2025-11-23T18:43:12.180091599Z [inf]  Setting up libxcb-dri2-0:amd64 (1.15-1) ...

2025-11-23T18:43:12.183840132Z [inf]  Setting up libdrm2:amd64 (2.4.114-1+b1) ...

2025-11-23T18:43:12.186885048Z [inf]  Setting up libwayland-cursor0:amd64 (1.21.0-1) ...

2025-11-23T18:43:12.190247263Z [inf]  Setting up libxcb-randr0:amd64 (1.15-1) ...

2025-11-23T18:43:12.194270435Z [inf]  Setting up cpp (4:12.2.0-3) ...

2025-11-23T18:43:12.201806985Z [inf]  Setting up libllvm15:amd64 (1:15.0.6-4+b1) ...

2025-11-23T18:43:12.205698019Z [inf]  Setting up libpam-systemd:amd64 (252.39-1~deb12u1) ...

2025-11-23T18:43:12.283178989Z [inf]  debconf: unable to initialize frontend: Dialog
debconf: (TERM is not set, so the dialog frontend is not usable.)
debconf: falling back to frontend: Readline

2025-11-23T18:43:12.289896428Z [inf]  debconf: unable to initialize frontend: Readline
debconf: (This frontend requires a controlling tty.)
debconf: falling back to frontend: Teletype

2025-11-23T18:43:12.355172725Z [inf]  Setting up libx11-6:amd64 (2:1.8.4-2+deb12u2) ...

2025-11-23T18:43:12.35948564Z [inf]  Setting up libharfbuzz0b:amd64 (6.0.0+dfsg-3) ...

2025-11-23T18:43:12.363044922Z [inf]  Setting up libgdk-pixbuf-2.0-0:amd64 (2.42.10+dfsg-1+deb12u2) ...

2025-11-23T18:43:12.391589024Z [inf]  Setting up libfontconfig1:amd64 (2.14.1-4) ...

2025-11-23T18:43:12.395144074Z [inf]  Setting up libxkbfile1:amd64 (1:1.1.0-1) ...

2025-11-23T18:43:12.398489147Z [inf]  Setting up libxcomposite1:amd64 (1:0.4.5-1) ...

2025-11-23T18:43:12.402064184Z [inf]  Setting up libsm6:amd64 (2:1.2.3-1) ...

2025-11-23T18:43:12.405263034Z [inf]  Setting up libxfont2:amd64 (1:2.0.6-1) ...

2025-11-23T18:43:12.408460148Z [inf]  Setting up libavahi-client3:amd64 (0.8-10+deb12u1) ...

2025-11-23T18:43:12.411877835Z [inf]  Setting up libperl5.36:amd64 (5.36.0-7+deb12u3) ...

2025-11-23T18:43:12.415313888Z [inf]  Setting up libxmuu1:amd64 (2:1.1.3-3) ...

2025-11-23T18:43:12.41853242Z [inf]  Setting up libdrm-amdgpu1:amd64 (2.4.114-1+b1) ...

2025-11-23T18:43:12.421899484Z [inf]  Setting up libxcb-dri3-0:amd64 (1.15-1) ...

2025-11-23T18:43:12.425178543Z [inf]  Setting up gtk-update-icon-cache (3.24.38-2~deb12u3) ...

2025-11-23T18:43:12.428421064Z [inf]  Setting up libx11-xcb1:amd64 (2:1.8.4-2+deb12u2) ...

2025-11-23T18:43:12.431694738Z [inf]  Setting up fontconfig (2.14.1-4) ...

2025-11-23T18:43:12.435886031Z [inf]  Regenerating fonts cache... 
2025-11-23T18:43:14.949549067Z [inf]  done.

2025-11-23T18:43:14.951213568Z [inf]  Setting up libdrm-nouveau2:amd64 (2.4.114-1+b1) ...

2025-11-23T18:43:14.955302268Z [inf]  Setting up libxdamage1:amd64 (1:1.1.6-1) ...

2025-11-23T18:43:14.959428641Z [inf]  Setting up libgdk-pixbuf-xlib-2.0-0:amd64 (2.40.2-2) ...

2025-11-23T18:43:14.963584313Z [inf]  Setting up libxpm4:amd64 (1:3.5.12-1.1+deb12u1) ...

2025-11-23T18:43:14.967097177Z [inf]  Setting up libxrender1:amd64 (1:0.9.10-1.1) ...

2025-11-23T18:43:14.971800603Z [inf]  Setting up libgbm1:amd64 (22.3.6-1+deb12u1) ...

2025-11-23T18:43:14.975296783Z [inf]  Setting up libdrm-radeon1:amd64 (2.4.114-1+b1) ...

2025-11-23T18:43:14.979384974Z [inf]  Setting up libpango-1.0-0:amd64 (1.50.12+ds-1) ...

2025-11-23T18:43:14.983037855Z [inf]  Setting up libdrm-intel1:amd64 (2.4.114-1+b1) ...

2025-11-23T18:43:14.986237302Z [inf]  Setting up libgl1-mesa-dri:amd64 (22.3.6-1+deb12u1) ...

2025-11-23T18:43:14.993860929Z [inf]  Setting up libxext6:amd64 (2:1.3.4-1+b1) ...

2025-11-23T18:43:14.997132955Z [inf]  Setting up xfonts-utils (1:7.7+6) ...

2025-11-23T18:43:15.003049319Z [inf]  Setting up libcairo2:amd64 (1.16.0-7) ...

2025-11-23T18:43:15.030820799Z [inf]  Setting up libxxf86vm1:amd64 (1:1.1.4-1+b2) ...

2025-11-23T18:43:15.034981237Z [inf]  Setting up dbus-user-session (1.14.10-1~deb12u1) ...

2025-11-23T18:43:15.039699627Z [inf]  Setting up perl (5.36.0-7+deb12u3) ...

2025-11-23T18:43:15.051698722Z [inf]  Setting up xfonts-base (1:1.0.5+nmu1) ...

2025-11-23T18:43:15.10380148Z [inf]  Setting up libegl-mesa0:amd64 (22.3.6-1+deb12u1) ...

2025-11-23T18:43:15.106739589Z [inf]  Setting up gconf2-common (3.2.6-8) ...

2025-11-23T18:43:15.207602344Z [inf]  debconf: unable to initialize frontend: Dialog
debconf: (TERM is not set, so the dialog frontend is not usable.)
debconf: falling back to frontend: Readline

2025-11-23T18:43:15.214435014Z [inf]  debconf: unable to initialize frontend: Readline
debconf: (This frontend requires a controlling tty.)
debconf: falling back to frontend: Teletype

2025-11-23T18:43:15.254966122Z [inf]  
Creating config file /etc/gconf/2/path with new version

2025-11-23T18:43:15.282494361Z [inf]  Setting up adwaita-icon-theme (43-1) ...

2025-11-23T18:43:15.326812892Z [inf]  update-alternatives: using /usr/share/icons/Adwaita/cursor.theme to provide /usr/share/icons/default/index.theme (x-cursor-theme) in auto mode

2025-11-23T18:43:15.330323978Z [inf]  Setting up libdata-dump-perl (1.25-1) ...

2025-11-23T18:43:15.334137387Z [inf]  Setting up libxfixes3:amd64 (1:6.0.0-2) ...

2025-11-23T18:43:15.337374219Z [inf]  Setting up libipc-system-simple-perl (1.30-2) ...

2025-11-23T18:43:15.341023029Z [inf]  Setting up libxml-xpathengine-perl (0.14-2) ...

2025-11-23T18:43:15.344726692Z [inf]  Setting up libgdk-pixbuf2.0-0:amd64 (2.40.2-2) ...

2025-11-23T18:43:15.348336172Z [inf]  Setting up libxinerama1:amd64 (2:1.1.4-3) ...

2025-11-23T18:43:15.352199611Z [inf]  Setting up libxv1:amd64 (2:1.0.11-1.1) ...

2025-11-23T18:43:15.355495441Z [inf]  Setting up libio-html-perl (1.004-3) ...

2025-11-23T18:43:15.359122431Z [inf]  Setting up libxrandr2:amd64 (2:1.5.2-2+b1) ...

2025-11-23T18:43:15.363213056Z [inf]  Setting up libxt6:amd64 (1:1.2.1-1.1) ...

2025-11-23T18:43:15.366792158Z [inf]  Setting up libtimedate-perl (2.3300-2) ...

2025-11-23T18:43:15.37000257Z [inf]  Setting up libregexp-ipv6-perl (0.03-3) ...

2025-11-23T18:43:15.373579368Z [inf]  Setting up libcups2:amd64 (2.4.2-3+deb12u9) ...

2025-11-23T18:43:15.377684316Z [inf]  Setting up xauth (1:1.1.2-1) ...

2025-11-23T18:43:15.382166778Z [inf]  Setting up libgdk-pixbuf2.0-bin (2.42.10+dfsg-1+deb12u2) ...

2025-11-23T18:43:15.386081567Z [inf]  Setting up libegl1:amd64 (1.6.0-1) ...

2025-11-23T18:43:15.390322454Z [inf]  Setting up libcairo-gobject2:amd64 (1.16.0-7) ...

2025-11-23T18:43:15.395416028Z [inf]  Setting up libxss1:amd64 (1:1.2.3-1) ...

2025-11-23T18:43:15.399050337Z [inf]  Setting up libpangoft2-1.0-0:amd64 (1.50.12+ds-1) ...

2025-11-23T18:43:15.402622835Z [inf]  Setting up libdbusmenu-gtk4:amd64 (18.10.20180917~bzr492+repack1-3) ...

2025-11-23T18:43:15.406206751Z [inf]  Setting up liburi-perl (5.17-1) ...

2025-11-23T18:43:15.410098146Z [inf]  Setting up libx11-protocol-perl (0.56-9) ...

2025-11-23T18:43:15.41393649Z [inf]  Setting up libpangocairo-1.0-0:amd64 (1.50.12+ds-1) ...

2025-11-23T18:43:15.417526277Z [inf]  Setting up libnet-ssleay-perl:amd64 (1.92-2+b1) ...

2025-11-23T18:43:15.421712657Z [inf]  Setting up libhttp-date-perl (6.05-2) ...

2025-11-23T18:43:15.425983223Z [inf]  Setting up libxft2:amd64 (2.3.6-1) ...

2025-11-23T18:43:15.429865177Z [inf]  Setting up libxmu6:amd64 (2:1.1.3-3) ...

2025-11-23T18:43:15.435067729Z [inf]  Setting up libfile-basedir-perl (0.09-2) ...

2025-11-23T18:43:15.439482126Z [inf]  Setting up libtie-ixhash-perl (1.23-4) ...

2025-11-23T18:43:15.443521971Z [inf]  Setting up libglx-mesa0:amd64 (22.3.6-1+deb12u1) ...

2025-11-23T18:43:15.448825564Z [inf]  Setting up libfile-listing-perl (6.15-1) ...

2025-11-23T18:43:15.453098418Z [inf]  Setting up libxi6:amd64 (2:1.8-1+b1) ...

2025-11-23T18:43:15.457381471Z [inf]  Setting up libglx0:amd64 (1.6.0-1) ...

2025-11-23T18:43:15.460801026Z [inf]  Setting up libfont-afm-perl (1.20-4) ...

2025-11-23T18:43:15.464403828Z [inf]  Setting up libgconf-2-4:amd64 (3.2.6-8) ...

2025-11-23T18:43:15.468803615Z [inf]  Setting up libclone-perl:amd64 (0.46-1) ...

2025-11-23T18:43:15.472799223Z [inf]  Setting up libio-stringy-perl (2.111-3) ...

2025-11-23T18:43:15.47624662Z [inf]  Setting up libxtst6:amd64 (2:1.2.3-1.1) ...

2025-11-23T18:43:15.480359068Z [inf]  Setting up libhtml-tagset-perl (3.20-6) ...

2025-11-23T18:43:15.484156798Z [inf]  Setting up libauthen-sasl-perl (2.1600-3) ...

2025-11-23T18:43:15.488155872Z [inf]  Setting up libxcursor1:amd64 (1:1.2.1-1) ...

2025-11-23T18:43:15.492459321Z [inf]  Setting up liblwp-mediatypes-perl (6.04-2) ...

2025-11-23T18:43:15.496996972Z [inf]  Setting up libtry-tiny-perl (0.31-2) ...

2025-11-23T18:43:15.500747222Z [inf]  Setting up libxxf86dga1:amd64 (2:1.1.5-1) ...

2025-11-23T18:43:15.505190839Z [inf]  Setting up libnet-http-perl (6.22-1) ...

2025-11-23T18:43:15.510036998Z [inf]  Setting up libencode-locale-perl (1.05-3) ...

2025-11-23T18:43:15.514980846Z [inf]  Setting up dconf-service (0.40.0-4) ...

2025-11-23T18:43:15.519336464Z [inf]  Setting up libxaw7:amd64 (2:1.0.14-1) ...

2025-11-23T18:43:15.524156644Z [inf]  Setting up libatspi2.0-0:amd64 (2.46.0-5) ...

2025-11-23T18:43:15.528992476Z [inf]  Setting up x11-xserver-utils (7.7+9+b1) ...

2025-11-23T18:43:15.537801268Z [inf]  Setting up librsvg2-2:amd64 (2.54.7+dfsg-1~deb12u1) ...

2025-11-23T18:43:15.542719338Z [inf]  Setting up libatk-bridge2.0-0:amd64 (2.46.0-5) ...

2025-11-23T18:43:15.548152256Z [inf]  Setting up libgl1:amd64 (1.6.0-1) ...

2025-11-23T18:43:15.552322897Z [inf]  Setting up librsvg2-common:amd64 (2.54.7+dfsg-1~deb12u1) ...

2025-11-23T18:43:15.564584041Z [inf]  Setting up libfile-desktopentry-perl (0.22-3) ...

2025-11-23T18:43:15.570716881Z [inf]  Setting up libwww-robotrules-perl (6.02-1) ...

2025-11-23T18:43:15.576503541Z [inf]  Setting up zutty (0.14.0.20230218+dfsg1-1) ...

2025-11-23T18:43:15.582514794Z [inf]  update-alternatives: using /usr/bin/zutty to provide /usr/bin/x-terminal-emulator (x-terminal-emulator) in auto mode

2025-11-23T18:43:15.582537527Z [inf]  update-alternatives: warning: skip creation of /usr/share/man/man1/x-terminal-emulator.1.gz because associated file /usr/share/man/man1/zutty.1.gz (of link group x-terminal-emulator) doesn't exist

2025-11-23T18:43:15.587066439Z [inf]  Setting up gconf-service (3.2.6-8) ...

2025-11-23T18:43:15.59292946Z [inf]  Setting up libhtml-parser-perl:amd64 (3.81-1) ...

2025-11-23T18:43:15.600302931Z [inf]  Setting up x11-utils (7.7+5) ...

2025-11-23T18:43:15.625825334Z [inf]  Setting up libio-socket-ssl-perl (2.081-2) ...

2025-11-23T18:43:15.630691675Z [inf]  Setting up libhttp-message-perl (6.44-1) ...

2025-11-23T18:43:15.636328384Z [inf]  Setting up libhtml-form-perl (6.11-1) ...

2025-11-23T18:43:15.641369788Z [inf]  Setting up libfile-mimeinfo-perl (0.33-1) ...

2025-11-23T18:43:15.646116877Z [inf]  Setting up libhttp-negotiate-perl (6.01-2) ...

2025-11-23T18:43:15.651728949Z [inf]  Setting up dconf-gsettings-backend:amd64 (0.40.0-4) ...

2025-11-23T18:43:15.658573621Z [inf]  Setting up libhttp-cookies-perl (6.10-1) ...

2025-11-23T18:43:15.664536329Z [inf]  Setting up x11-xkb-utils (7.7+7) ...

2025-11-23T18:43:15.672582389Z [inf]  Setting up libgtk2.0-0:amd64 (2.24.33-2+deb12u1) ...

2025-11-23T18:43:15.69359023Z [inf]  Setting up libhtml-tree-perl (5.07-3) ...

2025-11-23T18:43:15.699705765Z [inf]  Setting up libhtml-format-perl (2.16-2) ...

2025-11-23T18:43:15.706123866Z [inf]  Setting up libnet-smtp-ssl-perl (1.04-2) ...

2025-11-23T18:43:15.7132535Z [inf]  npm warn deprecated inflight@1.0.6: This module is not supported, and leaks memory. Do not use it. Check out lru-cache if you want a good and tested way to coalesce async requests by a key value, which is much more comprehensive and powerful.

2025-11-23T18:43:15.714508548Z [inf]  npm warn deprecated glob@7.2.3: Glob versions prior to v9 are no longer supported

2025-11-23T18:43:15.723162189Z [inf]  Setting up libmailtools-perl (2.21-2) ...

2025-11-23T18:43:15.728448349Z [inf]  Setting up libgail18:amd64 (2.24.33-2+deb12u1) ...

2025-11-23T18:43:15.733966195Z [inf]  Setting up libhttp-daemon-perl (6.16-1) ...

2025-11-23T18:43:15.738319376Z [inf]  Setting up libgtk2.0-bin (2.24.33-2+deb12u1) ...

2025-11-23T18:43:15.742918979Z [inf]  Setting up xserver-common (2:21.1.7-3+deb12u11) ...

2025-11-23T18:43:15.74811288Z [inf]  Setting up libgtk-3-common (3.24.38-2~deb12u3) ...

2025-11-23T18:43:15.754419019Z [inf]  Setting up gsettings-desktop-schemas (43.0-1) ...

2025-11-23T18:43:15.75893402Z [inf]  Setting up libayatana-indicator7:amd64 (0.9.3-1) ...

2025-11-23T18:43:15.764467845Z [inf]  Setting up libgail-common:amd64 (2.24.33-2+deb12u1) ...

2025-11-23T18:43:15.770383463Z [inf]  Setting up libgtk-3-0:amd64 (3.24.38-2~deb12u3) ...

2025-11-23T18:43:15.795582437Z [inf]  Setting up xvfb (2:21.1.7-3+deb12u11) ...

2025-11-23T18:43:15.8003346Z [inf]  Setting up libayatana-appindicator1 (0.5.92-1) ...

2025-11-23T18:43:15.80372453Z [inf]  npm warn deprecated rimraf@3.0.2: Rimraf versions prior to v4 are no longer supported

2025-11-23T18:43:15.804992181Z [inf]  Setting up libgtk-3-bin (3.24.38-2~deb12u3) ...

2025-11-23T18:43:15.809789738Z [inf]  Setting up at-spi2-core (2.46.0-5) ...

2025-11-23T18:43:15.821689884Z [inf]  Setting up liblwp-protocol-https-perl (6.10-1) ...

2025-11-23T18:43:15.827647128Z [inf]  Setting up libwww-perl (6.68-1) ...

2025-11-23T18:43:15.833298136Z [inf]  Setting up libxml-parser-perl (2.46-4) ...

2025-11-23T18:43:15.838043009Z [inf]  Setting up libxml-twig-perl (1:3.52-2) ...

2025-11-23T18:43:15.844356309Z [inf]  Setting up libnet-dbus-perl (1.2.0-2) ...

2025-11-23T18:43:15.849638047Z [inf]  Processing triggers for libc-bin (2.36-9+deb12u13) ...

2025-11-23T18:43:15.909758119Z [inf]  Processing triggers for libgdk-pixbuf-2.0-0:amd64 (2.42.10+dfsg-1+deb12u2) ...

2025-11-23T18:43:16.104594491Z [inf]  install apt packages: ca-certificates fonts-liberation gconf-service libappindicator1 libasound2 libatk1.0-0 libatomic1 libc6 libcairo2 libcups2 libdbus-1-3 libexpat1 libfontconfig1 libgbm1 libgcc1 libgconf-2-4 libgdk-pixbuf2.0-0 libglib2.0-0 libgtk-3-0 libnspr4 libnss3 libpango-1.0-0 libpangocairo-1.0-0 libstdc++6 libx11-6 libx11-xcb1 libxcb1 libxcomposite1 libxcursor1 libxdamage1 libxext6 libxfixes3 libxi6 libxrandr2 libxrender1 libxss1 libxtst6 lsb-release wget xdg-utils xvfb
2025-11-23T18:43:36.566063064Z [inf]  
> design-web-pages@0.1.0 postinstall
> prisma generate


2025-11-23T18:43:37.615936372Z [inf]  Prisma schema loaded from prisma/schema.prisma

2025-11-23T18:43:37.888288559Z [inf]  
  Update available 6.19.0 -> 7.0.0                       
                                                         
  This is a major update - please follow the guide at    
  https://pris.ly/d/major-version-upgrade                
                                                         
  Run the following to update                            
    npm i --save-dev prisma@latest                       
    npm i @prisma/client@latest                          


2025-11-23T18:43:37.888343769Z [inf]  
 Generated Prisma Client (v6.19.0) to ./node_modules/@prisma/client in 102ms

Start by importing your Prisma Client (See: https://pris.ly/d/importing-client)

Tip: Interested in query caching in just a few lines of code? Try Accelerate today! https://pris.ly/tip-3-accelerate


2025-11-23T18:43:37.912561813Z [inf]  
added 583 packages, and audited 584 packages in 46s

2025-11-23T18:43:37.943054174Z [inf]  
3 vulnerabilities (2 moderate, 1 high)

To address all issues (including breaking changes), run:
  npm audit fix --force

Run `npm audit` for details.

2025-11-23T18:43:38.298082172Z [inf]  npm install
2025-11-23T18:43:38.299769673Z [inf]  copy / /app
2025-11-23T18:43:38.537465850Z [inf]  copy / /app
2025-11-23T18:43:38.539014948Z [inf]  npm run build
2025-11-23T18:43:38.769064387Z [inf]  npm warn config production Use `--omit=dev` instead.

2025-11-23T18:43:38.785722837Z [inf]  
> design-web-pages@0.1.0 build
> bash railway-build.sh


2025-11-23T18:43:38.790852768Z [inf]   Starting Railway build process...
 Generating Prisma client...

2025-11-23T18:43:38.875450773Z [inf]  npm warn config production Use `--omit=dev` instead.

2025-11-23T18:43:40.183394885Z [inf]  Prisma schema loaded from prisma/schema.prisma

2025-11-23T18:43:40.455186387Z [inf]  
 Generated Prisma Client (v6.19.0) to ./node_modules/@prisma/client in 94ms

Start by importing your Prisma Client (See: https://pris.ly/d/importing-client)

Tip: Need your database queries to be 1000x faster? Accelerate offers you that and more: https://pris.ly/tip-2-accelerate


2025-11-23T18:43:40.481483348Z [inf]    Attempting database migrations...

2025-11-23T18:43:40.56552816Z [inf]  npm warn config production Use `--omit=dev` instead.

2025-11-23T18:43:41.79606119Z [inf]  Prisma schema loaded from prisma/schema.prisma

2025-11-23T18:43:41.798841047Z [inf]  Datasource "db": PostgreSQL database "railway", schema "public" at "postgres.railway.internal:5432"

2025-11-23T18:43:41.888983988Z [inf]  

2025-11-23T18:43:41.889289614Z [inf]  Error: P1001: Can't reach database server at `postgres.railway.internal:5432`

Please make sure your database server is running at `postgres.railway.internal:5432`.

2025-11-23T18:43:41.909928676Z [inf]    Database migration failed (database may not be available during build)
  Migrations will run automatically on first application start
  Continuing with build...
  Building Next.js application...

2025-11-23T18:43:41.993393056Z [inf]  npm warn config production Use `--omit=dev` instead.

2025-11-23T18:43:43.116207148Z [inf]   No build cache found. Please configure build caching for faster rebuilds. Read more: https://nextjs.org/docs/messages/no-cache

2025-11-23T18:43:43.185406635Z [inf]      Next.js 15.4.6

2025-11-23T18:43:43.185527297Z [inf]  

2025-11-23T18:43:43.20273299Z [inf]     Creating an optimized production build ...

2025-11-23T18:43:55.956234164Z [inf]    Compiled successfully in 12.0s

2025-11-23T18:43:55.958203183Z [inf]     Linting and checking validity of types ...

2025-11-23T18:44:01.096046727Z [inf]  Failed to compile.


2025-11-23T18:44:01.096348487Z [inf]  ./lib/export/elementorExporter.ts:89:27
Type error: Argument of type '{ id: string; elType: string; settings: { layout: string; structure: string; }; elements: { id: string; elType: string; settings: {}; elements: (ElementorElement | null)[]; }[]; }' is not assignable to parameter of type 'ElementorElement'.
  Types of property 'elements' are incompatible.
    Type '{ id: string; elType: string; settings: {}; elements: (ElementorElement | null)[]; }[]' is not assignable to type 'ElementorElement[]'.
      Type '{ id: string; elType: string; settings: {}; elements: (ElementorElement | null)[]; }' is not assignable to type 'ElementorElement'.
        Types of property 'elements' are incompatible.
          Type '(ElementorElement | null)[]' is not assignable to type 'ElementorElement[]'.
            Type 'ElementorElement | null' is not assignable to type 'ElementorElement'.
              Type 'null' is not assignable to type 'ElementorElement'.

[0m [90m 87 |[39m       ][33m,[39m
 [90m 88 |[39m     }[33m;[39m
[31m[1m>[22m[39m[90m 89 |[39m     elementorData[33m.[39munshift(headerSection)[33m;[39m
 [90m    |[39m                           [31m[1m^[22m[39m
 [90m 90 |[39m   }
 [90m 91 |[39m
 [90m 92 |[39m   [90m// Add global footer if exists[39m[0m

2025-11-23T18:44:01.143931591Z [inf]  Next.js build worker exited with code: 1 and signal: null

2025-11-23T18:44:01.393423365Z [err]  npm run build
2025-11-23T18:44:01.413787397Z [err]  ERROR: failed to build: failed to solve: process "npm run build" did not complete successfully: exit code: 1