2025-11-23T16:05:54.225867713Z [inf]  
2025-11-23T16:06:02.933572717Z [inf]  [35m[Region: europe-west4][0m
2025-11-23T16:06:02.977402111Z [inf]  
2025-11-23T16:06:02.977424697Z [inf]  [38;2;125;86;243mâ•­â”€â”€â”€â”€â”€â”€â”€â”€â”€â”€â”€â”€â”€â”€â”€â”€â”€â•®[0m
2025-11-23T16:06:02.977430351Z [inf]  [38;2;125;86;243mâ”‚[0m Railpack 0.13.0 [38;2;125;86;243mâ”‚[0m
2025-11-23T16:06:02.977435587Z [inf]  [38;2;125;86;243mâ•°â”€â”€â”€â”€â”€â”€â”€â”€â”€â”€â”€â”€â”€â”€â”€â”€â”€â•¯[0m
2025-11-23T16:06:02.977441930Z [inf]  
2025-11-23T16:06:02.977447144Z [inf]  [97mâ†³ Detected Node[0m
2025-11-23T16:06:02.977452282Z [inf]  [97mâ†³ Using npm package manager[0m
2025-11-23T16:06:02.977457194Z [inf]  [97mâ†³ Installing puppeteer dependencies[0m
2025-11-23T16:06:02.977461950Z [inf]  
2025-11-23T16:06:02.977466734Z [inf]  [1mPackages[0m
2025-11-23T16:06:02.977471614Z [inf]  [38;5;238mâ”€â”€â”€â”€â”€â”€â”€â”€â”€â”€[0m
2025-11-23T16:06:02.977476626Z [inf]  [95mnode[0m  [38;5;238mâ”‚[0m  [96m22.21.1[0m  [38;5;238mâ”‚[0m  railpack default (22)
2025-11-23T16:06:02.977481177Z [inf]  
2025-11-23T16:06:02.977486159Z [inf]  [1mSteps[0m
2025-11-23T16:06:02.977491148Z [inf]  [38;5;238mâ”€â”€â”€â”€â”€â”€â”€â”€â”€â”€[0m
2025-11-23T16:06:02.977496119Z [inf]  [95mâ–¸ install[0m
2025-11-23T16:06:02.977500889Z [inf]  [38;5;245m$[0m [1mnpm install[0m
2025-11-23T16:06:02.977505671Z [inf]  
2025-11-23T16:06:02.977510411Z [inf]  [95mâ–¸ build[0m
2025-11-23T16:06:02.977515336Z [inf]  [38;5;245m$[0m [1mnpm run build[0m
2025-11-23T16:06:02.977520763Z [inf]  
2025-11-23T16:06:02.977529410Z [inf]  [1mDeploy[0m
2025-11-23T16:06:02.977534286Z [inf]  [38;5;238mâ”€â”€â”€â”€â”€â”€â”€â”€â”€â”€[0m
2025-11-23T16:06:02.977539061Z [inf]  [38;5;245m$[0m [1mnpm run start[0m
2025-11-23T16:06:02.977543851Z [inf]  
2025-11-23T16:06:02.977548771Z [inf]  
2025-11-23T16:06:02.978460214Z [inf]  Successfully prepared Railpack plan for build
2025-11-23T16:06:02.978488737Z [inf]  
2025-11-23T16:06:02.978493137Z [inf]  
2025-11-23T16:06:02.978757120Z [inf]  context: fppt-jFiz
2025-11-23T16:06:03.116565514Z [inf]  [internal] load build definition from railpack-plan.json
2025-11-23T16:06:03.116610423Z [inf]  [internal] load build definition from railpack-plan.json
2025-11-23T16:06:03.116626907Z [inf]  [internal] load build definition from railpack-plan.json
2025-11-23T16:06:03.131633590Z [inf]  [internal] load build definition from railpack-plan.json
2025-11-23T16:06:03.133219284Z [inf]  resolve image config for docker-image://ghcr.io/railwayapp/railpack-frontend:v0.13.0
2025-11-23T16:06:03.273581377Z [inf]  resolve image config for docker-image://ghcr.io/railwayapp/railpack-frontend:v0.13.0
2025-11-23T16:06:03.357548811Z [inf]  load build definition from railpack-plan.json
2025-11-23T16:06:03.357592920Z [inf]  load build definition from railpack-plan.json
2025-11-23T16:06:03.357618348Z [inf]  load build definition from railpack-plan.json
2025-11-23T16:06:03.367103059Z [inf]  load build definition from railpack-plan.json
2025-11-23T16:06:03.533802186Z [inf]  [railpack] merge $packages:apt:runtime, $packages:mise, $build, $build
2025-11-23T16:06:03.533839082Z [inf]  copy /app
2025-11-23T16:06:03.533847074Z [inf]  copy /root/.cache
2025-11-23T16:06:03.533854333Z [inf]  copy /app/node_modules
2025-11-23T16:06:03.533860200Z [inf]  npm run build
2025-11-23T16:06:03.533868047Z [inf]  [railpack] secrets hash
2025-11-23T16:06:03.533873989Z [inf]  copy / /app
2025-11-23T16:06:03.533879212Z [inf]  npm install
2025-11-23T16:06:03.533884664Z [inf]  mkdir -p /app/node_modules/.cache
2025-11-23T16:06:03.533890114Z [inf]  copy / /app
2025-11-23T16:06:03.533907194Z [inf]  [railpack] secrets hash
2025-11-23T16:06:03.533915812Z [inf]  loading .
2025-11-23T16:06:03.533933735Z [inf]  install apt packages: ca-certificates fonts-liberation gconf-service libappindicator1 libasound2 libatk1.0-0 libatomic1 libc6 libcairo2 libcups2 libdbus-1-3 libexpat1 libfontconfig1 libgbm1 libgcc1 libgconf-2-4 libgdk-pixbuf2.0-0 libglib2.0-0 libgtk-3-0 libnspr4 libnss3 libpango-1.0-0 libpangocairo-1.0-0 libstdc++6 libx11-6 libx11-xcb1 libxcb1 libxcomposite1 libxcursor1 libxdamage1 libxext6 libxfixes3 libxi6 libxrandr2 libxrender1 libxss1 libxtst6 lsb-release wget xdg-utils xvfb
2025-11-23T16:06:03.535911623Z [inf]  mkdir /etc/mise
2025-11-23T16:06:03.535954722Z [inf]  create mise config
2025-11-23T16:06:03.535967062Z [inf]  install mise packages: node
2025-11-23T16:06:03.535980907Z [inf]  copy /mise/shims
2025-11-23T16:06:03.535997977Z [inf]  copy /mise/installs
2025-11-23T16:06:03.536009751Z [inf]  copy /usr/local/bin/mise
2025-11-23T16:06:03.536020578Z [inf]  copy /etc/mise/config.toml
2025-11-23T16:06:03.536034688Z [inf]  copy /root/.local/state/mise
2025-11-23T16:06:03.536044431Z [inf]  loading .
2025-11-23T16:06:03.536053970Z [inf]  [railpack] secrets hash
2025-11-23T16:06:03.547319986Z [inf]  [railpack] secrets hash
2025-11-23T16:06:03.554219992Z [inf]  loading .
2025-11-23T16:06:03.555813597Z [inf]  install mise packages: node
2025-11-23T16:06:03.555852618Z [inf]  copy / /app
2025-11-23T16:06:03.642260643Z [inf]  copy / /app
2025-11-23T16:06:03.644099956Z [inf]  mkdir -p /app/node_modules/.cache
2025-11-23T16:06:03.807145902Z [inf]  mkdir -p /app/node_modules/.cache
2025-11-23T16:06:03.808645783Z [inf]  npm install
2025-11-23T16:06:04.047332391Z [inf]  npm warn config production Use `--omit=dev` instead.

2025-11-23T16:06:26.473383181Z [inf]  npm warn deprecated inflight@1.0.6: This module is not supported, and leaks memory. Do not use it. Check out lru-cache if you want a good and tested way to coalesce async requests by a key value, which is much more comprehensive and powerful.

2025-11-23T16:06:26.549539119Z [inf]  npm warn deprecated rimraf@3.0.2: Rimraf versions prior to v4 are no longer supported

2025-11-23T16:06:26.592175652Z [inf]  npm warn deprecated glob@7.2.3: Glob versions prior to v9 are no longer supported

2025-11-23T16:06:38.492866147Z [inf]  
> design-web-pages@0.1.0 postinstall
> prisma generate


2025-11-23T16:06:39.40382131Z [inf]  Prisma schema loaded from prisma/schema.prisma

2025-11-23T16:06:39.644136119Z [inf]  â”Œâ”€â”€â”€â”€â”€â”€â”€â”€â”€â”€â”€â”€â”€â”€â”€â”€â”€â”€â”€â”€â”€â”€â”€â”€â”€â”€â”€â”€â”€â”€â”€â”€â”€â”€â”€â”€â”€â”€â”€â”€â”€â”€â”€â”€â”€â”€â”€â”€â”€â”€â”€â”€â”€â”€â”€â”€â”€â”
â”‚  Update available 6.19.0 -> 7.0.0                       â”‚
â”‚                                                         â”‚
â”‚  This is a major update - please follow the guide at    â”‚
â”‚  https://pris.ly/d/major-version-upgrade                â”‚
â”‚                                                         â”‚
â”‚  Run the following to update                            â”‚
â”‚    npm i --save-dev prisma@latest                       â”‚
â”‚    npm i @prisma/client@latest                          â”‚
â””â”€â”€â”€â”€â”€â”€â”€â”€â”€â”€â”€â”€â”€â”€â”€â”€â”€â”€â”€â”€â”€â”€â”€â”€â”€â”€â”€â”€â”€â”€â”€â”€â”€â”€â”€â”€â”€â”€â”€â”€â”€â”€â”€â”€â”€â”€â”€â”€â”€â”€â”€â”€â”€â”€â”€â”€â”€â”˜

2025-11-23T16:06:39.64418938Z [inf]  
âœ” Generated Prisma Client (v6.19.0) to ./node_modules/@prisma/client in 84ms

Start by importing your Prisma Client (See: https://pris.ly/d/importing-client)

Tip: Want to turn off tips and other hints? https://pris.ly/tip-4-nohints


2025-11-23T16:06:39.66309325Z [inf]  
added 555 packages, and audited 556 packages in 36s

2025-11-23T16:06:39.68982744Z [inf]  
3 vulnerabilities (2 moderate, 1 high)

To address all issues (including breaking changes), run:
  npm audit fix --force

Run `npm audit` for details.

2025-11-23T16:06:40.027474627Z [inf]  npm install
2025-11-23T16:06:40.028736272Z [inf]  copy / /app
2025-11-23T16:06:40.203912982Z [inf]  copy / /app
2025-11-23T16:06:40.205677385Z [inf]  npm run build
2025-11-23T16:06:40.411834119Z [inf]  npm warn config production Use `--omit=dev` instead.

2025-11-23T16:06:40.428723725Z [inf]  
> design-web-pages@0.1.0 build
> prisma generate && prisma migrate deploy && next build


2025-11-23T16:06:41.338073801Z [inf]  Prisma schema loaded from prisma/schema.prisma

2025-11-23T16:06:41.637749473Z [inf]  
âœ” Generated Prisma Client (v6.19.0) to ./node_modules/@prisma/client in 108ms

Start by importing your Prisma Client (See: https://pris.ly/d/importing-client)

Tip: Interested in query caching in just a few lines of code? Try Accelerate today! https://pris.ly/tip-3-accelerate


2025-11-23T16:06:42.634691477Z [inf]  Prisma schema loaded from prisma/schema.prisma

2025-11-23T16:06:42.637456677Z [inf]  Error: Prisma schema validation - (get-config wasm)
Error code: P1012
error: Environment variable not found: DATABASE_URL.
  -->  prisma/schema.prisma:8
   | 
 7 |   provider = "postgresql"
 8 |   url      = env("DATABASE_URL")
   | 

Validation Error Count: 1
[Context: getConfig]

Prisma CLI Version : 6.19.0

2025-11-23T16:06:42.884347816Z [err]  npm run build
2025-11-23T16:06:42.899803211Z [err]  ERROR: failed to build: failed to solve: process "npm run build" did not complete successfully: exit code: 1