2025-11-23T17:41:28.311543076Z [inf]  Unpacking libjbig0:amd64 (2.1-6.1) ...

2025-11-23T17:41:28.32999379Z [inf]  Selecting previously unselected package liblerc4:amd64.

2025-11-23T17:41:28.331285736Z [inf]  Preparing to unpack .../035-liblerc4_4.0.0+ds-2_amd64.deb ...

2025-11-23T17:41:28.332648709Z [inf]  Unpacking liblerc4:amd64 (4.0.0+ds-2) ...

2025-11-23T17:41:28.361997914Z [inf]  Selecting previously unselected package libwebp7:amd64.

2025-11-23T17:41:28.363277564Z [inf]  Preparing to unpack .../036-libwebp7_1.2.4-0.2+deb12u1_amd64.deb ...

2025-11-23T17:41:28.364669678Z [inf]  Unpacking libwebp7:amd64 (1.2.4-0.2+deb12u1) ...

2025-11-23T17:41:28.402420891Z [inf]  Selecting previously unselected package libtiff6:amd64.

2025-11-23T17:41:28.403636069Z [inf]  Preparing to unpack .../037-libtiff6_4.5.0-6+deb12u3_amd64.deb ...

2025-11-23T17:41:28.404888126Z [inf]  Unpacking libtiff6:amd64 (4.5.0-6+deb12u3) ...

2025-11-23T17:41:28.437683155Z [inf]  Selecting previously unselected package libgdk-pixbuf-2.0-0:amd64.

2025-11-23T17:41:28.438987135Z [inf]  Preparing to unpack .../038-libgdk-pixbuf-2.0-0_2.42.10+dfsg-1+deb12u2_amd64.deb ...

2025-11-23T17:41:28.440670591Z [inf]  Unpacking libgdk-pixbuf-2.0-0:amd64 (2.42.10+dfsg-1+deb12u2) ...

2025-11-23T17:41:28.466075009Z [inf]  Selecting previously unselected package gtk-update-icon-cache.

2025-11-23T17:41:28.467422739Z [inf]  Preparing to unpack .../039-gtk-update-icon-cache_3.24.38-2~deb12u3_amd64.deb ...

2025-11-23T17:41:28.468768349Z [inf]  Unpacking gtk-update-icon-cache (3.24.38-2~deb12u3) ...

2025-11-23T17:41:28.496738355Z [inf]  Selecting previously unselected package adwaita-icon-theme.

2025-11-23T17:41:28.498118093Z [inf]  Preparing to unpack .../040-adwaita-icon-theme_43-1_all.deb ...

2025-11-23T17:41:28.499346583Z [inf]  Unpacking adwaita-icon-theme (43-1) ...

2025-11-23T17:41:29.092773449Z [inf]  Selecting previously unselected package alsa-topology-conf.

2025-11-23T17:41:29.096038228Z [inf]  Preparing to unpack .../041-alsa-topology-conf_1.2.5.1-2_all.deb ...

2025-11-23T17:41:29.097513331Z [inf]  Unpacking alsa-topology-conf (1.2.5.1-2) ...

2025-11-23T17:41:29.116370404Z [inf]  Selecting previously unselected package libasound2-data.

2025-11-23T17:41:29.118422332Z [inf]  Preparing to unpack .../042-libasound2-data_1.2.8-1_all.deb ...

2025-11-23T17:41:29.119723642Z [inf]  Unpacking libasound2-data (1.2.8-1) ...

2025-11-23T17:41:29.145892178Z [inf]  Selecting previously unselected package libasound2:amd64.

2025-11-23T17:41:29.147685696Z [inf]  Preparing to unpack .../043-libasound2_1.2.8-1+b1_amd64.deb ...

2025-11-23T17:41:29.14905374Z [inf]  Unpacking libasound2:amd64 (1.2.8-1+b1) ...

2025-11-23T17:41:29.191302916Z [inf]  Selecting previously unselected package alsa-ucm-conf.

2025-11-23T17:41:29.193164044Z [inf]  Preparing to unpack .../044-alsa-ucm-conf_1.2.8-1_all.deb ...

2025-11-23T17:41:29.194541313Z [inf]  Unpacking alsa-ucm-conf (1.2.8-1) ...

2025-11-23T17:41:29.256662423Z [inf]  Selecting previously unselected package at-spi2-common.

2025-11-23T17:41:29.258583621Z [inf]  Preparing to unpack .../045-at-spi2-common_2.46.0-5_all.deb ...

2025-11-23T17:41:29.259775783Z [inf]  Unpacking at-spi2-common (2.46.0-5) ...

2025-11-23T17:41:29.290768837Z [inf]  Selecting previously unselected package libxau6:amd64.

2025-11-23T17:41:29.292624951Z [inf]  Preparing to unpack .../046-libxau6_1%3a1.0.9-1_amd64.deb ...

2025-11-23T17:41:29.293938802Z [inf]  Unpacking libxau6:amd64 (1:1.0.9-1) ...

2025-11-23T17:41:29.312401129Z [inf]  Selecting previously unselected package libbsd0:amd64.

2025-11-23T17:41:29.314232771Z [inf]  Preparing to unpack .../047-libbsd0_0.11.7-2_amd64.deb ...

2025-11-23T17:41:29.315773415Z [inf]  Unpacking libbsd0:amd64 (0.11.7-2) ...

2025-11-23T17:41:29.341234111Z [inf]  Selecting previously unselected package libxdmcp6:amd64.

2025-11-23T17:41:29.343021598Z [inf]  Preparing to unpack .../048-libxdmcp6_1%3a1.1.2-3_amd64.deb ...

2025-11-23T17:41:29.344464037Z [inf]  Unpacking libxdmcp6:amd64 (1:1.1.2-3) ...

2025-11-23T17:41:29.362842163Z [inf]  Selecting previously unselected package libxcb1:amd64.

2025-11-23T17:41:29.364674903Z [inf]  Preparing to unpack .../049-libxcb1_1.15-1_amd64.deb ...

2025-11-23T17:41:29.366123533Z [inf]  Unpacking libxcb1:amd64 (1.15-1) ...

2025-11-23T17:41:29.387029456Z [inf]  Selecting previously unselected package libx11-data.

2025-11-23T17:41:29.388867232Z [inf]  Preparing to unpack .../050-libx11-data_2%3a1.8.4-2+deb12u2_all.deb ...

2025-11-23T17:41:29.390249347Z [inf]  Unpacking libx11-data (2:1.8.4-2+deb12u2) ...

2025-11-23T17:41:29.435070282Z [inf]  Selecting previously unselected package libx11-6:amd64.

2025-11-23T17:41:29.436960937Z [inf]  Preparing to unpack .../051-libx11-6_2%3a1.8.4-2+deb12u2_amd64.deb ...

2025-11-23T17:41:29.438256314Z [inf]  Unpacking libx11-6:amd64 (2:1.8.4-2+deb12u2) ...

2025-11-23T17:41:29.502359524Z [inf]  Selecting previously unselected package libxext6:amd64.

2025-11-23T17:41:29.504146876Z [inf]  Preparing to unpack .../052-libxext6_2%3a1.3.4-1+b1_amd64.deb ...

2025-11-23T17:41:29.505369926Z [inf]  Unpacking libxext6:amd64 (2:1.3.4-1+b1) ...

2025-11-23T17:41:29.525671485Z [inf]  Selecting previously unselected package libxi6:amd64.

2025-11-23T17:41:29.527514149Z [inf]  Preparing to unpack .../053-libxi6_2%3a1.8-1+b1_amd64.deb ...

2025-11-23T17:41:29.528951064Z [inf]  Unpacking libxi6:amd64 (2:1.8-1+b1) ...

2025-11-23T17:41:29.55124124Z [inf]  Selecting previously unselected package libatspi2.0-0:amd64.

2025-11-23T17:41:29.553098652Z [inf]  Preparing to unpack .../054-libatspi2.0-0_2.46.0-5_amd64.deb ...

2025-11-23T17:41:29.554689179Z [inf]  Unpacking libatspi2.0-0:amd64 (2.46.0-5) ...

2025-11-23T17:41:29.577500556Z [inf]  Selecting previously unselected package x11-common.

2025-11-23T17:41:29.579376803Z [inf]  Preparing to unpack .../055-x11-common_1%3a7.7+23_all.deb ...

2025-11-23T17:41:29.580774165Z [inf]  Unpacking x11-common (1:7.7+23) ...

2025-11-23T17:41:29.608505122Z [inf]  Selecting previously unselected package libxtst6:amd64.

2025-11-23T17:41:29.610740675Z [inf]  Preparing to unpack .../056-libxtst6_2%3a1.2.3-1.1_amd64.deb ...

2025-11-23T17:41:29.612116637Z [inf]  Unpacking libxtst6:amd64 (2:1.2.3-1.1) ...

2025-11-23T17:41:29.629228596Z [inf]  Selecting previously unselected package dbus-user-session.

2025-11-23T17:41:29.631536569Z [inf]  Preparing to unpack .../057-dbus-user-session_1.14.10-1~deb12u1_amd64.deb ...

2025-11-23T17:41:29.632769292Z [inf]  Unpacking dbus-user-session (1.14.10-1~deb12u1) ...

2025-11-23T17:41:29.655308995Z [inf]  Selecting previously unselected package libdconf1:amd64.

2025-11-23T17:41:29.657547692Z [inf]  Preparing to unpack .../058-libdconf1_0.40.0-4_amd64.deb ...

2025-11-23T17:41:29.658839056Z [inf]  Unpacking libdconf1:amd64 (0.40.0-4) ...

2025-11-23T17:41:29.669669534Z [inf]  mise node@22.21.1    node -v

2025-11-23T17:41:29.674725433Z [inf]  mise node@22.21.1    v22.21.1

2025-11-23T17:41:29.67543459Z [inf]  mise node@22.21.1    npm -v

2025-11-23T17:41:29.676144661Z [inf]  Selecting previously unselected package dconf-service.

2025-11-23T17:41:29.678499843Z [inf]  Preparing to unpack .../059-dconf-service_0.40.0-4_amd64.deb ...

2025-11-23T17:41:29.679535247Z [inf]  Unpacking dconf-service (0.40.0-4) ...

2025-11-23T17:41:29.695154156Z [inf]  Selecting previously unselected package dconf-gsettings-backend:amd64.

2025-11-23T17:41:29.697010909Z [inf]  Preparing to unpack .../060-dconf-gsettings-backend_0.40.0-4_amd64.deb ...

2025-11-23T17:41:29.698062518Z [inf]  Unpacking dconf-gsettings-backend:amd64 (0.40.0-4) ...

2025-11-23T17:41:29.713618616Z [inf]  Selecting previously unselected package gsettings-desktop-schemas.

2025-11-23T17:41:29.715619791Z [inf]  Preparing to unpack .../061-gsettings-desktop-schemas_43.0-1_all.deb ...

2025-11-23T17:41:29.716910677Z [inf]  Unpacking gsettings-desktop-schemas (43.0-1) ...

2025-11-23T17:41:29.776466187Z [inf]  mise node@22.21.1    10.9.4

2025-11-23T17:41:29.782484555Z [inf]  Selecting previously unselected package at-spi2-core.

2025-11-23T17:41:29.784856942Z [inf]  Preparing to unpack .../062-at-spi2-core_2.46.0-5_amd64.deb ...

2025-11-23T17:41:29.786102563Z [inf]  Unpacking at-spi2-core (2.46.0-5) ...

2025-11-23T17:41:29.792766081Z [inf]  mise node@22.21.1  âœ“ installed

2025-11-23T17:41:29.810542572Z [inf]  Selecting previously unselected package libisl23:amd64.

2025-11-23T17:41:29.812852361Z [inf]  Preparing to unpack .../063-libisl23_0.25-1.1_amd64.deb ...

2025-11-23T17:41:29.81392828Z [inf]  Unpacking libisl23:amd64 (0.25-1.1) ...

2025-11-23T17:41:29.905281382Z [inf]  Selecting previously unselected package libmpfr6:amd64.

2025-11-23T17:41:29.908247518Z [inf]  Preparing to unpack .../064-libmpfr6_4.2.0-1_amd64.deb ...

2025-11-23T17:41:29.909518662Z [inf]  Unpacking libmpfr6:amd64 (4.2.0-1) ...

2025-11-23T17:41:29.909999038Z [inf]  install mise packages: node
2025-11-23T17:41:29.910698887Z [inf]  copy / /app
2025-11-23T17:41:29.958455826Z [inf]  Selecting previously unselected package libmpc3:amd64.

2025-11-23T17:41:29.961204011Z [inf]  Preparing to unpack .../065-libmpc3_1.3.1-1_amd64.deb ...

2025-11-23T17:41:29.962766162Z [inf]  Unpacking libmpc3:amd64 (1.3.1-1) ...

2025-11-23T17:41:29.978685799Z [inf]  copy / /app
2025-11-23T17:41:29.979932154Z [inf]  mkdir -p /app/node_modules/.cache
2025-11-23T17:41:29.982674029Z [inf]  Selecting previously unselected package cpp-12.

2025-11-23T17:41:29.984951232Z [inf]  Preparing to unpack .../066-cpp-12_12.2.0-14+deb12u1_amd64.deb ...

2025-11-23T17:41:29.986024367Z [inf]  Unpacking cpp-12 (12.2.0-14+deb12u1) ...

2025-11-23T17:41:30.067831686Z [inf]  copy /mise/shims
2025-11-23T17:41:30.076031177Z [inf]  copy /mise/shims
2025-11-23T17:41:30.092088869Z [inf]  mkdir -p /app/node_modules/.cache
2025-11-23T17:41:30.093974047Z [inf]  npm install
2025-11-23T17:41:30.305533792Z [inf]  npm warn config production Use `--omit=dev` instead.

2025-11-23T17:41:30.620733643Z [inf]  Selecting previously unselected package cpp.

2025-11-23T17:41:30.623005062Z [inf]  Preparing to unpack .../067-cpp_4%3a12.2.0-3_amd64.deb ...

2025-11-23T17:41:30.62411754Z [inf]  Unpacking cpp (4:12.2.0-3) ...

2025-11-23T17:41:30.640861517Z [inf]  Selecting previously unselected package libbrotli1:amd64.

2025-11-23T17:41:30.64322248Z [inf]  Preparing to unpack .../068-libbrotli1_1.0.9-2+b6_amd64.deb ...

2025-11-23T17:41:30.644567919Z [inf]  Unpacking libbrotli1:amd64 (1.0.9-2+b6) ...

2025-11-23T17:41:30.683323938Z [inf]  Selecting previously unselected package libfreetype6:amd64.

2025-11-23T17:41:30.685482939Z [inf]  Preparing to unpack .../069-libfreetype6_2.12.1+dfsg-5+deb12u4_amd64.deb ...

2025-11-23T17:41:30.686663955Z [inf]  Unpacking libfreetype6:amd64 (2.12.1+dfsg-5+deb12u4) ...

2025-11-23T17:41:30.730865707Z [inf]  Selecting previously unselected package fonts-liberation.

2025-11-23T17:41:30.733160683Z [inf]  Preparing to unpack .../070-fonts-liberation_1%3a1.07.4-11_all.deb ...

2025-11-23T17:41:30.734490608Z [inf]  Unpacking fonts-liberation (1:1.07.4-11) ...

2025-11-23T17:41:30.814015374Z [inf]  Selecting previously unselected package fontconfig-config.

2025-11-23T17:41:30.816483852Z [inf]  Preparing to unpack .../071-fontconfig-config_2.14.1-4_amd64.deb ...

2025-11-23T17:41:30.923261863Z [inf]  Unpacking fontconfig-config (2.14.1-4) ...

2025-11-23T17:41:30.952579091Z [inf]  Selecting previously unselected package libfontconfig1:amd64.

2025-11-23T17:41:30.956292684Z [inf]  Preparing to unpack .../072-libfontconfig1_2.14.1-4_amd64.deb ...

2025-11-23T17:41:30.957296182Z [inf]  Unpacking libfontconfig1:amd64 (2.14.1-4) ...

2025-11-23T17:41:30.985007187Z [inf]  Selecting previously unselected package fontconfig.

2025-11-23T17:41:30.986951425Z [inf]  Preparing to unpack .../073-fontconfig_2.14.1-4_amd64.deb ...

2025-11-23T17:41:30.988283407Z [inf]  Unpacking fontconfig (2.14.1-4) ...

2025-11-23T17:41:31.01957168Z [inf]  Selecting previously unselected package libdbus-glib-1-2:amd64.

2025-11-23T17:41:31.021610696Z [inf]  Preparing to unpack .../074-libdbus-glib-1-2_0.112-3_amd64.deb ...

2025-11-23T17:41:31.022940464Z [inf]  Unpacking libdbus-glib-1-2:amd64 (0.112-3) ...

2025-11-23T17:41:31.028356880Z [inf]  copy /mise/installs
2025-11-23T17:41:31.045274521Z [inf]  Selecting previously unselected package gconf2-common.

2025-11-23T17:41:31.04757052Z [inf]  Preparing to unpack .../075-gconf2-common_3.2.6-8_all.deb ...

2025-11-23T17:41:31.04890574Z [inf]  Unpacking gconf2-common (3.2.6-8) ...

2025-11-23T17:41:31.128098291Z [inf]  Selecting previously unselected package libgconf-2-4:amd64.

2025-11-23T17:41:31.130479617Z [inf]  Preparing to unpack .../076-libgconf-2-4_3.2.6-8_amd64.deb ...

2025-11-23T17:41:31.13204387Z [inf]  Unpacking libgconf-2-4:amd64 (3.2.6-8) ...

2025-11-23T17:41:31.161200628Z [inf]  Selecting previously unselected package libsasl2-modules-db:amd64.

2025-11-23T17:41:31.163104604Z [inf]  Preparing to unpack .../077-libsasl2-modules-db_2.1.28+dfsg-10_amd64.deb ...

2025-11-23T17:41:31.164471551Z [inf]  Unpacking libsasl2-modules-db:amd64 (2.1.28+dfsg-10) ...

2025-11-23T17:41:31.18271897Z [inf]  Selecting previously unselected package libsasl2-2:amd64.

2025-11-23T17:41:31.184656032Z [inf]  Preparing to unpack .../078-libsasl2-2_2.1.28+dfsg-10_amd64.deb ...

2025-11-23T17:41:31.186178654Z [inf]  Unpacking libsasl2-2:amd64 (2.1.28+dfsg-10) ...

2025-11-23T17:41:31.208613373Z [inf]  Selecting previously unselected package libldap-2.5-0:amd64.

2025-11-23T17:41:31.210761447Z [inf]  Preparing to unpack .../079-libldap-2.5-0_2.5.13+dfsg-5_amd64.deb ...

2025-11-23T17:41:31.2122084Z [inf]  Unpacking libldap-2.5-0:amd64 (2.5.13+dfsg-5) ...

2025-11-23T17:41:31.244811713Z [inf]  Selecting previously unselected package gconf-service.

2025-11-23T17:41:31.246832208Z [inf]  Preparing to unpack .../080-gconf-service_3.2.6-8_amd64.deb ...

2025-11-23T17:41:31.248136026Z [inf]  Unpacking gconf-service (3.2.6-8) ...

2025-11-23T17:41:31.27859898Z [inf]  Selecting previously unselected package libatk1.0-0:amd64.

2025-11-23T17:41:31.280584268Z [inf]  Preparing to unpack .../081-libatk1.0-0_2.46.0-5_amd64.deb ...

2025-11-23T17:41:31.28183267Z [inf]  Unpacking libatk1.0-0:amd64 (2.46.0-5) ...

2025-11-23T17:41:31.305370273Z [inf]  Selecting previously unselected package libatk-bridge2.0-0:amd64.

2025-11-23T17:41:31.307957184Z [inf]  Preparing to unpack .../082-libatk-bridge2.0-0_2.46.0-5_amd64.deb ...

2025-11-23T17:41:31.309511134Z [inf]  Unpacking libatk-bridge2.0-0:amd64 (2.46.0-5) ...

2025-11-23T17:41:31.332201804Z [inf]  Selecting previously unselected package libatomic1:amd64.

2025-11-23T17:41:31.334681183Z [inf]  Preparing to unpack .../083-libatomic1_12.2.0-14+deb12u1_amd64.deb ...

2025-11-23T17:41:31.335979981Z [inf]  Unpacking libatomic1:amd64 (12.2.0-14+deb12u1) ...

2025-11-23T17:41:31.361495481Z [inf]  Selecting previously unselected package libauthen-sasl-perl.

2025-11-23T17:41:31.363805871Z [inf]  Preparing to unpack .../084-libauthen-sasl-perl_2.1600-3_all.deb ...

2025-11-23T17:41:31.365130593Z [inf]  Unpacking libauthen-sasl-perl (2.1600-3) ...

2025-11-23T17:41:31.384850164Z [inf]  Selecting previously unselected package libavahi-common-data:amd64.

2025-11-23T17:41:31.38768232Z [inf]  Preparing to unpack .../085-libavahi-common-data_0.8-10+deb12u1_amd64.deb ...

2025-11-23T17:41:31.389051974Z [inf]  Unpacking libavahi-common-data:amd64 (0.8-10+deb12u1) ...

2025-11-23T17:41:31.415977187Z [inf]  Selecting previously unselected package libavahi-common3:amd64.

2025-11-23T17:41:31.418318024Z [inf]  Preparing to unpack .../086-libavahi-common3_0.8-10+deb12u1_amd64.deb ...

2025-11-23T17:41:31.419559477Z [inf]  Unpacking libavahi-common3:amd64 (0.8-10+deb12u1) ...

2025-11-23T17:41:31.438998049Z [inf]  Selecting previously unselected package libavahi-client3:amd64.

2025-11-23T17:41:31.441293684Z [inf]  Preparing to unpack .../087-libavahi-client3_0.8-10+deb12u1_amd64.deb ...

2025-11-23T17:41:31.442628477Z [inf]  Unpacking libavahi-client3:amd64 (0.8-10+deb12u1) ...

2025-11-23T17:41:31.462991616Z [inf]  Selecting previously unselected package libgtk2.0-common.

2025-11-23T17:41:31.465506794Z [inf]  Preparing to unpack .../088-libgtk2.0-common_2.24.33-2+deb12u1_all.deb ...

2025-11-23T17:41:31.467000987Z [inf]  Unpacking libgtk2.0-common (2.24.33-2+deb12u1) ...

2025-11-23T17:41:31.692699085Z [inf]  Selecting previously unselected package libpixman-1-0:amd64.

2025-11-23T17:41:31.695186402Z [inf]  Preparing to unpack .../089-libpixman-1-0_0.42.2-1_amd64.deb ...

2025-11-23T17:41:31.696544484Z [inf]  Unpacking libpixman-1-0:amd64 (0.42.2-1) ...

2025-11-23T17:41:31.754753589Z [inf]  Selecting previously unselected package libxcb-render0:amd64.

2025-11-23T17:41:31.757092674Z [inf]  Preparing to unpack .../090-libxcb-render0_1.15-1_amd64.deb ...

2025-11-23T17:41:31.759197398Z [inf]  Unpacking libxcb-render0:amd64 (1.15-1) ...

2025-11-23T17:41:31.806547986Z [inf]  Selecting previously unselected package libxcb-shm0:amd64.

2025-11-23T17:41:31.808594371Z [inf]  Preparing to unpack .../091-libxcb-shm0_1.15-1_amd64.deb ...

2025-11-23T17:41:31.809779015Z [inf]  Unpacking libxcb-shm0:amd64 (1.15-1) ...

2025-11-23T17:41:31.83446549Z [inf]  Selecting previously unselected package libxrender1:amd64.

2025-11-23T17:41:31.836782095Z [inf]  Preparing to unpack .../092-libxrender1_1%3a0.9.10-1.1_amd64.deb ...

2025-11-23T17:41:31.838121661Z [inf]  Unpacking libxrender1:amd64 (1:0.9.10-1.1) ...

2025-11-23T17:41:31.856695557Z [inf]  Selecting previously unselected package libcairo2:amd64.

2025-11-23T17:41:31.85910459Z [inf]  Preparing to unpack .../093-libcairo2_1.16.0-7_amd64.deb ...

2025-11-23T17:41:31.860323832Z [inf]  Unpacking libcairo2:amd64 (1.16.0-7) ...

2025-11-23T17:41:31.872179699Z [inf]  copy /mise/installs
2025-11-23T17:41:31.874576972Z [inf]  copy /usr/local/bin/mise
2025-11-23T17:41:31.915651284Z [inf]  Selecting previously unselected package libkrb5support0:amd64.

2025-11-23T17:41:31.917848603Z [inf]  Preparing to unpack .../094-libkrb5support0_1.20.1-2+deb12u4_amd64.deb ...

2025-11-23T17:41:31.919190516Z [inf]  Unpacking libkrb5support0:amd64 (1.20.1-2+deb12u4) ...

2025-11-23T17:41:31.938836496Z [inf]  Selecting previously unselected package libk5crypto3:amd64.

2025-11-23T17:41:31.941151243Z [inf]  Preparing to unpack .../095-libk5crypto3_1.20.1-2+deb12u4_amd64.deb ...

2025-11-23T17:41:31.942912709Z [inf]  Unpacking libk5crypto3:amd64 (1.20.1-2+deb12u4) ...

2025-11-23T17:41:31.962201069Z [inf]  copy /usr/local/bin/mise
2025-11-23T17:41:31.964296831Z [inf]  copy /etc/mise/config.toml
2025-11-23T17:41:31.96684614Z [inf]  Selecting previously unselected package libkeyutils1:amd64.

2025-11-23T17:41:31.969318677Z [inf]  Preparing to unpack .../096-libkeyutils1_1.6.3-2_amd64.deb ...

2025-11-23T17:41:31.971235987Z [inf]  Unpacking libkeyutils1:amd64 (1.6.3-2) ...

2025-11-23T17:41:31.983720073Z [inf]  copy /etc/mise/config.toml
2025-11-23T17:41:31.985249383Z [inf]  copy /root/.local/state/mise
2025-11-23T17:41:31.989133004Z [inf]  Selecting previously unselected package libkrb5-3:amd64.

2025-11-23T17:41:31.991234069Z [inf]  Preparing to unpack .../097-libkrb5-3_1.20.1-2+deb12u4_amd64.deb ...

2025-11-23T17:41:31.993766468Z [inf]  Unpacking libkrb5-3:amd64 (1.20.1-2+deb12u4) ...

2025-11-23T17:41:31.997872734Z [inf]  copy /root/.local/state/mise
2025-11-23T17:41:32.037510114Z [inf]  Selecting previously unselected package libgssapi-krb5-2:amd64.

2025-11-23T17:41:32.039744311Z [inf]  Preparing to unpack .../098-libgssapi-krb5-2_1.20.1-2+deb12u4_amd64.deb ...

2025-11-23T17:41:32.040957195Z [inf]  Unpacking libgssapi-krb5-2:amd64 (1.20.1-2+deb12u4) ...

2025-11-23T17:41:32.067174948Z [inf]  Selecting previously unselected package libcups2:amd64.

2025-11-23T17:41:32.069484201Z [inf]  Preparing to unpack .../099-libcups2_2.4.2-3+deb12u9_amd64.deb ...

2025-11-23T17:41:32.07080213Z [inf]  Unpacking libcups2:amd64 (2.4.2-3+deb12u9) ...

2025-11-23T17:41:32.105745899Z [inf]  Selecting previously unselected package libfribidi0:amd64.

2025-11-23T17:41:32.108012232Z [inf]  Preparing to unpack .../100-libfribidi0_1.0.8-2.1_amd64.deb ...

2025-11-23T17:41:32.109364921Z [inf]  Unpacking libfribidi0:amd64 (1.0.8-2.1) ...

2025-11-23T17:41:32.130827696Z [inf]  Selecting previously unselected package libgraphite2-3:amd64.

2025-11-23T17:41:32.133314605Z [inf]  Preparing to unpack .../101-libgraphite2-3_1.3.14-1_amd64.deb ...

2025-11-23T17:41:32.134519221Z [inf]  Unpacking libgraphite2-3:amd64 (1.3.14-1) ...

2025-11-23T17:41:32.157008258Z [inf]  Selecting previously unselected package libharfbuzz0b:amd64.

2025-11-23T17:41:32.159010604Z [inf]  Preparing to unpack .../102-libharfbuzz0b_6.0.0+dfsg-3_amd64.deb ...

2025-11-23T17:41:32.160445398Z [inf]  Unpacking libharfbuzz0b:amd64 (6.0.0+dfsg-3) ...

2025-11-23T17:41:32.219124029Z [inf]  Selecting previously unselected package libthai-data.

2025-11-23T17:41:32.221463022Z [inf]  Preparing to unpack .../103-libthai-data_0.1.29-1_all.deb ...

2025-11-23T17:41:32.222659315Z [inf]  Unpacking libthai-data (0.1.29-1) ...

2025-11-23T17:41:32.25491698Z [inf]  Selecting previously unselected package libdatrie1:amd64.

2025-11-23T17:41:32.257316596Z [inf]  Preparing to unpack .../104-libdatrie1_0.2.13-2+b1_amd64.deb ...

2025-11-23T17:41:32.258467666Z [inf]  Unpacking libdatrie1:amd64 (0.2.13-2+b1) ...

2025-11-23T17:41:32.277877391Z [inf]  Selecting previously unselected package libthai0:amd64.

2025-11-23T17:41:32.280228749Z [inf]  Preparing to unpack .../105-libthai0_0.1.29-1_amd64.deb ...

2025-11-23T17:41:32.281388799Z [inf]  Unpacking libthai0:amd64 (0.1.29-1) ...

2025-11-23T17:41:32.301705098Z [inf]  Selecting previously unselected package libpango-1.0-0:amd64.

2025-11-23T17:41:32.304084009Z [inf]  Preparing to unpack .../106-libpango-1.0-0_1.50.12+ds-1_amd64.deb ...

2025-11-23T17:41:32.305327543Z [inf]  Unpacking libpango-1.0-0:amd64 (1.50.12+ds-1) ...

2025-11-23T17:41:32.337931597Z [inf]  Selecting previously unselected package libpangoft2-1.0-0:amd64.

2025-11-23T17:41:32.339874432Z [inf]  Preparing to unpack .../107-libpangoft2-1.0-0_1.50.12+ds-1_amd64.deb ...

2025-11-23T17:41:32.34118211Z [inf]  Unpacking libpangoft2-1.0-0:amd64 (1.50.12+ds-1) ...

2025-11-23T17:41:32.361317247Z [inf]  Selecting previously unselected package libpangocairo-1.0-0:amd64.

2025-11-23T17:41:32.363222066Z [inf]  Preparing to unpack .../108-libpangocairo-1.0-0_1.50.12+ds-1_amd64.deb ...

2025-11-23T17:41:32.364490083Z [inf]  Unpacking libpangocairo-1.0-0:amd64 (1.50.12+ds-1) ...

2025-11-23T17:41:32.38344564Z [inf]  Selecting previously unselected package libxcomposite1:amd64.

2025-11-23T17:41:32.385383723Z [inf]  Preparing to unpack .../109-libxcomposite1_1%3a0.4.5-1_amd64.deb ...

2025-11-23T17:41:32.386747027Z [inf]  Unpacking libxcomposite1:amd64 (1:0.4.5-1) ...

2025-11-23T17:41:32.40471544Z [inf]  Selecting previously unselected package libxfixes3:amd64.

2025-11-23T17:41:32.406812206Z [inf]  Preparing to unpack .../110-libxfixes3_1%3a6.0.0-2_amd64.deb ...

2025-11-23T17:41:32.408145385Z [inf]  Unpacking libxfixes3:amd64 (1:6.0.0-2) ...

2025-11-23T17:41:32.425236695Z [inf]  Selecting previously unselected package libxcursor1:amd64.

2025-11-23T17:41:32.427549881Z [inf]  Preparing to unpack .../111-libxcursor1_1%3a1.2.1-1_amd64.deb ...

2025-11-23T17:41:32.429016612Z [inf]  Unpacking libxcursor1:amd64 (1:1.2.1-1) ...

2025-11-23T17:41:32.448411197Z [inf]  Selecting previously unselected package libxdamage1:amd64.

2025-11-23T17:41:32.450828388Z [inf]  Preparing to unpack .../112-libxdamage1_1%3a1.1.6-1_amd64.deb ...

2025-11-23T17:41:32.452081383Z [inf]  Unpacking libxdamage1:amd64 (1:1.1.6-1) ...

2025-11-23T17:41:32.469082718Z [inf]  Selecting previously unselected package libxinerama1:amd64.

2025-11-23T17:41:32.471102507Z [inf]  Preparing to unpack .../113-libxinerama1_2%3a1.1.4-3_amd64.deb ...

2025-11-23T17:41:32.472306152Z [inf]  Unpacking libxinerama1:amd64 (2:1.1.4-3) ...

2025-11-23T17:41:32.490692675Z [inf]  Selecting previously unselected package libxrandr2:amd64.

2025-11-23T17:41:32.492671679Z [inf]  Preparing to unpack .../114-libxrandr2_2%3a1.5.2-2+b1_amd64.deb ...

2025-11-23T17:41:32.494109125Z [inf]  Unpacking libxrandr2:amd64 (2:1.5.2-2+b1) ...

2025-11-23T17:41:32.516754453Z [inf]  Selecting previously unselected package libgtk2.0-0:amd64.

2025-11-23T17:41:32.518908408Z [inf]  Preparing to unpack .../115-libgtk2.0-0_2.24.33-2+deb12u1_amd64.deb ...

2025-11-23T17:41:32.520302413Z [inf]  Unpacking libgtk2.0-0:amd64 (2.24.33-2+deb12u1) ...

2025-11-23T17:41:32.667460271Z [inf]  Selecting previously unselected package libayatana-indicator7:amd64.

2025-11-23T17:41:32.669407314Z [inf]  Preparing to unpack .../116-libayatana-indicator7_0.9.3-1_amd64.deb ...

2025-11-23T17:41:32.670658753Z [inf]  Unpacking libayatana-indicator7:amd64 (0.9.3-1) ...

2025-11-23T17:41:32.688341127Z [inf]  Selecting previously unselected package libdbusmenu-glib4:amd64.

2025-11-23T17:41:32.690370761Z [inf]  Preparing to unpack .../117-libdbusmenu-glib4_18.10.20180917~bzr492+repack1-3_amd64.deb ...

2025-11-23T17:41:32.69148378Z [inf]  Unpacking libdbusmenu-glib4:amd64 (18.10.20180917~bzr492+repack1-3) ...

2025-11-23T17:41:32.711419485Z [inf]  Selecting previously unselected package libdbusmenu-gtk4:amd64.

2025-11-23T17:41:32.713852472Z [inf]  Preparing to unpack .../118-libdbusmenu-gtk4_18.10.20180917~bzr492+repack1-3_amd64.deb ...

2025-11-23T17:41:32.715467478Z [inf]  Unpacking libdbusmenu-gtk4:amd64 (18.10.20180917~bzr492+repack1-3) ...

2025-11-23T17:41:32.733665055Z [inf]  Selecting previously unselected package libayatana-appindicator1.

2025-11-23T17:41:32.735983766Z [inf]  Preparing to unpack .../119-libayatana-appindicator1_0.5.92-1_amd64.deb ...

2025-11-23T17:41:32.737264773Z [inf]  Unpacking libayatana-appindicator1 (0.5.92-1) ...

2025-11-23T17:41:32.755459879Z [inf]  Selecting previously unselected package libcairo-gobject2:amd64.

2025-11-23T17:41:32.757421517Z [inf]  Preparing to unpack .../120-libcairo-gobject2_1.16.0-7_amd64.deb ...

2025-11-23T17:41:32.758735864Z [inf]  Unpacking libcairo-gobject2:amd64 (1.16.0-7) ...

2025-11-23T17:41:32.781942414Z [inf]  Selecting previously unselected package libclone-perl:amd64.

2025-11-23T17:41:32.784350193Z [inf]  Preparing to unpack .../121-libclone-perl_0.46-1_amd64.deb ...

2025-11-23T17:41:32.78574577Z [inf]  Unpacking libclone-perl:amd64 (0.46-1) ...

2025-11-23T17:41:32.804249913Z [inf]  Selecting previously unselected package liblcms2-2:amd64.

2025-11-23T17:41:32.806636582Z [inf]  Preparing to unpack .../122-liblcms2-2_2.14-2_amd64.deb ...

2025-11-23T17:41:32.807774858Z [inf]  Unpacking liblcms2-2:amd64 (2.14-2) ...

2025-11-23T17:41:32.836053807Z [inf]  Selecting previously unselected package libcolord2:amd64.

2025-11-23T17:41:32.838476752Z [inf]  Preparing to unpack .../123-libcolord2_1.4.6-2.2_amd64.deb ...

2025-11-23T17:41:32.839839676Z [inf]  Unpacking libcolord2:amd64 (1.4.6-2.2) ...

2025-11-23T17:41:32.865939322Z [inf]  Selecting previously unselected package libdata-dump-perl.

2025-11-23T17:41:32.86828303Z [inf]  Preparing to unpack .../124-libdata-dump-perl_1.25-1_all.deb ...

2025-11-23T17:41:32.869427338Z [inf]  Unpacking libdata-dump-perl (1.25-1) ...

2025-11-23T17:41:32.886217518Z [inf]  Selecting previously unselected package libdrm-common.

2025-11-23T17:41:32.888108544Z [inf]  Preparing to unpack .../125-libdrm-common_2.4.114-1_all.deb ...

2025-11-23T17:41:32.889233044Z [inf]  Unpacking libdrm-common (2.4.114-1) ...

2025-11-23T17:41:32.907494363Z [inf]  Selecting previously unselected package libdrm2:amd64.

2025-11-23T17:41:32.909777383Z [inf]  Preparing to unpack .../126-libdrm2_2.4.114-1+b1_amd64.deb ...

2025-11-23T17:41:32.910931842Z [inf]  Unpacking libdrm2:amd64 (2.4.114-1+b1) ...

2025-11-23T17:41:32.929503186Z [inf]  Selecting previously unselected package libdrm-amdgpu1:amd64.

2025-11-23T17:41:32.931995982Z [inf]  Preparing to unpack .../127-libdrm-amdgpu1_2.4.114-1+b1_amd64.deb ...

2025-11-23T17:41:32.933188414Z [inf]  Unpacking libdrm-amdgpu1:amd64 (2.4.114-1+b1) ...

2025-11-23T17:41:32.95168936Z [inf]  Selecting previously unselected package libpciaccess0:amd64.

2025-11-23T17:41:32.954141479Z [inf]  Preparing to unpack .../128-libpciaccess0_0.17-2_amd64.deb ...

2025-11-23T17:41:32.955480166Z [inf]  Unpacking libpciaccess0:amd64 (0.17-2) ...

2025-11-23T17:41:32.975079663Z [inf]  Selecting previously unselected package libdrm-intel1:amd64.

2025-11-23T17:41:32.977342859Z [inf]  Preparing to unpack .../129-libdrm-intel1_2.4.114-1+b1_amd64.deb ...

2025-11-23T17:41:32.978492373Z [inf]  Unpacking libdrm-intel1:amd64 (2.4.114-1+b1) ...

2025-11-23T17:41:32.999428028Z [inf]  Selecting previously unselected package libdrm-nouveau2:amd64.

2025-11-23T17:41:33.001925252Z [inf]  Preparing to unpack .../130-libdrm-nouveau2_2.4.114-1+b1_amd64.deb ...

2025-11-23T17:41:33.00318317Z [inf]  Unpacking libdrm-nouveau2:amd64 (2.4.114-1+b1) ...

2025-11-23T17:41:33.021601351Z [inf]  Selecting previously unselected package libdrm-radeon1:amd64.

2025-11-23T17:41:33.023855121Z [inf]  Preparing to unpack .../131-libdrm-radeon1_2.4.114-1+b1_amd64.deb ...

2025-11-23T17:41:33.025022037Z [inf]  Unpacking libdrm-radeon1:amd64 (2.4.114-1+b1) ...

2025-11-23T17:41:33.04383069Z [inf]  Selecting previously unselected package libedit2:amd64.

2025-11-23T17:41:33.046338082Z [inf]  Preparing to unpack .../132-libedit2_3.1-20221030-2_amd64.deb ...

2025-11-23T17:41:33.047562756Z [inf]  Unpacking libedit2:amd64 (3.1-20221030-2) ...

2025-11-23T17:41:33.072933876Z [inf]  Selecting previously unselected package libwayland-server0:amd64.

2025-11-23T17:41:33.075211605Z [inf]  Preparing to unpack .../133-libwayland-server0_1.21.0-1_amd64.deb ...

2025-11-23T17:41:33.076544555Z [inf]  Unpacking libwayland-server0:amd64 (1.21.0-1) ...

2025-11-23T17:41:33.095602797Z [inf]  Selecting previously unselected package libgbm1:amd64.

2025-11-23T17:41:33.098038936Z [inf]  Preparing to unpack .../134-libgbm1_22.3.6-1+deb12u1_amd64.deb ...

2025-11-23T17:41:33.099302539Z [inf]  Unpacking libgbm1:amd64 (22.3.6-1+deb12u1) ...

2025-11-23T17:41:33.118450559Z [inf]  Selecting previously unselected package libglapi-mesa:amd64.

2025-11-23T17:41:33.120486128Z [inf]  Preparing to unpack .../135-libglapi-mesa_22.3.6-1+deb12u1_amd64.deb ...

2025-11-23T17:41:33.121740962Z [inf]  Unpacking libglapi-mesa:amd64 (22.3.6-1+deb12u1) ...

2025-11-23T17:41:33.142645906Z [inf]  Selecting previously unselected package libwayland-client0:amd64.

2025-11-23T17:41:33.145052431Z [inf]  Preparing to unpack .../136-libwayland-client0_1.21.0-1_amd64.deb ...

2025-11-23T17:41:33.14630843Z [inf]  Unpacking libwayland-client0:amd64 (1.21.0-1) ...

2025-11-23T17:41:33.163819319Z [inf]  Selecting previously unselected package libx11-xcb1:amd64.

2025-11-23T17:41:33.166256128Z [inf]  Preparing to unpack .../137-libx11-xcb1_2%3a1.8.4-2+deb12u2_amd64.deb ...

2025-11-23T17:41:33.167440598Z [inf]  Unpacking libx11-xcb1:amd64 (2:1.8.4-2+deb12u2) ...

2025-11-23T17:41:33.190959167Z [inf]  Selecting previously unselected package libxcb-dri2-0:amd64.

2025-11-23T17:41:33.192915347Z [inf]  Preparing to unpack .../138-libxcb-dri2-0_1.15-1_amd64.deb ...

2025-11-23T17:41:33.194401616Z [inf]  Unpacking libxcb-dri2-0:amd64 (1.15-1) ...

2025-11-23T17:41:33.221581524Z [inf]  Selecting previously unselected package libxcb-dri3-0:amd64.

2025-11-23T17:41:33.223567819Z [inf]  Preparing to unpack .../139-libxcb-dri3-0_1.15-1_amd64.deb ...

2025-11-23T17:41:33.224993781Z [inf]  Unpacking libxcb-dri3-0:amd64 (1.15-1) ...

2025-11-23T17:41:33.248793896Z [inf]  Selecting previously unselected package libxcb-present0:amd64.

2025-11-23T17:41:33.251153517Z [inf]  Preparing to unpack .../140-libxcb-present0_1.15-1_amd64.deb ...

2025-11-23T17:41:33.252439859Z [inf]  Unpacking libxcb-present0:amd64 (1.15-1) ...

2025-11-23T17:41:33.276155724Z [inf]  Selecting previously unselected package libxcb-randr0:amd64.

2025-11-23T17:41:33.278541927Z [inf]  Preparing to unpack .../141-libxcb-randr0_1.15-1_amd64.deb ...

2025-11-23T17:41:33.279891086Z [inf]  Unpacking libxcb-randr0:amd64 (1.15-1) ...

2025-11-23T17:41:33.304160959Z [inf]  Selecting previously unselected package libxcb-sync1:amd64.

2025-11-23T17:41:33.306121632Z [inf]  Preparing to unpack .../142-libxcb-sync1_1.15-1_amd64.deb ...

2025-11-23T17:41:33.307365869Z [inf]  Unpacking libxcb-sync1:amd64 (1.15-1) ...

2025-11-23T17:41:33.331283963Z [inf]  Selecting previously unselected package libxcb-xfixes0:amd64.

2025-11-23T17:41:33.333202791Z [inf]  Preparing to unpack .../143-libxcb-xfixes0_1.15-1_amd64.deb ...

2025-11-23T17:41:33.334382815Z [inf]  Unpacking libxcb-xfixes0:amd64 (1.15-1) ...

2025-11-23T17:41:33.357351603Z [inf]  Selecting previously unselected package libxshmfence1:amd64.

2025-11-23T17:41:33.359321407Z [inf]  Preparing to unpack .../144-libxshmfence1_1.3-1_amd64.deb ...

2025-11-23T17:41:33.360766639Z [inf]  Unpacking libxshmfence1:amd64 (1.3-1) ...

2025-11-23T17:41:33.376488932Z [inf]  Selecting previously unselected package libegl-mesa0:amd64.

2025-11-23T17:41:33.378476679Z [inf]  Preparing to unpack .../145-libegl-mesa0_22.3.6-1+deb12u1_amd64.deb ...

2025-11-23T17:41:33.379745885Z [inf]  Unpacking libegl-mesa0:amd64 (22.3.6-1+deb12u1) ...

2025-11-23T17:41:33.404843135Z [inf]  Selecting previously unselected package libelf1:amd64.

2025-11-23T17:41:33.406756682Z [inf]  Preparing to unpack .../146-libelf1_0.188-2.1_amd64.deb ...

2025-11-23T17:41:33.408180747Z [inf]  Unpacking libelf1:amd64 (0.188-2.1) ...

2025-11-23T17:41:33.436745116Z [inf]  Selecting previously unselected package libencode-locale-perl.

2025-11-23T17:41:33.438693003Z [inf]  Preparing to unpack .../147-libencode-locale-perl_1.05-3_all.deb ...

2025-11-23T17:41:33.439831676Z [inf]  Unpacking libencode-locale-perl (1.05-3) ...

2025-11-23T17:41:33.457092918Z [inf]  Selecting previously unselected package libepoxy0:amd64.

2025-11-23T17:41:33.45904359Z [inf]  Preparing to unpack .../148-libepoxy0_1.5.10-1_amd64.deb ...

2025-11-23T17:41:33.460127439Z [inf]  Unpacking libepoxy0:amd64 (1.5.10-1) ...

2025-11-23T17:41:33.490626707Z [inf]  Selecting previously unselected package libipc-system-simple-perl.

2025-11-23T17:41:33.492579016Z [inf]  Preparing to unpack .../149-libipc-system-simple-perl_1.30-2_all.deb ...

2025-11-23T17:41:33.493740163Z [inf]  Unpacking libipc-system-simple-perl (1.30-2) ...

2025-11-23T17:41:33.509773042Z [inf]  Selecting previously unselected package libfile-basedir-perl.

2025-11-23T17:41:33.511725057Z [inf]  Preparing to unpack .../150-libfile-basedir-perl_0.09-2_all.deb ...

2025-11-23T17:41:33.513007782Z [inf]  Unpacking libfile-basedir-perl (0.09-2) ...

2025-11-23T17:41:33.527301975Z [inf]  Selecting previously unselected package libregexp-ipv6-perl.

2025-11-23T17:41:33.529222464Z [inf]  Preparing to unpack .../151-libregexp-ipv6-perl_0.03-3_all.deb ...

2025-11-23T17:41:33.530281276Z [inf]  Unpacking libregexp-ipv6-perl (0.03-3) ...

2025-11-23T17:41:33.543876619Z [inf]  Selecting previously unselected package liburi-perl.

2025-11-23T17:41:33.54589624Z [inf]  Preparing to unpack .../152-liburi-perl_5.17-1_all.deb ...

2025-11-23T17:41:33.547152911Z [inf]  Unpacking liburi-perl (5.17-1) ...

2025-11-23T17:41:33.571458961Z [inf]  Selecting previously unselected package libfile-desktopentry-perl.

2025-11-23T17:41:33.573336067Z [inf]  Preparing to unpack .../153-libfile-desktopentry-perl_0.22-3_all.deb ...

2025-11-23T17:41:33.574567626Z [inf]  Unpacking libfile-desktopentry-perl (0.22-3) ...

2025-11-23T17:41:33.589913341Z [inf]  Selecting previously unselected package libtimedate-perl.

2025-11-23T17:41:33.591837897Z [inf]  Preparing to unpack .../154-libtimedate-perl_2.3300-2_all.deb ...

2025-11-23T17:41:33.592974586Z [inf]  Unpacking libtimedate-perl (2.3300-2) ...

2025-11-23T17:41:33.614043958Z [inf]  Selecting previously unselected package libhttp-date-perl.

2025-11-23T17:41:33.615938267Z [inf]  Preparing to unpack .../155-libhttp-date-perl_6.05-2_all.deb ...

2025-11-23T17:41:33.617048918Z [inf]  Unpacking libhttp-date-perl (6.05-2) ...

2025-11-23T17:41:33.632312377Z [inf]  Selecting previously unselected package libfile-listing-perl.

2025-11-23T17:41:33.634270389Z [inf]  Preparing to unpack .../156-libfile-listing-perl_6.15-1_all.deb ...

2025-11-23T17:41:33.635474698Z [inf]  Unpacking libfile-listing-perl (6.15-1) ...

2025-11-23T17:41:33.65070661Z [inf]  Selecting previously unselected package libfile-mimeinfo-perl.

2025-11-23T17:41:33.652635696Z [inf]  Preparing to unpack .../157-libfile-mimeinfo-perl_0.33-1_all.deb ...

2025-11-23T17:41:33.653904918Z [inf]  Unpacking libfile-mimeinfo-perl (0.33-1) ...

2025-11-23T17:41:33.67268085Z [inf]  Selecting previously unselected package libfont-afm-perl.

2025-11-23T17:41:33.674686329Z [inf]  Preparing to unpack .../158-libfont-afm-perl_1.20-4_all.deb ...

2025-11-23T17:41:33.67589003Z [inf]  Unpacking libfont-afm-perl (1.20-4) ...

2025-11-23T17:41:33.693380539Z [inf]  Selecting previously unselected package libfontenc1:amd64.

2025-11-23T17:41:33.695335364Z [inf]  Preparing to unpack .../159-libfontenc1_1%3a1.1.4-1_amd64.deb ...

2025-11-23T17:41:33.696779428Z [inf]  Unpacking libfontenc1:amd64 (1:1.1.4-1) ...

2025-11-23T17:41:33.715621627Z [inf]  Selecting previously unselected package libgail18:amd64.

2025-11-23T17:41:33.717540023Z [inf]  Preparing to unpack .../160-libgail18_2.24.33-2+deb12u1_amd64.deb ...

2025-11-23T17:41:33.71876179Z [inf]  Unpacking libgail18:amd64 (2.24.33-2+deb12u1) ...

2025-11-23T17:41:33.73521248Z [inf]  Selecting previously unselected package libgail-common:amd64.

2025-11-23T17:41:33.73713102Z [inf]  Preparing to unpack .../161-libgail-common_2.24.33-2+deb12u1_amd64.deb ...

2025-11-23T17:41:33.738337449Z [inf]  Unpacking libgail-common:amd64 (2.24.33-2+deb12u1) ...

2025-11-23T17:41:33.765065027Z [inf]  Selecting previously unselected package libgdk-pixbuf-xlib-2.0-0:amd64.

2025-11-23T17:41:33.767063152Z [inf]  Preparing to unpack .../162-libgdk-pixbuf-xlib-2.0-0_2.40.2-2_amd64.deb ...

2025-11-23T17:41:33.768325068Z [inf]  Unpacking libgdk-pixbuf-xlib-2.0-0:amd64 (2.40.2-2) ...

2025-11-23T17:41:33.785684873Z [inf]  Selecting previously unselected package libgdk-pixbuf2.0-0:amd64.

2025-11-23T17:41:33.787847407Z [inf]  Preparing to unpack .../163-libgdk-pixbuf2.0-0_2.40.2-2_amd64.deb ...

2025-11-23T17:41:33.789088855Z [inf]  Unpacking libgdk-pixbuf2.0-0:amd64 (2.40.2-2) ...

2025-11-23T17:41:33.804397159Z [inf]  Selecting previously unselected package libgdk-pixbuf2.0-bin.

2025-11-23T17:41:33.806424705Z [inf]  Preparing to unpack .../164-libgdk-pixbuf2.0-bin_2.42.10+dfsg-1+deb12u2_amd64.deb ...

2025-11-23T17:41:33.807727386Z [inf]  Unpacking libgdk-pixbuf2.0-bin (2.42.10+dfsg-1+deb12u2) ...

2025-11-23T17:41:33.825721241Z [inf]  Selecting previously unselected package libglvnd0:amd64.

2025-11-23T17:41:33.82768103Z [inf]  Preparing to unpack .../165-libglvnd0_1.6.0-1_amd64.deb ...

2025-11-23T17:41:33.829016089Z [inf]  Unpacking libglvnd0:amd64 (1.6.0-1) ...

2025-11-23T17:41:33.852267108Z [inf]  Selecting previously unselected package libxcb-glx0:amd64.

2025-11-23T17:41:33.854297836Z [inf]  Preparing to unpack .../166-libxcb-glx0_1.15-1_amd64.deb ...

2025-11-23T17:41:33.855464004Z [inf]  Unpacking libxcb-glx0:amd64 (1.15-1) ...

2025-11-23T17:41:33.880323032Z [inf]  Selecting previously unselected package libxxf86vm1:amd64.

2025-11-23T17:41:33.882395002Z [inf]  Preparing to unpack .../167-libxxf86vm1_1%3a1.1.4-1+b2_amd64.deb ...

2025-11-23T17:41:33.890694789Z [inf]  Unpacking libxxf86vm1:amd64 (1:1.1.4-1+b2) ...

2025-11-23T17:41:33.908828098Z [inf]  Selecting previously unselected package libz3-4:amd64.

2025-11-23T17:41:33.911102177Z [inf]  Preparing to unpack .../168-libz3-4_4.8.12-3.1_amd64.deb ...

2025-11-23T17:41:33.912437907Z [inf]  Unpacking libz3-4:amd64 (4.8.12-3.1) ...

2025-11-23T17:41:34.445032097Z [inf]  Selecting previously unselected package libllvm15:amd64.

2025-11-23T17:41:34.447400627Z [inf]  Preparing to unpack .../169-libllvm15_1%3a15.0.6-4+b1_amd64.deb ...

2025-11-23T17:41:34.448478578Z [inf]  Unpacking libllvm15:amd64 (1:15.0.6-4+b1) ...

2025-11-23T17:41:35.174804Z [inf]  Selecting previously unselected package libsensors-config.

2025-11-23T17:41:35.176680435Z [inf]  Preparing to unpack .../170-libsensors-config_1%3a3.6.0-7.1_all.deb ...

2025-11-23T17:41:35.177823089Z [inf]  Unpacking libsensors-config (1:3.6.0-7.1) ...

2025-11-23T17:41:35.196583364Z [inf]  Selecting previously unselected package libsensors5:amd64.

2025-11-23T17:41:35.198893127Z [inf]  Preparing to unpack .../171-libsensors5_1%3a3.6.0-7.1_amd64.deb ...

2025-11-23T17:41:35.220355608Z [inf]  Unpacking libsensors5:amd64 (1:3.6.0-7.1) ...

2025-11-23T17:41:35.239971864Z [inf]  Selecting previously unselected package libgl1-mesa-dri:amd64.

2025-11-23T17:41:35.242287504Z [inf]  Preparing to unpack .../172-libgl1-mesa-dri_22.3.6-1+deb12u1_amd64.deb ...

2025-11-23T17:41:35.247901517Z [inf]  Unpacking libgl1-mesa-dri:amd64 (22.3.6-1+deb12u1) ...

2025-11-23T17:41:35.759491895Z [inf]  Selecting previously unselected package libglx-mesa0:amd64.

2025-11-23T17:41:35.761812961Z [inf]  Preparing to unpack .../173-libglx-mesa0_22.3.6-1+deb12u1_amd64.deb ...

2025-11-23T17:41:35.762886427Z [inf]  Unpacking libglx-mesa0:amd64 (22.3.6-1+deb12u1) ...

2025-11-23T17:41:35.789974297Z [inf]  Selecting previously unselected package libglx0:amd64.

2025-11-23T17:41:35.792343134Z [inf]  Preparing to unpack .../174-libglx0_1.6.0-1_amd64.deb ...

2025-11-23T17:41:35.79336341Z [inf]  Unpacking libglx0:amd64 (1.6.0-1) ...

2025-11-23T17:41:35.812544648Z [inf]  Selecting previously unselected package libgl1:amd64.

2025-11-23T17:41:35.81452001Z [inf]  Preparing to unpack .../175-libgl1_1.6.0-1_amd64.deb ...

2025-11-23T17:41:35.81557096Z [inf]  Unpacking libgl1:amd64 (1.6.0-1) ...

2025-11-23T17:41:35.839698966Z [inf]  Selecting previously unselected package libgles2:amd64.

2025-11-23T17:41:35.841662023Z [inf]  Preparing to unpack .../176-libgles2_1.6.0-1_amd64.deb ...

2025-11-23T17:41:35.842795473Z [inf]  Unpacking libgles2:amd64 (1.6.0-1) ...

2025-11-23T17:41:35.858078894Z [inf]  Selecting previously unselected package libglib2.0-data.

2025-11-23T17:41:35.860018385Z [inf]  Preparing to unpack .../177-libglib2.0-data_2.74.6-2+deb12u7_all.deb ...

2025-11-23T17:41:35.86099563Z [inf]  Unpacking libglib2.0-data (2.74.6-2+deb12u7) ...

2025-11-23T17:41:35.969601645Z [inf]  Selecting previously unselected package libgpm2:amd64.

2025-11-23T17:41:35.972205429Z [inf]  Preparing to unpack .../178-libgpm2_1.20.7-10+b1_amd64.deb ...

2025-11-23T17:41:35.973460347Z [inf]  Unpacking libgpm2:amd64 (1.20.7-10+b1) ...

2025-11-23T17:41:35.991540754Z [inf]  Selecting previously unselected package libwayland-cursor0:amd64.

2025-11-23T17:41:35.993898505Z [inf]  Preparing to unpack .../179-libwayland-cursor0_1.21.0-1_amd64.deb ...

2025-11-23T17:41:35.995154283Z [inf]  Unpacking libwayland-cursor0:amd64 (1.21.0-1) ...

2025-11-23T17:41:36.012725928Z [inf]  Selecting previously unselected package libwayland-egl1:amd64.

2025-11-23T17:41:36.015390889Z [inf]  Preparing to unpack .../180-libwayland-egl1_1.21.0-1_amd64.deb ...

2025-11-23T17:41:36.016615727Z [inf]  Unpacking libwayland-egl1:amd64 (1.21.0-1) ...

2025-11-23T17:41:36.031630338Z [inf]  Selecting previously unselected package xkb-data.

2025-11-23T17:41:36.034017796Z [inf]  Preparing to unpack .../181-xkb-data_2.35.1-1_all.deb ...

2025-11-23T17:41:36.035301173Z [inf]  Unpacking xkb-data (2.35.1-1) ...

2025-11-23T17:41:36.116187101Z [inf]  Selecting previously unselected package libxkbcommon0:amd64.

2025-11-23T17:41:36.118841814Z [inf]  Preparing to unpack .../182-libxkbcommon0_1.5.0-1_amd64.deb ...

2025-11-23T17:41:36.120085581Z [inf]  Unpacking libxkbcommon0:amd64 (1.5.0-1) ...

2025-11-23T17:41:36.143972478Z [inf]  Selecting previously unselected package libgtk-3-common.

2025-11-23T17:41:36.146361736Z [inf]  Preparing to unpack .../183-libgtk-3-common_3.24.38-2~deb12u3_all.deb ...

2025-11-23T17:41:36.148081768Z [inf]  Unpacking libgtk-3-common (3.24.38-2~deb12u3) ...

2025-11-23T17:41:36.435234994Z [inf]  Selecting previously unselected package libgtk-3-0:amd64.

2025-11-23T17:41:36.437926878Z [inf]  Preparing to unpack .../184-libgtk-3-0_3.24.38-2~deb12u3_amd64.deb ...

2025-11-23T17:41:36.43920842Z [inf]  Unpacking libgtk-3-0:amd64 (3.24.38-2~deb12u3) ...

2025-11-23T17:41:36.656287508Z [inf]  Selecting previously unselected package libgtk-3-bin.

2025-11-23T17:41:36.658730156Z [inf]  Preparing to unpack .../185-libgtk-3-bin_3.24.38-2~deb12u3_amd64.deb ...

2025-11-23T17:41:36.659843551Z [inf]  Unpacking libgtk-3-bin (3.24.38-2~deb12u3) ...

2025-11-23T17:41:36.68208711Z [inf]  Selecting previously unselected package libgtk2.0-bin.

2025-11-23T17:41:36.684587334Z [inf]  Preparing to unpack .../186-libgtk2.0-bin_2.24.33-2+deb12u1_amd64.deb ...

2025-11-23T17:41:36.68589458Z [inf]  Unpacking libgtk2.0-bin (2.24.33-2+deb12u1) ...

2025-11-23T17:41:36.70163379Z [inf]  Selecting previously unselected package libhtml-tagset-perl.

2025-11-23T17:41:36.704072042Z [inf]  Preparing to unpack .../187-libhtml-tagset-perl_3.20-6_all.deb ...

2025-11-23T17:41:36.70520898Z [inf]  Unpacking libhtml-tagset-perl (3.20-6) ...

2025-11-23T17:41:36.720994618Z [inf]  Selecting previously unselected package libhtml-parser-perl:amd64.

2025-11-23T17:41:36.723397412Z [inf]  Preparing to unpack .../188-libhtml-parser-perl_3.81-1_amd64.deb ...

2025-11-23T17:41:36.724500714Z [inf]  Unpacking libhtml-parser-perl:amd64 (3.81-1) ...

2025-11-23T17:41:36.745831135Z [inf]  Selecting previously unselected package libio-html-perl.

2025-11-23T17:41:36.747910694Z [inf]  Preparing to unpack .../189-libio-html-perl_1.004-3_all.deb ...

2025-11-23T17:41:36.7489807Z [inf]  Unpacking libio-html-perl (1.004-3) ...

2025-11-23T17:41:36.765823027Z [inf]  Selecting previously unselected package liblwp-mediatypes-perl.

2025-11-23T17:41:36.768384687Z [inf]  Preparing to unpack .../190-liblwp-mediatypes-perl_6.04-2_all.deb ...

2025-11-23T17:41:36.769840879Z [inf]  Unpacking liblwp-mediatypes-perl (6.04-2) ...

2025-11-23T17:41:36.786084044Z [inf]  Selecting previously unselected package libhttp-message-perl.

2025-11-23T17:41:36.788545826Z [inf]  Preparing to unpack .../191-libhttp-message-perl_6.44-1_all.deb ...

2025-11-23T17:41:36.789616089Z [inf]  Unpacking libhttp-message-perl (6.44-1) ...

2025-11-23T17:41:36.809394199Z [inf]  Selecting previously unselected package libhtml-form-perl.

2025-11-23T17:41:36.811434107Z [inf]  Preparing to unpack .../192-libhtml-form-perl_6.11-1_all.deb ...

2025-11-23T17:41:36.812593258Z [inf]  Unpacking libhtml-form-perl (6.11-1) ...

2025-11-23T17:41:36.831406742Z [inf]  Selecting previously unselected package libhtml-tree-perl.

2025-11-23T17:41:36.833844638Z [inf]  Preparing to unpack .../193-libhtml-tree-perl_5.07-3_all.deb ...

2025-11-23T17:41:36.834934518Z [inf]  Unpacking libhtml-tree-perl (5.07-3) ...

2025-11-23T17:41:36.863440761Z [inf]  Selecting previously unselected package libhtml-format-perl.

2025-11-23T17:41:36.865879639Z [inf]  Preparing to unpack .../194-libhtml-format-perl_2.16-2_all.deb ...

2025-11-23T17:41:36.866912108Z [inf]  Unpacking libhtml-format-perl (2.16-2) ...

2025-11-23T17:41:36.883704773Z [inf]  Selecting previously unselected package libhttp-cookies-perl.

2025-11-23T17:41:36.885737866Z [inf]  Preparing to unpack .../195-libhttp-cookies-perl_6.10-1_all.deb ...

2025-11-23T17:41:36.886790422Z [inf]  Unpacking libhttp-cookies-perl (6.10-1) ...

2025-11-23T17:41:36.902654691Z [inf]  Selecting previously unselected package libhttp-daemon-perl.

2025-11-23T17:41:36.904649763Z [inf]  Preparing to unpack .../196-libhttp-daemon-perl_6.16-1_all.deb ...

2025-11-23T17:41:36.905902595Z [inf]  Unpacking libhttp-daemon-perl (6.16-1) ...

2025-11-23T17:41:36.922756839Z [inf]  Selecting previously unselected package libhttp-negotiate-perl.

2025-11-23T17:41:36.925143799Z [inf]  Preparing to unpack .../197-libhttp-negotiate-perl_6.01-2_all.deb ...

2025-11-23T17:41:36.926202483Z [inf]  Unpacking libhttp-negotiate-perl (6.01-2) ...

2025-11-23T17:41:36.943099962Z [inf]  Selecting previously unselected package libice6:amd64.

2025-11-23T17:41:36.945466443Z [inf]  Preparing to unpack .../198-libice6_2%3a1.0.10-1_amd64.deb ...

2025-11-23T17:41:36.946615382Z [inf]  Unpacking libice6:amd64 (2:1.0.10-1) ...

2025-11-23T17:41:36.965398699Z [inf]  Selecting previously unselected package perl-openssl-defaults:amd64.

2025-11-23T17:41:36.967368432Z [inf]  Preparing to unpack .../199-perl-openssl-defaults_7+b1_amd64.deb ...

2025-11-23T17:41:36.968410468Z [inf]  Unpacking perl-openssl-defaults:amd64 (7+b1) ...

2025-11-23T17:41:36.984071744Z [inf]  Selecting previously unselected package libnet-ssleay-perl:amd64.

2025-11-23T17:41:36.986482732Z [inf]  Preparing to unpack .../200-libnet-ssleay-perl_1.92-2+b1_amd64.deb ...

2025-11-23T17:41:36.987651376Z [inf]  Unpacking libnet-ssleay-perl:amd64 (1.92-2+b1) ...

2025-11-23T17:41:37.027387605Z [inf]  Selecting previously unselected package libio-socket-ssl-perl.

2025-11-23T17:41:37.030048912Z [inf]  Preparing to unpack .../201-libio-socket-ssl-perl_2.081-2_all.deb ...

2025-11-23T17:41:37.031356189Z [inf]  Unpacking libio-socket-ssl-perl (2.081-2) ...

2025-11-23T17:41:37.06157154Z [inf]  Selecting previously unselected package libio-stringy-perl.

2025-11-23T17:41:37.063969154Z [inf]  Preparing to unpack .../202-libio-stringy-perl_2.111-3_all.deb ...

2025-11-23T17:41:37.065366243Z [inf]  Unpacking libio-stringy-perl (2.111-3) ...

2025-11-23T17:41:37.085075591Z [inf]  Selecting previously unselected package libldap-common.

2025-11-23T17:41:37.087673226Z [inf]  Preparing to unpack .../203-libldap-common_2.5.13+dfsg-5_all.deb ...

2025-11-23T17:41:37.088888481Z [inf]  Unpacking libldap-common (2.5.13+dfsg-5) ...

2025-11-23T17:41:37.105506661Z [inf]  Selecting previously unselected package libnet-http-perl.

2025-11-23T17:41:37.107586031Z [inf]  Preparing to unpack .../204-libnet-http-perl_6.22-1_all.deb ...

2025-11-23T17:41:37.10876494Z [inf]  Unpacking libnet-http-perl (6.22-1) ...

2025-11-23T17:41:37.127529884Z [inf]  Selecting previously unselected package libtry-tiny-perl.

2025-11-23T17:41:37.130046391Z [inf]  Preparing to unpack .../205-libtry-tiny-perl_0.31-2_all.deb ...

2025-11-23T17:41:37.131132352Z [inf]  Unpacking libtry-tiny-perl (0.31-2) ...

2025-11-23T17:41:37.147854026Z [inf]  Selecting previously unselected package libwww-robotrules-perl.

2025-11-23T17:41:37.150358584Z [inf]  Preparing to unpack .../206-libwww-robotrules-perl_6.02-1_all.deb ...

2025-11-23T17:41:37.15151158Z [inf]  Unpacking libwww-robotrules-perl (6.02-1) ...

2025-11-23T17:41:37.168194429Z [inf]  Selecting previously unselected package libwww-perl.

2025-11-23T17:41:37.170792725Z [inf]  Preparing to unpack .../207-libwww-perl_6.68-1_all.deb ...

2025-11-23T17:41:37.171921215Z [inf]  Unpacking libwww-perl (6.68-1) ...

2025-11-23T17:41:37.200968624Z [inf]  Selecting previously unselected package liblwp-protocol-https-perl.

2025-11-23T17:41:37.20339649Z [inf]  Preparing to unpack .../208-liblwp-protocol-https-perl_6.10-1_all.deb ...

2025-11-23T17:41:37.204648425Z [inf]  Unpacking liblwp-protocol-https-perl (6.10-1) ...

2025-11-23T17:41:37.220678876Z [inf]  Selecting previously unselected package libnet-smtp-ssl-perl.

2025-11-23T17:41:37.222793609Z [inf]  Preparing to unpack .../209-libnet-smtp-ssl-perl_1.04-2_all.deb ...

2025-11-23T17:41:37.223899187Z [inf]  Unpacking libnet-smtp-ssl-perl (1.04-2) ...

2025-11-23T17:41:37.239012194Z [inf]  Selecting previously unselected package libmailtools-perl.

2025-11-23T17:41:37.241048324Z [inf]  Preparing to unpack .../210-libmailtools-perl_2.21-2_all.deb ...

2025-11-23T17:41:37.242113554Z [inf]  Unpacking libmailtools-perl (2.21-2) ...

2025-11-23T17:41:37.265974778Z [inf]  Selecting previously unselected package libxml-parser-perl.

2025-11-23T17:41:37.26843027Z [inf]  Preparing to unpack .../211-libxml-parser-perl_2.46-4_amd64.deb ...

2025-11-23T17:41:37.269654982Z [inf]  Unpacking libxml-parser-perl (2.46-4) ...

2025-11-23T17:41:37.299168955Z [inf]  Selecting previously unselected package libxml-twig-perl.

2025-11-23T17:41:37.301703463Z [inf]  Preparing to unpack .../212-libxml-twig-perl_1%3a3.52-2_all.deb ...

2025-11-23T17:41:37.302865367Z [inf]  Unpacking libxml-twig-perl (1:3.52-2) ...

2025-11-23T17:41:37.330146512Z [inf]  Selecting previously unselected package libnet-dbus-perl.

2025-11-23T17:41:37.332563875Z [inf]  Preparing to unpack .../213-libnet-dbus-perl_1.2.0-2_amd64.deb ...

2025-11-23T17:41:37.333706703Z [inf]  Unpacking libnet-dbus-perl (1.2.0-2) ...

2025-11-23T17:41:37.362761245Z [inf]  Selecting previously unselected package libnspr4:amd64.

2025-11-23T17:41:37.365288914Z [inf]  Preparing to unpack .../214-libnspr4_2%3a4.35-1_amd64.deb ...

2025-11-23T17:41:37.366389351Z [inf]  Unpacking libnspr4:amd64 (2:4.35-1) ...

2025-11-23T17:41:37.390482037Z [inf]  Selecting previously unselected package libsqlite3-0:amd64.

2025-11-23T17:41:37.392610744Z [inf]  Preparing to unpack .../215-libsqlite3-0_3.40.1-2+deb12u2_amd64.deb ...

2025-11-23T17:41:37.393875983Z [inf]  Unpacking libsqlite3-0:amd64 (3.40.1-2+deb12u2) ...

2025-11-23T17:41:37.456626956Z [inf]  Selecting previously unselected package libnss3:amd64.

2025-11-23T17:41:37.459170071Z [inf]  Preparing to unpack .../216-libnss3_2%3a3.87.1-1+deb12u1_amd64.deb ...

2025-11-23T17:41:37.460454964Z [inf]  Unpacking libnss3:amd64 (2:3.87.1-1+deb12u1) ...

2025-11-23T17:41:37.572810703Z [inf]  Selecting previously unselected package librsvg2-2:amd64.

2025-11-23T17:41:37.575298912Z [inf]  Preparing to unpack .../217-librsvg2-2_2.54.7+dfsg-1~deb12u1_amd64.deb ...

2025-11-23T17:41:37.576343701Z [inf]  Unpacking librsvg2-2:amd64 (2.54.7+dfsg-1~deb12u1) ...

2025-11-23T17:41:37.799241467Z [inf]  Selecting previously unselected package librsvg2-common:amd64.

2025-11-23T17:41:37.801723976Z [inf]  Preparing to unpack .../218-librsvg2-common_2.54.7+dfsg-1~deb12u1_amd64.deb ...

2025-11-23T17:41:37.803150868Z [inf]  Unpacking librsvg2-common:amd64 (2.54.7+dfsg-1~deb12u1) ...

2025-11-23T17:41:37.822227818Z [inf]  Selecting previously unselected package libsasl2-modules:amd64.

2025-11-23T17:41:37.824715624Z [inf]  Preparing to unpack .../219-libsasl2-modules_2.1.28+dfsg-10_amd64.deb ...

2025-11-23T17:41:37.830114845Z [inf]  Unpacking libsasl2-modules:amd64 (2.1.28+dfsg-10) ...

2025-11-23T17:41:37.852530199Z [inf]  Selecting previously unselected package libsm6:amd64.

2025-11-23T17:41:37.854940118Z [inf]  Preparing to unpack .../220-libsm6_2%3a1.2.3-1_amd64.deb ...

2025-11-23T17:41:37.856201341Z [inf]  Unpacking libsm6:amd64 (2:1.2.3-1) ...

2025-11-23T17:41:37.873262565Z [inf]  Selecting previously unselected package libtext-iconv-perl:amd64.

2025-11-23T17:41:37.875757616Z [inf]  Preparing to unpack .../221-libtext-iconv-perl_1.7-8_amd64.deb ...

2025-11-23T17:41:37.876873118Z [inf]  Unpacking libtext-iconv-perl:amd64 (1.7-8) ...

2025-11-23T17:41:37.892202585Z [inf]  Selecting previously unselected package libtie-ixhash-perl.

2025-11-23T17:41:37.894273662Z [inf]  Preparing to unpack .../222-libtie-ixhash-perl_1.23-4_all.deb ...

2025-11-23T17:41:37.89531891Z [inf]  Unpacking libtie-ixhash-perl (1.23-4) ...

2025-11-23T17:41:37.91216823Z [inf]  Selecting previously unselected package libunwind8:amd64.

2025-11-23T17:41:37.914317185Z [inf]  Preparing to unpack .../223-libunwind8_1.6.2-3_amd64.deb ...

2025-11-23T17:41:37.915385558Z [inf]  Unpacking libunwind8:amd64 (1.6.2-3) ...

2025-11-23T17:41:37.934708518Z [inf]  Selecting previously unselected package libx11-protocol-perl.

2025-11-23T17:41:37.936969159Z [inf]  Preparing to unpack .../224-libx11-protocol-perl_0.56-9_all.deb ...

2025-11-23T17:41:37.938291001Z [inf]  Unpacking libx11-protocol-perl (0.56-9) ...

2025-11-23T17:41:37.964594496Z [inf]  Selecting previously unselected package libxt6:amd64.

2025-11-23T17:41:37.966948751Z [inf]  Preparing to unpack .../225-libxt6_1%3a1.2.1-1.1_amd64.deb ...

2025-11-23T17:41:37.968370856Z [inf]  Unpacking libxt6:amd64 (1:1.2.1-1.1) ...

2025-11-23T17:41:37.998596573Z [inf]  Selecting previously unselected package libxmu6:amd64.

2025-11-23T17:41:38.000835158Z [inf]  Preparing to unpack .../226-libxmu6_2%3a1.1.3-3_amd64.deb ...

2025-11-23T17:41:38.002299148Z [inf]  Unpacking libxmu6:amd64 (2:1.1.3-3) ...

2025-11-23T17:41:38.024734949Z [inf]  Selecting previously unselected package libxpm4:amd64.

2025-11-23T17:41:38.027353548Z [inf]  Preparing to unpack .../227-libxpm4_1%3a3.5.12-1.1+deb12u1_amd64.deb ...

2025-11-23T17:41:38.028925072Z [inf]  Unpacking libxpm4:amd64 (1:3.5.12-1.1+deb12u1) ...

2025-11-23T17:41:38.049212128Z [inf]  Selecting previously unselected package libxaw7:amd64.

2025-11-23T17:41:38.051774046Z [inf]  Preparing to unpack .../228-libxaw7_2%3a1.0.14-1_amd64.deb ...

2025-11-23T17:41:38.05302776Z [inf]  Unpacking libxaw7:amd64 (2:1.0.14-1) ...

2025-11-23T17:41:38.084351708Z [inf]  Selecting previously unselected package libxcb-shape0:amd64.

2025-11-23T17:41:38.086458717Z [inf]  Preparing to unpack .../229-libxcb-shape0_1.15-1_amd64.deb ...

2025-11-23T17:41:38.087675646Z [inf]  Unpacking libxcb-shape0:amd64 (1.15-1) ...

2025-11-23T17:41:38.112087347Z [inf]  Selecting previously unselected package libxfont2:amd64.

2025-11-23T17:41:38.114179691Z [inf]  Preparing to unpack .../230-libxfont2_1%3a2.0.6-1_amd64.deb ...

2025-11-23T17:41:38.11544856Z [inf]  Unpacking libxfont2:amd64 (1:2.0.6-1) ...

2025-11-23T17:41:38.142791186Z [inf]  Selecting previously unselected package libxft2:amd64.

2025-11-23T17:41:38.145286975Z [inf]  Preparing to unpack .../231-libxft2_2.3.6-1_amd64.deb ...

2025-11-23T17:41:38.146632622Z [inf]  Unpacking libxft2:amd64 (2.3.6-1) ...

2025-11-23T17:41:38.168023446Z [inf]  Selecting previously unselected package libxkbfile1:amd64.

2025-11-23T17:41:38.170502575Z [inf]  Preparing to unpack .../232-libxkbfile1_1%3a1.1.0-1_amd64.deb ...

2025-11-23T17:41:38.17172993Z [inf]  Unpacking libxkbfile1:amd64 (1:1.1.0-1) ...

2025-11-23T17:41:38.193167216Z [inf]  Selecting previously unselected package libxml-xpathengine-perl.

2025-11-23T17:41:38.195817288Z [inf]  Preparing to unpack .../233-libxml-xpathengine-perl_0.14-2_all.deb ...

2025-11-23T17:41:38.1970176Z [inf]  Unpacking libxml-xpathengine-perl (0.14-2) ...

2025-11-23T17:41:38.216514765Z [inf]  Selecting previously unselected package libxmuu1:amd64.

2025-11-23T17:41:38.219151637Z [inf]  Preparing to unpack .../234-libxmuu1_2%3a1.1.3-3_amd64.deb ...

2025-11-23T17:41:38.220478217Z [inf]  Unpacking libxmuu1:amd64 (2:1.1.3-3) ...

2025-11-23T17:41:38.240095684Z [inf]  Selecting previously unselected package libxss1:amd64.

2025-11-23T17:41:38.242765135Z [inf]  Preparing to unpack .../235-libxss1_1%3a1.2.3-1_amd64.deb ...

2025-11-23T17:41:38.244118545Z [inf]  Unpacking libxss1:amd64 (1:1.2.3-1) ...

2025-11-23T17:41:38.261704825Z [inf]  Selecting previously unselected package libxv1:amd64.

2025-11-23T17:41:38.264348881Z [inf]  Preparing to unpack .../236-libxv1_2%3a1.0.11-1.1_amd64.deb ...

2025-11-23T17:41:38.265612362Z [inf]  Unpacking libxv1:amd64 (2:1.0.11-1.1) ...

2025-11-23T17:41:38.283386166Z [inf]  Selecting previously unselected package libxxf86dga1:amd64.

2025-11-23T17:41:38.285583081Z [inf]  Preparing to unpack .../237-libxxf86dga1_2%3a1.1.5-1_amd64.deb ...

2025-11-23T17:41:38.286714178Z [inf]  Unpacking libxxf86dga1:amd64 (2:1.1.5-1) ...

2025-11-23T17:41:38.303271658Z [inf]  Selecting previously unselected package lsb-release.

2025-11-23T17:41:38.305396529Z [inf]  Preparing to unpack .../238-lsb-release_12.0-1_all.deb ...

2025-11-23T17:41:38.306549419Z [inf]  Unpacking lsb-release (12.0-1) ...

2025-11-23T17:41:38.323470291Z [inf]  Selecting previously unselected package psmisc.

2025-11-23T17:41:38.325967263Z [inf]  Preparing to unpack .../239-psmisc_23.6-1_amd64.deb ...

2025-11-23T17:41:38.32722705Z [inf]  Unpacking psmisc (23.6-1) ...

2025-11-23T17:41:38.361879443Z [inf]  Selecting previously unselected package publicsuffix.

2025-11-23T17:41:38.364460776Z [inf]  Preparing to unpack .../240-publicsuffix_20230209.2326-1_all.deb ...

2025-11-23T17:41:38.365742084Z [inf]  Unpacking publicsuffix (20230209.2326-1) ...

2025-11-23T17:41:38.393261602Z [inf]  Selecting previously unselected package x11-utils.

2025-11-23T17:41:38.395823935Z [inf]  Preparing to unpack .../241-x11-utils_7.7+5_amd64.deb ...

2025-11-23T17:41:38.397096972Z [inf]  Unpacking x11-utils (7.7+5) ...

2025-11-23T17:41:38.428174566Z [inf]  Selecting previously unselected package x11-xkb-utils.

2025-11-23T17:41:38.430841869Z [inf]  Preparing to unpack .../242-x11-xkb-utils_7.7+7_amd64.deb ...

2025-11-23T17:41:38.432206649Z [inf]  Unpacking x11-xkb-utils (7.7+7) ...

2025-11-23T17:41:38.462257926Z [inf]  Selecting previously unselected package x11-xserver-utils.

2025-11-23T17:41:38.464549944Z [inf]  Preparing to unpack .../243-x11-xserver-utils_7.7+9+b1_amd64.deb ...

2025-11-23T17:41:38.465757635Z [inf]  Unpacking x11-xserver-utils (7.7+9+b1) ...

2025-11-23T17:41:38.494987308Z [inf]  Selecting previously unselected package xauth.

2025-11-23T17:41:38.497560132Z [inf]  Preparing to unpack .../244-xauth_1%3a1.1.2-1_amd64.deb ...

2025-11-23T17:41:38.498699584Z [inf]  Unpacking xauth (1:1.1.2-1) ...

2025-11-23T17:41:38.519203369Z [inf]  Selecting previously unselected package xdg-user-dirs.

2025-11-23T17:41:38.521895686Z [inf]  Preparing to unpack .../245-xdg-user-dirs_0.18-1_amd64.deb ...

2025-11-23T17:41:38.526733383Z [inf]  Unpacking xdg-user-dirs (0.18-1) ...

2025-11-23T17:41:38.551798652Z [inf]  Selecting previously unselected package xdg-utils.

2025-11-23T17:41:38.554401096Z [inf]  Preparing to unpack .../246-xdg-utils_1.1.3-4.1_all.deb ...

2025-11-23T17:41:38.55542692Z [inf]  Unpacking xdg-utils (1.1.3-4.1) ...

2025-11-23T17:41:38.576475145Z [inf]  Selecting previously unselected package xfonts-encodings.

2025-11-23T17:41:38.578610297Z [inf]  Preparing to unpack .../247-xfonts-encodings_1%3a1.0.4-2.2_all.deb ...

2025-11-23T17:41:38.579718747Z [inf]  Unpacking xfonts-encodings (1:1.0.4-2.2) ...

2025-11-23T17:41:38.639871895Z [inf]  Selecting previously unselected package xfonts-utils.

2025-11-23T17:41:38.642542475Z [inf]  Preparing to unpack .../248-xfonts-utils_1%3a7.7+6_amd64.deb ...

2025-11-23T17:41:38.643776811Z [inf]  Unpacking xfonts-utils (1:7.7+6) ...

2025-11-23T17:41:38.669100581Z [inf]  Selecting previously unselected package xfonts-base.

2025-11-23T17:41:38.671647743Z [inf]  Preparing to unpack .../249-xfonts-base_1%3a1.0.5+nmu1_all.deb ...

2025-11-23T17:41:38.672807245Z [inf]  Unpacking xfonts-base (1:1.0.5+nmu1) ...

2025-11-23T17:41:38.981386594Z [inf]  Selecting previously unselected package xserver-common.

2025-11-23T17:41:38.983787267Z [inf]  Preparing to unpack .../250-xserver-common_2%3a21.1.7-3+deb12u11_all.deb ...

2025-11-23T17:41:38.984981503Z [inf]  Unpacking xserver-common (2:21.1.7-3+deb12u11) ...

2025-11-23T17:41:39.028184626Z [inf]  Selecting previously unselected package xvfb.

2025-11-23T17:41:39.031083817Z [inf]  Preparing to unpack .../251-xvfb_2%3a21.1.7-3+deb12u11_amd64.deb ...

2025-11-23T17:41:39.032316607Z [inf]  Unpacking xvfb (2:21.1.7-3+deb12u11) ...

2025-11-23T17:41:39.112063243Z [inf]  Selecting previously unselected package libegl1:amd64.

2025-11-23T17:41:39.114647134Z [inf]  Preparing to unpack .../252-libegl1_1.6.0-1_amd64.deb ...

2025-11-23T17:41:39.11590501Z [inf]  Unpacking libegl1:amd64 (1.6.0-1) ...

2025-11-23T17:41:39.137484694Z [inf]  Selecting previously unselected package zutty.

2025-11-23T17:41:39.14027801Z [inf]  Preparing to unpack .../253-zutty_0.14.0.20230218+dfsg1-1_amd64.deb ...

2025-11-23T17:41:39.141556508Z [inf]  Unpacking zutty (0.14.0.20230218+dfsg1-1) ...

2025-11-23T17:41:39.18403981Z [inf]  Setting up libexpat1:amd64 (2.5.0-1+deb12u2) ...

2025-11-23T17:41:39.18773522Z [inf]  Setting up libtext-iconv-perl:amd64 (1.7-8) ...

2025-11-23T17:41:39.190715419Z [inf]  Setting up libgraphite2-3:amd64 (1.3.14-1) ...

2025-11-23T17:41:39.193717528Z [inf]  Setting up liblcms2-2:amd64 (2.14-2) ...

2025-11-23T17:41:39.19672362Z [inf]  Setting up libpixman-1-0:amd64 (0.42.2-1) ...

2025-11-23T17:41:39.199933077Z [inf]  Setting up libwayland-server0:amd64 (1.21.0-1) ...

2025-11-23T17:41:39.203552089Z [inf]  Setting up libpciaccess0:amd64 (0.17-2) ...

2025-11-23T17:41:39.206494235Z [inf]  Setting up systemd-sysv (252.39-1~deb12u1) ...

2025-11-23T17:41:39.211672193Z [inf]  Setting up libxau6:amd64 (1:1.0.9-1) ...

2025-11-23T17:41:39.215408106Z [inf]  Setting up libkeyutils1:amd64 (1.6.3-2) ...

2025-11-23T17:41:39.219034172Z [inf]  Setting up libpsl5:amd64 (0.21.2-1) ...

2025-11-23T17:41:39.222248871Z [inf]  Setting up libgpm2:amd64 (1.20.7-10+b1) ...

2025-11-23T17:41:39.225394787Z [inf]  Setting up libicu72:amd64 (72.1-3+deb12u1) ...

2025-11-23T17:41:39.228678998Z [inf]  Setting up liblerc4:amd64 (4.0.0+ds-2) ...

2025-11-23T17:41:39.231744039Z [inf]  Setting up wget (1.21.3-1+deb12u1) ...

2025-11-23T17:41:39.235919927Z [inf]  Setting up hicolor-icon-theme (0.17-2) ...

2025-11-23T17:41:39.250276987Z [inf]  Setting up libdatrie1:amd64 (0.2.13-2+b1) ...

2025-11-23T17:41:39.25363411Z [inf]  Setting up xdg-user-dirs (0.18-1) ...

2025-11-23T17:41:39.263408596Z [inf]  Setting up psmisc (23.6-1) ...

2025-11-23T17:41:39.268403435Z [inf]  Setting up libglib2.0-0:amd64 (2.74.6-2+deb12u7) ...

2025-11-23T17:41:39.2837019Z [inf]  Setting up libglvnd0:amd64 (1.6.0-1) ...

2025-11-23T17:41:39.287222914Z [inf]  Setting up libdbusmenu-glib4:amd64 (18.10.20180917~bzr492+repack1-3) ...

2025-11-23T17:41:39.290358167Z [inf]  Setting up libbrotli1:amd64 (1.0.9-2+b6) ...

2025-11-23T17:41:39.29329737Z [inf]  Setting up libsqlite3-0:amd64 (3.40.1-2+deb12u2) ...

2025-11-23T17:41:39.296166336Z [inf]  Setting up libsasl2-modules:amd64 (2.1.28+dfsg-10) ...

2025-11-23T17:41:39.304030285Z [inf]  Setting up libgdk-pixbuf2.0-common (2.42.10+dfsg-1+deb12u2) ...

2025-11-23T17:41:39.30687427Z [inf]  Setting up x11-common (1:7.7+23) ...

2025-11-23T17:41:39.39531082Z [inf]  debconf: unable to initialize frontend: Dialog
debconf: (TERM is not set, so the dialog frontend is not usable.)
debconf: falling back to frontend: Readline

2025-11-23T17:41:39.402098003Z [inf]  debconf: unable to initialize frontend: Readline
debconf: (This frontend requires a controlling tty.)
debconf: falling back to frontend: Teletype

2025-11-23T17:41:39.422663512Z [inf]  invoke-rc.d: could not determine current runlevel

2025-11-23T17:41:39.42600453Z [inf]  invoke-rc.d: policy-rc.d denied execution of restart.

2025-11-23T17:41:39.430800527Z [inf]  Setting up libsensors-config (1:3.6.0-7.1) ...

2025-11-23T17:41:39.436036689Z [inf]  Setting up libdeflate0:amd64 (1.14-1) ...

2025-11-23T17:41:39.439136845Z [inf]  Setting up perl-openssl-defaults:amd64 (7+b1) ...

2025-11-23T17:41:39.442480649Z [inf]  Setting up libnss-systemd:amd64 (252.39-1~deb12u1) ...

2025-11-23T17:41:39.454430647Z [inf]  Setting up xkb-data (2.35.1-1) ...

2025-11-23T17:41:39.457817494Z [inf]  Setting up krb5-locales (1.20.1-2+deb12u4) ...

2025-11-23T17:41:39.46121799Z [inf]  Setting up libldap-common (2.5.13+dfsg-5) ...

2025-11-23T17:41:39.465781238Z [inf]  Setting up libunwind8:amd64 (1.6.2-3) ...

2025-11-23T17:41:39.469079704Z [inf]  Setting up libjbig0:amd64 (2.1-6.1) ...

2025-11-23T17:41:39.472585871Z [inf]  Setting up libcolord2:amd64 (1.4.6-2.2) ...

2025-11-23T17:41:39.475840447Z [inf]  Setting up libkrb5support0:amd64 (1.20.1-2+deb12u4) ...

2025-11-23T17:41:39.478909332Z [inf]  Setting up libsasl2-modules-db:amd64 (2.1.28+dfsg-10) ...

2025-11-23T17:41:39.481950721Z [inf]  Setting up libdconf1:amd64 (0.40.0-4) ...

2025-11-23T17:41:39.485290437Z [inf]  Setting up libasound2-data (1.2.8-1) ...

2025-11-23T17:41:39.488849468Z [inf]  Setting up libfontenc1:amd64 (1:1.1.4-1) ...

2025-11-23T17:41:39.492146864Z [inf]  Setting up perl-modules-5.36 (5.36.0-7+deb12u3) ...

2025-11-23T17:41:39.494992468Z [inf]  Setting up libz3-4:amd64 (4.8.12-3.1) ...

2025-11-23T17:41:39.498372966Z [inf]  Setting up libglib2.0-data (2.74.6-2+deb12u7) ...

2025-11-23T17:41:39.50110266Z [inf]  Setting up libgles2:amd64 (1.6.0-1) ...

2025-11-23T17:41:39.50403809Z [inf]  Setting up libjpeg62-turbo:amd64 (1:2.1.5-2) ...

2025-11-23T17:41:39.507318533Z [inf]  Setting up libx11-data (2:1.8.4-2+deb12u2) ...

2025-11-23T17:41:39.510631561Z [inf]  Setting up libepoxy0:amd64 (1.5.10-1) ...

2025-11-23T17:41:39.513777591Z [inf]  Setting up libmpfr6:amd64 (4.2.0-1) ...

2025-11-23T17:41:39.516808082Z [inf]  Setting up libnspr4:amd64 (2:4.35-1) ...

2025-11-23T17:41:39.520111723Z [inf]  Setting up libavahi-common-data:amd64 (0.8-10+deb12u1) ...

2025-11-23T17:41:39.523036501Z [inf]  Setting up libdbus-1-3:amd64 (1.14.10-1~deb12u1) ...

2025-11-23T17:41:39.526977197Z [inf]  Setting up xfonts-encodings (1:1.0.4-2.2) ...

2025-11-23T17:41:39.530130649Z [inf]  Setting up libfribidi0:amd64 (1.0.8-2.1) ...

2025-11-23T17:41:39.5332285Z [inf]  Setting up libproc2-0:amd64 (2:4.0.2-3) ...

2025-11-23T17:41:39.536676905Z [inf]  Setting up libpng16-16:amd64 (1.6.39-2) ...

2025-11-23T17:41:39.539744589Z [inf]  Setting up libmpc3:amd64 (1.3.1-1) ...

2025-11-23T17:41:39.542642011Z [inf]  Setting up systemd-timesyncd (252.39-1~deb12u1) ...

2025-11-23T17:41:39.55326198Z [inf]  Creating group 'systemd-timesync' with GID 997.

2025-11-23T17:41:39.553430473Z [inf]  Creating user 'systemd-timesync' (systemd Time Synchronization) with UID 997 and GID 997.

2025-11-23T17:41:39.677999979Z [inf]  Created symlink /etc/systemd/system/dbus-org.freedesktop.timesync1.service â†’ /lib/systemd/system/systemd-timesyncd.service.
Created symlink /etc/systemd/system/sysinit.target.wants/systemd-timesyncd.service â†’ /lib/systemd/system/systemd-timesyncd.service.

2025-11-23T17:41:39.68248687Z [inf]  Setting up libatomic1:amd64 (12.2.0-14+deb12u1) ...

2025-11-23T17:41:39.686306181Z [inf]  Setting up libsensors5:amd64 (1:3.6.0-7.1) ...

2025-11-23T17:41:39.689849488Z [inf]  Setting up libncursesw6:amd64 (6.4-4) ...

2025-11-23T17:41:39.693665691Z [inf]  Setting up libk5crypto3:amd64 (1.20.1-2+deb12u4) ...

2025-11-23T17:41:39.697369731Z [inf]  Setting up libglapi-mesa:amd64 (22.3.6-1+deb12u1) ...

2025-11-23T17:41:39.700989657Z [inf]  Setting up libsasl2-2:amd64 (2.1.28+dfsg-10) ...

2025-11-23T17:41:39.704250151Z [inf]  Setting up libwebp7:amd64 (1.2.4-0.2+deb12u1) ...

2025-11-23T17:41:39.707814184Z [inf]  Setting up alsa-topology-conf (1.2.5.1-2) ...

2025-11-23T17:41:39.711322186Z [inf]  Setting up sensible-utils (0.0.17+nmu1) ...

2025-11-23T17:41:39.714750804Z [inf]  Setting up libxshmfence1:amd64 (1.3-1) ...

2025-11-23T17:41:39.718272931Z [inf]  Setting up at-spi2-common (2.46.0-5) ...

2025-11-23T17:41:39.721716557Z [inf]  Setting up libtiff6:amd64 (4.5.0-6+deb12u3) ...

2025-11-23T17:41:39.725251202Z [inf]  Setting up dbus-session-bus-common (1.14.10-1~deb12u1) ...

2025-11-23T17:41:39.728788672Z [inf]  Setting up procps (2:4.0.2-3) ...

2025-11-23T17:41:39.7536856Z [inf]  Setting up libasound2:amd64 (1.2.8-1+b1) ...

2025-11-23T17:41:39.757168356Z [inf]  Setting up fonts-liberation (1:1.07.4-11) ...

2025-11-23T17:41:39.767633148Z [inf]  Setting up libthai-data (0.1.29-1) ...

2025-11-23T17:41:39.770778287Z [inf]  Setting up netbase (6.4) ...

2025-11-23T17:41:39.780062798Z [inf]  Setting up libgtk2.0-common (2.24.33-2+deb12u1) ...

2025-11-23T17:41:39.784350852Z [inf]  Setting up libatk1.0-0:amd64 (2.46.0-5) ...

2025-11-23T17:41:39.787988975Z [inf]  Setting up libkrb5-3:amd64 (1.20.1-2+deb12u4) ...

2025-11-23T17:41:39.791564964Z [inf]  Setting up libwayland-egl1:amd64 (1.21.0-1) ...

2025-11-23T17:41:39.795069906Z [inf]  Setting up lsb-release (12.0-1) ...

2025-11-23T17:41:39.798723701Z [inf]  Setting up dbus-system-bus-common (1.14.10-1~deb12u1) ...

2025-11-23T17:41:39.85780308Z [inf]  Setting up libisl23:amd64 (0.25-1.1) ...

2025-11-23T17:41:39.861105605Z [inf]  Setting up libbsd0:amd64 (0.11.7-2) ...

2025-11-23T17:41:39.864133597Z [inf]  Setting up libdrm-common (2.4.114-1) ...

2025-11-23T17:41:39.867021225Z [inf]  Setting up libelf1:amd64 (0.188-2.1) ...

2025-11-23T17:41:39.869994457Z [inf]  Setting up publicsuffix (20230209.2326-1) ...

2025-11-23T17:41:39.873321186Z [inf]  Setting up libxml2:amd64 (2.9.14+dfsg-1.3~deb12u4) ...

2025-11-23T17:41:39.876402624Z [inf]  Setting up xdg-utils (1.1.3-4.1) ...

2025-11-23T17:41:39.880539513Z [inf]  update-alternatives: using /usr/bin/xdg-open to provide /usr/bin/open (open) in auto mode

2025-11-23T17:41:39.880663862Z [inf]  update-alternatives: warning: skip creation of /usr/share/man/man1/open.1.gz because associated file /usr/share/man/man1/xdg-open.1.gz (of link group open) doesn't exist

2025-11-23T17:41:39.882768796Z [inf]  Setting up dbus-bin (1.14.10-1~deb12u1) ...

2025-11-23T17:41:39.885240245Z [inf]  Setting up libgdbm6:amd64 (1.23-3) ...

2025-11-23T17:41:39.888524703Z [inf]  Setting up libxkbcommon0:amd64 (1.5.0-1) ...

2025-11-23T17:41:39.892556388Z [inf]  Setting up libwayland-client0:amd64 (1.21.0-1) ...

2025-11-23T17:41:39.896026263Z [inf]  Setting up libice6:amd64 (2:1.0.10-1) ...

2025-11-23T17:41:39.899485984Z [inf]  Setting up libxdmcp6:amd64 (1:1.1.2-3) ...

2025-11-23T17:41:39.902763731Z [inf]  Setting up cpp-12 (12.2.0-14+deb12u1) ...

2025-11-23T17:41:39.905789945Z [inf]  Setting up libxcb1:amd64 (1.15-1) ...

2025-11-23T17:41:39.9090004Z [inf]  Setting up libxcb-xfixes0:amd64 (1.15-1) ...

2025-11-23T17:41:39.912093385Z [inf]  Setting up alsa-ucm-conf (1.2.8-1) ...

2025-11-23T17:41:39.915205154Z [inf]  Setting up libxcb-render0:amd64 (1.15-1) ...

2025-11-23T17:41:39.918634593Z [inf]  Setting up fontconfig-config (2.14.1-4) ...

2025-11-23T17:41:39.98952995Z [inf]  debconf: unable to initialize frontend: Dialog
debconf: (TERM is not set, so the dialog frontend is not usable.)
debconf: falling back to frontend: Readline

2025-11-23T17:41:39.995790101Z [inf]  debconf: unable to initialize frontend: Readline
debconf: (This frontend requires a controlling tty.)
debconf: falling back to frontend: Teletype

2025-11-23T17:41:40.1296837Z [inf]  Setting up libxcb-glx0:amd64 (1.15-1) ...

2025-11-23T17:41:40.133017173Z [inf]  Setting up libedit2:amd64 (3.1-20221030-2) ...

2025-11-23T17:41:40.136016668Z [inf]  Setting up libxcb-shape0:amd64 (1.15-1) ...

2025-11-23T17:41:40.139028698Z [inf]  Setting up libavahi-common3:amd64 (0.8-10+deb12u1) ...

2025-11-23T17:41:40.141887813Z [inf]  Setting up libnss3:amd64 (2:3.87.1-1+deb12u1) ...

2025-11-23T17:41:40.145044063Z [inf]  Setting up libxcb-shm0:amd64 (1.15-1) ...

2025-11-23T17:41:40.148552655Z [inf]  Setting up dbus-daemon (1.14.10-1~deb12u1) ...

2025-11-23T17:41:40.163730278Z [inf]  Setting up libldap-2.5-0:amd64 (2.5.13+dfsg-5) ...

2025-11-23T17:41:40.167335831Z [inf]  Setting up libxcb-present0:amd64 (1.15-1) ...

2025-11-23T17:41:40.170571649Z [inf]  Setting up libthai0:amd64 (0.1.29-1) ...

2025-11-23T17:41:40.173939024Z [inf]  Setting up libfreetype6:amd64 (2.12.1+dfsg-5+deb12u4) ...

2025-11-23T17:41:40.177066506Z [inf]  Setting up libxcb-sync1:amd64 (1.15-1) ...

2025-11-23T17:41:40.180755742Z [inf]  Setting up libdbus-glib-1-2:amd64 (0.112-3) ...

2025-11-23T17:41:40.183863352Z [inf]  Setting up dbus (1.14.10-1~deb12u1) ...

2025-11-23T17:41:40.207850148Z [inf]  invoke-rc.d: could not determine current runlevel

2025-11-23T17:41:40.211297966Z [inf]  invoke-rc.d: policy-rc.d denied execution of start.

2025-11-23T17:41:40.213343608Z [inf]  Setting up shared-mime-info (2.2-1) ...

2025-11-23T17:41:40.987282424Z [inf]  Setting up libgssapi-krb5-2:amd64 (1.20.1-2+deb12u4) ...

2025-11-23T17:41:40.99264891Z [inf]  Setting up libgdbm-compat4:amd64 (1.23-3) ...

2025-11-23T17:41:40.99570834Z [inf]  Setting up ucf (3.0043+nmu1+deb12u1) ...

2025-11-23T17:41:41.071717677Z [inf]  debconf: unable to initialize frontend: Dialog
debconf: (TERM is not set, so the dialog frontend is not usable.)
debconf: falling back to frontend: Readline

2025-11-23T17:41:41.077861837Z [inf]  debconf: unable to initialize frontend: Readline
debconf: (This frontend requires a controlling tty.)
debconf: falling back to frontend: Teletype

2025-11-23T17:41:41.100550582Z [inf]  Setting up libxcb-dri2-0:amd64 (1.15-1) ...

2025-11-23T17:41:41.103842526Z [inf]  Setting up libdrm2:amd64 (2.4.114-1+b1) ...

2025-11-23T17:41:41.107432631Z [inf]  Setting up libwayland-cursor0:amd64 (1.21.0-1) ...

2025-11-23T17:41:41.110892675Z [inf]  Setting up libxcb-randr0:amd64 (1.15-1) ...

2025-11-23T17:41:41.11425402Z [inf]  Setting up cpp (4:12.2.0-3) ...

2025-11-23T17:41:41.121018213Z [inf]  Setting up libllvm15:amd64 (1:15.0.6-4+b1) ...

2025-11-23T17:41:41.12482541Z [inf]  Setting up libpam-systemd:amd64 (252.39-1~deb12u1) ...

2025-11-23T17:41:41.22317111Z [inf]  debconf: unable to initialize frontend: Dialog
debconf: (TERM is not set, so the dialog frontend is not usable.)
debconf: falling back to frontend: Readline

2025-11-23T17:41:41.229972884Z [inf]  debconf: unable to initialize frontend: Readline
debconf: (This frontend requires a controlling tty.)
debconf: falling back to frontend: Teletype

2025-11-23T17:41:41.289335908Z [inf]  Setting up libx11-6:amd64 (2:1.8.4-2+deb12u2) ...

2025-11-23T17:41:41.293014824Z [inf]  Setting up libharfbuzz0b:amd64 (6.0.0+dfsg-3) ...

2025-11-23T17:41:41.296529393Z [inf]  Setting up libgdk-pixbuf-2.0-0:amd64 (2.42.10+dfsg-1+deb12u2) ...

2025-11-23T17:41:41.321617749Z [inf]  Setting up libfontconfig1:amd64 (2.14.1-4) ...

2025-11-23T17:41:41.324935425Z [inf]  Setting up libxkbfile1:amd64 (1:1.1.0-1) ...

2025-11-23T17:41:41.328366278Z [inf]  Setting up libxcomposite1:amd64 (1:0.4.5-1) ...

2025-11-23T17:41:41.331310043Z [inf]  Setting up libsm6:amd64 (2:1.2.3-1) ...

2025-11-23T17:41:41.334729566Z [inf]  Setting up libxfont2:amd64 (1:2.0.6-1) ...

2025-11-23T17:41:41.338344133Z [inf]  Setting up libavahi-client3:amd64 (0.8-10+deb12u1) ...

2025-11-23T17:41:41.341773622Z [inf]  Setting up libperl5.36:amd64 (5.36.0-7+deb12u3) ...

2025-11-23T17:41:41.344853019Z [inf]  Setting up libxmuu1:amd64 (2:1.1.3-3) ...

2025-11-23T17:41:41.348369325Z [inf]  Setting up libdrm-amdgpu1:amd64 (2.4.114-1+b1) ...

2025-11-23T17:41:41.352281873Z [inf]  Setting up libxcb-dri3-0:amd64 (1.15-1) ...

2025-11-23T17:41:41.355975743Z [inf]  Setting up gtk-update-icon-cache (3.24.38-2~deb12u3) ...

2025-11-23T17:41:41.359352957Z [inf]  Setting up libx11-xcb1:amd64 (2:1.8.4-2+deb12u2) ...

2025-11-23T17:41:41.362421693Z [inf]  Setting up fontconfig (2.14.1-4) ...

2025-11-23T17:41:41.366413843Z [inf]  Regenerating fonts cache... 
2025-11-23T17:41:43.884419746Z [inf]  done.

2025-11-23T17:41:43.88780757Z [inf]  Setting up libdrm-nouveau2:amd64 (2.4.114-1+b1) ...

2025-11-23T17:41:43.891949705Z [inf]  Setting up libxdamage1:amd64 (1:1.1.6-1) ...

2025-11-23T17:41:43.895701964Z [inf]  Setting up libgdk-pixbuf-xlib-2.0-0:amd64 (2.40.2-2) ...

2025-11-23T17:41:43.898938779Z [inf]  Setting up libxpm4:amd64 (1:3.5.12-1.1+deb12u1) ...

2025-11-23T17:41:43.901865165Z [inf]  Setting up libxrender1:amd64 (1:0.9.10-1.1) ...

2025-11-23T17:41:43.904921153Z [inf]  Setting up libgbm1:amd64 (22.3.6-1+deb12u1) ...

2025-11-23T17:41:43.907910589Z [inf]  Setting up libdrm-radeon1:amd64 (2.4.114-1+b1) ...

2025-11-23T17:41:43.91139246Z [inf]  Setting up libpango-1.0-0:amd64 (1.50.12+ds-1) ...

2025-11-23T17:41:43.914609911Z [inf]  Setting up libdrm-intel1:amd64 (2.4.114-1+b1) ...

2025-11-23T17:41:43.917793974Z [inf]  Setting up libgl1-mesa-dri:amd64 (22.3.6-1+deb12u1) ...

2025-11-23T17:41:43.925777942Z [inf]  Setting up libxext6:amd64 (2:1.3.4-1+b1) ...

2025-11-23T17:41:43.929097625Z [inf]  Setting up xfonts-utils (1:7.7+6) ...

2025-11-23T17:41:43.934685922Z [inf]  Setting up libcairo2:amd64 (1.16.0-7) ...

2025-11-23T17:41:43.945424178Z [inf]  Setting up libxxf86vm1:amd64 (1:1.1.4-1+b2) ...

2025-11-23T17:41:43.949021603Z [inf]  Setting up dbus-user-session (1.14.10-1~deb12u1) ...

2025-11-23T17:41:43.953835665Z [inf]  Setting up perl (5.36.0-7+deb12u3) ...

2025-11-23T17:41:43.96709321Z [inf]  Setting up xfonts-base (1:1.0.5+nmu1) ...

2025-11-23T17:41:44.016474084Z [inf]  Setting up libegl-mesa0:amd64 (22.3.6-1+deb12u1) ...

2025-11-23T17:41:44.020157855Z [inf]  Setting up gconf2-common (3.2.6-8) ...

2025-11-23T17:41:44.115317507Z [inf]  debconf: unable to initialize frontend: Dialog
debconf: (TERM is not set, so the dialog frontend is not usable.)
debconf: falling back to frontend: Readline

2025-11-23T17:41:44.121537848Z [inf]  debconf: unable to initialize frontend: Readline
debconf: (This frontend requires a controlling tty.)
debconf: falling back to frontend: Teletype

2025-11-23T17:41:44.157506508Z [inf]  
Creating config file /etc/gconf/2/path with new version

2025-11-23T17:41:44.177824921Z [inf]  Setting up adwaita-icon-theme (43-1) ...

2025-11-23T17:41:44.220889023Z [inf]  update-alternatives: using /usr/share/icons/Adwaita/cursor.theme to provide /usr/share/icons/default/index.theme (x-cursor-theme) in auto mode

2025-11-23T17:41:44.223487572Z [inf]  Setting up libdata-dump-perl (1.25-1) ...

2025-11-23T17:41:44.227279509Z [inf]  Setting up libxfixes3:amd64 (1:6.0.0-2) ...

2025-11-23T17:41:44.23111825Z [inf]  Setting up libipc-system-simple-perl (1.30-2) ...

2025-11-23T17:41:44.23475149Z [inf]  Setting up libxml-xpathengine-perl (0.14-2) ...

2025-11-23T17:41:44.238078775Z [inf]  Setting up libgdk-pixbuf2.0-0:amd64 (2.40.2-2) ...

2025-11-23T17:41:44.242333702Z [inf]  Setting up libxinerama1:amd64 (2:1.1.4-3) ...
2025-11-23T17:41:44.242381224Z [inf]  

2025-11-23T17:41:44.246702926Z [inf]  Setting up libxv1:amd64 (2:1.0.11-1.1) ...

2025-11-23T17:41:44.250229002Z [inf]  Setting up libio-html-perl (1.004-3) ...

2025-11-23T17:41:44.253802391Z [inf]  Setting up libxrandr2:amd64 (2:1.5.2-2+b1) ...

2025-11-23T17:41:44.257376522Z [inf]  Setting up libxt6:amd64 (1:1.2.1-1.1) ...

2025-11-23T17:41:44.260820132Z [inf]  Setting up libtimedate-perl (2.3300-2) ...

2025-11-23T17:41:44.264312595Z [inf]  Setting up libregexp-ipv6-perl (0.03-3) ...

2025-11-23T17:41:44.267907591Z [inf]  Setting up libcups2:amd64 (2.4.2-3+deb12u9) ...

2025-11-23T17:41:44.271449558Z [inf]  Setting up xauth (1:1.1.2-1) ...

2025-11-23T17:41:44.274817553Z [inf]  Setting up libgdk-pixbuf2.0-bin (2.42.10+dfsg-1+deb12u2) ...

2025-11-23T17:41:44.278986104Z [inf]  Setting up libegl1:amd64 (1.6.0-1) ...

2025-11-23T17:41:44.282636142Z [inf]  Setting up libcairo-gobject2:amd64 (1.16.0-7) ...

2025-11-23T17:41:44.286397369Z [inf]  Setting up libxss1:amd64 (1:1.2.3-1) ...

2025-11-23T17:41:44.290205757Z [inf]  Setting up libpangoft2-1.0-0:amd64 (1.50.12+ds-1) ...

2025-11-23T17:41:44.293817584Z [inf]  Setting up libdbusmenu-gtk4:amd64 (18.10.20180917~bzr492+repack1-3) ...

2025-11-23T17:41:44.297432056Z [inf]  Setting up liburi-perl (5.17-1) ...

2025-11-23T17:41:44.300732977Z [inf]  Setting up libx11-protocol-perl (0.56-9) ...

2025-11-23T17:41:44.304175605Z [inf]  Setting up libpangocairo-1.0-0:amd64 (1.50.12+ds-1) ...

2025-11-23T17:41:44.30806635Z [inf]  Setting up libnet-ssleay-perl:amd64 (1.92-2+b1) ...

2025-11-23T17:41:44.31148489Z [inf]  Setting up libhttp-date-perl (6.05-2) ...

2025-11-23T17:41:44.315116209Z [inf]  Setting up libxft2:amd64 (2.3.6-1) ...

2025-11-23T17:41:44.318603519Z [inf]  Setting up libxmu6:amd64 (2:1.1.3-3) ...

2025-11-23T17:41:44.321829487Z [inf]  Setting up libfile-basedir-perl (0.09-2) ...

2025-11-23T17:41:44.325042628Z [inf]  Setting up libtie-ixhash-perl (1.23-4) ...

2025-11-23T17:41:44.328536742Z [inf]  Setting up libglx-mesa0:amd64 (22.3.6-1+deb12u1) ...

2025-11-23T17:41:44.332312Z [inf]  Setting up libfile-listing-perl (6.15-1) ...

2025-11-23T17:41:44.335759299Z [inf]  Setting up libxi6:amd64 (2:1.8-1+b1) ...

2025-11-23T17:41:44.339144848Z [inf]  Setting up libglx0:amd64 (1.6.0-1) ...

2025-11-23T17:41:44.34292002Z [inf]  Setting up libfont-afm-perl (1.20-4) ...

2025-11-23T17:41:44.346561969Z [inf]  Setting up libgconf-2-4:amd64 (3.2.6-8) ...

2025-11-23T17:41:44.349862108Z [inf]  Setting up libclone-perl:amd64 (0.46-1) ...

2025-11-23T17:41:44.353184561Z [inf]  Setting up libio-stringy-perl (2.111-3) ...

2025-11-23T17:41:44.356724884Z [inf]  Setting up libxtst6:amd64 (2:1.2.3-1.1) ...

2025-11-23T17:41:44.36030072Z [inf]  Setting up libhtml-tagset-perl (3.20-6) ...

2025-11-23T17:41:44.363785964Z [inf]  Setting up libauthen-sasl-perl (2.1600-3) ...

2025-11-23T17:41:44.367237905Z [inf]  Setting up libxcursor1:amd64 (1:1.2.1-1) ...

2025-11-23T17:41:44.370364281Z [inf]  Setting up liblwp-mediatypes-perl (6.04-2) ...

2025-11-23T17:41:44.373709061Z [inf]  Setting up libtry-tiny-perl (0.31-2) ...

2025-11-23T17:41:44.377482917Z [inf]  Setting up libxxf86dga1:amd64 (2:1.1.5-1) ...

2025-11-23T17:41:44.380797158Z [inf]  Setting up libnet-http-perl (6.22-1) ...

2025-11-23T17:41:44.384249779Z [inf]  Setting up libencode-locale-perl (1.05-3) ...

2025-11-23T17:41:44.387494463Z [inf]  Setting up dconf-service (0.40.0-4) ...

2025-11-23T17:41:44.391004709Z [inf]  Setting up libxaw7:amd64 (2:1.0.14-1) ...

2025-11-23T17:41:44.394545635Z [inf]  Setting up libatspi2.0-0:amd64 (2.46.0-5) ...

2025-11-23T17:41:44.397777845Z [inf]  Setting up x11-xserver-utils (7.7+9+b1) ...

2025-11-23T17:41:44.403908928Z [inf]  Setting up librsvg2-2:amd64 (2.54.7+dfsg-1~deb12u1) ...

2025-11-23T17:41:44.407232104Z [inf]  Setting up libatk-bridge2.0-0:amd64 (2.46.0-5) ...

2025-11-23T17:41:44.411085653Z [inf]  Setting up libgl1:amd64 (1.6.0-1) ...

2025-11-23T17:41:44.414604773Z [inf]  Setting up librsvg2-common:amd64 (2.54.7+dfsg-1~deb12u1) ...

2025-11-23T17:41:44.422573517Z [inf]  Setting up libfile-desktopentry-perl (0.22-3) ...

2025-11-23T17:41:44.425873279Z [inf]  Setting up libwww-robotrules-perl (6.02-1) ...

2025-11-23T17:41:44.429361472Z [inf]  Setting up zutty (0.14.0.20230218+dfsg1-1) ...

2025-11-23T17:41:44.433918267Z [inf]  update-alternatives: using /usr/bin/zutty to provide /usr/bin/x-terminal-emulator (x-terminal-emulator) in auto mode

2025-11-23T17:41:44.433974158Z [inf]  update-alternatives: warning: skip creation of /usr/share/man/man1/x-terminal-emulator.1.gz because associated file /usr/share/man/man1/zutty.1.gz (of link group x-terminal-emulator) doesn't exist

2025-11-23T17:41:44.436685673Z [inf]  Setting up gconf-service (3.2.6-8) ...

2025-11-23T17:41:44.440747588Z [inf]  Setting up libhtml-parser-perl:amd64 (3.81-1) ...

2025-11-23T17:41:44.444658494Z [inf]  Setting up x11-utils (7.7+5) ...

2025-11-23T17:41:44.461856833Z [inf]  Setting up libio-socket-ssl-perl (2.081-2) ...

2025-11-23T17:41:44.465522815Z [inf]  Setting up libhttp-message-perl (6.44-1) ...

2025-11-23T17:41:44.469293294Z [inf]  Setting up libhtml-form-perl (6.11-1) ...

2025-11-23T17:41:44.472713443Z [inf]  Setting up libfile-mimeinfo-perl (0.33-1) ...

2025-11-23T17:41:44.475834968Z [inf]  Setting up libhttp-negotiate-perl (6.01-2) ...

2025-11-23T17:41:44.479032296Z [inf]  Setting up dconf-gsettings-backend:amd64 (0.40.0-4) ...

2025-11-23T17:41:44.482111494Z [inf]  Setting up libhttp-cookies-perl (6.10-1) ...

2025-11-23T17:41:44.486040603Z [inf]  Setting up x11-xkb-utils (7.7+7) ...

2025-11-23T17:41:44.489539943Z [inf]  Setting up libgtk2.0-0:amd64 (2.24.33-2+deb12u1) ...

2025-11-23T17:41:44.503920245Z [inf]  Setting up libhtml-tree-perl (5.07-3) ...

2025-11-23T17:41:44.507282801Z [inf]  Setting up libhtml-format-perl (2.16-2) ...

2025-11-23T17:41:44.510478669Z [inf]  Setting up libnet-smtp-ssl-perl (1.04-2) ...

2025-11-23T17:41:44.521424269Z [inf]  Setting up libmailtools-perl (2.21-2) ...

2025-11-23T17:41:44.524397108Z [inf]  Setting up libgail18:amd64 (2.24.33-2+deb12u1) ...

2025-11-23T17:41:44.527432087Z [inf]  Setting up libhttp-daemon-perl (6.16-1) ...

2025-11-23T17:41:44.530631853Z [inf]  Setting up libgtk2.0-bin (2.24.33-2+deb12u1) ...

2025-11-23T17:41:44.533725162Z [inf]  Setting up xserver-common (2:21.1.7-3+deb12u11) ...

2025-11-23T17:41:44.536804399Z [inf]  Setting up libgtk-3-common (3.24.38-2~deb12u3) ...

2025-11-23T17:41:44.541152806Z [inf]  Setting up gsettings-desktop-schemas (43.0-1) ...

2025-11-23T17:41:44.544161202Z [inf]  Setting up libayatana-indicator7:amd64 (0.9.3-1) ...

2025-11-23T17:41:44.547358334Z [inf]  Setting up libgail-common:amd64 (2.24.33-2+deb12u1) ...

2025-11-23T17:41:44.550635653Z [inf]  Setting up libgtk-3-0:amd64 (3.24.38-2~deb12u3) ...

2025-11-23T17:41:44.57159256Z [inf]  Setting up xvfb (2:21.1.7-3+deb12u11) ...

2025-11-23T17:41:44.574560253Z [inf]  Setting up libayatana-appindicator1 (0.5.92-1) ...

2025-11-23T17:41:44.577546153Z [inf]  Setting up libgtk-3-bin (3.24.38-2~deb12u3) ...

2025-11-23T17:41:44.581307518Z [inf]  Setting up at-spi2-core (2.46.0-5) ...

2025-11-23T17:41:44.590598435Z [inf]  Setting up liblwp-protocol-https-perl (6.10-1) ...

2025-11-23T17:41:44.594741223Z [inf]  Setting up libwww-perl (6.68-1) ...

2025-11-23T17:41:44.599900327Z [inf]  Setting up libxml-parser-perl (2.46-4) ...

2025-11-23T17:41:44.603710314Z [inf]  Setting up libxml-twig-perl (1:3.52-2) ...

2025-11-23T17:41:44.607537558Z [inf]  Setting up libnet-dbus-perl (1.2.0-2) ...

2025-11-23T17:41:44.611095233Z [inf]  Processing triggers for libc-bin (2.36-9+deb12u13) ...

2025-11-23T17:41:44.635414058Z [inf]  Processing triggers for libgdk-pixbuf-2.0-0:amd64 (2.42.10+dfsg-1+deb12u2) ...

2025-11-23T17:41:44.788575108Z [inf]  install apt packages: ca-certificates fonts-liberation gconf-service libappindicator1 libasound2 libatk1.0-0 libatomic1 libc6 libcairo2 libcups2 libdbus-1-3 libexpat1 libfontconfig1 libgbm1 libgcc1 libgconf-2-4 libgdk-pixbuf2.0-0 libglib2.0-0 libgtk-3-0 libnspr4 libnss3 libpango-1.0-0 libpangocairo-1.0-0 libstdc++6 libx11-6 libx11-xcb1 libxcb1 libxcomposite1 libxcursor1 libxdamage1 libxext6 libxfixes3 libxi6 libxrandr2 libxrender1 libxss1 libxtst6 lsb-release wget xdg-utils xvfb
2025-11-23T17:41:55.4775348Z [inf]  npm warn deprecated inflight@1.0.6: This module is not supported, and leaks memory. Do not use it. Check out lru-cache if you want a good and tested way to coalesce async requests by a key value, which is much more comprehensive and powerful.

2025-11-23T17:41:55.511698366Z [inf]  npm warn deprecated glob@7.2.3: Glob versions prior to v9 are no longer supported

2025-11-23T17:41:55.565520873Z [inf]  npm warn deprecated rimraf@3.0.2: Rimraf versions prior to v4 are no longer supported

2025-11-23T17:42:15.740248157Z [inf]  
> design-web-pages@0.1.0 postinstall
> prisma generate


2025-11-23T17:42:16.839191873Z [inf]  Prisma schema loaded from prisma/schema.prisma

2025-11-23T17:42:17.117551998Z [inf]  â”Œâ”€â”€â”€â”€â”€â”€â”€â”€â”€â”€â”€â”€â”€â”€â”€â”€â”€â”€â”€â”€â”€â”€â”€â”€â”€â”€â”€â”€â”€â”€â”€â”€â”€â”€â”€â”€â”€â”€â”€â”€â”€â”€â”€â”€â”€â”€â”€â”€â”€â”€â”€â”€â”€â”€â”€â”€â”€â”
â”‚  Update available 6.19.0 -> 7.0.0                       â”‚
â”‚                                                         â”‚
â”‚  This is a major update - please follow the guide at    â”‚
â”‚  https://pris.ly/d/major-version-upgrade                â”‚
â”‚                                                         â”‚
â”‚  Run the following to update                            â”‚
â”‚    npm i --save-dev prisma@latest                       â”‚
â”‚    npm i @prisma/client@latest                          â”‚
â””â”€â”€â”€â”€â”€â”€â”€â”€â”€â”€â”€â”€â”€â”€â”€â”€â”€â”€â”€â”€â”€â”€â”€â”€â”€â”€â”€â”€â”€â”€â”€â”€â”€â”€â”€â”€â”€â”€â”€â”€â”€â”€â”€â”€â”€â”€â”€â”€â”€â”€â”€â”€â”€â”€â”€â”€â”€â”˜

2025-11-23T17:42:17.117630457Z [inf]  
âœ” Generated Prisma Client (v6.19.0) to ./node_modules/@prisma/client in 97ms

Start by importing your Prisma Client (See: https://pris.ly/d/importing-client)

Tip: Need your database queries to be 1000x faster? Accelerate offers you that and more: https://pris.ly/tip-2-accelerate


2025-11-23T17:42:17.144227999Z [inf]  
added 583 packages, and audited 584 packages in 47s

2025-11-23T17:42:17.182637637Z [inf]  
3 vulnerabilities (2 moderate, 1 high)

To address all issues (including breaking changes), run:
  npm audit fix --force

Run `npm audit` for details.

2025-11-23T17:42:17.608865844Z [inf]  npm install
2025-11-23T17:42:17.610429704Z [inf]  copy / /app
2025-11-23T17:42:17.877522258Z [inf]  copy / /app
2025-11-23T17:42:17.881352089Z [inf]  npm run build
2025-11-23T17:42:18.093934175Z [inf]  npm warn config production Use `--omit=dev` instead.

2025-11-23T17:42:18.109583621Z [inf]  
> design-web-pages@0.1.0 build
> bash railway-build.sh


2025-11-23T17:42:18.114868502Z [inf]  ðŸš€ Starting Railway build process...
ðŸ“¦ Generating Prisma client...

2025-11-23T17:42:18.212084136Z [inf]  npm warn config production Use `--omit=dev` instead.

2025-11-23T17:42:19.576123687Z [inf]  Prisma schema loaded from prisma/schema.prisma

2025-11-23T17:42:19.87521681Z [inf]  
âœ” Generated Prisma Client (v6.19.0) to ./node_modules/@prisma/client in 106ms

Start by importing your Prisma Client (See: https://pris.ly/d/importing-client)

Tip: Interested in query caching in just a few lines of code? Try Accelerate today! https://pris.ly/tip-3-accelerate


2025-11-23T17:42:19.901157915Z [inf]  ðŸ—„ï¸  Attempting database migrations...

2025-11-23T17:42:19.988306154Z [inf]  npm warn config production Use `--omit=dev` instead.

2025-11-23T17:42:21.383171518Z [inf]  Prisma schema loaded from prisma/schema.prisma

2025-11-23T17:42:21.386976773Z [inf]  Datasource "db": PostgreSQL database "railway", schema "public" at "postgres.railway.internal:5432"

2025-11-23T17:42:21.479292389Z [inf]  

2025-11-23T17:42:21.479702747Z [inf]  Error: P1001: Can't reach database server at `postgres.railway.internal:5432`

Please make sure your database server is running at `postgres.railway.internal:5432`.

2025-11-23T17:42:21.499075021Z [inf]  âš ï¸  Database migration failed (database may not be available during build)
âš ï¸  Migrations will run automatically on first application start
âš ï¸  Continuing with build...

2025-11-23T17:42:21.499197129Z [inf]  ðŸ—ï¸  Building Next.js application...

2025-11-23T17:42:21.58227173Z [inf]  npm warn config production Use `--omit=dev` instead.

2025-11-23T17:42:22.570118471Z [inf]  âš  No build cache found. Please configure build caching for faster rebuilds. Read more: https://nextjs.org/docs/messages/no-cache

2025-11-23T17:42:22.639571298Z [inf]     â–² Next.js 15.4.6


2025-11-23T17:42:22.653843305Z [inf]     Creating an optimized production build ...

2025-11-23T17:42:31.488398679Z [inf]   âœ“ Compiled successfully in 8.0s

2025-11-23T17:42:31.494142648Z [inf]     Linting and checking validity of types ...

2025-11-23T17:42:35.617484465Z [inf]  Failed to compile.


2025-11-23T17:42:35.617738842Z [inf]  ./app/api/competitors/research/route.ts:130:13
Type error: Type '{ url: any; scrapedData: ScrapedData; analysis: any; }' is not assignable to type 'JsonNull | InputJsonValue'.
  Type '{ url: any; scrapedData: ScrapedData; analysis: any; }' is not assignable to type 'InputJsonObject'.
    Property 'scrapedData' is incompatible with index signature.
      Type 'ScrapedData' is not assignable to type 'InputJsonValue | null | undefined'.
        Type 'ScrapedData' is not assignable to type 'InputJsonObject'.
          Index signature for type 'string' is missing in type 'ScrapedData'.

[0m [90m 128 |[39m             domain[33m,[39m
 [90m 129 |[39m             industry[33m:[39m project[33m.[39mindustry [33m||[39m [32m"general"[39m[33m,[39m
[31m[1m>[22m[39m[90m 130 |[39m             analysis[33m:[39m competitorAnalysis[33m,[39m
 [90m     |[39m             [31m[1m^[22m[39m
 [90m 131 |[39m             expiresAt[33m,[39m
 [90m 132 |[39m           }[33m,[39m
 [90m 133 |[39m         })[33m;[39m[0m

2025-11-23T17:42:35.653168066Z [inf]  Next.js build worker exited with code: 1 and signal: null

2025-11-23T17:42:36.172029308Z [err]  npm run build
2025-11-23T17:42:36.207439054Z [err]  ERROR: failed to build: failed to solve: process "npm run build" did not complete successfully: exit code: 1